<?xml version='1.0'?>
<ns2:test-suite xmlns:ns2='urn:model.allure.qatools.yandex.ru' start='1663690354535' stop='1663690358387'>
    <name>Home Page features test: </name>
    <title>Home Page features test: </title>
    <test-cases>
        <test-case start='1663690354535' status='passed' stop='1663690354547'>
            <name>Check browser details</name>
            <title>Check browser details</title>
            <labels>
                <label name='language' value='javascript'/>
                <label name='framework' value='wdio'/>
                <label name='thread' value='0-0'/>
            </labels>
            <parameters>
                <parameter kind='argument' name='browser' value='chrome-105.0.5195.127'/>
            </parameters>
            <steps>
                <step start='1663690354540' status='undefined'>
                    <name>POST /session/:sessionId/element</name>
                    <title>POST /session/:sessionId/element</title>
                    <attachments>
                        <attachment title='Request' source='e3ac4351-b9c5-41f8-8381-91c10e72f734-attachment.json' type='application/json' size='57'/>
                    </attachments>
                    <steps/>
                </step>
            </steps>
            <attachments/>
        </test-case>
        <test-case start='1663690354548' status='passed' stop='1663690354552'>
            <name>Get title</name>
            <title>Get title</title>
            <labels>
                <label name='language' value='javascript'/>
                <label name='framework' value='wdio'/>
                <label name='thread' value='0-0'/>
            </labels>
            <parameters>
                <parameter kind='argument' name='browser' value='chrome-105.0.5195.127'/>
            </parameters>
            <steps>
                <step start='1663690354549' status='undefined'>
                    <name>GET /session/:sessionId/title</name>
                    <title>GET /session/:sessionId/title</title>
                    <attachments/>
                    <steps/>
                </step>
            </steps>
            <attachments/>
        </test-case>
        <test-case start='1663690354554' status='failed' stop='1663690354731'>
            <name>Title Validation</name>
            <title>Title Validation</title>
            <labels>
                <label name='language' value='javascript'/>
                <label name='framework' value='wdio'/>
                <label name='thread' value='0-0'/>
            </labels>
            <parameters>
                <parameter kind='argument' name='browser' value='chrome-105.0.5195.127'/>
            </parameters>
            <steps>
                <step start='1663690354562' status='passed' stop='1663690354572'>
                    <name>GET /session/:sessionId/screenshot</name>
                    <title>GET /session/:sessionId/screenshot</title>
                    <attachments>
                        <attachment title='Response' source='938f9616-c625-4d62-9b4c-a0ed6d139785-attachment.json' type='application/json' size='1028'/>
                    </attachments>
                    <steps/>
                </step>
                <step start='1663690354581' status='passed' stop='1663690354589'>
                    <name>POST /session/:sessionId/elements</name>
                    <title>POST /session/:sessionId/elements</title>
                    <attachments>
                        <attachment title='Request' source='ac025729-d6d8-4b8e-9c1a-41fe208464a6-attachment.json' type='application/json' size='57'/>
                    </attachments>
                    <steps/>
                </step>
            </steps>
            <attachments>
                <attachment title='Response' source='1b33da4e-d72f-4903-a648-3644e9db81d8-attachment.json' type='application/json' size='2'/>
                <attachment title='Screenshot' source='c2488271-634b-4bc8-8924-081e08ff4e34-attachment.png' type='image/png' size='6108'/>
            </attachments>
            <failure>
                <message>expect(received).toBe(expected) // Object.is equality
                
                Expected: "A million more | Volvo Cars"
                Received: {}</message>
                <stack-trace>Error: expect(received).toBe(expected) // Object.is equality
                
                Expected: "A million more | Volvo Cars"
                Received: {}
                    at Context.&lt;anonymous> (C:\Users\Jidin\Downloads\volvo_webdriverio_automation_test\volvotest\test\specs\homepagetest.js:18:23)
                    at Context.executeAsync (C:\Users\Jidin\Downloads\volvo_webdriverio_automation_test\volvotest\node_modules\@wdio\utils\build\shim.js:333:27)
                    at Context.testFrameworkFnWrapper (C:\Users\Jidin\Downloads\volvo_webdriverio_automation_test\volvotest\node_modules\@wdio\utils\build\test-framework\testFnWrapper.js:51:32)</stack-trace>
            </failure>
        </test-case>
        <test-case start='1663690354731' status='failed' stop='1663690355111'>
            <name>Should have the correct URL and title</name>
            <title>Should have the correct URL and title</title>
            <labels>
                <label name='language' value='javascript'/>
                <label name='framework' value='wdio'/>
                <label name='thread' value='0-0'/>
            </labels>
            <parameters>
                <parameter kind='argument' name='browser' value='chrome-105.0.5195.127'/>
            </parameters>
            <steps>
                <step start='1663690354731' status='failed' stop='1663690355111'>
                    <name>POST /session/:sessionId/window/maximize</name>
                    <title>POST /session/:sessionId/window/maximize</title>
                    <attachments/>
                    <steps>
                        <step start='1663690354733' status='failed' stop='1663690355111'>
                            <name>GET /session/:sessionId/title</name>
                            <title>GET /session/:sessionId/title</title>
                            <attachments/>
                            <steps>
                                <step start='1663690354735' status='passed' stop='1663690354871'>
                                    <name>GET /session/:sessionId/screenshot</name>
                                    <title>GET /session/:sessionId/screenshot</title>
                                    <attachments>
                                        <attachment title='Response' source='02578b8f-5bb7-4435-9e57-325b9c3fd745-attachment.json' type='application/json' size='58'/>
                                    </attachments>
                                    <steps>
                                        <step start='1663690354737' status='passed' stop='1663690354745'>
                                            <name>POST /session/:sessionId/url</name>
                                            <title>POST /session/:sessionId/url</title>
                                            <attachments>
                                                <attachment title='Request' source='98f82f86-63e3-4052-a588-f364036449a9-attachment.json' type='application/json' size='73'/>
                                            </attachments>
                                            <steps/>
                                        </step>
                                    </steps>
                                </step>
                                <step start='1663690355083' status='passed' stop='1663690355110'>
                                    <name>POST /session/:sessionId/elements</name>
                                    <title>POST /session/:sessionId/elements</title>
                                    <attachments>
                                        <attachment title='Request' source='15798afa-801b-473f-acec-e97fd25a8f34-attachment.json' type='application/json' size='57'/>
                                        <attachment title='Screenshot' source='196ea404-6da5-4311-97e6-9dfc7459e382-attachment.png' type='image/png' size='8715'/>
                                    </attachments>
                                    <steps/>
                                </step>
                            </steps>
                        </step>
                    </steps>
                </step>
            </steps>
            <attachments/>
            <failure>
                <message>expect(received).toEqual(expected) // deep equality
                
                Expected: "https://www.volvocars.com/intl/v/car-safety/a-million-more"
                Received: {}</message>
                <stack-trace>Error: expect(received).toEqual(expected) // deep equality
                
                Expected: "https://www.volvocars.com/intl/v/car-safety/a-million-more"
                Received: {}
                    at Context.&lt;anonymous> (C:\Users\Jidin\Downloads\volvo_webdriverio_automation_test\volvotest\test\specs\homepagetest.js:27:26)
                    at Context.executeAsync (C:\Users\Jidin\Downloads\volvo_webdriverio_automation_test\volvotest\node_modules\@wdio\utils\build\shim.js:333:27)
                    at Context.testFrameworkFnWrapper (C:\Users\Jidin\Downloads\volvo_webdriverio_automation_test\volvotest\node_modules\@wdio\utils\build\test-framework\testFnWrapper.js:51:32)</stack-trace>
            </failure>
        </test-case>
        <test-case start='1663690355111' status='broken' stop='1663690357497'>
            <name>Video button exists</name>
            <title>Video button exists</title>
            <labels>
                <label name='language' value='javascript'/>
                <label name='framework' value='wdio'/>
                <label name='thread' value='0-0'/>
            </labels>
            <parameters>
                <parameter kind='argument' name='browser' value='chrome-105.0.5195.127'/>
            </parameters>
            <steps>
                <step start='1663690355112' status='passed' stop='1663690356907'>
                    <name>GET /session/:sessionId/screenshot</name>
                    <title>GET /session/:sessionId/screenshot</title>
                    <attachments>
                        <attachment title='Response' source='eea657d5-efde-400f-9c24-58be31af1b1e-attachment.json' type='application/json' size='2'/>
                    </attachments>
                    <steps>
                        <step start='1663690355115' status='passed' stop='1663690356879'>
                            <name>POST /session/:sessionId/element</name>
                            <title>POST /session/:sessionId/element</title>
                            <attachments>
                                <attachment title='Request' source='5035e5d7-3799-447a-be7d-58c454a6d7fa-attachment.json' type='application/json' size='52'/>
                            </attachments>
                            <steps/>
                        </step>
                    </steps>
                </step>
                <step start='1663690356912' status='passed' stop='1663690357496'>
                    <name>POST /session/:sessionId/elements</name>
                    <title>POST /session/:sessionId/elements</title>
                    <attachments>
                        <attachment title='Request' source='26486f7f-264b-4e39-b6ce-d048f2c48201-attachment.json' type='application/json' size='57'/>
                        <attachment title='Screenshot' source='9e1c54ed-89ac-48f6-8ce9-16cb08170737-attachment.png' type='image/png' size='143656'/>
                    </attachments>
                    <steps/>
                </step>
                <step start='1663690357515' status='undefined'>
                    <name>POST /session/:sessionId/execute/sync</name>
                    <title>POST /session/:sessionId/execute/sync</title>
                    <attachments>
                        <attachment title='Request' source='3acfc886-300e-4b61-868b-05afc479e9b0-attachment.json' type='application/json' size='8331'/>
                    </attachments>
                    <steps>
                        <step start='1663690357524' status='undefined'>
                            <name>POST /session/:sessionId/execute/sync</name>
                            <title>POST /session/:sessionId/execute/sync</title>
                            <attachments>
                                <attachment title='Request' source='ce1427f4-1aef-492b-b3a4-e414071f5499-attachment.json' type='application/json' size='8331'/>
                            </attachments>
                            <steps/>
                        </step>
                    </steps>
                </step>
            </steps>
            <attachments>
                <attachment title='Response' source='6742b2a6-4edc-47b1-a5ee-dc18d1e893c7-attachment.json' type='application/json' size='83'/>
            </attachments>
            <failure>
                <message>assert is not defined</message>
                <stack-trace>ReferenceError: assert is not defined
                    at Context.&lt;anonymous> (C:\Users\Jidin\Downloads\volvo_webdriverio_automation_test\volvotest\test\specs\homepagetest.js:33:9)
                    at Context.executeAsync (C:\Users\Jidin\Downloads\volvo_webdriverio_automation_test\volvotest\node_modules\@wdio\utils\build\shim.js:333:27)
                    at Context.testFrameworkFnWrapper (C:\Users\Jidin\Downloads\volvo_webdriverio_automation_test\volvotest\node_modules\@wdio\utils\build\test-framework\testFnWrapper.js:51:32)</stack-trace>
            </failure>
        </test-case>
        <test-case start='1663690357529' status='broken' stop='1663690357990'>
            <name>Disclaimer Section exists</name>
            <title>Disclaimer Section exists</title>
            <labels>
                <label name='language' value='javascript'/>
                <label name='framework' value='wdio'/>
                <label name='thread' value='0-0'/>
            </labels>
            <parameters>
                <parameter kind='argument' name='browser' value='chrome-105.0.5195.127'/>
            </parameters>
            <steps>
                <step start='1663690357534' status='passed' stop='1663690357657'>
                    <name>GET /session/:sessionId/screenshot</name>
                    <title>GET /session/:sessionId/screenshot</title>
                    <attachments>
                        <attachment title='Response' source='82204e05-5023-4c9b-ac0e-a3453590c291-attachment.json' type='application/json' size='4'/>
                    </attachments>
                    <steps>
                        <step start='1663690357537' status='passed' stop='1663690357637'>
                            <name>POST /session/:sessionId/element</name>
                            <title>POST /session/:sessionId/element</title>
                            <attachments>
                                <attachment title='Request' source='c179a36a-1e7a-4189-a4cb-86e57ace981b-attachment.json' type='application/json' size='57'/>
                                <attachment title='Response' source='d959fbae-7473-46c9-a21a-65a142b60db3-attachment.json' type='application/json' size='2'/>
                            </attachments>
                            <steps/>
                        </step>
                        <step start='1663690357644' status='passed' stop='1663690357654'>
                            <name>POST /session/:sessionId/elements</name>
                            <title>POST /session/:sessionId/elements</title>
                            <attachments>
                                <attachment title='Request' source='9cb53b52-7580-446a-a7ba-cf4948aa61a2-attachment.json' type='application/json' size='57'/>
                                <attachment title='Response' source='726e87e4-8efd-478c-83e0-92720a3ba021-attachment.json' type='application/json' size='4'/>
                            </attachments>
                            <steps/>
                        </step>
                    </steps>
                </step>
                <step start='1663690358002' status='undefined'>
                    <name>POST /session/:sessionId/execute/sync</name>
                    <title>POST /session/:sessionId/execute/sync</title>
                    <attachments>
                        <attachment title='Request' source='532ff85b-9954-4655-b138-5a6190bb063c-attachment.json' type='application/json' size='8331'/>
                    </attachments>
                    <steps>
                        <step start='1663690358006' status='undefined'>
                            <name>POST /session/:sessionId/execute/sync</name>
                            <title>POST /session/:sessionId/execute/sync</title>
                            <attachments>
                                <attachment title='Request' source='ae63c8d9-5243-4e25-bb30-3764c3d54a53-attachment.json' type='application/json' size='8331'/>
                            </attachments>
                            <steps/>
                        </step>
                    </steps>
                </step>
            </steps>
            <attachments>
                <attachment title='Screenshot' source='2db27eed-71bc-494f-8c71-c3bf39a5e896-attachment.png' type='image/png' size='163574'/>
                <attachment title='Response' source='5f50cab7-69fa-4d77-8aa7-1f5da697fd55-attachment.json' type='application/json' size='83'/>
            </attachments>
            <failure>
                <message>assert is not defined</message>
                <stack-trace>ReferenceError: assert is not defined
                    at Context.&lt;anonymous> (C:\Users\Jidin\Downloads\volvo_webdriverio_automation_test\volvotest\test\specs\homepagetest.js:37:9)
                    at Context.executeAsync (C:\Users\Jidin\Downloads\volvo_webdriverio_automation_test\volvotest\node_modules\@wdio\utils\build\shim.js:333:27)
                    at Context.testFrameworkFnWrapper (C:\Users\Jidin\Downloads\volvo_webdriverio_automation_test\volvotest\node_modules\@wdio\utils\build\test-framework\testFnWrapper.js:51:32)</stack-trace>
            </failure>
        </test-case>
        <test-case start='1663690358010' status='broken' stop='1663690358385'>
            <name>Play Video, go to Cookies Page and check Title</name>
            <title>Play Video, go to Cookies Page and check Title</title>
            <labels>
                <label name='language' value='javascript'/>
                <label name='framework' value='wdio'/>
                <label name='thread' value='0-0'/>
            </labels>
            <parameters>
                <parameter kind='argument' name='browser' value='chrome-105.0.5195.127'/>
            </parameters>
            <steps>
                <step start='1663690358016' status='broken' stop='1663690358385'>
                    <name>POST /session/:sessionId/element</name>
                    <title>POST /session/:sessionId/element</title>
                    <attachments>
                        <attachment title='Request' source='26327824-f45d-4340-ac45-89ed39efc4c8-attachment.json' type='application/json' size='83'/>
                    </attachments>
                    <steps>
                        <step start='1663690358020' status='broken' stop='1663690358385'>
                            <name>POST /session/:sessionId/element</name>
                            <title>POST /session/:sessionId/element</title>
                            <attachments>
                                <attachment title='Request' source='04c76986-c999-45ee-bd93-56ae3f2af7ca-attachment.json' type='application/json' size='85'/>
                            </attachments>
                            <steps>
                                <step start='1663690358022' status='broken' stop='1663690358385'>
                                    <name>POST /session/:sessionId/element</name>
                                    <title>POST /session/:sessionId/element</title>
                                    <attachments>
                                        <attachment title='Request' source='53e41b24-68aa-4611-99cf-c9f3fbfa439d-attachment.json' type='application/json' size='79'/>
                                    </attachments>
                                    <steps>
                                        <step start='1663690358025' status='passed' stop='1663690358384'>
                                            <name>GET /session/:sessionId/screenshot</name>
                                            <title>GET /session/:sessionId/screenshot</title>
                                            <attachments>
                                                <attachment title='Screenshot' source='de5810b3-2f91-45b3-a759-4c826841667b-attachment.png' type='image/png' size='162359'/>
                                            </attachments>
                                            <steps>
                                                <step start='1663690358027' status='passed' stop='1663690358041'>
                                                    <name>POST /session/:sessionId/url</name>
                                                    <title>POST /session/:sessionId/url</title>
                                                    <attachments>
                                                        <attachment title='Request' source='1437cd7b-0462-4ec7-85c7-be428dccac80-attachment.json' type='application/json' size='73'/>
                                                        <attachment title='Response' source='50d53772-1bcd-4fe8-bbaa-cfc852e5c5fe-attachment.json' type='application/json' size='4'/>
                                                    </attachments>
                                                    <steps>
                                                        <step start='1663690358031' status='passed' stop='1663690358039'>
                                                            <name>POST /session/:sessionId/elements</name>
                                                            <title>POST /session/:sessionId/elements</title>
                                                            <attachments>
                                                                <attachment title='Request' source='deb7809d-a60a-4992-a141-4d73a5135b4d-attachment.json' type='application/json' size='57'/>
                                                                <attachment title='Response' source='7888a52c-6f61-4073-9e8b-94d8d89e4c8f-attachment.json' type='application/json' size='4'/>
                                                            </attachments>
                                                            <steps/>
                                                        </step>
                                                    </steps>
                                                </step>
                                            </steps>
                                        </step>
                                    </steps>
                                </step>
                            </steps>
                        </step>
                    </steps>
                </step>
            </steps>
            <attachments>
                <attachment title='Response' source='756633b7-3ac5-4024-9273-4b625c8e094f-attachment.json' type='application/json' size='2'/>
            </attachments>
            <failure>
                <message>browser.getUrlAndTitle is not a function</message>
                <stack-trace>TypeError: browser.getUrlAndTitle is not a function
                    at Context.&lt;anonymous> (C:\Users\Jidin\Downloads\volvo_webdriverio_automation_test\volvotest\test\specs\homepagetest.js:50:37)
                    at Context.executeAsync (C:\Users\Jidin\Downloads\volvo_webdriverio_automation_test\volvotest\node_modules\@wdio\utils\build\shim.js:333:27)
                    at Context.testFrameworkFnWrapper (C:\Users\Jidin\Downloads\volvo_webdriverio_automation_test\volvotest\node_modules\@wdio\utils\build\test-framework\testFnWrapper.js:51:32)</stack-trace>
            </failure>
        </test-case>
    </test-cases>
</ns2:test-suite>