<?xml version='1.0'?>
<ns2:test-suite xmlns:ns2='urn:model.allure.qatools.yandex.ru' start='1663689926806' stop='1663689931874'>
    <name>Home Page features test: </name>
    <title>Home Page features test: </title>
    <test-cases>
        <test-case start='1663689926806' status='passed' stop='1663689926815'>
            <name>Check browser details</name>
            <title>Check browser details</title>
            <labels>
                <label name='language' value='javascript'/>
                <label name='framework' value='wdio'/>
                <label name='thread' value='0-0'/>
            </labels>
            <parameters>
                <parameter kind='argument' name='browser' value='chrome-105.0.5195.127'/>
            </parameters>
            <steps>
                <step start='1663689926810' status='undefined'>
                    <name>POST /session/:sessionId/element</name>
                    <title>POST /session/:sessionId/element</title>
                    <attachments>
                        <attachment title='Request' source='d3452dc1-793c-42ef-973b-a1797dc2fe8e-attachment.json' type='application/json' size='57'/>
                    </attachments>
                    <steps/>
                </step>
            </steps>
            <attachments/>
        </test-case>
        <test-case start='1663689926816' status='failed' stop='1663689927130'>
            <name>Should have the correct URL and title</name>
            <title>Should have the correct URL and title</title>
            <labels>
                <label name='language' value='javascript'/>
                <label name='framework' value='wdio'/>
                <label name='thread' value='0-0'/>
            </labels>
            <parameters>
                <parameter kind='argument' name='browser' value='chrome-105.0.5195.127'/>
            </parameters>
            <steps>
                <step start='1663689926817' status='passed' stop='1663689927129'>
                    <name>POST /session/:sessionId/window/maximize</name>
                    <title>POST /session/:sessionId/window/maximize</title>
                    <attachments>
                        <attachment title='Screenshot' source='824c54e6-ae17-4967-85b1-98409fa3e05f-attachment.png' type='image/png' size='8715'/>
                    </attachments>
                    <steps>
                        <step start='1663689926818' status='passed' stop='1663689926990'>
                            <name>GET /session/:sessionId/title</name>
                            <title>GET /session/:sessionId/title</title>
                            <attachments>
                                <attachment title='Response' source='c5bba903-65df-4710-8ecb-f7147bfa5b32-attachment.json' type='application/json' size='58'/>
                            </attachments>
                            <steps>
                                <step start='1663689926820' status='passed' stop='1663689926866'>
                                    <name>GET /session/:sessionId/url</name>
                                    <title>GET /session/:sessionId/url</title>
                                    <attachments>
                                        <attachment title='Response' source='f0528f24-bc69-429a-8217-d98247f6f904-attachment.json' type='application/json' size='8'/>
                                    </attachments>
                                    <steps>
                                        <step start='1663689926825' status='passed' stop='1663689926863'>
                                            <name>GET /session/:sessionId/screenshot</name>
                                            <title>GET /session/:sessionId/screenshot</title>
                                            <attachments/>
                                            <steps>
                                                <step start='1663689926828' status='passed' stop='1663689926838'>
                                                    <name>POST /session/:sessionId/url</name>
                                                    <title>POST /session/:sessionId/url</title>
                                                    <attachments>
                                                        <attachment title='Request' source='e204361c-ab5e-43b3-9017-836f10d9f96d-attachment.json' type='application/json' size='73'/>
                                                        <attachment title='Response' source='816d47ec-2a54-47eb-aa73-fcbd2f59feb4-attachment.json' type='application/json' size='1028'/>
                                                    </attachments>
                                                    <steps/>
                                                </step>
                                                <step start='1663689926845' status='passed' stop='1663689926859'>
                                                    <name>POST /session/:sessionId/elements</name>
                                                    <title>POST /session/:sessionId/elements</title>
                                                    <attachments>
                                                        <attachment title='Request' source='4a5a1c22-4568-4644-a501-97045c263a2b-attachment.json' type='application/json' size='57'/>
                                                        <attachment title='Response' source='708da56c-66f7-4f76-bcd2-0b76d6fbd780-attachment.json' type='application/json' size='2'/>
                                                    </attachments>
                                                    <steps/>
                                                </step>
                                            </steps>
                                        </step>
                                    </steps>
                                </step>
                            </steps>
                        </step>
                    </steps>
                </step>
            </steps>
            <attachments/>
            <failure>
                <message>expect(received).toEqual(expected) // deep equality
                
                Expected: "https://www.volvocars.com/intl/v/car-safety/a-million-more'"
                Received: {}</message>
                <stack-trace>Error: expect(received).toEqual(expected) // deep equality
                
                Expected: "https://www.volvocars.com/intl/v/car-safety/a-million-more'"
                Received: {}
                    at Context.&lt;anonymous> (C:\Users\Jidin\Downloads\volvo_webdriverio_automation_test\volvotest\test\specs\homepagetest.js:18:30)
                    at Context.executeAsync (C:\Users\Jidin\Downloads\volvo_webdriverio_automation_test\volvotest\node_modules\@wdio\utils\build\shim.js:333:27)
                    at Context.testFrameworkFnWrapper (C:\Users\Jidin\Downloads\volvo_webdriverio_automation_test\volvotest\node_modules\@wdio\utils\build\test-framework\testFnWrapper.js:51:32)</stack-trace>
            </failure>
        </test-case>
        <test-case start='1663689927131' status='broken' stop='1663689931368'>
            <name>Video button exists</name>
            <title>Video button exists</title>
            <labels>
                <label name='language' value='javascript'/>
                <label name='framework' value='wdio'/>
                <label name='thread' value='0-0'/>
            </labels>
            <parameters>
                <parameter kind='argument' name='browser' value='chrome-105.0.5195.127'/>
            </parameters>
            <steps>
                <step start='1663689927132' status='broken' stop='1663689931368'>
                    <name>GET /session/:sessionId/screenshot</name>
                    <title>GET /session/:sessionId/screenshot</title>
                    <attachments/>
                    <steps>
                        <step start='1663689927135' status='passed' stop='1663689931368'>
                            <name>POST /session/:sessionId/element</name>
                            <title>POST /session/:sessionId/element</title>
                            <attachments>
                                <attachment title='Request' source='74bd252d-cde0-488b-bbf0-53053ddb6974-attachment.json' type='application/json' size='52'/>
                                <attachment title='Screenshot' source='62acd3f3-a0b6-4f21-ba5c-9a8d4daa3086-attachment.png' type='image/png' size='165617'/>
                            </attachments>
                            <steps>
                                <step start='1663689927353' status='passed' stop='1663689931111'>
                                    <name>POST /session/:sessionId/elements</name>
                                    <title>POST /session/:sessionId/elements</title>
                                    <attachments>
                                        <attachment title='Request' source='3b6e3b0b-3ef1-48b9-9fe0-56586d65197a-attachment.json' type='application/json' size='57'/>
                                    </attachments>
                                    <steps/>
                                </step>
                            </steps>
                        </step>
                    </steps>
                </step>
                <step start='1663689931374' status='undefined'>
                    <name>POST /session/:sessionId/execute/sync</name>
                    <title>POST /session/:sessionId/execute/sync</title>
                    <attachments>
                        <attachment title='Request' source='27781e99-86cf-4099-873e-da255dcdf999-attachment.json' type='application/json' size='8331'/>
                    </attachments>
                    <steps>
                        <step start='1663689931377' status='undefined'>
                            <name>POST /session/:sessionId/execute/sync</name>
                            <title>POST /session/:sessionId/execute/sync</title>
                            <attachments>
                                <attachment title='Request' source='de18261a-fdae-4b06-9dfd-836765431bd8-attachment.json' type='application/json' size='8331'/>
                            </attachments>
                            <steps/>
                        </step>
                    </steps>
                </step>
            </steps>
            <attachments>
                <attachment title='Response' source='b44ec18f-9293-4faf-b752-bca7e0773390-attachment.json' type='application/json' size='83'/>
            </attachments>
            <failure>
                <message>assert is not defined</message>
                <stack-trace>ReferenceError: assert is not defined
                    at Context.&lt;anonymous> (C:\Users\Jidin\Downloads\volvo_webdriverio_automation_test\volvotest\test\specs\homepagetest.js:24:9)
                    at Context.executeAsync (C:\Users\Jidin\Downloads\volvo_webdriverio_automation_test\volvotest\node_modules\@wdio\utils\build\shim.js:333:27)
                    at Context.testFrameworkFnWrapper (C:\Users\Jidin\Downloads\volvo_webdriverio_automation_test\volvotest\node_modules\@wdio\utils\build\test-framework\testFnWrapper.js:51:32)</stack-trace>
            </failure>
        </test-case>
        <test-case start='1663689931385' status='broken' stop='1663689931626'>
            <name>Disclaimer Section exists</name>
            <title>Disclaimer Section exists</title>
            <labels>
                <label name='language' value='javascript'/>
                <label name='framework' value='wdio'/>
                <label name='thread' value='0-0'/>
            </labels>
            <parameters>
                <parameter kind='argument' name='browser' value='chrome-105.0.5195.127'/>
            </parameters>
            <steps>
                <step start='1663689931389' status='passed' stop='1663689931406'>
                    <name>POST /session/:sessionId/elements</name>
                    <title>POST /session/:sessionId/elements</title>
                    <attachments>
                        <attachment title='Request' source='e1e3aee5-f88e-4616-aa2e-127694429d68-attachment.json' type='application/json' size='57'/>
                        <attachment title='Response' source='af18906e-ab65-4ea9-b7af-d89ece7aa8d9-attachment.json' type='application/json' size='2'/>
                    </attachments>
                    <steps>
                        <step start='1663689931393' status='passed' stop='1663689931404'>
                            <name>GET /session/:sessionId/screenshot</name>
                            <title>GET /session/:sessionId/screenshot</title>
                            <attachments>
                                <attachment title='Response' source='f8dd5d12-1c88-4f76-8139-88dcb5b1fad4-attachment.json' type='application/json' size='4'/>
                            </attachments>
                            <steps>
                                <step start='1663689931394' status='passed' stop='1663689931401'>
                                    <name>POST /session/:sessionId/element</name>
                                    <title>POST /session/:sessionId/element</title>
                                    <attachments>
                                        <attachment title='Request' source='223052cb-8f44-40c2-a4f0-b7a5862e40c5-attachment.json' type='application/json' size='57'/>
                                        <attachment title='Response' source='7050b056-3fe1-4b58-81b4-0274bf3c7393-attachment.json' type='application/json' size='4'/>
                                    </attachments>
                                    <steps/>
                                </step>
                            </steps>
                        </step>
                    </steps>
                </step>
                <step start='1663689931417' status='passed' stop='1663689931625'>
                    <name>POST /session/:sessionId/elements</name>
                    <title>POST /session/:sessionId/elements</title>
                    <attachments>
                        <attachment title='Request' source='a0cd6c8c-e0b6-4c2f-9113-3b7906f5d66d-attachment.json' type='application/json' size='57'/>
                        <attachment title='Screenshot' source='5118457f-91a8-456f-83b7-073e0e4479c8-attachment.png' type='image/png' size='166802'/>
                    </attachments>
                    <steps/>
                </step>
                <step start='1663689931633' status='undefined'>
                    <name>POST /session/:sessionId/execute/sync</name>
                    <title>POST /session/:sessionId/execute/sync</title>
                    <attachments>
                        <attachment title='Request' source='39568947-0376-41a8-adc7-5bbfaa249624-attachment.json' type='application/json' size='8331'/>
                    </attachments>
                    <steps>
                        <step start='1663689931636' status='undefined'>
                            <name>POST /session/:sessionId/execute/sync</name>
                            <title>POST /session/:sessionId/execute/sync</title>
                            <attachments>
                                <attachment title='Request' source='2397ec31-2f70-4ad4-9cf3-5f16fa4409b1-attachment.json' type='application/json' size='8331'/>
                            </attachments>
                            <steps/>
                        </step>
                    </steps>
                </step>
            </steps>
            <attachments>
                <attachment title='Response' source='2a006bab-6734-4db1-a08a-b84150500235-attachment.json' type='application/json' size='2'/>
                <attachment title='Response' source='c1e89562-74c6-4e9a-a96e-467b320b8248-attachment.json' type='application/json' size='83'/>
            </attachments>
            <failure>
                <message>assert is not defined</message>
                <stack-trace>ReferenceError: assert is not defined
                    at Context.&lt;anonymous> (C:\Users\Jidin\Downloads\volvo_webdriverio_automation_test\volvotest\test\specs\homepagetest.js:28:9)
                    at Context.executeAsync (C:\Users\Jidin\Downloads\volvo_webdriverio_automation_test\volvotest\node_modules\@wdio\utils\build\shim.js:333:27)
                    at Context.testFrameworkFnWrapper (C:\Users\Jidin\Downloads\volvo_webdriverio_automation_test\volvotest\node_modules\@wdio\utils\build\test-framework\testFnWrapper.js:51:32)</stack-trace>
            </failure>
        </test-case>
        <test-case start='1663689931641' status='broken' stop='1663689931873'>
            <name>Play Video, go to Cookies Page and check Title</name>
            <title>Play Video, go to Cookies Page and check Title</title>
            <labels>
                <label name='language' value='javascript'/>
                <label name='framework' value='wdio'/>
                <label name='thread' value='0-0'/>
            </labels>
            <parameters>
                <parameter kind='argument' name='browser' value='chrome-105.0.5195.127'/>
            </parameters>
            <steps>
                <step start='1663689931646' status='broken' stop='1663689931873'>
                    <name>POST /session/:sessionId/element</name>
                    <title>POST /session/:sessionId/element</title>
                    <attachments>
                        <attachment title='Request' source='58835c95-a386-46d2-9eea-624510315ce1-attachment.json' type='application/json' size='83'/>
                    </attachments>
                    <steps>
                        <step start='1663689931650' status='broken' stop='1663689931873'>
                            <name>POST /session/:sessionId/element</name>
                            <title>POST /session/:sessionId/element</title>
                            <attachments>
                                <attachment title='Request' source='ce2602fd-6d55-4148-ba3b-40a22229cf76-attachment.json' type='application/json' size='85'/>
                            </attachments>
                            <steps>
                                <step start='1663689931652' status='broken' stop='1663689931873'>
                                    <name>POST /session/:sessionId/element</name>
                                    <title>POST /session/:sessionId/element</title>
                                    <attachments>
                                        <attachment title='Request' source='ad7235b6-8537-4ddb-84cc-d062363b4778-attachment.json' type='application/json' size='79'/>
                                    </attachments>
                                    <steps>
                                        <step start='1663689931655' status='passed' stop='1663689931873'>
                                            <name>GET /session/:sessionId/screenshot</name>
                                            <title>GET /session/:sessionId/screenshot</title>
                                            <attachments>
                                                <attachment title='Screenshot' source='ae0b5779-1158-491a-8ba5-16896c784524-attachment.png' type='image/png' size='165281'/>
                                            </attachments>
                                            <steps>
                                                <step start='1663689931656' status='passed' stop='1663689931670'>
                                                    <name>POST /session/:sessionId/url</name>
                                                    <title>POST /session/:sessionId/url</title>
                                                    <attachments>
                                                        <attachment title='Request' source='133decae-fe71-47ca-be44-eb212656da7d-attachment.json' type='application/json' size='73'/>
                                                        <attachment title='Response' source='e7e48094-d76a-45ed-89f9-7317a130f595-attachment.json' type='application/json' size='4'/>
                                                    </attachments>
                                                    <steps>
                                                        <step start='1663689931660' status='passed' stop='1663689931666'>
                                                            <name>POST /session/:sessionId/elements</name>
                                                            <title>POST /session/:sessionId/elements</title>
                                                            <attachments>
                                                                <attachment title='Request' source='a29533fc-9519-44ab-9929-fd9e66e02360-attachment.json' type='application/json' size='57'/>
                                                                <attachment title='Response' source='39bd8def-cb99-460a-a8ce-8a4a4420cb2a-attachment.json' type='application/json' size='4'/>
                                                            </attachments>
                                                            <steps/>
                                                        </step>
                                                    </steps>
                                                </step>
                                            </steps>
                                        </step>
                                    </steps>
                                </step>
                            </steps>
                        </step>
                    </steps>
                </step>
            </steps>
            <attachments>
                <attachment title='Response' source='e22eb486-8171-4dcc-8dcd-0d70364ccda1-attachment.json' type='application/json' size='2'/>
            </attachments>
            <failure>
                <message>browser.getUrlAndTitle is not a function</message>
                <stack-trace>TypeError: browser.getUrlAndTitle is not a function
                    at Context.&lt;anonymous> (C:\Users\Jidin\Downloads\volvo_webdriverio_automation_test\volvotest\test\specs\homepagetest.js:41:37)
                    at Context.executeAsync (C:\Users\Jidin\Downloads\volvo_webdriverio_automation_test\volvotest\node_modules\@wdio\utils\build\shim.js:333:27)
                    at Context.testFrameworkFnWrapper (C:\Users\Jidin\Downloads\volvo_webdriverio_automation_test\volvotest\node_modules\@wdio\utils\build\test-framework\testFnWrapper.js:51:32)</stack-trace>
            </failure>
        </test-case>
    </test-cases>
</ns2:test-suite>