<?xml version='1.0'?>
<ns2:test-suite xmlns:ns2='urn:model.allure.qatools.yandex.ru' start='1663690696881' stop='1663690697745'>
    <name>Home Page features test: </name>
    <title>Home Page features test: </title>
    <test-cases>
        <test-case start='1663690696882' status='passed' stop='1663690696893'>
            <name>Check browser details</name>
            <title>Check browser details</title>
            <labels>
                <label name='language' value='javascript'/>
                <label name='framework' value='wdio'/>
                <label name='thread' value='0-0'/>
            </labels>
            <parameters>
                <parameter kind='argument' name='browser' value='chrome-105.0.5195.127'/>
            </parameters>
            <steps>
                <step start='1663690696886' status='undefined'>
                    <name>POST /session/:sessionId/element</name>
                    <title>POST /session/:sessionId/element</title>
                    <attachments>
                        <attachment title='Request' source='ff3bc58b-f599-42b0-9ee8-b8b877e88bbf-attachment.json' type='application/json' size='57'/>
                    </attachments>
                    <steps/>
                </step>
            </steps>
            <attachments/>
        </test-case>
        <test-case start='1663690696894' status='broken' stop='1663690697110'>
            <name>Get title</name>
            <title>Get title</title>
            <labels>
                <label name='language' value='javascript'/>
                <label name='framework' value='wdio'/>
                <label name='thread' value='0-0'/>
            </labels>
            <parameters>
                <parameter kind='argument' name='browser' value='chrome-105.0.5195.127'/>
            </parameters>
            <steps>
                <step start='1663690696894' status='broken' stop='1663690697110'>
                    <name>POST /session/:sessionId/refresh</name>
                    <title>POST /session/:sessionId/refresh</title>
                    <attachments/>
                    <steps>
                        <step start='1663690696896' status='passed' stop='1663690697109'>
                            <name>GET /session/:sessionId/screenshot</name>
                            <title>GET /session/:sessionId/screenshot</title>
                            <attachments>
                                <attachment title='Screenshot' source='dd698810-1475-4db1-bcc8-48510a8af74e-attachment.png' type='image/png' size='6108'/>
                            </attachments>
                            <steps>
                                <step start='1663690696899' status='passed' stop='1663690696917'>
                                    <name>POST /session/:sessionId/execute/sync</name>
                                    <title>POST /session/:sessionId/execute/sync</title>
                                    <attachments>
                                        <attachment title='Request' source='d6f1cf2f-a9c6-4fc1-a0da-fa0e659adb25-attachment.json' type='application/json' size='102'/>
                                        <attachment title='Response' source='75b9710b-a610-443d-ac2d-65fee98942dd-attachment.json' type='application/json' size='1028'/>
                                    </attachments>
                                    <steps/>
                                </step>
                                <step start='1663690696930' status='passed' stop='1663690696934'>
                                    <name>POST /session/:sessionId/elements</name>
                                    <title>POST /session/:sessionId/elements</title>
                                    <attachments>
                                        <attachment title='Request' source='ace6dba6-1949-44e5-8a60-39bb5b6d3844-attachment.json' type='application/json' size='57'/>
                                    </attachments>
                                    <steps/>
                                </step>
                            </steps>
                        </step>
                    </steps>
                </step>
            </steps>
            <attachments/>
            <failure>
                <message>Cannot read properties of undefined (reading 'click')</message>
                <stack-trace>TypeError: Cannot read properties of undefined (reading 'click')
                    at homePage.redirectToDetails (C:\Users\Jidin\Downloads\volvo_webdriverio_automation_test\volvotest\test\pageobjects\homepage.js:36:34)
                    at Context.&lt;anonymous> (C:\Users\Jidin\Downloads\volvo_webdriverio_automation_test\volvotest\test\specs\homepagetest.js:14:17)
                    at Context.executeAsync (C:\Users\Jidin\Downloads\volvo_webdriverio_automation_test\volvotest\node_modules\@wdio\utils\build\shim.js:333:27)
                    at Context.testFrameworkFnWrapper (C:\Users\Jidin\Downloads\volvo_webdriverio_automation_test\volvotest\node_modules\@wdio\utils\build\test-framework\testFnWrapper.js:51:32)</stack-trace>
            </failure>
        </test-case>
        <test-case start='1663690697111' status='broken' stop='1663690697282'>
            <name>Title Validation</name>
            <title>Title Validation</title>
            <labels>
                <label name='language' value='javascript'/>
                <label name='framework' value='wdio'/>
                <label name='thread' value='0-0'/>
            </labels>
            <parameters>
                <parameter kind='argument' name='browser' value='chrome-105.0.5195.127'/>
            </parameters>
            <steps>
                <step start='1663690697111' status='passed' stop='1663690697126'>
                    <name>GET /session/:sessionId/screenshot</name>
                    <title>GET /session/:sessionId/screenshot</title>
                    <attachments>
                        <attachment title='Response' source='38b1a56d-31fc-4664-84b6-8e58088c8c9e-attachment.json' type='application/json' size='2'/>
                    </attachments>
                    <steps/>
                </step>
            </steps>
            <attachments>
                <attachment title='Screenshot' source='f56b7699-7292-4bc9-baac-a3facd151ea9-attachment.png' type='image/png' size='6108'/>
            </attachments>
            <failure>
                <message>title is not defined</message>
                <stack-trace>ReferenceError: title is not defined
                    at Context.&lt;anonymous> (C:\Users\Jidin\Downloads\volvo_webdriverio_automation_test\volvotest\test\specs\homepagetest.js:18:16)
                    at Context.executeAsync (C:\Users\Jidin\Downloads\volvo_webdriverio_automation_test\volvotest\node_modules\@wdio\utils\build\shim.js:333:27)
                    at Context.testFrameworkFnWrapper (C:\Users\Jidin\Downloads\volvo_webdriverio_automation_test\volvotest\node_modules\@wdio\utils\build\test-framework\testFnWrapper.js:51:32)</stack-trace>
            </failure>
        </test-case>
        <test-case start='1663690697282' status='broken' stop='1663690697458'>
            <name>Video button exists</name>
            <title>Video button exists</title>
            <labels>
                <label name='language' value='javascript'/>
                <label name='framework' value='wdio'/>
                <label name='thread' value='0-0'/>
            </labels>
            <parameters>
                <parameter kind='argument' name='browser' value='chrome-105.0.5195.127'/>
            </parameters>
            <steps>
                <step start='1663690697283' status='broken' stop='1663690697458'>
                    <name>GET /session/:sessionId/screenshot</name>
                    <title>GET /session/:sessionId/screenshot</title>
                    <attachments/>
                    <steps>
                        <step start='1663690697285' status='broken' stop='1663690697458'>
                            <name>POST /session/:sessionId/element</name>
                            <title>POST /session/:sessionId/element</title>
                            <attachments>
                                <attachment title='Request' source='2a69daf4-589a-443a-952d-bdd801db8913-attachment.json' type='application/json' size='52'/>
                            </attachments>
                            <steps>
                                <step start='1663690697428' status='passed' stop='1663690697457'>
                                    <name>POST /session/:sessionId/elements</name>
                                    <title>POST /session/:sessionId/elements</title>
                                    <attachments>
                                        <attachment title='Request' source='847938fb-fe76-43bc-b700-e7c09f17b51a-attachment.json' type='application/json' size='57'/>
                                        <attachment title='Screenshot' source='45251035-2a68-4eee-b5d8-8710129af835-attachment.png' type='image/png' size='6108'/>
                                    </attachments>
                                    <steps/>
                                </step>
                            </steps>
                        </step>
                    </steps>
                </step>
            </steps>
            <attachments/>
            <failure>
                <message>assert is not defined</message>
                <stack-trace>ReferenceError: assert is not defined
                    at Context.&lt;anonymous> (C:\Users\Jidin\Downloads\volvo_webdriverio_automation_test\volvotest\test\specs\homepagetest.js:24:9)
                    at Context.executeAsync (C:\Users\Jidin\Downloads\volvo_webdriverio_automation_test\volvotest\node_modules\@wdio\utils\build\shim.js:333:27)
                    at Context.testFrameworkFnWrapper (C:\Users\Jidin\Downloads\volvo_webdriverio_automation_test\volvotest\node_modules\@wdio\utils\build\test-framework\testFnWrapper.js:51:32)</stack-trace>
            </failure>
        </test-case>
        <test-case start='1663690697458' status='broken' stop='1663690697597'>
            <name>Disclaimer Section exists</name>
            <title>Disclaimer Section exists</title>
            <labels>
                <label name='language' value='javascript'/>
                <label name='framework' value='wdio'/>
                <label name='thread' value='0-0'/>
            </labels>
            <parameters>
                <parameter kind='argument' name='browser' value='chrome-105.0.5195.127'/>
            </parameters>
            <steps>
                <step start='1663690697459' status='broken' stop='1663690697597'>
                    <name>GET /session/:sessionId/screenshot</name>
                    <title>GET /session/:sessionId/screenshot</title>
                    <attachments/>
                    <steps>
                        <step start='1663690697461' status='passed' stop='1663690697470'>
                            <name>POST /session/:sessionId/element</name>
                            <title>POST /session/:sessionId/element</title>
                            <attachments>
                                <attachment title='Request' source='82d686b5-5bc9-461e-8b92-0a93918db08d-attachment.json' type='application/json' size='57'/>
                                <attachment title='Response' source='e973cf83-4891-4c93-836f-53ec60889f74-attachment.json' type='application/json' size='1023'/>
                            </attachments>
                            <steps/>
                        </step>
                        <step start='1663690697475' status='passed' stop='1663690697596'>
                            <name>POST /session/:sessionId/element</name>
                            <title>POST /session/:sessionId/element</title>
                            <attachments>
                                <attachment title='Request' source='5a06dee6-b9df-47d8-bf2d-cb65b90a219a-attachment.json' type='application/json' size='52'/>
                                <attachment title='Screenshot' source='5053fbc2-7d71-4a8f-9e57-c536a61645cc-attachment.png' type='image/png' size='6108'/>
                            </attachments>
                            <steps>
                                <step start='1663690697478' status='passed' stop='1663690697488'>
                                    <name>POST /session/:sessionId/element</name>
                                    <title>POST /session/:sessionId/element</title>
                                    <attachments>
                                        <attachment title='Request' source='0c7a2070-e471-4816-abed-c13eb7dee3d0-attachment.json' type='application/json' size='52'/>
                                        <attachment title='Response' source='da749a23-dac3-42da-b92c-180d1aa1b3c4-attachment.json' type='application/json' size='2'/>
                                    </attachments>
                                    <steps/>
                                </step>
                            </steps>
                        </step>
                    </steps>
                </step>
            </steps>
            <attachments/>
            <failure>
                <message>assert is not defined</message>
                <stack-trace>ReferenceError: assert is not defined
                    at Context.&lt;anonymous> (C:\Users\Jidin\Downloads\volvo_webdriverio_automation_test\volvotest\test\specs\homepagetest.js:28:9)
                    at Context.executeAsync (C:\Users\Jidin\Downloads\volvo_webdriverio_automation_test\volvotest\node_modules\@wdio\utils\build\shim.js:333:27)
                    at Context.testFrameworkFnWrapper (C:\Users\Jidin\Downloads\volvo_webdriverio_automation_test\volvotest\node_modules\@wdio\utils\build\test-framework\testFnWrapper.js:51:32)</stack-trace>
            </failure>
        </test-case>
        <test-case start='1663690697597' status='broken' stop='1663690697744'>
            <name>Play Video, go to Cookies Page and check Title</name>
            <title>Play Video, go to Cookies Page and check Title</title>
            <labels>
                <label name='language' value='javascript'/>
                <label name='framework' value='wdio'/>
                <label name='thread' value='0-0'/>
            </labels>
            <parameters>
                <parameter kind='argument' name='browser' value='chrome-105.0.5195.127'/>
            </parameters>
            <steps>
                <step start='1663690697598' status='broken' stop='1663690697744'>
                    <name>POST /session/:sessionId/element</name>
                    <title>POST /session/:sessionId/element</title>
                    <attachments>
                        <attachment title='Request' source='a71b7fda-9362-457a-9811-d4aa07cd9649-attachment.json' type='application/json' size='83'/>
                    </attachments>
                    <steps>
                        <step start='1663690697601' status='broken' stop='1663690697744'>
                            <name>POST /session/:sessionId/element</name>
                            <title>POST /session/:sessionId/element</title>
                            <attachments>
                                <attachment title='Request' source='7392a9a4-7327-4333-9ede-6e775e1fce85-attachment.json' type='application/json' size='85'/>
                            </attachments>
                            <steps>
                                <step start='1663690697604' status='broken' stop='1663690697744'>
                                    <name>POST /session/:sessionId/element</name>
                                    <title>POST /session/:sessionId/element</title>
                                    <attachments>
                                        <attachment title='Request' source='d5dab718-6ff4-4545-ab5b-74b946812f4d-attachment.json' type='application/json' size='79'/>
                                    </attachments>
                                    <steps>
                                        <step start='1663690697607' status='passed' stop='1663690697743'>
                                            <name>GET /session/:sessionId/screenshot</name>
                                            <title>GET /session/:sessionId/screenshot</title>
                                            <attachments>
                                                <attachment title='Screenshot' source='a2fd19c3-b296-483c-9d44-a770b0be1c9d-attachment.png' type='image/png' size='6108'/>
                                            </attachments>
                                            <steps>
                                                <step start='1663690697609' status='passed' stop='1663690697616'>
                                                    <name>POST /session/:sessionId/url</name>
                                                    <title>POST /session/:sessionId/url</title>
                                                    <attachments>
                                                        <attachment title='Request' source='20b92597-f598-4206-87fb-db742459945f-attachment.json' type='application/json' size='73'/>
                                                        <attachment title='Response' source='4d1473de-28ea-4321-b930-9689c64d699e-attachment.json' type='application/json' size='1028'/>
                                                    </attachments>
                                                    <steps/>
                                                </step>
                                                <step start='1663690697619' status='passed' stop='1663690697642'>
                                                    <name>POST /session/:sessionId/element</name>
                                                    <title>POST /session/:sessionId/element</title>
                                                    <attachments>
                                                        <attachment title='Request' source='afd06b9d-8c35-4443-a73e-9110fa6cbb87-attachment.json' type='application/json' size='57'/>
                                                        <attachment title='Response' source='36e92fe3-3ef7-4838-a51a-e9f8fba71cea-attachment.json' type='application/json' size='1023'/>
                                                    </attachments>
                                                    <steps>
                                                        <step start='1663690697622' status='passed' stop='1663690697630'>
                                                            <name>POST /session/:sessionId/element</name>
                                                            <title>POST /session/:sessionId/element</title>
                                                            <attachments>
                                                                <attachment title='Request' source='cd72105e-ec25-43e5-aee2-1595d2d8ee66-attachment.json' type='application/json' size='57'/>
                                                                <attachment title='Response' source='dd46bf2f-37d5-4164-a527-3612be558112-attachment.json' type='application/json' size='1023'/>
                                                            </attachments>
                                                            <steps/>
                                                        </step>
                                                    </steps>
                                                </step>
                                            </steps>
                                        </step>
                                    </steps>
                                </step>
                            </steps>
                        </step>
                    </steps>
                </step>
            </steps>
            <attachments/>
            <failure>
                <message>browser.getUrlAndTitle is not a function</message>
                <stack-trace>TypeError: browser.getUrlAndTitle is not a function
                    at Context.&lt;anonymous> (C:\Users\Jidin\Downloads\volvo_webdriverio_automation_test\volvotest\test\specs\homepagetest.js:41:37)
                    at Context.executeAsync (C:\Users\Jidin\Downloads\volvo_webdriverio_automation_test\volvotest\node_modules\@wdio\utils\build\shim.js:333:27)
                    at Context.testFrameworkFnWrapper (C:\Users\Jidin\Downloads\volvo_webdriverio_automation_test\volvotest\node_modules\@wdio\utils\build\test-framework\testFnWrapper.js:51:32)</stack-trace>
            </failure>
        </test-case>
    </test-cases>
</ns2:test-suite>