<?xml version='1.0'?>
<ns2:test-suite xmlns:ns2='urn:model.allure.qatools.yandex.ru' start='1663690732798' stop='1663690733439'>
    <name>Home Page features test: </name>
    <title>Home Page features test: </title>
    <test-cases>
        <test-case start='1663690732798' status='passed' stop='1663690732811'>
            <name>Check browser details</name>
            <title>Check browser details</title>
            <labels>
                <label name='language' value='javascript'/>
                <label name='framework' value='wdio'/>
                <label name='thread' value='0-0'/>
            </labels>
            <parameters>
                <parameter kind='argument' name='browser' value='chrome-105.0.5195.127'/>
            </parameters>
            <steps>
                <step start='1663690732802' status='undefined'>
                    <name>POST /session/:sessionId/element</name>
                    <title>POST /session/:sessionId/element</title>
                    <attachments>
                        <attachment title='Request' source='8e381881-94d8-4fd0-8f2b-b2aa23bbb52e-attachment.json' type='application/json' size='57'/>
                    </attachments>
                    <steps/>
                </step>
            </steps>
            <attachments/>
        </test-case>
        <test-case start='1663690732812' status='passed' stop='1663690732821'>
            <name>Get title</name>
            <title>Get title</title>
            <labels>
                <label name='language' value='javascript'/>
                <label name='framework' value='wdio'/>
                <label name='thread' value='0-0'/>
            </labels>
            <parameters>
                <parameter kind='argument' name='browser' value='chrome-105.0.5195.127'/>
            </parameters>
            <steps>
                <step start='1663690732813' status='undefined'>
                    <name>POST /session/:sessionId/refresh</name>
                    <title>POST /session/:sessionId/refresh</title>
                    <attachments/>
                    <steps>
                        <step start='1663690732814' status='undefined'>
                            <name>GET /session/:sessionId/title</name>
                            <title>GET /session/:sessionId/title</title>
                            <attachments/>
                            <steps>
                                <step start='1663690732817' status='undefined'>
                                    <name>POST /session/:sessionId/execute/sync</name>
                                    <title>POST /session/:sessionId/execute/sync</title>
                                    <attachments>
                                        <attachment title='Request' source='fd74c243-5b99-4c80-b84e-1720fba5b10e-attachment.json' type='application/json' size='102'/>
                                    </attachments>
                                    <steps/>
                                </step>
                            </steps>
                        </step>
                    </steps>
                </step>
            </steps>
            <attachments/>
        </test-case>
        <test-case start='1663690732825' status='failed' stop='1663690733002'>
            <name>Title Validation</name>
            <title>Title Validation</title>
            <labels>
                <label name='language' value='javascript'/>
                <label name='framework' value='wdio'/>
                <label name='thread' value='0-0'/>
            </labels>
            <parameters>
                <parameter kind='argument' name='browser' value='chrome-105.0.5195.127'/>
            </parameters>
            <steps>
                <step start='1663690732834' status='passed' stop='1663690732845'>
                    <name>GET /session/:sessionId/screenshot</name>
                    <title>GET /session/:sessionId/screenshot</title>
                    <attachments>
                        <attachment title='Response' source='d9b4b009-8bdd-4a43-bf77-12162fd3b84d-attachment.json' type='application/json' size='1028'/>
                    </attachments>
                    <steps/>
                </step>
                <step start='1663690732855' status='passed' stop='1663690732862'>
                    <name>POST /session/:sessionId/elements</name>
                    <title>POST /session/:sessionId/elements</title>
                    <attachments>
                        <attachment title='Request' source='bd258dd4-650e-460c-b368-7f00bf76c1aa-attachment.json' type='application/json' size='57'/>
                    </attachments>
                    <steps/>
                </step>
            </steps>
            <attachments>
                <attachment title='Response' source='c0519ecd-20bf-466d-a665-0eccc79aeb5a-attachment.json' type='application/json' size='2'/>
                <attachment title='Screenshot' source='1b3b707b-bc2d-4c46-a7ee-ffcccc9fa47f-attachment.png' type='image/png' size='6108'/>
            </attachments>
            <failure>
                <message>expect(received).toBe(expected) // Object.is equality
                
                Expected: "A million more | Volvo Cars"
                Received: {}</message>
                <stack-trace>Error: expect(received).toBe(expected) // Object.is equality
                
                Expected: "A million more | Volvo Cars"
                Received: {}
                    at Context.&lt;anonymous> (C:\Users\Jidin\Downloads\volvo_webdriverio_automation_test\volvotest\test\specs\homepagetest.js:18:23)
                    at Context.executeAsync (C:\Users\Jidin\Downloads\volvo_webdriverio_automation_test\volvotest\node_modules\@wdio\utils\build\shim.js:333:27)
                    at Context.testFrameworkFnWrapper (C:\Users\Jidin\Downloads\volvo_webdriverio_automation_test\volvotest\node_modules\@wdio\utils\build\test-framework\testFnWrapper.js:51:32)</stack-trace>
            </failure>
        </test-case>
        <test-case start='1663690733002' status='broken' stop='1663690733155'>
            <name>Video button exists</name>
            <title>Video button exists</title>
            <labels>
                <label name='language' value='javascript'/>
                <label name='framework' value='wdio'/>
                <label name='thread' value='0-0'/>
            </labels>
            <parameters>
                <parameter kind='argument' name='browser' value='chrome-105.0.5195.127'/>
            </parameters>
            <steps>
                <step start='1663690733003' status='broken' stop='1663690733155'>
                    <name>GET /session/:sessionId/screenshot</name>
                    <title>GET /session/:sessionId/screenshot</title>
                    <attachments/>
                    <steps>
                        <step start='1663690733005' status='passed' stop='1663690733154'>
                            <name>POST /session/:sessionId/element</name>
                            <title>POST /session/:sessionId/element</title>
                            <attachments>
                                <attachment title='Request' source='7ded0aff-5f55-488e-be0e-28698a4b2063-attachment.json' type='application/json' size='52'/>
                                <attachment title='Screenshot' source='d76d7f2b-98d7-4865-afee-791e01edbba8-attachment.png' type='image/png' size='6108'/>
                            </attachments>
                            <steps/>
                        </step>
                    </steps>
                </step>
            </steps>
            <attachments/>
            <failure>
                <message>assert is not defined</message>
                <stack-trace>ReferenceError: assert is not defined
                    at Context.&lt;anonymous> (C:\Users\Jidin\Downloads\volvo_webdriverio_automation_test\volvotest\test\specs\homepagetest.js:24:9)
                    at Context.executeAsync (C:\Users\Jidin\Downloads\volvo_webdriverio_automation_test\volvotest\node_modules\@wdio\utils\build\shim.js:333:27)
                    at Context.testFrameworkFnWrapper (C:\Users\Jidin\Downloads\volvo_webdriverio_automation_test\volvotest\node_modules\@wdio\utils\build\test-framework\testFnWrapper.js:51:32)</stack-trace>
            </failure>
        </test-case>
        <test-case start='1663690733155' status='broken' stop='1663690733280'>
            <name>Disclaimer Section exists</name>
            <title>Disclaimer Section exists</title>
            <labels>
                <label name='language' value='javascript'/>
                <label name='framework' value='wdio'/>
                <label name='thread' value='0-0'/>
            </labels>
            <parameters>
                <parameter kind='argument' name='browser' value='chrome-105.0.5195.127'/>
            </parameters>
            <steps>
                <step start='1663690733156' status='broken' stop='1663690733280'>
                    <name>GET /session/:sessionId/screenshot</name>
                    <title>GET /session/:sessionId/screenshot</title>
                    <attachments/>
                    <steps>
                        <step start='1663690733158' status='passed' stop='1663690733166'>
                            <name>POST /session/:sessionId/element</name>
                            <title>POST /session/:sessionId/element</title>
                            <attachments>
                                <attachment title='Request' source='bd2aedbc-2db7-4ca6-a466-4940e62ed1eb-attachment.json' type='application/json' size='57'/>
                                <attachment title='Response' source='01965a9d-c7b7-4b6f-aeef-230bd77dad40-attachment.json' type='application/json' size='1023'/>
                            </attachments>
                            <steps/>
                        </step>
                        <step start='1663690733169' status='broken' stop='1663690733280'>
                            <name>POST /session/:sessionId/element</name>
                            <title>POST /session/:sessionId/element</title>
                            <attachments>
                                <attachment title='Request' source='87290041-77a0-4e7d-a93c-8037b67c6a7b-attachment.json' type='application/json' size='52'/>
                            </attachments>
                            <steps>
                                <step start='1663690733172' status='passed' stop='1663690733279'>
                                    <name>POST /session/:sessionId/element</name>
                                    <title>POST /session/:sessionId/element</title>
                                    <attachments>
                                        <attachment title='Request' source='d087cab0-258d-41a0-9c2d-1e374df38fa6-attachment.json' type='application/json' size='52'/>
                                        <attachment title='Screenshot' source='36fd8294-48fe-4115-9bb3-568247564bb4-attachment.png' type='image/png' size='6108'/>
                                    </attachments>
                                    <steps/>
                                </step>
                            </steps>
                        </step>
                    </steps>
                </step>
            </steps>
            <attachments/>
            <failure>
                <message>assert is not defined</message>
                <stack-trace>ReferenceError: assert is not defined
                    at Context.&lt;anonymous> (C:\Users\Jidin\Downloads\volvo_webdriverio_automation_test\volvotest\test\specs\homepagetest.js:28:9)
                    at Context.executeAsync (C:\Users\Jidin\Downloads\volvo_webdriverio_automation_test\volvotest\node_modules\@wdio\utils\build\shim.js:333:27)
                    at Context.testFrameworkFnWrapper (C:\Users\Jidin\Downloads\volvo_webdriverio_automation_test\volvotest\node_modules\@wdio\utils\build\test-framework\testFnWrapper.js:51:32)</stack-trace>
            </failure>
        </test-case>
        <test-case start='1663690733280' status='broken' stop='1663690733438'>
            <name>Play Video, go to Cookies Page and check Title</name>
            <title>Play Video, go to Cookies Page and check Title</title>
            <labels>
                <label name='language' value='javascript'/>
                <label name='framework' value='wdio'/>
                <label name='thread' value='0-0'/>
            </labels>
            <parameters>
                <parameter kind='argument' name='browser' value='chrome-105.0.5195.127'/>
            </parameters>
            <steps>
                <step start='1663690733281' status='broken' stop='1663690733438'>
                    <name>POST /session/:sessionId/element</name>
                    <title>POST /session/:sessionId/element</title>
                    <attachments>
                        <attachment title='Request' source='97b8971f-dd0c-43bb-b623-800a1df9aae0-attachment.json' type='application/json' size='83'/>
                    </attachments>
                    <steps>
                        <step start='1663690733284' status='broken' stop='1663690733438'>
                            <name>POST /session/:sessionId/element</name>
                            <title>POST /session/:sessionId/element</title>
                            <attachments>
                                <attachment title='Request' source='f529bc6c-7627-4751-bb26-25e349afa5b8-attachment.json' type='application/json' size='85'/>
                            </attachments>
                            <steps>
                                <step start='1663690733286' status='broken' stop='1663690733438'>
                                    <name>POST /session/:sessionId/element</name>
                                    <title>POST /session/:sessionId/element</title>
                                    <attachments>
                                        <attachment title='Request' source='9e1e6e20-095d-4e5c-9c66-5f5f922dae39-attachment.json' type='application/json' size='79'/>
                                    </attachments>
                                    <steps>
                                        <step start='1663690733289' status='broken' stop='1663690733438'>
                                            <name>GET /session/:sessionId/screenshot</name>
                                            <title>GET /session/:sessionId/screenshot</title>
                                            <attachments/>
                                            <steps>
                                                <step start='1663690733293' status='passed' stop='1663690733300'>
                                                    <name>POST /session/:sessionId/url</name>
                                                    <title>POST /session/:sessionId/url</title>
                                                    <attachments>
                                                        <attachment title='Request' source='aed9a846-5832-4b88-a276-c66d860390c2-attachment.json' type='application/json' size='73'/>
                                                        <attachment title='Response' source='3455e6f0-d812-4d17-8551-538180568d5c-attachment.json' type='application/json' size='1028'/>
                                                    </attachments>
                                                    <steps/>
                                                </step>
                                                <step start='1663690733303' status='passed' stop='1663690733320'>
                                                    <name>POST /session/:sessionId/element</name>
                                                    <title>POST /session/:sessionId/element</title>
                                                    <attachments>
                                                        <attachment title='Request' source='14d543d5-da50-414c-88ab-0dc76876a3e4-attachment.json' type='application/json' size='57'/>
                                                        <attachment title='Response' source='44bf4d47-a246-46be-8f8e-81638ea586db-attachment.json' type='application/json' size='1023'/>
                                                    </attachments>
                                                    <steps>
                                                        <step start='1663690733307' status='passed' stop='1663690733315'>
                                                            <name>POST /session/:sessionId/element</name>
                                                            <title>POST /session/:sessionId/element</title>
                                                            <attachments>
                                                                <attachment title='Request' source='1022c584-6bac-43c1-a043-a90c9a881fca-attachment.json' type='application/json' size='57'/>
                                                                <attachment title='Response' source='c84e0d16-c132-414f-8f79-68c2b59ce3f3-attachment.json' type='application/json' size='1023'/>
                                                            </attachments>
                                                            <steps/>
                                                        </step>
                                                    </steps>
                                                </step>
                                                <step start='1663690733354' status='passed' stop='1663690733438'>
                                                    <name>POST /session/:sessionId/elements</name>
                                                    <title>POST /session/:sessionId/elements</title>
                                                    <attachments>
                                                        <attachment title='Request' source='88f9b2be-db95-4554-b72b-f71fe3e5ca3b-attachment.json' type='application/json' size='57'/>
                                                        <attachment title='Screenshot' source='7e66c98c-a074-4aad-a62f-beaf63de49f0-attachment.png' type='image/png' size='6108'/>
                                                    </attachments>
                                                    <steps/>
                                                </step>
                                            </steps>
                                        </step>
                                    </steps>
                                </step>
                            </steps>
                        </step>
                    </steps>
                </step>
            </steps>
            <attachments/>
            <failure>
                <message>browser.getUrlAndTitle is not a function</message>
                <stack-trace>TypeError: browser.getUrlAndTitle is not a function
                    at Context.&lt;anonymous> (C:\Users\Jidin\Downloads\volvo_webdriverio_automation_test\volvotest\test\specs\homepagetest.js:41:37)
                    at Context.executeAsync (C:\Users\Jidin\Downloads\volvo_webdriverio_automation_test\volvotest\node_modules\@wdio\utils\build\shim.js:333:27)
                    at Context.testFrameworkFnWrapper (C:\Users\Jidin\Downloads\volvo_webdriverio_automation_test\volvotest\node_modules\@wdio\utils\build\test-framework\testFnWrapper.js:51:32)</stack-trace>
            </failure>
        </test-case>
    </test-cases>
</ns2:test-suite>