<?xml version='1.0'?>
<ns2:test-suite xmlns:ns2='urn:model.allure.qatools.yandex.ru' start='1663687825646' stop='1663687828507'>
    <name>Home Page features test: </name>
    <title>Home Page features test: </title>
    <test-cases>
        <test-case start='1663687825646' status='passed' stop='1663687825655'>
            <name>Check browser details</name>
            <title>Check browser details</title>
            <labels>
                <label name='language' value='javascript'/>
                <label name='framework' value='wdio'/>
                <label name='thread' value='0-0'/>
            </labels>
            <parameters>
                <parameter kind='argument' name='browser' value='chrome-105.0.5195.127'/>
            </parameters>
            <steps>
                <step start='1663687825650' status='undefined'>
                    <name>POST /session/:sessionId/element</name>
                    <title>POST /session/:sessionId/element</title>
                    <attachments>
                        <attachment title='Request' source='44c9bfeb-c68d-4114-81d7-fa032d88e726-attachment.json' type='application/json' size='57'/>
                    </attachments>
                    <steps/>
                </step>
            </steps>
            <attachments/>
        </test-case>
        <test-case start='1663687825655' status='broken' stop='1663687825924'>
            <name>Should have the correct URL and title</name>
            <title>Should have the correct URL and title</title>
            <labels>
                <label name='language' value='javascript'/>
                <label name='framework' value='wdio'/>
                <label name='thread' value='0-0'/>
            </labels>
            <parameters>
                <parameter kind='argument' name='browser' value='chrome-105.0.5195.127'/>
            </parameters>
            <steps>
                <step start='1663687825656' status='broken' stop='1663687825924'>
                    <name>POST /session/:sessionId/window/maximize</name>
                    <title>POST /session/:sessionId/window/maximize</title>
                    <attachments/>
                    <steps>
                        <step start='1663687825658' status='passed' stop='1663687825923'>
                            <name>GET /session/:sessionId/screenshot</name>
                            <title>GET /session/:sessionId/screenshot</title>
                            <attachments>
                                <attachment title='Screenshot' source='5738d0b4-4833-4ce5-9a73-5d1291ce25ad-attachment.png' type='image/png' size='8715'/>
                            </attachments>
                            <steps>
                                <step start='1663687825660' status='passed' stop='1663687825672'>
                                    <name>POST /session/:sessionId/url</name>
                                    <title>POST /session/:sessionId/url</title>
                                    <attachments>
                                        <attachment title='Request' source='91b60013-6666-43c4-8139-8e7c7e79be1b-attachment.json' type='application/json' size='73'/>
                                        <attachment title='Response' source='1fbc92a7-28aa-4141-8cca-ac66207369ca-attachment.json' type='application/json' size='1028'/>
                                    </attachments>
                                    <steps/>
                                </step>
                                <step start='1663687825681' status='passed' stop='1663687825790'>
                                    <name>POST /session/:sessionId/elements</name>
                                    <title>POST /session/:sessionId/elements</title>
                                    <attachments>
                                        <attachment title='Request' source='0e3efaf2-2b60-47ae-8947-37843dc68a2e-attachment.json' type='application/json' size='57'/>
                                        <attachment title='Response' source='b99d93e9-a725-459d-9aed-e8139aa25ca7-attachment.json' type='application/json' size='58'/>
                                    </attachments>
                                    <steps/>
                                </step>
                            </steps>
                        </step>
                    </steps>
                </step>
            </steps>
            <attachments/>
            <failure>
                <message>homePage.acceptAllCoockie is not a function</message>
                <stack-trace>TypeError: homePage.acceptAllCoockie is not a function
                    at Context.&lt;anonymous> (C:\Users\Jidin\Downloads\volvo_webdriverio_automation_test\volvotest\test\specs\homepagetest.js:15:24)
                    at Context.executeAsync (C:\Users\Jidin\Downloads\volvo_webdriverio_automation_test\volvotest\node_modules\@wdio\utils\build\shim.js:333:27)
                    at Context.testFrameworkFnWrapper (C:\Users\Jidin\Downloads\volvo_webdriverio_automation_test\volvotest\node_modules\@wdio\utils\build\test-framework\testFnWrapper.js:51:32)</stack-trace>
            </failure>
        </test-case>
        <test-case start='1663687825925' status='broken' stop='1663687828000'>
            <name>Video button exists</name>
            <title>Video button exists</title>
            <labels>
                <label name='language' value='javascript'/>
                <label name='framework' value='wdio'/>
                <label name='thread' value='0-0'/>
            </labels>
            <parameters>
                <parameter kind='argument' name='browser' value='chrome-105.0.5195.127'/>
            </parameters>
            <steps>
                <step start='1663687825926' status='passed' stop='1663687827767'>
                    <name>GET /session/:sessionId/screenshot</name>
                    <title>GET /session/:sessionId/screenshot</title>
                    <attachments>
                        <attachment title='Response' source='b2639e63-b5a9-425c-b96d-77d3834256b9-attachment.json' type='application/json' size='2'/>
                    </attachments>
                    <steps>
                        <step start='1663687825928' status='passed' stop='1663687827755'>
                            <name>POST /session/:sessionId/element</name>
                            <title>POST /session/:sessionId/element</title>
                            <attachments>
                                <attachment title='Request' source='32633145-557b-4be0-8ca5-0e3d028a6b57-attachment.json' type='application/json' size='52'/>
                            </attachments>
                            <steps/>
                        </step>
                    </steps>
                </step>
                <step start='1663687827774' status='passed' stop='1663687828000'>
                    <name>POST /session/:sessionId/elements</name>
                    <title>POST /session/:sessionId/elements</title>
                    <attachments>
                        <attachment title='Request' source='681f27f7-8c58-4f45-89bf-66134792b00d-attachment.json' type='application/json' size='57'/>
                        <attachment title='Screenshot' source='66a230f5-9e85-4eab-975e-6cb3d571ef1c-attachment.png' type='image/png' size='144296'/>
                    </attachments>
                    <steps/>
                </step>
                <step start='1663687828005' status='undefined'>
                    <name>POST /session/:sessionId/execute/sync</name>
                    <title>POST /session/:sessionId/execute/sync</title>
                    <attachments>
                        <attachment title='Request' source='5e750ac1-a091-4691-8650-ae4ee8a9b14b-attachment.json' type='application/json' size='8331'/>
                    </attachments>
                    <steps>
                        <step start='1663687828010' status='undefined'>
                            <name>POST /session/:sessionId/execute/sync</name>
                            <title>POST /session/:sessionId/execute/sync</title>
                            <attachments>
                                <attachment title='Request' source='a78746d4-d60d-4aca-beaa-3bc3bb061a78-attachment.json' type='application/json' size='8331'/>
                            </attachments>
                            <steps/>
                        </step>
                    </steps>
                </step>
            </steps>
            <attachments>
                <attachment title='Response' source='1a7c037b-9bbf-47c6-a44e-16b3b5130520-attachment.json' type='application/json' size='83'/>
            </attachments>
            <failure>
                <message>assert is not defined</message>
                <stack-trace>ReferenceError: assert is not defined
                    at Context.&lt;anonymous> (C:\Users\Jidin\Downloads\volvo_webdriverio_automation_test\volvotest\test\specs\homepagetest.js:22:9)
                    at Context.executeAsync (C:\Users\Jidin\Downloads\volvo_webdriverio_automation_test\volvotest\node_modules\@wdio\utils\build\shim.js:333:27)
                    at Context.testFrameworkFnWrapper (C:\Users\Jidin\Downloads\volvo_webdriverio_automation_test\volvotest\node_modules\@wdio\utils\build\test-framework\testFnWrapper.js:51:32)</stack-trace>
            </failure>
        </test-case>
        <test-case start='1663687828015' status='broken' stop='1663687828244'>
            <name>Disclaimer Section exists</name>
            <title>Disclaimer Section exists</title>
            <labels>
                <label name='language' value='javascript'/>
                <label name='framework' value='wdio'/>
                <label name='thread' value='0-0'/>
            </labels>
            <parameters>
                <parameter kind='argument' name='browser' value='chrome-105.0.5195.127'/>
            </parameters>
            <steps>
                <step start='1663687828020' status='passed' stop='1663687828243'>
                    <name>GET /session/:sessionId/screenshot</name>
                    <title>GET /session/:sessionId/screenshot</title>
                    <attachments>
                        <attachment title='Screenshot' source='8524c628-e3b8-480a-91a4-acc6dcc1a5a6-attachment.png' type='image/png' size='165695'/>
                    </attachments>
                    <steps>
                        <step start='1663687828022' status='passed' stop='1663687828035'>
                            <name>POST /session/:sessionId/element</name>
                            <title>POST /session/:sessionId/element</title>
                            <attachments>
                                <attachment title='Request' source='c962b513-e3d3-4e5e-8138-ada92f6c82d5-attachment.json' type='application/json' size='57'/>
                                <attachment title='Response' source='61d7b920-32fd-4a00-ae1b-948f3dfeec70-attachment.json' type='application/json' size='4'/>
                            </attachments>
                            <steps>
                                <step start='1663687828025' status='passed' stop='1663687828033'>
                                    <name>POST /session/:sessionId/elements</name>
                                    <title>POST /session/:sessionId/elements</title>
                                    <attachments>
                                        <attachment title='Request' source='62542a4e-c68d-4bb5-9384-57942ca35263-attachment.json' type='application/json' size='57'/>
                                        <attachment title='Response' source='9a7957bc-ab9d-4f41-9bad-661d8589eac7-attachment.json' type='application/json' size='4'/>
                                    </attachments>
                                    <steps/>
                                </step>
                            </steps>
                        </step>
                    </steps>
                </step>
                <step start='1663687828251' status='undefined'>
                    <name>POST /session/:sessionId/execute/sync</name>
                    <title>POST /session/:sessionId/execute/sync</title>
                    <attachments>
                        <attachment title='Request' source='e997ac2a-4a21-4a14-beee-4b50cadcb646-attachment.json' type='application/json' size='8331'/>
                    </attachments>
                    <steps>
                        <step start='1663687828254' status='undefined'>
                            <name>POST /session/:sessionId/execute/sync</name>
                            <title>POST /session/:sessionId/execute/sync</title>
                            <attachments>
                                <attachment title='Request' source='97c9c489-b018-4418-bc72-a9e6dd86e35f-attachment.json' type='application/json' size='8331'/>
                            </attachments>
                            <steps/>
                        </step>
                    </steps>
                </step>
            </steps>
            <attachments>
                <attachment title='Response' source='50a59861-ee9a-4f59-8b7f-59753a595ee3-attachment.json' type='application/json' size='2'/>
                <attachment title='Response' source='7ac5c1c6-e36c-49cb-abe5-eac7e16ef1e6-attachment.json' type='application/json' size='83'/>
            </attachments>
            <failure>
                <message>assert is not defined</message>
                <stack-trace>ReferenceError: assert is not defined
                    at Context.&lt;anonymous> (C:\Users\Jidin\Downloads\volvo_webdriverio_automation_test\volvotest\test\specs\homepagetest.js:26:9)
                    at Context.executeAsync (C:\Users\Jidin\Downloads\volvo_webdriverio_automation_test\volvotest\node_modules\@wdio\utils\build\shim.js:333:27)
                    at Context.testFrameworkFnWrapper (C:\Users\Jidin\Downloads\volvo_webdriverio_automation_test\volvotest\node_modules\@wdio\utils\build\test-framework\testFnWrapper.js:51:32)</stack-trace>
            </failure>
        </test-case>
        <test-case start='1663687828258' status='broken' stop='1663687828506'>
            <name>Play Video, go to Cookies Page and check Title</name>
            <title>Play Video, go to Cookies Page and check Title</title>
            <labels>
                <label name='language' value='javascript'/>
                <label name='framework' value='wdio'/>
                <label name='thread' value='0-0'/>
            </labels>
            <parameters>
                <parameter kind='argument' name='browser' value='chrome-105.0.5195.127'/>
            </parameters>
            <steps>
                <step start='1663687828270' status='broken' stop='1663687828506'>
                    <name>POST /session/:sessionId/element</name>
                    <title>POST /session/:sessionId/element</title>
                    <attachments>
                        <attachment title='Request' source='bf6685e0-cc2e-4e57-9fcb-902daeca754a-attachment.json' type='application/json' size='83'/>
                    </attachments>
                    <steps>
                        <step start='1663687828272' status='broken' stop='1663687828506'>
                            <name>POST /session/:sessionId/element</name>
                            <title>POST /session/:sessionId/element</title>
                            <attachments>
                                <attachment title='Request' source='b90fa1d3-4068-48f6-af5d-482f5c59e3b2-attachment.json' type='application/json' size='85'/>
                            </attachments>
                            <steps>
                                <step start='1663687828275' status='broken' stop='1663687828506'>
                                    <name>POST /session/:sessionId/element</name>
                                    <title>POST /session/:sessionId/element</title>
                                    <attachments>
                                        <attachment title='Request' source='05964b2d-4e48-431f-8ac4-673da23b5232-attachment.json' type='application/json' size='79'/>
                                    </attachments>
                                    <steps>
                                        <step start='1663687828277' status='broken' stop='1663687828506'>
                                            <name>GET /session/:sessionId/screenshot</name>
                                            <title>GET /session/:sessionId/screenshot</title>
                                            <attachments/>
                                            <steps>
                                                <step start='1663687828281' status='passed' stop='1663687828506'>
                                                    <name>POST /session/:sessionId/url</name>
                                                    <title>POST /session/:sessionId/url</title>
                                                    <attachments>
                                                        <attachment title='Request' source='1656611d-9d86-45b4-9c08-2b259d247302-attachment.json' type='application/json' size='73'/>
                                                        <attachment title='Screenshot' source='b70b93ae-e74e-4e39-bed1-8a1650677b58-attachment.png' type='image/png' size='163574'/>
                                                    </attachments>
                                                    <steps>
                                                        <step start='1663687828285' status='passed' stop='1663687828289'>
                                                            <name>POST /session/:sessionId/elements</name>
                                                            <title>POST /session/:sessionId/elements</title>
                                                            <attachments>
                                                                <attachment title='Request' source='5f0b2e3d-2d37-44b7-80d5-6a179e880ab5-attachment.json' type='application/json' size='57'/>
                                                                <attachment title='Response' source='16d95f1b-a647-4689-9062-376031af0093-attachment.json' type='application/json' size='4'/>
                                                            </attachments>
                                                            <steps/>
                                                        </step>
                                                    </steps>
                                                </step>
                                            </steps>
                                        </step>
                                    </steps>
                                </step>
                            </steps>
                        </step>
                    </steps>
                </step>
            </steps>
            <attachments>
                <attachment title='Response' source='3924acc6-bda4-419b-a273-fc90251b527f-attachment.json' type='application/json' size='2'/>
                <attachment title='Response' source='c75b7055-8387-4bc4-8511-0828da02adde-attachment.json' type='application/json' size='4'/>
            </attachments>
            <failure>
                <message>browser.getUrlAndTitle is not a function</message>
                <stack-trace>TypeError: browser.getUrlAndTitle is not a function
                    at Context.&lt;anonymous> (C:\Users\Jidin\Downloads\volvo_webdriverio_automation_test\volvotest\test\specs\homepagetest.js:39:37)
                    at Context.executeAsync (C:\Users\Jidin\Downloads\volvo_webdriverio_automation_test\volvotest\node_modules\@wdio\utils\build\shim.js:333:27)
                    at Context.testFrameworkFnWrapper (C:\Users\Jidin\Downloads\volvo_webdriverio_automation_test\volvotest\node_modules\@wdio\utils\build\test-framework\testFnWrapper.js:51:32)</stack-trace>
            </failure>
        </test-case>
    </test-cases>
</ns2:test-suite>