<?xml version='1.0'?>
<ns2:test-suite xmlns:ns2='urn:model.allure.qatools.yandex.ru' start='1663695782420' stop='1663695783051'>
    <name>Home Page features test: </name>
    <title>Home Page features test: </title>
    <test-cases>
        <test-case start='1663695782420' status='passed' stop='1663695782431'>
            <name>Check browser details</name>
            <title>Check browser details</title>
            <labels>
                <label name='language' value='javascript'/>
                <label name='framework' value='wdio'/>
                <label name='thread' value='0-0'/>
            </labels>
            <parameters>
                <parameter kind='argument' name='browser' value='chrome-105.0.5195.127'/>
            </parameters>
            <steps>
                <step start='1663695782425' status='undefined'>
                    <name>POST /session/:sessionId/element</name>
                    <title>POST /session/:sessionId/element</title>
                    <attachments>
                        <attachment title='Request' source='692e4f08-85b3-49b2-8659-b8d99acf6d6d-attachment.json' type='application/json' size='57'/>
                    </attachments>
                    <steps/>
                </step>
            </steps>
            <attachments/>
        </test-case>
        <test-case start='1663695782432' status='passed' stop='1663695782443'>
            <name>Get title</name>
            <title>Get title</title>
            <labels>
                <label name='language' value='javascript'/>
                <label name='framework' value='wdio'/>
                <label name='thread' value='0-0'/>
            </labels>
            <parameters>
                <parameter kind='argument' name='browser' value='chrome-105.0.5195.127'/>
            </parameters>
            <steps>
                <step start='1663695782432' status='undefined'>
                    <name>POST /session/:sessionId/refresh</name>
                    <title>POST /session/:sessionId/refresh</title>
                    <attachments/>
                    <steps>
                        <step start='1663695782433' status='undefined'>
                            <name>GET /session/:sessionId/title</name>
                            <title>GET /session/:sessionId/title</title>
                            <attachments/>
                            <steps>
                                <step start='1663695782437' status='undefined'>
                                    <name>POST /session/:sessionId/execute/sync</name>
                                    <title>POST /session/:sessionId/execute/sync</title>
                                    <attachments>
                                        <attachment title='Request' source='1e849caf-0b79-4058-8389-555c5862f53c-attachment.json' type='application/json' size='102'/>
                                    </attachments>
                                    <steps/>
                                </step>
                            </steps>
                        </step>
                    </steps>
                </step>
            </steps>
            <attachments/>
        </test-case>
        <test-case start='1663695782445' status='failed' stop='1663695782650'>
            <name>Title Validation</name>
            <title>Title Validation</title>
            <labels>
                <label name='language' value='javascript'/>
                <label name='framework' value='wdio'/>
                <label name='thread' value='0-0'/>
            </labels>
            <parameters>
                <parameter kind='argument' name='browser' value='chrome-105.0.5195.127'/>
            </parameters>
            <steps>
                <step start='1663695782452' status='passed' stop='1663695782496'>
                    <name>GET /session/:sessionId/url</name>
                    <title>GET /session/:sessionId/url</title>
                    <attachments/>
                    <steps>
                        <step start='1663695782455' status='passed' stop='1663695782470'>
                            <name>GET /session/:sessionId/screenshot</name>
                            <title>GET /session/:sessionId/screenshot</title>
                            <attachments>
                                <attachment title='Response' source='001f20ad-c5ad-4b39-96f4-7593eeebcc0d-attachment.json' type='application/json' size='1028'/>
                            </attachments>
                            <steps/>
                        </step>
                        <step start='1663695782490' status='passed' stop='1663695782494'>
                            <name>POST /session/:sessionId/elements</name>
                            <title>POST /session/:sessionId/elements</title>
                            <attachments>
                                <attachment title='Request' source='1fed5913-b1e8-4d56-a9e4-d5e7975644cd-attachment.json' type='application/json' size='57'/>
                            </attachments>
                            <steps/>
                        </step>
                    </steps>
                </step>
            </steps>
            <attachments>
                <attachment title='Response' source='04306982-6704-48f1-b590-b5fed19531e5-attachment.json' type='application/json' size='2'/>
                <attachment title='Response' source='d48ca115-b952-4c96-ab86-9bfce798cc24-attachment.json' type='application/json' size='8'/>
                <attachment title='Screenshot' source='8a08c53a-0fdb-4816-8ba2-27ec12b8fb1a-attachment.png' type='image/png' size='6108'/>
            </attachments>
            <failure>
                <message>expect(received).toBe(expected) // Object.is equality
                
                Expected: "A million more | Volvo Cars"
                Received: {}</message>
                <stack-trace>Error: expect(received).toBe(expected) // Object.is equality
                
                Expected: "A million more | Volvo Cars"
                Received: {}
                    at Context.&lt;anonymous> (C:\Users\Jidin\Downloads\volvo_webdriverio_automation_test\volvotest\test\specs\homepagetest.js:19:27)
                    at Context.executeAsync (C:\Users\Jidin\Downloads\volvo_webdriverio_automation_test\volvotest\node_modules\@wdio\utils\build\shim.js:333:27)
                    at Context.testFrameworkFnWrapper (C:\Users\Jidin\Downloads\volvo_webdriverio_automation_test\volvotest\node_modules\@wdio\utils\build\test-framework\testFnWrapper.js:51:32)</stack-trace>
            </failure>
        </test-case>
        <test-case start='1663695782656' status='broken' stop='1663695782762'>
            <name>Video button exists</name>
            <title>Video button exists</title>
            <labels>
                <label name='language' value='javascript'/>
                <label name='framework' value='wdio'/>
                <label name='thread' value='0-0'/>
            </labels>
            <parameters>
                <parameter kind='argument' name='browser' value='chrome-105.0.5195.127'/>
            </parameters>
            <steps>
                <step start='1663695782657' status='broken' stop='1663695782762'>
                    <name>GET /session/:sessionId/screenshot</name>
                    <title>GET /session/:sessionId/screenshot</title>
                    <attachments/>
                    <steps>
                        <step start='1663695782659' status='passed' stop='1663695782761'>
                            <name>POST /session/:sessionId/element</name>
                            <title>POST /session/:sessionId/element</title>
                            <attachments>
                                <attachment title='Request' source='7a0c3444-433e-40e6-a663-55540e1f1b56-attachment.json' type='application/json' size='52'/>
                                <attachment title='Screenshot' source='972ef2bc-155e-4b87-a271-a4f1d78dd7ed-attachment.png' type='image/png' size='6108'/>
                            </attachments>
                            <steps/>
                        </step>
                    </steps>
                </step>
            </steps>
            <attachments/>
            <failure>
                <message>assert is not defined</message>
                <stack-trace>ReferenceError: assert is not defined
                    at Context.&lt;anonymous> (C:\Users\Jidin\Downloads\volvo_webdriverio_automation_test\volvotest\test\specs\homepagetest.js:25:9)
                    at Context.executeAsync (C:\Users\Jidin\Downloads\volvo_webdriverio_automation_test\volvotest\node_modules\@wdio\utils\build\shim.js:333:27)
                    at Context.testFrameworkFnWrapper (C:\Users\Jidin\Downloads\volvo_webdriverio_automation_test\volvotest\node_modules\@wdio\utils\build\test-framework\testFnWrapper.js:51:32)</stack-trace>
            </failure>
        </test-case>
        <test-case start='1663695782762' status='broken' stop='1663695782881'>
            <name>Disclaimer Section exists</name>
            <title>Disclaimer Section exists</title>
            <labels>
                <label name='language' value='javascript'/>
                <label name='framework' value='wdio'/>
                <label name='thread' value='0-0'/>
            </labels>
            <parameters>
                <parameter kind='argument' name='browser' value='chrome-105.0.5195.127'/>
            </parameters>
            <steps>
                <step start='1663695782763' status='broken' stop='1663695782881'>
                    <name>GET /session/:sessionId/screenshot</name>
                    <title>GET /session/:sessionId/screenshot</title>
                    <attachments/>
                    <steps>
                        <step start='1663695782765' status='passed' stop='1663695782775'>
                            <name>POST /session/:sessionId/element</name>
                            <title>POST /session/:sessionId/element</title>
                            <attachments>
                                <attachment title='Request' source='c2fffb81-dee5-4f9f-abfb-29e256479322-attachment.json' type='application/json' size='57'/>
                                <attachment title='Response' source='5cb89b2e-ed7e-46ab-95e7-49728f692d66-attachment.json' type='application/json' size='1023'/>
                            </attachments>
                            <steps/>
                        </step>
                        <step start='1663695782780' status='broken' stop='1663695782881'>
                            <name>POST /session/:sessionId/element</name>
                            <title>POST /session/:sessionId/element</title>
                            <attachments>
                                <attachment title='Request' source='e1ffcd86-ba37-461e-a0b9-95fd7e64ce43-attachment.json' type='application/json' size='52'/>
                            </attachments>
                            <steps>
                                <step start='1663695782783' status='passed' stop='1663695782881'>
                                    <name>POST /session/:sessionId/element</name>
                                    <title>POST /session/:sessionId/element</title>
                                    <attachments>
                                        <attachment title='Request' source='d5885a8b-2b61-4446-a46e-bb8d1b065be0-attachment.json' type='application/json' size='52'/>
                                        <attachment title='Screenshot' source='8eeeb43d-bfb1-4330-a875-d0e07e65e862-attachment.png' type='image/png' size='6108'/>
                                    </attachments>
                                    <steps/>
                                </step>
                            </steps>
                        </step>
                    </steps>
                </step>
            </steps>
            <attachments/>
            <failure>
                <message>assert is not defined</message>
                <stack-trace>ReferenceError: assert is not defined
                    at Context.&lt;anonymous> (C:\Users\Jidin\Downloads\volvo_webdriverio_automation_test\volvotest\test\specs\homepagetest.js:29:9)
                    at Context.executeAsync (C:\Users\Jidin\Downloads\volvo_webdriverio_automation_test\volvotest\node_modules\@wdio\utils\build\shim.js:333:27)
                    at Context.testFrameworkFnWrapper (C:\Users\Jidin\Downloads\volvo_webdriverio_automation_test\volvotest\node_modules\@wdio\utils\build\test-framework\testFnWrapper.js:51:32)</stack-trace>
            </failure>
        </test-case>
        <test-case start='1663695782882' status='broken' stop='1663695783047'>
            <name>Play Video, go to Cookies Page and check Title</name>
            <title>Play Video, go to Cookies Page and check Title</title>
            <labels>
                <label name='language' value='javascript'/>
                <label name='framework' value='wdio'/>
                <label name='thread' value='0-0'/>
            </labels>
            <parameters>
                <parameter kind='argument' name='browser' value='chrome-105.0.5195.127'/>
            </parameters>
            <steps>
                <step start='1663695782883' status='broken' stop='1663695783047'>
                    <name>POST /session/:sessionId/element</name>
                    <title>POST /session/:sessionId/element</title>
                    <attachments>
                        <attachment title='Request' source='e484a521-06de-42ee-bc47-ebf31912b9e0-attachment.json' type='application/json' size='83'/>
                    </attachments>
                    <steps>
                        <step start='1663695782886' status='broken' stop='1663695783047'>
                            <name>POST /session/:sessionId/element</name>
                            <title>POST /session/:sessionId/element</title>
                            <attachments>
                                <attachment title='Request' source='4dd900cb-a46a-4514-88f9-92b6c502499f-attachment.json' type='application/json' size='85'/>
                            </attachments>
                            <steps>
                                <step start='1663695782889' status='broken' stop='1663695783047'>
                                    <name>POST /session/:sessionId/element</name>
                                    <title>POST /session/:sessionId/element</title>
                                    <attachments>
                                        <attachment title='Request' source='c20725c7-567d-4a81-8d58-98fd0a454950-attachment.json' type='application/json' size='79'/>
                                    </attachments>
                                    <steps>
                                        <step start='1663695782893' status='broken' stop='1663695783047'>
                                            <name>GET /session/:sessionId/screenshot</name>
                                            <title>GET /session/:sessionId/screenshot</title>
                                            <attachments/>
                                            <steps>
                                                <step start='1663695782896' status='passed' stop='1663695782908'>
                                                    <name>POST /session/:sessionId/url</name>
                                                    <title>POST /session/:sessionId/url</title>
                                                    <attachments>
                                                        <attachment title='Request' source='07c8858c-4e37-4972-8667-d9ff44a42217-attachment.json' type='application/json' size='73'/>
                                                        <attachment title='Response' source='ef224f97-4bff-4cc3-b892-2247595b69a3-attachment.json' type='application/json' size='1028'/>
                                                    </attachments>
                                                    <steps/>
                                                </step>
                                                <step start='1663695782911' status='passed' stop='1663695782935'>
                                                    <name>POST /session/:sessionId/element</name>
                                                    <title>POST /session/:sessionId/element</title>
                                                    <attachments>
                                                        <attachment title='Request' source='d9ef5545-3640-4e58-b163-c064af3711ff-attachment.json' type='application/json' size='57'/>
                                                        <attachment title='Response' source='f17aa6bd-c2fb-4029-84ec-b8247f13c639-attachment.json' type='application/json' size='1023'/>
                                                    </attachments>
                                                    <steps>
                                                        <step start='1663695782913' status='passed' stop='1663695782922'>
                                                            <name>POST /session/:sessionId/element</name>
                                                            <title>POST /session/:sessionId/element</title>
                                                            <attachments>
                                                                <attachment title='Request' source='b193a08c-7e7e-41cd-b24a-c076b81c82b5-attachment.json' type='application/json' size='57'/>
                                                                <attachment title='Response' source='847b3eb3-c6a1-46a0-9104-fcf4143c9dbc-attachment.json' type='application/json' size='1023'/>
                                                            </attachments>
                                                            <steps/>
                                                        </step>
                                                    </steps>
                                                </step>
                                                <step start='1663695783000' status='passed' stop='1663695783046'>
                                                    <name>POST /session/:sessionId/elements</name>
                                                    <title>POST /session/:sessionId/elements</title>
                                                    <attachments>
                                                        <attachment title='Request' source='c654f343-b040-4f2d-b731-5c2b13b8a221-attachment.json' type='application/json' size='57'/>
                                                        <attachment title='Screenshot' source='3f6ba29d-5317-4434-b8e4-f5e0819845aa-attachment.png' type='image/png' size='6108'/>
                                                    </attachments>
                                                    <steps/>
                                                </step>
                                            </steps>
                                        </step>
                                    </steps>
                                </step>
                            </steps>
                        </step>
                    </steps>
                </step>
            </steps>
            <attachments/>
            <failure>
                <message>browser.getUrlAndTitle is not a function</message>
                <stack-trace>TypeError: browser.getUrlAndTitle is not a function
                    at Context.&lt;anonymous> (C:\Users\Jidin\Downloads\volvo_webdriverio_automation_test\volvotest\test\specs\homepagetest.js:42:37)
                    at Context.executeAsync (C:\Users\Jidin\Downloads\volvo_webdriverio_automation_test\volvotest\node_modules\@wdio\utils\build\shim.js:333:27)
                    at Context.testFrameworkFnWrapper (C:\Users\Jidin\Downloads\volvo_webdriverio_automation_test\volvotest\node_modules\@wdio\utils\build\test-framework\testFnWrapper.js:51:32)</stack-trace>
            </failure>
        </test-case>
    </test-cases>
</ns2:test-suite>