<?xml version='1.0'?>
<ns2:test-suite xmlns:ns2='urn:model.allure.qatools.yandex.ru' start='1663689957689' stop='1663689961407'>
    <name>Home Page features test: </name>
    <title>Home Page features test: </title>
    <test-cases>
        <test-case start='1663689957689' status='passed' stop='1663689957698'>
            <name>Check browser details</name>
            <title>Check browser details</title>
            <labels>
                <label name='language' value='javascript'/>
                <label name='framework' value='wdio'/>
                <label name='thread' value='0-0'/>
            </labels>
            <parameters>
                <parameter kind='argument' name='browser' value='chrome-105.0.5195.127'/>
            </parameters>
            <steps>
                <step start='1663689957693' status='undefined'>
                    <name>POST /session/:sessionId/element</name>
                    <title>POST /session/:sessionId/element</title>
                    <attachments>
                        <attachment title='Request' source='1dbb09ab-b417-43a9-b7a8-07294c987c45-attachment.json' type='application/json' size='57'/>
                    </attachments>
                    <steps/>
                </step>
            </steps>
            <attachments/>
        </test-case>
        <test-case start='1663689957699' status='failed' stop='1663689958033'>
            <name>Should have the correct URL and title</name>
            <title>Should have the correct URL and title</title>
            <labels>
                <label name='language' value='javascript'/>
                <label name='framework' value='wdio'/>
                <label name='thread' value='0-0'/>
            </labels>
            <parameters>
                <parameter kind='argument' name='browser' value='chrome-105.0.5195.127'/>
            </parameters>
            <steps>
                <step start='1663689957699' status='passed' stop='1663689958032'>
                    <name>POST /session/:sessionId/window/maximize</name>
                    <title>POST /session/:sessionId/window/maximize</title>
                    <attachments>
                        <attachment title='Screenshot' source='78612d0e-4248-4ff9-9d73-faadcc2a56a6-attachment.png' type='image/png' size='8715'/>
                    </attachments>
                    <steps>
                        <step start='1663689957700' status='passed' stop='1663689957880'>
                            <name>GET /session/:sessionId/title</name>
                            <title>GET /session/:sessionId/title</title>
                            <attachments>
                                <attachment title='Response' source='611b5242-a085-4bdf-9a78-7e0267763a51-attachment.json' type='application/json' size='58'/>
                            </attachments>
                            <steps>
                                <step start='1663689957702' status='passed' stop='1663689957749'>
                                    <name>GET /session/:sessionId/url</name>
                                    <title>GET /session/:sessionId/url</title>
                                    <attachments>
                                        <attachment title='Response' source='fcd76a2e-8cdf-4633-b0b3-f0602580bbb9-attachment.json' type='application/json' size='8'/>
                                    </attachments>
                                    <steps>
                                        <step start='1663689957709' status='passed' stop='1663689957747'>
                                            <name>GET /session/:sessionId/screenshot</name>
                                            <title>GET /session/:sessionId/screenshot</title>
                                            <attachments/>
                                            <steps>
                                                <step start='1663689957712' status='passed' stop='1663689957721'>
                                                    <name>POST /session/:sessionId/url</name>
                                                    <title>POST /session/:sessionId/url</title>
                                                    <attachments>
                                                        <attachment title='Request' source='a28e54a0-952c-49ec-ac34-2d7a3fe39ace-attachment.json' type='application/json' size='73'/>
                                                        <attachment title='Response' source='d48e2201-a388-477e-98b9-531ffbdc5797-attachment.json' type='application/json' size='1028'/>
                                                    </attachments>
                                                    <steps/>
                                                </step>
                                                <step start='1663689957729' status='passed' stop='1663689957743'>
                                                    <name>POST /session/:sessionId/elements</name>
                                                    <title>POST /session/:sessionId/elements</title>
                                                    <attachments>
                                                        <attachment title='Request' source='d4e6da0e-6a75-4a7f-b9db-93ead6486ad5-attachment.json' type='application/json' size='57'/>
                                                        <attachment title='Response' source='aa840863-3d33-4295-a781-5defcd330041-attachment.json' type='application/json' size='2'/>
                                                    </attachments>
                                                    <steps/>
                                                </step>
                                            </steps>
                                        </step>
                                    </steps>
                                </step>
                            </steps>
                        </step>
                    </steps>
                </step>
            </steps>
            <attachments/>
            <failure>
                <message>expect(received).toEqual(expected) // deep equality
                
                Expected: "https://www.volvocars.com/intl/v/car-safety/a-million-more"
                Received: {}</message>
                <stack-trace>Error: expect(received).toEqual(expected) // deep equality
                
                Expected: "https://www.volvocars.com/intl/v/car-safety/a-million-more"
                Received: {}
                    at Context.&lt;anonymous> (C:\Users\Jidin\Downloads\volvo_webdriverio_automation_test\volvotest\test\specs\homepagetest.js:18:30)
                    at Context.executeAsync (C:\Users\Jidin\Downloads\volvo_webdriverio_automation_test\volvotest\node_modules\@wdio\utils\build\shim.js:333:27)
                    at Context.testFrameworkFnWrapper (C:\Users\Jidin\Downloads\volvo_webdriverio_automation_test\volvotest\node_modules\@wdio\utils\build\test-framework\testFnWrapper.js:51:32)</stack-trace>
            </failure>
        </test-case>
        <test-case start='1663689958034' status='broken' stop='1663689960914'>
            <name>Video button exists</name>
            <title>Video button exists</title>
            <labels>
                <label name='language' value='javascript'/>
                <label name='framework' value='wdio'/>
                <label name='thread' value='0-0'/>
            </labels>
            <parameters>
                <parameter kind='argument' name='browser' value='chrome-105.0.5195.127'/>
            </parameters>
            <steps>
                <step start='1663689958035' status='broken' stop='1663689960914'>
                    <name>GET /session/:sessionId/screenshot</name>
                    <title>GET /session/:sessionId/screenshot</title>
                    <attachments/>
                    <steps>
                        <step start='1663689958038' status='passed' stop='1663689960914'>
                            <name>POST /session/:sessionId/element</name>
                            <title>POST /session/:sessionId/element</title>
                            <attachments>
                                <attachment title='Request' source='1e68d268-923b-4e16-bc8a-34d138c98ecb-attachment.json' type='application/json' size='52'/>
                                <attachment title='Screenshot' source='183e42de-ce2d-4f70-8f65-e09b078339e1-attachment.png' type='image/png' size='144142'/>
                            </attachments>
                            <steps>
                                <step start='1663689958229' status='passed' stop='1663689960725'>
                                    <name>POST /session/:sessionId/elements</name>
                                    <title>POST /session/:sessionId/elements</title>
                                    <attachments>
                                        <attachment title='Request' source='85c06dfa-2fd9-47d0-ba65-36a5939f8c99-attachment.json' type='application/json' size='57'/>
                                    </attachments>
                                    <steps/>
                                </step>
                            </steps>
                        </step>
                    </steps>
                </step>
            </steps>
            <attachments/>
            <failure>
                <message>assert is not defined</message>
                <stack-trace>ReferenceError: assert is not defined
                    at Context.&lt;anonymous> (C:\Users\Jidin\Downloads\volvo_webdriverio_automation_test\volvotest\test\specs\homepagetest.js:24:9)
                    at Context.executeAsync (C:\Users\Jidin\Downloads\volvo_webdriverio_automation_test\volvotest\node_modules\@wdio\utils\build\shim.js:333:27)
                    at Context.testFrameworkFnWrapper (C:\Users\Jidin\Downloads\volvo_webdriverio_automation_test\volvotest\node_modules\@wdio\utils\build\test-framework\testFnWrapper.js:51:32)</stack-trace>
            </failure>
        </test-case>
        <test-case start='1663689960915' status='broken' stop='1663689961162'>
            <name>Disclaimer Section exists</name>
            <title>Disclaimer Section exists</title>
            <labels>
                <label name='language' value='javascript'/>
                <label name='framework' value='wdio'/>
                <label name='thread' value='0-0'/>
            </labels>
            <parameters>
                <parameter kind='argument' name='browser' value='chrome-105.0.5195.127'/>
            </parameters>
            <steps>
                <step start='1663689960919' status='broken' stop='1663689961162'>
                    <name>POST /session/:sessionId/execute/sync</name>
                    <title>POST /session/:sessionId/execute/sync</title>
                    <attachments>
                        <attachment title='Request' source='9c7ebec2-0afe-473f-b720-9b1a26b129fb-attachment.json' type='application/json' size='8331'/>
                    </attachments>
                    <steps>
                        <step start='1663689960925' status='passed' stop='1663689961162'>
                            <name>POST /session/:sessionId/execute/sync</name>
                            <title>POST /session/:sessionId/execute/sync</title>
                            <attachments>
                                <attachment title='Request' source='64b7edc3-d5da-432c-a298-da0110b96c7b-attachment.json' type='application/json' size='8331'/>
                                <attachment title='Screenshot' source='63d8d7aa-8092-4216-9831-5c474ee6d602-attachment.png' type='image/png' size='144919'/>
                            </attachments>
                            <steps>
                                <step start='1663689960930' status='passed' stop='1663689960942'>
                                    <name>GET /session/:sessionId/screenshot</name>
                                    <title>GET /session/:sessionId/screenshot</title>
                                    <attachments>
                                        <attachment title='Response' source='3f067a45-b151-4a17-a67b-474a6fd735a2-attachment.json' type='application/json' size='4'/>
                                    </attachments>
                                    <steps>
                                        <step start='1663689960932' status='passed' stop='1663689960938'>
                                            <name>POST /session/:sessionId/element</name>
                                            <title>POST /session/:sessionId/element</title>
                                            <attachments>
                                                <attachment title='Request' source='b392574a-cc63-4d8f-811d-7654dc1e1c70-attachment.json' type='application/json' size='57'/>
                                                <attachment title='Response' source='76b1817f-5a95-43bb-a658-6ae6b0567389-attachment.json' type='application/json' size='2'/>
                                            </attachments>
                                            <steps/>
                                        </step>
                                    </steps>
                                </step>
                                <step start='1663689960943' status='passed' stop='1663689960949'>
                                    <name>POST /session/:sessionId/elements</name>
                                    <title>POST /session/:sessionId/elements</title>
                                    <attachments>
                                        <attachment title='Request' source='44c6f6ef-5095-4d36-ae46-8353a513b3e6-attachment.json' type='application/json' size='57'/>
                                        <attachment title='Response' source='9bcd1bd7-3fcb-49f8-8e5f-5b4f9c9ca503-attachment.json' type='application/json' size='4'/>
                                    </attachments>
                                    <steps/>
                                </step>
                            </steps>
                        </step>
                    </steps>
                </step>
                <step start='1663689961168' status='undefined'>
                    <name>POST /session/:sessionId/execute/sync</name>
                    <title>POST /session/:sessionId/execute/sync</title>
                    <attachments>
                        <attachment title='Request' source='77f95094-d765-4240-9ff9-95d4998e9273-attachment.json' type='application/json' size='8331'/>
                    </attachments>
                    <steps>
                        <step start='1663689961173' status='undefined'>
                            <name>POST /session/:sessionId/execute/sync</name>
                            <title>POST /session/:sessionId/execute/sync</title>
                            <attachments>
                                <attachment title='Request' source='32b14e92-6094-4546-a71f-50f77050b039-attachment.json' type='application/json' size='8331'/>
                            </attachments>
                            <steps/>
                        </step>
                    </steps>
                </step>
            </steps>
            <attachments>
                <attachment title='Response' source='ced7f645-2772-495d-899d-3c7379081c54-attachment.json' type='application/json' size='83'/>
                <attachment title='Response' source='48e67682-9a76-43fe-9db3-251cdd6de674-attachment.json' type='application/json' size='83'/>
            </attachments>
            <failure>
                <message>assert is not defined</message>
                <stack-trace>ReferenceError: assert is not defined
                    at Context.&lt;anonymous> (C:\Users\Jidin\Downloads\volvo_webdriverio_automation_test\volvotest\test\specs\homepagetest.js:28:9)
                    at Context.executeAsync (C:\Users\Jidin\Downloads\volvo_webdriverio_automation_test\volvotest\node_modules\@wdio\utils\build\shim.js:333:27)
                    at Context.testFrameworkFnWrapper (C:\Users\Jidin\Downloads\volvo_webdriverio_automation_test\volvotest\node_modules\@wdio\utils\build\test-framework\testFnWrapper.js:51:32)</stack-trace>
            </failure>
        </test-case>
        <test-case start='1663689961178' status='broken' stop='1663689961406'>
            <name>Play Video, go to Cookies Page and check Title</name>
            <title>Play Video, go to Cookies Page and check Title</title>
            <labels>
                <label name='language' value='javascript'/>
                <label name='framework' value='wdio'/>
                <label name='thread' value='0-0'/>
            </labels>
            <parameters>
                <parameter kind='argument' name='browser' value='chrome-105.0.5195.127'/>
            </parameters>
            <steps>
                <step start='1663689961185' status='passed' stop='1663689961193'>
                    <name>POST /session/:sessionId/elements</name>
                    <title>POST /session/:sessionId/elements</title>
                    <attachments>
                        <attachment title='Request' source='fe7ab598-a154-4f6f-abbf-96acf5eaf42e-attachment.json' type='application/json' size='57'/>
                        <attachment title='Response' source='f31217b8-5594-4ad9-b8f7-659ca3af5fdd-attachment.json' type='application/json' size='4'/>
                    </attachments>
                    <steps/>
                </step>
                <step start='1663689961193' status='broken' stop='1663689961406'>
                    <name>POST /session/:sessionId/element</name>
                    <title>POST /session/:sessionId/element</title>
                    <attachments>
                        <attachment title='Request' source='e9340c64-9bec-434a-a065-6e714677d79a-attachment.json' type='application/json' size='83'/>
                    </attachments>
                    <steps>
                        <step start='1663689961196' status='broken' stop='1663689961406'>
                            <name>POST /session/:sessionId/element</name>
                            <title>POST /session/:sessionId/element</title>
                            <attachments>
                                <attachment title='Request' source='5533ba4d-9124-43e5-b7c0-ec3b69c5c771-attachment.json' type='application/json' size='85'/>
                            </attachments>
                            <steps>
                                <step start='1663689961199' status='broken' stop='1663689961406'>
                                    <name>POST /session/:sessionId/element</name>
                                    <title>POST /session/:sessionId/element</title>
                                    <attachments>
                                        <attachment title='Request' source='24fd40de-5dc8-42d6-8936-f65f8407eb24-attachment.json' type='application/json' size='79'/>
                                    </attachments>
                                    <steps>
                                        <step start='1663689961201' status='passed' stop='1663689961211'>
                                            <name>GET /session/:sessionId/screenshot</name>
                                            <title>GET /session/:sessionId/screenshot</title>
                                            <attachments>
                                                <attachment title='Response' source='b3fba923-55c9-4204-a9ac-ce047befde8e-attachment.json' type='application/json' size='2'/>
                                            </attachments>
                                            <steps>
                                                <step start='1663689961203' status='passed' stop='1663689961209'>
                                                    <name>POST /session/:sessionId/url</name>
                                                    <title>POST /session/:sessionId/url</title>
                                                    <attachments>
                                                        <attachment title='Request' source='3c563cd9-9c99-4cca-8851-32870ee0e491-attachment.json' type='application/json' size='73'/>
                                                        <attachment title='Response' source='30f42b51-7aa9-4af9-92df-cc83f9776753-attachment.json' type='application/json' size='4'/>
                                                    </attachments>
                                                    <steps/>
                                                </step>
                                            </steps>
                                        </step>
                                        <step start='1663689961212' status='passed' stop='1663689961405'>
                                            <name>POST /session/:sessionId/elements</name>
                                            <title>POST /session/:sessionId/elements</title>
                                            <attachments>
                                                <attachment title='Request' source='ad601536-111e-4cf8-9e4c-9fe354905f1e-attachment.json' type='application/json' size='57'/>
                                                <attachment title='Screenshot' source='29251845-34b4-468a-81d0-48e9e0a60b2a-attachment.png' type='image/png' size='160180'/>
                                            </attachments>
                                            <steps/>
                                        </step>
                                    </steps>
                                </step>
                            </steps>
                        </step>
                    </steps>
                </step>
            </steps>
            <attachments>
                <attachment title='Response' source='312f1b61-b66c-41fb-8243-ef182f08d879-attachment.json' type='application/json' size='2'/>
            </attachments>
            <failure>
                <message>browser.getUrlAndTitle is not a function</message>
                <stack-trace>TypeError: browser.getUrlAndTitle is not a function
                    at Context.&lt;anonymous> (C:\Users\Jidin\Downloads\volvo_webdriverio_automation_test\volvotest\test\specs\homepagetest.js:41:37)
                    at Context.executeAsync (C:\Users\Jidin\Downloads\volvo_webdriverio_automation_test\volvotest\node_modules\@wdio\utils\build\shim.js:333:27)
                    at Context.testFrameworkFnWrapper (C:\Users\Jidin\Downloads\volvo_webdriverio_automation_test\volvotest\node_modules\@wdio\utils\build\test-framework\testFnWrapper.js:51:32)</stack-trace>
            </failure>
        </test-case>
    </test-cases>
</ns2:test-suite>