<?xml version='1.0'?>
<ns2:test-suite xmlns:ns2='urn:model.allure.qatools.yandex.ru' start='1663697537573' stop='1663697545099'>
    <name>Home Page features test: </name>
    <title>Home Page features test: </title>
    <test-cases>
        <test-case start='1663697537574' status='passed' stop='1663697537588'>
            <name>Check browser details</name>
            <title>Check browser details</title>
            <labels>
                <label name='language' value='javascript'/>
                <label name='framework' value='wdio'/>
                <label name='thread' value='0-0'/>
            </labels>
            <parameters>
                <parameter kind='argument' name='browser' value='chrome-105.0.5195.127'/>
            </parameters>
            <steps>
                <step start='1663697537578' status='undefined'>
                    <name>POST /session/:sessionId/element</name>
                    <title>POST /session/:sessionId/element</title>
                    <attachments>
                        <attachment title='Request' source='c811892a-616f-44ef-89f2-0ac6248a0235-attachment.json' type='application/json' size='57'/>
                    </attachments>
                    <steps>
                        <step start='1663697537584' status='undefined'>
                            <name>POST /session/:sessionId/url</name>
                            <title>POST /session/:sessionId/url</title>
                            <attachments>
                                <attachment title='Request' source='c36aaeb0-7f17-4f90-951a-a3db24121f96-attachment.json' type='application/json' size='47'/>
                            </attachments>
                            <steps/>
                        </step>
                    </steps>
                </step>
            </steps>
            <attachments/>
        </test-case>
        <test-case start='1663697537589' status='passed' stop='1663697537603'>
            <name>Should have the correct URL and title</name>
            <title>Should have the correct URL and title</title>
            <labels>
                <label name='language' value='javascript'/>
                <label name='framework' value='wdio'/>
                <label name='thread' value='0-0'/>
            </labels>
            <parameters>
                <parameter kind='argument' name='browser' value='chrome-105.0.5195.127'/>
            </parameters>
            <steps>
                <step start='1663697537590' status='undefined'>
                    <name>POST /session/:sessionId/window/maximize</name>
                    <title>POST /session/:sessionId/window/maximize</title>
                    <attachments/>
                    <steps>
                        <step start='1663697537594' status='undefined'>
                            <name>GET /session/:sessionId/url</name>
                            <title>GET /session/:sessionId/url</title>
                            <attachments/>
                            <steps>
                                <step start='1663697537595' status='undefined'>
                                    <name>GET /session/:sessionId/title</name>
                                    <title>GET /session/:sessionId/title</title>
                                    <attachments/>
                                    <steps>
                                        <step start='1663697537599' status='passed' stop='1663697537614'>
                                            <name>POST /session/:sessionId/url</name>
                                            <title>POST /session/:sessionId/url</title>
                                            <attachments>
                                                <attachment title='Request' source='fabfaba8-f141-41e4-a7ed-00f4096c0ef8-attachment.json' type='application/json' size='73'/>
                                                <attachment title='Response' source='3b1b057a-89ba-4b19-8fde-77b5d5dbe8d6-attachment.json' type='application/json' size='1028'/>
                                            </attachments>
                                            <steps/>
                                        </step>
                                        <step start='1663697537623' status='undefined'>
                                            <name>POST /session/:sessionId/elements</name>
                                            <title>POST /session/:sessionId/elements</title>
                                            <attachments>
                                                <attachment title='Request' source='3828aa80-1ef3-4ad0-97b0-41159e33bf83-attachment.json' type='application/json' size='57'/>
                                            </attachments>
                                            <steps/>
                                        </step>
                                    </steps>
                                </step>
                            </steps>
                        </step>
                    </steps>
                </step>
            </steps>
            <attachments/>
        </test-case>
        <test-case start='1663697537629' status='failed' stop='1663697544517'>
            <name>Video button exists</name>
            <title>Video button exists</title>
            <labels>
                <label name='language' value='javascript'/>
                <label name='framework' value='wdio'/>
                <label name='thread' value='0-0'/>
            </labels>
            <parameters>
                <parameter kind='argument' name='browser' value='chrome-105.0.5195.127'/>
            </parameters>
            <steps>
                <step start='1663697537632' status='passed' stop='1663697541522'>
                    <name>GET /session/:sessionId/screenshot</name>
                    <title>GET /session/:sessionId/screenshot</title>
                    <attachments>
                        <attachment title='Response' source='7063c843-140b-4074-bd4e-bff6177f17c1-attachment.json' type='application/json' size='93'/>
                    </attachments>
                    <steps>
                        <step start='1663697537635' status='passed' stop='1663697541508'>
                            <name>POST /session/:sessionId/element</name>
                            <title>POST /session/:sessionId/element</title>
                            <attachments>
                                <attachment title='Request' source='dfbda33b-6a31-4bfe-bac8-622c7ad618e8-attachment.json' type='application/json' size='52'/>
                            </attachments>
                            <steps/>
                        </step>
                    </steps>
                </step>
                <step start='1663697541529' status='passed' stop='1663697541537'>
                    <name>POST /session/:sessionId/element</name>
                    <title>POST /session/:sessionId/element</title>
                    <attachments>
                        <attachment title='Request' source='76804117-6322-4594-b087-91c47d463eb1-attachment.json' type='application/json' size='57'/>
                        <attachment title='Response' source='e41ce01e-0e07-49ac-9d92-fadf8c0a186d-attachment.json' type='application/json' size='34'/>
                    </attachments>
                    <steps/>
                </step>
                <step start='1663697541540' status='passed' stop='1663697544286'>
                    <name>GET /session/:sessionId/url</name>
                    <title>GET /session/:sessionId/url</title>
                    <attachments/>
                    <steps>
                        <step start='1663697541544' status='passed' stop='1663697541652'>
                            <name>GET /session/:sessionId/title</name>
                            <title>GET /session/:sessionId/title</title>
                            <attachments>
                                <attachment title='Response' source='7efec441-f5fd-4ee7-8c5f-3795ddbe56d4-attachment.json' type='application/json' size='58'/>
                            </attachments>
                            <steps/>
                        </step>
                    </steps>
                </step>
                <step start='1663697544521' status='undefined'>
                    <name>POST /session/:sessionId/execute/sync</name>
                    <title>POST /session/:sessionId/execute/sync</title>
                    <attachments>
                        <attachment title='Request' source='f6c30360-1893-4178-9394-a7e613b64253-attachment.json' type='application/json' size='8331'/>
                    </attachments>
                    <steps>
                        <step start='1663697544527' status='undefined'>
                            <name>POST /session/:sessionId/execute/sync</name>
                            <title>POST /session/:sessionId/execute/sync</title>
                            <attachments>
                                <attachment title='Request' source='d2a0cefd-cdc8-42af-bf32-dbad8b210e01-attachment.json' type='application/json' size='8331'/>
                            </attachments>
                            <steps/>
                        </step>
                    </steps>
                </step>
            </steps>
            <attachments>
                <attachment title='Response' source='f2946397-1410-44b3-8ea3-c71c6be1f226-attachment.json' type='application/json' size='54'/>
                <attachment title='Screenshot' source='4cc20831-324c-4244-a625-207a6ae1c71d-attachment.png' type='image/png' size='172232'/>
                <attachment title='Response' source='1b38aa80-ef4f-4768-867d-dbc6672ccbbf-attachment.json' type='application/json' size='83'/>
            </attachments>
            <failure>
                <message>Video button missing      
                      actual expected
                      
                      truePromise [Promise] {}
                      </message>
                <stack-trace>AssertionError [ERR_ASSERTION]: Video button missing
                    at Context.&lt;anonymous> (C:\Users\Jidin\Downloads\volvo_webdriverio_automation_test\volvotest\test\specs\homepagetest.js:24:16)
                    at Context.executeAsync (C:\Users\Jidin\Downloads\volvo_webdriverio_automation_test\volvotest\node_modules\@wdio\utils\build\shim.js:333:27)
                    at Context.testFrameworkFnWrapper (C:\Users\Jidin\Downloads\volvo_webdriverio_automation_test\volvotest\node_modules\@wdio\utils\build\test-framework\testFnWrapper.js:51:32)</stack-trace>
            </failure>
        </test-case>
        <test-case start='1663697544531' status='failed' stop='1663697544864'>
            <name>Disclaimer Section exists</name>
            <title>Disclaimer Section exists</title>
            <labels>
                <label name='language' value='javascript'/>
                <label name='framework' value='wdio'/>
                <label name='thread' value='0-0'/>
            </labels>
            <parameters>
                <parameter kind='argument' name='browser' value='chrome-105.0.5195.127'/>
            </parameters>
            <steps>
                <step start='1663697544537' status='passed' stop='1663697544542'>
                    <name>POST /session/:sessionId/elements</name>
                    <title>POST /session/:sessionId/elements</title>
                    <attachments>
                        <attachment title='Request' source='8d6e79c7-84bc-4e1e-b33c-22d8b2506a69-attachment.json' type='application/json' size='57'/>
                        <attachment title='Response' source='8a6b18da-fedd-4218-9321-1ab011a6330e-attachment.json' type='application/json' size='60'/>
                    </attachments>
                    <steps/>
                </step>
                <step start='1663697544546' status='passed' stop='1663697544633'>
                    <name>GET /session/:sessionId/screenshot</name>
                    <title>GET /session/:sessionId/screenshot</title>
                    <attachments>
                        <attachment title='Response' source='2ec31a3a-6d74-4e11-870a-7e65b1f879d0-attachment.json' type='application/json' size='2'/>
                    </attachments>
                    <steps>
                        <step start='1663697544548' status='passed' stop='1663697544625'>
                            <name>POST /session/:sessionId/element</name>
                            <title>POST /session/:sessionId/element</title>
                            <attachments>
                                <attachment title='Request' source='1fe2ebb3-15b7-433e-86c4-e2669aee2203-attachment.json' type='application/json' size='57'/>
                                <attachment title='Response' source='24c60223-f997-48c4-b84c-04935533b552-attachment.json' type='application/json' size='4'/>
                            </attachments>
                            <steps>
                                <step start='1663697544551' status='passed' stop='1663697544621'>
                                    <name>GET /session/:sessionId/title</name>
                                    <title>GET /session/:sessionId/title</title>
                                    <attachments>
                                        <attachment title='Response' source='7a0394ca-dc24-469c-915a-523e710f1266-attachment.json' type='application/json' size='4'/>
                                    </attachments>
                                    <steps/>
                                </step>
                            </steps>
                        </step>
                    </steps>
                </step>
                <step start='1663697544869' status='undefined'>
                    <name>POST /session/:sessionId/execute/sync</name>
                    <title>POST /session/:sessionId/execute/sync</title>
                    <attachments>
                        <attachment title='Request' source='7c6cb83a-d8e4-4e8d-8ed0-7e96394baada-attachment.json' type='application/json' size='8331'/>
                    </attachments>
                    <steps>
                        <step start='1663697544873' status='undefined'>
                            <name>POST /session/:sessionId/execute/sync</name>
                            <title>POST /session/:sessionId/execute/sync</title>
                            <attachments>
                                <attachment title='Request' source='49d545bd-1ed8-4961-beff-dd7acdbc4ca7-attachment.json' type='application/json' size='8331'/>
                            </attachments>
                            <steps/>
                        </step>
                    </steps>
                </step>
            </steps>
            <attachments>
                <attachment title='Response' source='c29ffa7c-9e30-42dd-a69a-cb32496e18b9-attachment.json' type='application/json' size='1028'/>
                <attachment title='Response' source='5136348c-1a1c-45ad-8e68-e500a5429d70-attachment.json' type='application/json' size='45'/>
                <attachment title='Screenshot' source='68ee6757-82e2-4ed1-9b5e-a3cd9c155d7a-attachment.png' type='image/png' size='162341'/>
                <attachment title='Response' source='66d52571-30b9-45c1-b3ce-6a9310bdff22-attachment.json' type='application/json' size='83'/>
            </attachments>
            <failure>
                <message>Disclaimer missing      
                      actual expected
                      
                      truePromise [Promise] {}
                      </message>
                <stack-trace>AssertionError [ERR_ASSERTION]: Disclaimer missing
                    at Context.&lt;anonymous> (C:\Users\Jidin\Downloads\volvo_webdriverio_automation_test\volvotest\test\specs\homepagetest.js:28:16)
                    at Context.executeAsync (C:\Users\Jidin\Downloads\volvo_webdriverio_automation_test\volvotest\node_modules\@wdio\utils\build\shim.js:333:27)
                    at Context.testFrameworkFnWrapper (C:\Users\Jidin\Downloads\volvo_webdriverio_automation_test\volvotest\node_modules\@wdio\utils\build\test-framework\testFnWrapper.js:51:32)</stack-trace>
            </failure>
        </test-case>
        <test-case start='1663697544876' status='broken' stop='1663697545099'>
            <name>Play Video, go to Cookies Page and check Title</name>
            <title>Play Video, go to Cookies Page and check Title</title>
            <labels>
                <label name='language' value='javascript'/>
                <label name='framework' value='wdio'/>
                <label name='thread' value='0-0'/>
            </labels>
            <parameters>
                <parameter kind='argument' name='browser' value='chrome-105.0.5195.127'/>
            </parameters>
            <steps>
                <step start='1663697544880' status='broken' stop='1663697545098'>
                    <name>POST /session/:sessionId/element</name>
                    <title>POST /session/:sessionId/element</title>
                    <attachments>
                        <attachment title='Request' source='a03f1866-0198-4283-9569-98257845b54e-attachment.json' type='application/json' size='83'/>
                    </attachments>
                    <steps>
                        <step start='1663697544882' status='broken' stop='1663697545098'>
                            <name>POST /session/:sessionId/element</name>
                            <title>POST /session/:sessionId/element</title>
                            <attachments>
                                <attachment title='Request' source='5c8ea2a1-d806-4c94-ac62-40f0386b3ddd-attachment.json' type='application/json' size='85'/>
                            </attachments>
                            <steps>
                                <step start='1663697544884' status='broken' stop='1663697545098'>
                                    <name>POST /session/:sessionId/element</name>
                                    <title>POST /session/:sessionId/element</title>
                                    <attachments>
                                        <attachment title='Request' source='fc468d44-d793-495f-89a9-9df4dc77f2b9-attachment.json' type='application/json' size='79'/>
                                    </attachments>
                                    <steps>
                                        <step start='1663697544888' status='broken' stop='1663697545098'>
                                            <name>GET /session/:sessionId/screenshot</name>
                                            <title>GET /session/:sessionId/screenshot</title>
                                            <attachments/>
                                            <steps>
                                                <step start='1663697544889' status='passed' stop='1663697544898'>
                                                    <name>POST /session/:sessionId/url</name>
                                                    <title>POST /session/:sessionId/url</title>
                                                    <attachments>
                                                        <attachment title='Request' source='7ede9ae4-e256-4a9c-bc46-a2d704c4690d-attachment.json' type='application/json' size='73'/>
                                                        <attachment title='Response' source='0beb9cdf-8deb-4fc6-b71e-71eb6e158265-attachment.json' type='application/json' size='4'/>
                                                    </attachments>
                                                    <steps>
                                                        <step start='1663697544893' status='passed' stop='1663697544896'>
                                                            <name>GET /session/:sessionId/title</name>
                                                            <title>GET /session/:sessionId/title</title>
                                                            <attachments>
                                                                <attachment title='Response' source='cdb8cc1a-d042-489a-b6fd-439823a8cf22-attachment.json' type='application/json' size='4'/>
                                                            </attachments>
                                                            <steps/>
                                                        </step>
                                                    </steps>
                                                </step>
                                                <step start='1663697545049' status='passed' stop='1663697545098'>
                                                    <name>POST /session/:sessionId/elements</name>
                                                    <title>POST /session/:sessionId/elements</title>
                                                    <attachments>
                                                        <attachment title='Request' source='7429ae98-cdc8-4ab8-9ad5-c400d28f440c-attachment.json' type='application/json' size='57'/>
                                                        <attachment title='Screenshot' source='bcc95d0c-8a06-42ab-8eec-9b7d055bf68d-attachment.png' type='image/png' size='163761'/>
                                                    </attachments>
                                                    <steps/>
                                                </step>
                                            </steps>
                                        </step>
                                    </steps>
                                </step>
                            </steps>
                        </step>
                    </steps>
                </step>
            </steps>
            <attachments>
                <attachment title='Response' source='74e22356-9c84-470f-9e92-575cc3a6446b-attachment.json' type='application/json' size='45'/>
            </attachments>
            <failure>
                <message>homePage.getUrlAndTitle is not a function</message>
                <stack-trace>TypeError: homePage.getUrlAndTitle is not a function
                    at Context.&lt;anonymous> (C:\Users\Jidin\Downloads\volvo_webdriverio_automation_test\volvotest\test\specs\homepagetest.js:41:38)
                    at Context.executeAsync (C:\Users\Jidin\Downloads\volvo_webdriverio_automation_test\volvotest\node_modules\@wdio\utils\build\shim.js:333:27)
                    at Context.testFrameworkFnWrapper (C:\Users\Jidin\Downloads\volvo_webdriverio_automation_test\volvotest\node_modules\@wdio\utils\build\test-framework\testFnWrapper.js:51:32)</stack-trace>
            </failure>
        </test-case>
    </test-cases>
</ns2:test-suite>