<?xml version='1.0'?>
<ns2:test-suite xmlns:ns2='urn:model.allure.qatools.yandex.ru' start='1663686400318' stop='1663686403710'>
    <name>Home Page features test: </name>
    <title>Home Page features test: </title>
    <test-cases>
        <test-case start='1663686400318' status='passed' stop='1663686400326'>
            <name>Check browser details</name>
            <title>Check browser details</title>
            <labels>
                <label name='language' value='javascript'/>
                <label name='framework' value='wdio'/>
                <label name='thread' value='0-0'/>
            </labels>
            <parameters>
                <parameter kind='argument' name='browser' value='chrome-105.0.5195.127'/>
            </parameters>
            <steps>
                <step start='1663686400321' status='undefined'>
                    <name>POST /session/:sessionId/element</name>
                    <title>POST /session/:sessionId/element</title>
                    <attachments>
                        <attachment title='Request' source='2fd169f8-1639-4a4e-ba09-20b0906da4a3-attachment.json' type='application/json' size='57'/>
                    </attachments>
                    <steps/>
                </step>
            </steps>
            <attachments/>
        </test-case>
        <test-case start='1663686400327' status='broken' stop='1663686400602'>
            <name>Should have the correct URL and title</name>
            <title>Should have the correct URL and title</title>
            <labels>
                <label name='language' value='javascript'/>
                <label name='framework' value='wdio'/>
                <label name='thread' value='0-0'/>
            </labels>
            <parameters>
                <parameter kind='argument' name='browser' value='chrome-105.0.5195.127'/>
            </parameters>
            <steps>
                <step start='1663686400328' status='broken' stop='1663686400602'>
                    <name>POST /session/:sessionId/window/maximize</name>
                    <title>POST /session/:sessionId/window/maximize</title>
                    <attachments/>
                    <steps>
                        <step start='1663686400329' status='passed' stop='1663686400601'>
                            <name>GET /session/:sessionId/title</name>
                            <title>GET /session/:sessionId/title</title>
                            <attachments>
                                <attachment title='Screenshot' source='3b09bd11-47a6-4123-a8bc-a21a1c64a974-attachment.png' type='image/png' size='8715'/>
                            </attachments>
                            <steps>
                                <step start='1663686400331' status='passed' stop='1663686400462'>
                                    <name>GET /session/:sessionId/screenshot</name>
                                    <title>GET /session/:sessionId/screenshot</title>
                                    <attachments>
                                        <attachment title='Response' source='98422146-9ff5-4f06-925d-f19456f23018-attachment.json' type='application/json' size='58'/>
                                    </attachments>
                                    <steps>
                                        <step start='1663686400333' status='passed' stop='1663686400343'>
                                            <name>POST /session/:sessionId/url</name>
                                            <title>POST /session/:sessionId/url</title>
                                            <attachments>
                                                <attachment title='Request' source='af5c4a47-08fb-4431-93d3-2b1d2500de83-attachment.json' type='application/json' size='73'/>
                                                <attachment title='Response' source='23614691-75ab-429d-957a-e79281156981-attachment.json' type='application/json' size='1028'/>
                                            </attachments>
                                            <steps/>
                                        </step>
                                        <step start='1663686400351' status='passed' stop='1663686400355'>
                                            <name>POST /session/:sessionId/elements</name>
                                            <title>POST /session/:sessionId/elements</title>
                                            <attachments>
                                                <attachment title='Request' source='f8fefa9b-59ca-4146-b621-9a68827db346-attachment.json' type='application/json' size='57'/>
                                            </attachments>
                                            <steps/>
                                        </step>
                                    </steps>
                                </step>
                            </steps>
                        </step>
                    </steps>
                </step>
            </steps>
            <attachments/>
            <failure>
                <message>assert is not defined</message>
                <stack-trace>ReferenceError: assert is not defined
                    at Context.&lt;anonymous> (C:\Users\Jidin\Downloads\volvo_webdriverio_automation_test\volvotest\test\specs\homepagetest.js:16:9)
                    at Context.executeAsync (C:\Users\Jidin\Downloads\volvo_webdriverio_automation_test\volvotest\node_modules\@wdio\utils\build\shim.js:333:27)
                    at Context.testFrameworkFnWrapper (C:\Users\Jidin\Downloads\volvo_webdriverio_automation_test\volvotest\node_modules\@wdio\utils\build\test-framework\testFnWrapper.js:51:32)</stack-trace>
            </failure>
        </test-case>
        <test-case start='1663686400603' status='broken' stop='1663686403042'>
            <name>Video button exists</name>
            <title>Video button exists</title>
            <labels>
                <label name='language' value='javascript'/>
                <label name='framework' value='wdio'/>
                <label name='thread' value='0-0'/>
            </labels>
            <parameters>
                <parameter kind='argument' name='browser' value='chrome-105.0.5195.127'/>
            </parameters>
            <steps>
                <step start='1663686400604' status='passed' stop='1663686402804'>
                    <name>GET /session/:sessionId/screenshot</name>
                    <title>GET /session/:sessionId/screenshot</title>
                    <attachments>
                        <attachment title='Response' source='19f96de8-09d7-476a-ba98-ca0e304abafd-attachment.json' type='application/json' size='2'/>
                    </attachments>
                    <steps>
                        <step start='1663686400605' status='passed' stop='1663686402793'>
                            <name>POST /session/:sessionId/element</name>
                            <title>POST /session/:sessionId/element</title>
                            <attachments>
                                <attachment title='Request' source='2b9fde91-1568-45c1-8ce9-c62062a6b254-attachment.json' type='application/json' size='52'/>
                            </attachments>
                            <steps/>
                        </step>
                    </steps>
                </step>
                <step start='1663686402825' status='passed' stop='1663686403042'>
                    <name>POST /session/:sessionId/elements</name>
                    <title>POST /session/:sessionId/elements</title>
                    <attachments>
                        <attachment title='Request' source='9452bf46-87b4-4f9a-b80a-32e5ed252d65-attachment.json' type='application/json' size='57'/>
                        <attachment title='Screenshot' source='d083d12a-95d8-4b6b-9d97-3df659a35d9d-attachment.png' type='image/png' size='165347'/>
                    </attachments>
                    <steps/>
                </step>
                <step start='1663686403048' status='undefined'>
                    <name>POST /session/:sessionId/execute/sync</name>
                    <title>POST /session/:sessionId/execute/sync</title>
                    <attachments>
                        <attachment title='Request' source='f8f672be-aa97-4ca6-8b9e-f7ee4404ff72-attachment.json' type='application/json' size='8331'/>
                    </attachments>
                    <steps>
                        <step start='1663686403053' status='undefined'>
                            <name>POST /session/:sessionId/execute/sync</name>
                            <title>POST /session/:sessionId/execute/sync</title>
                            <attachments>
                                <attachment title='Request' source='1364121d-f97f-42aa-a3d1-15a8e814c0a6-attachment.json' type='application/json' size='8331'/>
                            </attachments>
                            <steps/>
                        </step>
                    </steps>
                </step>
            </steps>
            <attachments>
                <attachment title='Response' source='ab13895e-5057-4854-8bfc-40d39e5d3014-attachment.json' type='application/json' size='83'/>
            </attachments>
            <failure>
                <message>assert is not defined</message>
                <stack-trace>ReferenceError: assert is not defined
                    at Context.&lt;anonymous> (C:\Users\Jidin\Downloads\volvo_webdriverio_automation_test\volvotest\test\specs\homepagetest.js:21:9)
                    at Context.executeAsync (C:\Users\Jidin\Downloads\volvo_webdriverio_automation_test\volvotest\node_modules\@wdio\utils\build\shim.js:333:27)
                    at Context.testFrameworkFnWrapper (C:\Users\Jidin\Downloads\volvo_webdriverio_automation_test\volvotest\node_modules\@wdio\utils\build\test-framework\testFnWrapper.js:51:32)</stack-trace>
            </failure>
        </test-case>
        <test-case start='1663686403056' status='broken' stop='1663686403317'>
            <name>Disclaimer Section exists</name>
            <title>Disclaimer Section exists</title>
            <labels>
                <label name='language' value='javascript'/>
                <label name='framework' value='wdio'/>
                <label name='thread' value='0-0'/>
            </labels>
            <parameters>
                <parameter kind='argument' name='browser' value='chrome-105.0.5195.127'/>
            </parameters>
            <steps>
                <step start='1663686403062' status='passed' stop='1663686403317'>
                    <name>GET /session/:sessionId/screenshot</name>
                    <title>GET /session/:sessionId/screenshot</title>
                    <attachments>
                        <attachment title='Screenshot' source='c14c8b68-b573-40c0-8807-1275328dc1a0-attachment.png' type='image/png' size='162305'/>
                    </attachments>
                    <steps>
                        <step start='1663686403065' status='passed' stop='1663686403078'>
                            <name>POST /session/:sessionId/element</name>
                            <title>POST /session/:sessionId/element</title>
                            <attachments>
                                <attachment title='Request' source='99b15637-9f25-4a59-9e27-34be214907fd-attachment.json' type='application/json' size='57'/>
                                <attachment title='Response' source='a25a2cc3-19cb-4a04-b73d-7c72fe1ab9c0-attachment.json' type='application/json' size='4'/>
                            </attachments>
                            <steps>
                                <step start='1663686403070' status='passed' stop='1663686403076'>
                                    <name>POST /session/:sessionId/elements</name>
                                    <title>POST /session/:sessionId/elements</title>
                                    <attachments>
                                        <attachment title='Request' source='556b0eb3-722f-459e-a9d0-f5abaefb9641-attachment.json' type='application/json' size='57'/>
                                        <attachment title='Response' source='9d783d60-9f67-4e7f-8bc9-c45ffccff274-attachment.json' type='application/json' size='4'/>
                                    </attachments>
                                    <steps/>
                                </step>
                            </steps>
                        </step>
                    </steps>
                </step>
            </steps>
            <attachments>
                <attachment title='Response' source='84eadba6-4636-45db-9220-399524477801-attachment.json' type='application/json' size='2'/>
            </attachments>
            <failure>
                <message>assert is not defined</message>
                <stack-trace>ReferenceError: assert is not defined
                    at Context.&lt;anonymous> (C:\Users\Jidin\Downloads\volvo_webdriverio_automation_test\volvotest\test\specs\homepagetest.js:25:9)
                    at Context.executeAsync (C:\Users\Jidin\Downloads\volvo_webdriverio_automation_test\volvotest\node_modules\@wdio\utils\build\shim.js:333:27)
                    at Context.testFrameworkFnWrapper (C:\Users\Jidin\Downloads\volvo_webdriverio_automation_test\volvotest\node_modules\@wdio\utils\build\test-framework\testFnWrapper.js:51:32)</stack-trace>
            </failure>
        </test-case>
        <test-case start='1663686403318' status='broken' stop='1663686403708'>
            <name>Play Video, go to Cookies Page and check Title</name>
            <title>Play Video, go to Cookies Page and check Title</title>
            <labels>
                <label name='language' value='javascript'/>
                <label name='framework' value='wdio'/>
                <label name='thread' value='0-0'/>
            </labels>
            <parameters>
                <parameter kind='argument' name='browser' value='chrome-105.0.5195.127'/>
            </parameters>
            <steps>
                <step start='1663686403319' status='broken' stop='1663686403708'>
                    <name>POST /session/:sessionId/element</name>
                    <title>POST /session/:sessionId/element</title>
                    <attachments>
                        <attachment title='Request' source='5296419e-da37-4f1c-9070-ed30732fd232-attachment.json' type='application/json' size='83'/>
                    </attachments>
                    <steps>
                        <step start='1663686403322' status='broken' stop='1663686403708'>
                            <name>POST /session/:sessionId/element</name>
                            <title>POST /session/:sessionId/element</title>
                            <attachments>
                                <attachment title='Request' source='8dc2b2ac-fc32-49b0-809a-5191aea5ba5a-attachment.json' type='application/json' size='85'/>
                            </attachments>
                            <steps>
                                <step start='1663686403324' status='broken' stop='1663686403708'>
                                    <name>POST /session/:sessionId/element</name>
                                    <title>POST /session/:sessionId/element</title>
                                    <attachments>
                                        <attachment title='Request' source='81c0b028-cb25-4801-be67-d60249fc0378-attachment.json' type='application/json' size='79'/>
                                    </attachments>
                                    <steps>
                                        <step start='1663686403327' status='broken' stop='1663686403708'>
                                            <name>GET /session/:sessionId/screenshot</name>
                                            <title>GET /session/:sessionId/screenshot</title>
                                            <attachments/>
                                            <steps>
                                                <step start='1663686403328' status='passed' stop='1663686403490'>
                                                    <name>POST /session/:sessionId/url</name>
                                                    <title>POST /session/:sessionId/url</title>
                                                    <attachments>
                                                        <attachment title='Request' source='12eb72ee-3602-4703-aa43-4c65f451ee54-attachment.json' type='application/json' size='73'/>
                                                        <attachment title='Response' source='14ffc385-7862-4ce5-a7e5-b9c0c78a7637-attachment.json' type='application/json' size='83'/>
                                                    </attachments>
                                                    <steps/>
                                                </step>
                                                <step start='1663686403493' status='broken' stop='1663686403708'>
                                                    <name>POST /session/:sessionId/execute/sync</name>
                                                    <title>POST /session/:sessionId/execute/sync</title>
                                                    <attachments>
                                                        <attachment title='Request' source='4afc09b5-d4f9-4839-a253-3bcc79aba91f-attachment.json' type='application/json' size='8331'/>
                                                    </attachments>
                                                    <steps>
                                                        <step start='1663686403496' status='passed' stop='1663686403501'>
                                                            <name>POST /session/:sessionId/execute/sync</name>
                                                            <title>POST /session/:sessionId/execute/sync</title>
                                                            <attachments>
                                                                <attachment title='Request' source='915a30de-0e8f-4d5d-8d10-f6680417f4a4-attachment.json' type='application/json' size='8331'/>
                                                                <attachment title='Response' source='71f04dad-d7d4-4bae-81ef-5297691efc9e-attachment.json' type='application/json' size='2'/>
                                                            </attachments>
                                                            <steps/>
                                                        </step>
                                                        <step start='1663686403505' status='passed' stop='1663686403708'>
                                                            <name>POST /session/:sessionId/elements</name>
                                                            <title>POST /session/:sessionId/elements</title>
                                                            <attachments>
                                                                <attachment title='Request' source='1581aac1-2853-4f56-9263-081876209458-attachment.json' type='application/json' size='57'/>
                                                                <attachment title='Screenshot' source='97926159-c404-45f6-b6b2-a8eb878dbe18-attachment.png' type='image/png' size='165617'/>
                                                            </attachments>
                                                            <steps/>
                                                        </step>
                                                    </steps>
                                                </step>
                                            </steps>
                                        </step>
                                    </steps>
                                </step>
                            </steps>
                        </step>
                    </steps>
                </step>
            </steps>
            <attachments/>
            <failure>
                <message>browser.getUrlAndTitle is not a function</message>
                <stack-trace>TypeError: browser.getUrlAndTitle is not a function
                    at Context.&lt;anonymous> (C:\Users\Jidin\Downloads\volvo_webdriverio_automation_test\volvotest\test\specs\homepagetest.js:38:37)
                    at Context.executeAsync (C:\Users\Jidin\Downloads\volvo_webdriverio_automation_test\volvotest\node_modules\@wdio\utils\build\shim.js:333:27)
                    at Context.testFrameworkFnWrapper (C:\Users\Jidin\Downloads\volvo_webdriverio_automation_test\volvotest\node_modules\@wdio\utils\build\test-framework\testFnWrapper.js:51:32)</stack-trace>
            </failure>
        </test-case>
    </test-cases>
</ns2:test-suite>