<?xml version='1.0'?>
<ns2:test-suite xmlns:ns2='urn:model.allure.qatools.yandex.ru' start='1663688068196' stop='1663688071667'>
    <name>Home Page features test: </name>
    <title>Home Page features test: </title>
    <test-cases>
        <test-case start='1663688068197' status='passed' stop='1663688068205'>
            <name>Check browser details</name>
            <title>Check browser details</title>
            <labels>
                <label name='language' value='javascript'/>
                <label name='framework' value='wdio'/>
                <label name='thread' value='0-0'/>
            </labels>
            <parameters>
                <parameter kind='argument' name='browser' value='chrome-105.0.5195.127'/>
            </parameters>
            <steps>
                <step start='1663688068200' status='undefined'>
                    <name>POST /session/:sessionId/element</name>
                    <title>POST /session/:sessionId/element</title>
                    <attachments>
                        <attachment title='Request' source='3a5e19fe-3e1d-48aa-a00e-aefeef6733a8-attachment.json' type='application/json' size='57'/>
                    </attachments>
                    <steps/>
                </step>
            </steps>
            <attachments/>
        </test-case>
        <test-case start='1663688068206' status='broken' stop='1663688068518'>
            <name>Should have the correct URL and title</name>
            <title>Should have the correct URL and title</title>
            <labels>
                <label name='language' value='javascript'/>
                <label name='framework' value='wdio'/>
                <label name='thread' value='0-0'/>
            </labels>
            <parameters>
                <parameter kind='argument' name='browser' value='chrome-105.0.5195.127'/>
            </parameters>
            <steps>
                <step start='1663688068206' status='broken' stop='1663688068518'>
                    <name>POST /session/:sessionId/window/maximize</name>
                    <title>POST /session/:sessionId/window/maximize</title>
                    <attachments/>
                    <steps>
                        <step start='1663688068208' status='passed' stop='1663688068517'>
                            <name>GET /session/:sessionId/screenshot</name>
                            <title>GET /session/:sessionId/screenshot</title>
                            <attachments>
                                <attachment title='Screenshot' source='34d516d1-741d-410e-b8e5-1de891dafcf4-attachment.png' type='image/png' size='8715'/>
                            </attachments>
                            <steps>
                                <step start='1663688068210' status='passed' stop='1663688068223'>
                                    <name>POST /session/:sessionId/url</name>
                                    <title>POST /session/:sessionId/url</title>
                                    <attachments>
                                        <attachment title='Request' source='56828409-5ac8-40d0-a77a-a55a6977a8fc-attachment.json' type='application/json' size='73'/>
                                        <attachment title='Response' source='7be66530-d466-41ca-b2ec-06f82e74f2d9-attachment.json' type='application/json' size='1028'/>
                                    </attachments>
                                    <steps/>
                                </step>
                                <step start='1663688068232' status='passed' stop='1663688068349'>
                                    <name>POST /session/:sessionId/elements</name>
                                    <title>POST /session/:sessionId/elements</title>
                                    <attachments>
                                        <attachment title='Request' source='656e9a5a-e856-4ea8-b567-dda60379bfca-attachment.json' type='application/json' size='57'/>
                                        <attachment title='Response' source='3b0c6c1e-b6f7-44b4-9de1-4385be4de06a-attachment.json' type='application/json' size='58'/>
                                    </attachments>
                                    <steps/>
                                </step>
                            </steps>
                        </step>
                    </steps>
                </step>
            </steps>
            <attachments/>
            <failure>
                <message>homePage.clickAccept is not a function</message>
                <stack-trace>TypeError: homePage.clickAccept is not a function
                    at Context.&lt;anonymous> (C:\Users\Jidin\Downloads\volvo_webdriverio_automation_test\volvotest\test\specs\homepagetest.js:16:18)
                    at Context.executeAsync (C:\Users\Jidin\Downloads\volvo_webdriverio_automation_test\volvotest\node_modules\@wdio\utils\build\shim.js:333:27)
                    at Context.testFrameworkFnWrapper (C:\Users\Jidin\Downloads\volvo_webdriverio_automation_test\volvotest\node_modules\@wdio\utils\build\test-framework\testFnWrapper.js:51:32)</stack-trace>
            </failure>
        </test-case>
        <test-case start='1663688068519' status='broken' stop='1663688071098'>
            <name>Video button exists</name>
            <title>Video button exists</title>
            <labels>
                <label name='language' value='javascript'/>
                <label name='framework' value='wdio'/>
                <label name='thread' value='0-0'/>
            </labels>
            <parameters>
                <parameter kind='argument' name='browser' value='chrome-105.0.5195.127'/>
            </parameters>
            <steps>
                <step start='1663688068520' status='passed' stop='1663688070906'>
                    <name>GET /session/:sessionId/screenshot</name>
                    <title>GET /session/:sessionId/screenshot</title>
                    <attachments>
                        <attachment title='Response' source='9add4ec6-bf17-48c0-b901-aaef53470b63-attachment.json' type='application/json' size='2'/>
                    </attachments>
                    <steps>
                        <step start='1663688068523' status='passed' stop='1663688070893'>
                            <name>POST /session/:sessionId/element</name>
                            <title>POST /session/:sessionId/element</title>
                            <attachments>
                                <attachment title='Request' source='1d24cf05-c4d6-485f-a62e-7eca83cb1a1f-attachment.json' type='application/json' size='52'/>
                            </attachments>
                            <steps/>
                        </step>
                    </steps>
                </step>
                <step start='1663688070912' status='passed' stop='1663688071097'>
                    <name>POST /session/:sessionId/elements</name>
                    <title>POST /session/:sessionId/elements</title>
                    <attachments>
                        <attachment title='Request' source='0934ada7-0c79-48ae-a8e6-5e864f295bb8-attachment.json' type='application/json' size='57'/>
                        <attachment title='Screenshot' source='9a43b4a8-2004-415e-9e2a-043948d8b057-attachment.png' type='image/png' size='160089'/>
                    </attachments>
                    <steps/>
                </step>
                <step start='1663688071102' status='undefined'>
                    <name>POST /session/:sessionId/execute/sync</name>
                    <title>POST /session/:sessionId/execute/sync</title>
                    <attachments>
                        <attachment title='Request' source='7d30a790-4e31-45fc-ba1c-9af7ce16c366-attachment.json' type='application/json' size='8331'/>
                    </attachments>
                    <steps>
                        <step start='1663688071107' status='undefined'>
                            <name>POST /session/:sessionId/execute/sync</name>
                            <title>POST /session/:sessionId/execute/sync</title>
                            <attachments>
                                <attachment title='Request' source='ce6438f2-444e-4783-838f-fbab595d2371-attachment.json' type='application/json' size='8331'/>
                            </attachments>
                            <steps/>
                        </step>
                    </steps>
                </step>
            </steps>
            <attachments>
                <attachment title='Response' source='f26e391c-4389-44d2-81a1-1b9747a1c8ea-attachment.json' type='application/json' size='83'/>
            </attachments>
            <failure>
                <message>assert is not defined</message>
                <stack-trace>ReferenceError: assert is not defined
                    at Context.&lt;anonymous> (C:\Users\Jidin\Downloads\volvo_webdriverio_automation_test\volvotest\test\specs\homepagetest.js:23:9)
                    at Context.executeAsync (C:\Users\Jidin\Downloads\volvo_webdriverio_automation_test\volvotest\node_modules\@wdio\utils\build\shim.js:333:27)
                    at Context.testFrameworkFnWrapper (C:\Users\Jidin\Downloads\volvo_webdriverio_automation_test\volvotest\node_modules\@wdio\utils\build\test-framework\testFnWrapper.js:51:32)</stack-trace>
            </failure>
        </test-case>
        <test-case start='1663688071111' status='broken' stop='1663688071420'>
            <name>Disclaimer Section exists</name>
            <title>Disclaimer Section exists</title>
            <labels>
                <label name='language' value='javascript'/>
                <label name='framework' value='wdio'/>
                <label name='thread' value='0-0'/>
            </labels>
            <parameters>
                <parameter kind='argument' name='browser' value='chrome-105.0.5195.127'/>
            </parameters>
            <steps>
                <step start='1663688071118' status='passed' stop='1663688071419'>
                    <name>GET /session/:sessionId/screenshot</name>
                    <title>GET /session/:sessionId/screenshot</title>
                    <attachments>
                        <attachment title='Screenshot' source='5dfe5a7c-5ceb-4eba-b98e-3a24e10891ae-attachment.png' type='image/png' size='162064'/>
                    </attachments>
                    <steps>
                        <step start='1663688071120' status='passed' stop='1663688071136'>
                            <name>POST /session/:sessionId/element</name>
                            <title>POST /session/:sessionId/element</title>
                            <attachments>
                                <attachment title='Request' source='3d630315-5db0-479e-9d38-f6f4ac8edd52-attachment.json' type='application/json' size='57'/>
                                <attachment title='Response' source='05d73cfa-a714-4696-b160-c96c5d33ce10-attachment.json' type='application/json' size='4'/>
                            </attachments>
                            <steps>
                                <step start='1663688071125' status='passed' stop='1663688071133'>
                                    <name>POST /session/:sessionId/elements</name>
                                    <title>POST /session/:sessionId/elements</title>
                                    <attachments>
                                        <attachment title='Request' source='b5b46a26-351f-4a60-9d7a-666bc1d8c520-attachment.json' type='application/json' size='57'/>
                                        <attachment title='Response' source='cf608dce-27e8-412e-b41a-3f869138db43-attachment.json' type='application/json' size='4'/>
                                    </attachments>
                                    <steps/>
                                </step>
                            </steps>
                        </step>
                    </steps>
                </step>
                <step start='1663688071424' status='undefined'>
                    <name>POST /session/:sessionId/execute/sync</name>
                    <title>POST /session/:sessionId/execute/sync</title>
                    <attachments>
                        <attachment title='Request' source='b28d8d50-6709-4efa-ae57-f50b2850ad94-attachment.json' type='application/json' size='8331'/>
                    </attachments>
                    <steps>
                        <step start='1663688071428' status='undefined'>
                            <name>POST /session/:sessionId/execute/sync</name>
                            <title>POST /session/:sessionId/execute/sync</title>
                            <attachments>
                                <attachment title='Request' source='55737450-00c3-4ede-bd77-97816164528c-attachment.json' type='application/json' size='8331'/>
                            </attachments>
                            <steps/>
                        </step>
                    </steps>
                </step>
            </steps>
            <attachments>
                <attachment title='Response' source='a84f7169-2f17-4f4d-bea4-5c0ed85b5349-attachment.json' type='application/json' size='2'/>
                <attachment title='Response' source='ab63f54a-0077-42c2-9af2-ea9ad43e8a3b-attachment.json' type='application/json' size='83'/>
            </attachments>
            <failure>
                <message>assert is not defined</message>
                <stack-trace>ReferenceError: assert is not defined
                    at Context.&lt;anonymous> (C:\Users\Jidin\Downloads\volvo_webdriverio_automation_test\volvotest\test\specs\homepagetest.js:27:9)
                    at Context.executeAsync (C:\Users\Jidin\Downloads\volvo_webdriverio_automation_test\volvotest\node_modules\@wdio\utils\build\shim.js:333:27)
                    at Context.testFrameworkFnWrapper (C:\Users\Jidin\Downloads\volvo_webdriverio_automation_test\volvotest\node_modules\@wdio\utils\build\test-framework\testFnWrapper.js:51:32)</stack-trace>
            </failure>
        </test-case>
        <test-case start='1663688071434' status='broken' stop='1663688071666'>
            <name>Play Video, go to Cookies Page and check Title</name>
            <title>Play Video, go to Cookies Page and check Title</title>
            <labels>
                <label name='language' value='javascript'/>
                <label name='framework' value='wdio'/>
                <label name='thread' value='0-0'/>
            </labels>
            <parameters>
                <parameter kind='argument' name='browser' value='chrome-105.0.5195.127'/>
            </parameters>
            <steps>
                <step start='1663688071447' status='broken' stop='1663688071666'>
                    <name>POST /session/:sessionId/element</name>
                    <title>POST /session/:sessionId/element</title>
                    <attachments>
                        <attachment title='Request' source='a8279ae5-00ae-4928-b326-3e33b1d86615-attachment.json' type='application/json' size='83'/>
                    </attachments>
                    <steps>
                        <step start='1663688071449' status='broken' stop='1663688071666'>
                            <name>POST /session/:sessionId/element</name>
                            <title>POST /session/:sessionId/element</title>
                            <attachments>
                                <attachment title='Request' source='441739ed-b21a-4a2d-8e12-38c513fb560b-attachment.json' type='application/json' size='85'/>
                            </attachments>
                            <steps>
                                <step start='1663688071451' status='broken' stop='1663688071666'>
                                    <name>POST /session/:sessionId/element</name>
                                    <title>POST /session/:sessionId/element</title>
                                    <attachments>
                                        <attachment title='Request' source='bd5e5f7d-bec0-48cd-b6dd-eb3431daf679-attachment.json' type='application/json' size='79'/>
                                    </attachments>
                                    <steps>
                                        <step start='1663688071454' status='broken' stop='1663688071666'>
                                            <name>GET /session/:sessionId/screenshot</name>
                                            <title>GET /session/:sessionId/screenshot</title>
                                            <attachments/>
                                            <steps>
                                                <step start='1663688071456' status='passed' stop='1663688071666'>
                                                    <name>POST /session/:sessionId/url</name>
                                                    <title>POST /session/:sessionId/url</title>
                                                    <attachments>
                                                        <attachment title='Request' source='341b28d9-847a-417f-bf7a-012e138495cc-attachment.json' type='application/json' size='73'/>
                                                        <attachment title='Screenshot' source='ae10dcc2-fc6f-485f-9573-a06308d4762d-attachment.png' type='image/png' size='165347'/>
                                                    </attachments>
                                                    <steps>
                                                        <step start='1663688071461' status='passed' stop='1663688071466'>
                                                            <name>POST /session/:sessionId/elements</name>
                                                            <title>POST /session/:sessionId/elements</title>
                                                            <attachments>
                                                                <attachment title='Request' source='031759af-34df-4a61-af84-3a21b2564277-attachment.json' type='application/json' size='57'/>
                                                                <attachment title='Response' source='ed6b8740-20a4-424d-b568-a93949c5ed8b-attachment.json' type='application/json' size='4'/>
                                                            </attachments>
                                                            <steps/>
                                                        </step>
                                                    </steps>
                                                </step>
                                            </steps>
                                        </step>
                                    </steps>
                                </step>
                            </steps>
                        </step>
                    </steps>
                </step>
            </steps>
            <attachments>
                <attachment title='Response' source='0a0663c1-e93e-4930-998f-83361026035d-attachment.json' type='application/json' size='2'/>
                <attachment title='Response' source='cffa8af9-729c-4d26-8f54-7cfd33d986fb-attachment.json' type='application/json' size='4'/>
            </attachments>
            <failure>
                <message>browser.getUrlAndTitle is not a function</message>
                <stack-trace>TypeError: browser.getUrlAndTitle is not a function
                    at Context.&lt;anonymous> (C:\Users\Jidin\Downloads\volvo_webdriverio_automation_test\volvotest\test\specs\homepagetest.js:40:37)
                    at Context.executeAsync (C:\Users\Jidin\Downloads\volvo_webdriverio_automation_test\volvotest\node_modules\@wdio\utils\build\shim.js:333:27)
                    at Context.testFrameworkFnWrapper (C:\Users\Jidin\Downloads\volvo_webdriverio_automation_test\volvotest\node_modules\@wdio\utils\build\test-framework\testFnWrapper.js:51:32)</stack-trace>
            </failure>
        </test-case>
    </test-cases>
</ns2:test-suite>