<?xml version='1.0'?>
<ns2:test-suite xmlns:ns2='urn:model.allure.qatools.yandex.ru' start='1663690142963' stop='1663690145584'>
    <name>Home Page features test: </name>
    <title>Home Page features test: </title>
    <test-cases>
        <test-case start='1663690142963' status='passed' stop='1663690142971'>
            <name>Check browser details</name>
            <title>Check browser details</title>
            <labels>
                <label name='language' value='javascript'/>
                <label name='framework' value='wdio'/>
                <label name='thread' value='0-0'/>
            </labels>
            <parameters>
                <parameter kind='argument' name='browser' value='chrome-105.0.5195.127'/>
            </parameters>
            <steps>
                <step start='1663690142966' status='undefined'>
                    <name>POST /session/:sessionId/element</name>
                    <title>POST /session/:sessionId/element</title>
                    <attachments>
                        <attachment title='Request' source='485d75ea-2142-4140-b7ec-5e514aff7cc1-attachment.json' type='application/json' size='57'/>
                    </attachments>
                    <steps/>
                </step>
            </steps>
            <attachments/>
        </test-case>
        <test-case start='1663690142972' status='failed' stop='1663690143272'>
            <name>Should have the correct URL and title</name>
            <title>Should have the correct URL and title</title>
            <labels>
                <label name='language' value='javascript'/>
                <label name='framework' value='wdio'/>
                <label name='thread' value='0-0'/>
            </labels>
            <parameters>
                <parameter kind='argument' name='browser' value='chrome-105.0.5195.127'/>
            </parameters>
            <steps>
                <step start='1663690142972' status='passed' stop='1663690143271'>
                    <name>POST /session/:sessionId/window/maximize</name>
                    <title>POST /session/:sessionId/window/maximize</title>
                    <attachments>
                        <attachment title='Screenshot' source='0363b0ce-e905-4232-b8c8-5c9f4bd174bd-attachment.png' type='image/png' size='8715'/>
                    </attachments>
                    <steps>
                        <step start='1663690142973' status='passed' stop='1663690143131'>
                            <name>GET /session/:sessionId/title</name>
                            <title>GET /session/:sessionId/title</title>
                            <attachments>
                                <attachment title='Response' source='c14e4045-ea8e-4555-a0e8-abb836931349-attachment.json' type='application/json' size='58'/>
                            </attachments>
                            <steps>
                                <step start='1663690142979' status='passed' stop='1663690143016'>
                                    <name>GET /session/:sessionId/screenshot</name>
                                    <title>GET /session/:sessionId/screenshot</title>
                                    <attachments/>
                                    <steps>
                                        <step start='1663690142982' status='passed' stop='1663690142990'>
                                            <name>POST /session/:sessionId/url</name>
                                            <title>POST /session/:sessionId/url</title>
                                            <attachments>
                                                <attachment title='Request' source='9d01edb9-c084-4640-ba71-1671ab0d5237-attachment.json' type='application/json' size='73'/>
                                                <attachment title='Response' source='18ed43c1-0528-45ea-bafd-d29601c4a820-attachment.json' type='application/json' size='1028'/>
                                            </attachments>
                                            <steps/>
                                        </step>
                                        <step start='1663690142999' status='passed' stop='1663690143013'>
                                            <name>POST /session/:sessionId/elements</name>
                                            <title>POST /session/:sessionId/elements</title>
                                            <attachments>
                                                <attachment title='Request' source='f5992af7-1457-43d4-bb97-827f24f7da22-attachment.json' type='application/json' size='57'/>
                                                <attachment title='Response' source='3995f65b-55e0-4b28-91ff-49195daae8ef-attachment.json' type='application/json' size='2'/>
                                            </attachments>
                                            <steps/>
                                        </step>
                                    </steps>
                                </step>
                            </steps>
                        </step>
                    </steps>
                </step>
            </steps>
            <attachments/>
            <failure>
                <message>expect(received).toEqual(expected) // deep equality
                
                Expected: "https://www.volvocars.com/intl/v/car-safety/a-million-more"
                Received: {}</message>
                <stack-trace>Error: expect(received).toEqual(expected) // deep equality
                
                Expected: "https://www.volvocars.com/intl/v/car-safety/a-million-more"
                Received: {}
                    at Context.&lt;anonymous> (C:\Users\Jidin\Downloads\volvo_webdriverio_automation_test\volvotest\test\specs\homepagetest.js:18:26)
                    at Context.executeAsync (C:\Users\Jidin\Downloads\volvo_webdriverio_automation_test\volvotest\node_modules\@wdio\utils\build\shim.js:333:27)
                    at Context.testFrameworkFnWrapper (C:\Users\Jidin\Downloads\volvo_webdriverio_automation_test\volvotest\node_modules\@wdio\utils\build\test-framework\testFnWrapper.js:51:32)</stack-trace>
            </failure>
        </test-case>
        <test-case start='1663690143273' status='broken' stop='1663690145129'>
            <name>Video button exists</name>
            <title>Video button exists</title>
            <labels>
                <label name='language' value='javascript'/>
                <label name='framework' value='wdio'/>
                <label name='thread' value='0-0'/>
            </labels>
            <parameters>
                <parameter kind='argument' name='browser' value='chrome-105.0.5195.127'/>
            </parameters>
            <steps>
                <step start='1663690143274' status='broken' stop='1663690145129'>
                    <name>GET /session/:sessionId/screenshot</name>
                    <title>GET /session/:sessionId/screenshot</title>
                    <attachments/>
                    <steps>
                        <step start='1663690143276' status='passed' stop='1663690145128'>
                            <name>POST /session/:sessionId/element</name>
                            <title>POST /session/:sessionId/element</title>
                            <attachments>
                                <attachment title='Request' source='0a266794-a081-4329-8def-499c5e090794-attachment.json' type='application/json' size='52'/>
                                <attachment title='Screenshot' source='a4446060-5851-4a27-aac8-bbaab8df4405-attachment.png' type='image/png' size='143656'/>
                            </attachments>
                            <steps>
                                <step start='1663690143511' status='passed' stop='1663690144913'>
                                    <name>POST /session/:sessionId/elements</name>
                                    <title>POST /session/:sessionId/elements</title>
                                    <attachments>
                                        <attachment title='Request' source='4738565a-5db4-4916-8e34-f0cd41d5f350-attachment.json' type='application/json' size='57'/>
                                    </attachments>
                                    <steps/>
                                </step>
                            </steps>
                        </step>
                    </steps>
                </step>
            </steps>
            <attachments/>
            <failure>
                <message>assert is not defined</message>
                <stack-trace>ReferenceError: assert is not defined
                    at Context.&lt;anonymous> (C:\Users\Jidin\Downloads\volvo_webdriverio_automation_test\volvotest\test\specs\homepagetest.js:24:9)
                    at Context.executeAsync (C:\Users\Jidin\Downloads\volvo_webdriverio_automation_test\volvotest\node_modules\@wdio\utils\build\shim.js:333:27)
                    at Context.testFrameworkFnWrapper (C:\Users\Jidin\Downloads\volvo_webdriverio_automation_test\volvotest\node_modules\@wdio\utils\build\test-framework\testFnWrapper.js:51:32)</stack-trace>
            </failure>
        </test-case>
        <test-case start='1663690145129' status='broken' stop='1663690145323'>
            <name>Disclaimer Section exists</name>
            <title>Disclaimer Section exists</title>
            <labels>
                <label name='language' value='javascript'/>
                <label name='framework' value='wdio'/>
                <label name='thread' value='0-0'/>
            </labels>
            <parameters>
                <parameter kind='argument' name='browser' value='chrome-105.0.5195.127'/>
            </parameters>
            <steps>
                <step start='1663690145130' status='broken' stop='1663690145323'>
                    <name>GET /session/:sessionId/screenshot</name>
                    <title>GET /session/:sessionId/screenshot</title>
                    <attachments/>
                    <steps>
                        <step start='1663690145132' status='passed' stop='1663690145138'>
                            <name>POST /session/:sessionId/element</name>
                            <title>POST /session/:sessionId/element</title>
                            <attachments>
                                <attachment title='Request' source='ed43e168-36b5-4ee8-8142-8ce705fdff20-attachment.json' type='application/json' size='57'/>
                                <attachment title='Response' source='d422dcf5-9904-4600-b533-1ea34997e2c0-attachment.json' type='application/json' size='83'/>
                            </attachments>
                            <steps/>
                        </step>
                        <step start='1663690145142' status='broken' stop='1663690145323'>
                            <name>POST /session/:sessionId/execute/sync</name>
                            <title>POST /session/:sessionId/execute/sync</title>
                            <attachments>
                                <attachment title='Request' source='53d0aa0d-9ca1-418c-becb-b73bc99cb967-attachment.json' type='application/json' size='8331'/>
                            </attachments>
                            <steps>
                                <step start='1663690145146' status='passed' stop='1663690145150'>
                                    <name>POST /session/:sessionId/execute/sync</name>
                                    <title>POST /session/:sessionId/execute/sync</title>
                                    <attachments>
                                        <attachment title='Request' source='9220bd2d-4db8-406d-923c-32005a16bb7e-attachment.json' type='application/json' size='8331'/>
                                        <attachment title='Response' source='5ebf7175-e219-4e50-9dee-bbb452cbd594-attachment.json' type='application/json' size='2'/>
                                    </attachments>
                                    <steps/>
                                </step>
                                <step start='1663690145153' status='passed' stop='1663690145323'>
                                    <name>POST /session/:sessionId/elements</name>
                                    <title>POST /session/:sessionId/elements</title>
                                    <attachments>
                                        <attachment title='Request' source='6ca487bb-70c6-4ee5-8c6e-9a4c083716f2-attachment.json' type='application/json' size='57'/>
                                        <attachment title='Screenshot' source='df6ec5f2-971b-4b06-a256-5c9be10e73de-attachment.png' type='image/png' size='144473'/>
                                    </attachments>
                                    <steps/>
                                </step>
                            </steps>
                        </step>
                    </steps>
                </step>
            </steps>
            <attachments/>
            <failure>
                <message>assert is not defined</message>
                <stack-trace>ReferenceError: assert is not defined
                    at Context.&lt;anonymous> (C:\Users\Jidin\Downloads\volvo_webdriverio_automation_test\volvotest\test\specs\homepagetest.js:28:9)
                    at Context.executeAsync (C:\Users\Jidin\Downloads\volvo_webdriverio_automation_test\volvotest\node_modules\@wdio\utils\build\shim.js:333:27)
                    at Context.testFrameworkFnWrapper (C:\Users\Jidin\Downloads\volvo_webdriverio_automation_test\volvotest\node_modules\@wdio\utils\build\test-framework\testFnWrapper.js:51:32)</stack-trace>
            </failure>
        </test-case>
        <test-case start='1663690145324' status='broken' stop='1663690145583'>
            <name>Play Video, go to Cookies Page and check Title</name>
            <title>Play Video, go to Cookies Page and check Title</title>
            <labels>
                <label name='language' value='javascript'/>
                <label name='framework' value='wdio'/>
                <label name='thread' value='0-0'/>
            </labels>
            <parameters>
                <parameter kind='argument' name='browser' value='chrome-105.0.5195.127'/>
            </parameters>
            <steps>
                <step start='1663690145330' status='broken' stop='1663690145583'>
                    <name>POST /session/:sessionId/execute/sync</name>
                    <title>POST /session/:sessionId/execute/sync</title>
                    <attachments>
                        <attachment title='Request' source='ad046f65-5015-4833-b42b-165e225f776b-attachment.json' type='application/json' size='8331'/>
                    </attachments>
                    <steps>
                        <step start='1663690145333' status='broken' stop='1663690145583'>
                            <name>POST /session/:sessionId/execute/sync</name>
                            <title>POST /session/:sessionId/execute/sync</title>
                            <attachments>
                                <attachment title='Request' source='e706c02a-3a0e-40b8-bbff-7eec23141035-attachment.json' type='application/json' size='8331'/>
                            </attachments>
                            <steps>
                                <step start='1663690145339' status='passed' stop='1663690145368'>
                                    <name>POST /session/:sessionId/element</name>
                                    <title>POST /session/:sessionId/element</title>
                                    <attachments>
                                        <attachment title='Request' source='77f287e9-f7e9-47ac-9cf1-e70db7aa2300-attachment.json' type='application/json' size='83'/>
                                        <attachment title='Response' source='3600016b-4e91-45a8-83ee-acfeb5afa1c7-attachment.json' type='application/json' size='4'/>
                                    </attachments>
                                    <steps>
                                        <step start='1663690145342' status='passed' stop='1663690145365'>
                                            <name>POST /session/:sessionId/element</name>
                                            <title>POST /session/:sessionId/element</title>
                                            <attachments>
                                                <attachment title='Request' source='4de556e3-1752-4e61-80c3-ea43d4136059-attachment.json' type='application/json' size='85'/>
                                                <attachment title='Response' source='39d782fd-97b9-4881-8382-246b8f22b11c-attachment.json' type='application/json' size='4'/>
                                            </attachments>
                                            <steps>
                                                <step start='1663690145346' status='passed' stop='1663690145361'>
                                                    <name>POST /session/:sessionId/element</name>
                                                    <title>POST /session/:sessionId/element</title>
                                                    <attachments>
                                                        <attachment title='Request' source='fbfb73db-d69a-43f2-9c7e-739bf4d92b4f-attachment.json' type='application/json' size='79'/>
                                                        <attachment title='Response' source='3e477327-ae05-479f-8a03-1263554f189c-attachment.json' type='application/json' size='2'/>
                                                    </attachments>
                                                    <steps>
                                                        <step start='1663690145348' status='passed' stop='1663690145358'>
                                                            <name>GET /session/:sessionId/screenshot</name>
                                                            <title>GET /session/:sessionId/screenshot</title>
                                                            <attachments>
                                                                <attachment title='Response' source='45c35dda-f8db-4f6e-aa8f-d6e98440d8e3-attachment.json' type='application/json' size='4'/>
                                                            </attachments>
                                                            <steps>
                                                                <step start='1663690145350' status='passed' stop='1663690145356'>
                                                                    <name>POST /session/:sessionId/url</name>
                                                                    <title>POST /session/:sessionId/url</title>
                                                                    <attachments>
                                                                        <attachment title='Request' source='96c7461e-04f1-433d-ba91-1c1a078e690f-attachment.json' type='application/json' size='73'/>
                                                                        <attachment title='Response' source='e4b18969-9fe9-421c-b6ff-242316d32bbe-attachment.json' type='application/json' size='4'/>
                                                                    </attachments>
                                                                    <steps/>
                                                                </step>
                                                            </steps>
                                                        </step>
                                                    </steps>
                                                </step>
                                            </steps>
                                        </step>
                                    </steps>
                                </step>
                                <step start='1663690145368' status='passed' stop='1663690145378'>
                                    <name>POST /session/:sessionId/elements</name>
                                    <title>POST /session/:sessionId/elements</title>
                                    <attachments>
                                        <attachment title='Request' source='0749b397-732c-402f-8592-1c2174cc1c25-attachment.json' type='application/json' size='57'/>
                                        <attachment title='Response' source='1598b535-3ea7-4b45-86e7-3c438131bf6f-attachment.json' type='application/json' size='2'/>
                                    </attachments>
                                    <steps/>
                                </step>
                                <step start='1663690145381' status='passed' stop='1663690145582'>
                                    <name>POST /session/:sessionId/elements</name>
                                    <title>POST /session/:sessionId/elements</title>
                                    <attachments>
                                        <attachment title='Request' source='3232e88e-c470-479b-bc03-8ec86c1bdcb6-attachment.json' type='application/json' size='57'/>
                                        <attachment title='Screenshot' source='ae282267-3736-44c8-83ab-0ab02a7ef7ff-attachment.png' type='image/png' size='172232'/>
                                    </attachments>
                                    <steps/>
                                </step>
                            </steps>
                        </step>
                    </steps>
                </step>
            </steps>
            <attachments>
                <attachment title='Response' source='58efe07b-fe50-4205-9081-e7c635110a81-attachment.json' type='application/json' size='83'/>
            </attachments>
            <failure>
                <message>browser.getUrlAndTitle is not a function</message>
                <stack-trace>TypeError: browser.getUrlAndTitle is not a function
                    at Context.&lt;anonymous> (C:\Users\Jidin\Downloads\volvo_webdriverio_automation_test\volvotest\test\specs\homepagetest.js:41:37)
                    at Context.executeAsync (C:\Users\Jidin\Downloads\volvo_webdriverio_automation_test\volvotest\node_modules\@wdio\utils\build\shim.js:333:27)
                    at Context.testFrameworkFnWrapper (C:\Users\Jidin\Downloads\volvo_webdriverio_automation_test\volvotest\node_modules\@wdio\utils\build\test-framework\testFnWrapper.js:51:32)</stack-trace>
            </failure>
        </test-case>
    </test-cases>
</ns2:test-suite>