<?xml version='1.0'?>
<ns2:test-suite xmlns:ns2='urn:model.allure.qatools.yandex.ru' start='1663687926018' stop='1663687929170'>
    <name>Home Page features test: </name>
    <title>Home Page features test: </title>
    <test-cases>
        <test-case start='1663687926018' status='passed' stop='1663687926026'>
            <name>Check browser details</name>
            <title>Check browser details</title>
            <labels>
                <label name='language' value='javascript'/>
                <label name='framework' value='wdio'/>
                <label name='thread' value='0-0'/>
            </labels>
            <parameters>
                <parameter kind='argument' name='browser' value='chrome-105.0.5195.127'/>
            </parameters>
            <steps>
                <step start='1663687926021' status='undefined'>
                    <name>POST /session/:sessionId/element</name>
                    <title>POST /session/:sessionId/element</title>
                    <attachments>
                        <attachment title='Request' source='6ba56420-560c-4054-86e2-73e212f49b0e-attachment.json' type='application/json' size='57'/>
                    </attachments>
                    <steps/>
                </step>
            </steps>
            <attachments/>
        </test-case>
        <test-case start='1663687926027' status='broken' stop='1663687926312'>
            <name>Should have the correct URL and title</name>
            <title>Should have the correct URL and title</title>
            <labels>
                <label name='language' value='javascript'/>
                <label name='framework' value='wdio'/>
                <label name='thread' value='0-0'/>
            </labels>
            <parameters>
                <parameter kind='argument' name='browser' value='chrome-105.0.5195.127'/>
            </parameters>
            <steps>
                <step start='1663687926027' status='broken' stop='1663687926311'>
                    <name>POST /session/:sessionId/window/maximize</name>
                    <title>POST /session/:sessionId/window/maximize</title>
                    <attachments/>
                    <steps>
                        <step start='1663687926029' status='passed' stop='1663687926310'>
                            <name>GET /session/:sessionId/screenshot</name>
                            <title>GET /session/:sessionId/screenshot</title>
                            <attachments>
                                <attachment title='Screenshot' source='a7d98af9-f343-40cf-8775-41bbdce3bc5a-attachment.png' type='image/png' size='8715'/>
                            </attachments>
                            <steps>
                                <step start='1663687926032' status='passed' stop='1663687926043'>
                                    <name>POST /session/:sessionId/url</name>
                                    <title>POST /session/:sessionId/url</title>
                                    <attachments>
                                        <attachment title='Request' source='b292a73d-8340-42c7-859d-8fb8c184e246-attachment.json' type='application/json' size='73'/>
                                        <attachment title='Response' source='d6407b5e-6686-4a7b-a312-ba7cb841d21b-attachment.json' type='application/json' size='1028'/>
                                    </attachments>
                                    <steps/>
                                </step>
                                <step start='1663687926054' status='passed' stop='1663687926169'>
                                    <name>POST /session/:sessionId/elements</name>
                                    <title>POST /session/:sessionId/elements</title>
                                    <attachments>
                                        <attachment title='Request' source='d6374144-c2f7-4ca1-9920-7b4c8885bcc9-attachment.json' type='application/json' size='57'/>
                                        <attachment title='Response' source='0e3f36fa-71dc-46ea-a221-dcf3705516dc-attachment.json' type='application/json' size='58'/>
                                    </attachments>
                                    <steps/>
                                </step>
                            </steps>
                        </step>
                    </steps>
                </step>
            </steps>
            <attachments/>
            <failure>
                <message>Cannot read properties of undefined (reading 'waitForDisplayed')</message>
                <stack-trace>TypeError: Cannot read properties of undefined (reading 'waitForDisplayed')
                    at Context.&lt;anonymous> (C:\Users\Jidin\Downloads\volvo_webdriverio_automation_test\volvotest\test\specs\homepagetest.js:15:35)
                    at Context.executeAsync (C:\Users\Jidin\Downloads\volvo_webdriverio_automation_test\volvotest\node_modules\@wdio\utils\build\shim.js:333:27)
                    at Context.testFrameworkFnWrapper (C:\Users\Jidin\Downloads\volvo_webdriverio_automation_test\volvotest\node_modules\@wdio\utils\build\test-framework\testFnWrapper.js:51:32)</stack-trace>
            </failure>
        </test-case>
        <test-case start='1663687926312' status='broken' stop='1663687928575'>
            <name>Video button exists</name>
            <title>Video button exists</title>
            <labels>
                <label name='language' value='javascript'/>
                <label name='framework' value='wdio'/>
                <label name='thread' value='0-0'/>
            </labels>
            <parameters>
                <parameter kind='argument' name='browser' value='chrome-105.0.5195.127'/>
            </parameters>
            <steps>
                <step start='1663687926313' status='passed' stop='1663687928352'>
                    <name>GET /session/:sessionId/screenshot</name>
                    <title>GET /session/:sessionId/screenshot</title>
                    <attachments>
                        <attachment title='Response' source='12989f58-24ec-48d4-825c-0153e487751b-attachment.json' type='application/json' size='2'/>
                    </attachments>
                    <steps>
                        <step start='1663687926315' status='passed' stop='1663687928337'>
                            <name>POST /session/:sessionId/element</name>
                            <title>POST /session/:sessionId/element</title>
                            <attachments>
                                <attachment title='Request' source='83efbba3-0826-4777-bc04-d38689f1de83-attachment.json' type='application/json' size='52'/>
                            </attachments>
                            <steps/>
                        </step>
                    </steps>
                </step>
                <step start='1663687928360' status='passed' stop='1663687928575'>
                    <name>POST /session/:sessionId/elements</name>
                    <title>POST /session/:sessionId/elements</title>
                    <attachments>
                        <attachment title='Request' source='d07920cc-18c6-4be2-a92e-0d869e7d9218-attachment.json' type='application/json' size='57'/>
                        <attachment title='Screenshot' source='12da2a5f-b950-4b54-b923-0b3989a422c8-attachment.png' type='image/png' size='165789'/>
                    </attachments>
                    <steps/>
                </step>
                <step start='1663687928583' status='undefined'>
                    <name>POST /session/:sessionId/execute/sync</name>
                    <title>POST /session/:sessionId/execute/sync</title>
                    <attachments>
                        <attachment title='Request' source='da6863fa-3ada-45c9-bca7-344d798d7a5e-attachment.json' type='application/json' size='8331'/>
                    </attachments>
                    <steps>
                        <step start='1663687928591' status='undefined'>
                            <name>POST /session/:sessionId/execute/sync</name>
                            <title>POST /session/:sessionId/execute/sync</title>
                            <attachments>
                                <attachment title='Request' source='019d2f3f-6b75-40ac-a8c1-489f9c404363-attachment.json' type='application/json' size='8331'/>
                            </attachments>
                            <steps/>
                        </step>
                    </steps>
                </step>
            </steps>
            <attachments>
                <attachment title='Response' source='024eade1-ed8c-4cf1-af19-077df52e239b-attachment.json' type='application/json' size='83'/>
            </attachments>
            <failure>
                <message>assert is not defined</message>
                <stack-trace>ReferenceError: assert is not defined
                    at Context.&lt;anonymous> (C:\Users\Jidin\Downloads\volvo_webdriverio_automation_test\volvotest\test\specs\homepagetest.js:23:9)
                    at Context.executeAsync (C:\Users\Jidin\Downloads\volvo_webdriverio_automation_test\volvotest\node_modules\@wdio\utils\build\shim.js:333:27)
                    at Context.testFrameworkFnWrapper (C:\Users\Jidin\Downloads\volvo_webdriverio_automation_test\volvotest\node_modules\@wdio\utils\build\test-framework\testFnWrapper.js:51:32)</stack-trace>
            </failure>
        </test-case>
        <test-case start='1663687928596' status='broken' stop='1663687928904'>
            <name>Disclaimer Section exists</name>
            <title>Disclaimer Section exists</title>
            <labels>
                <label name='language' value='javascript'/>
                <label name='framework' value='wdio'/>
                <label name='thread' value='0-0'/>
            </labels>
            <parameters>
                <parameter kind='argument' name='browser' value='chrome-105.0.5195.127'/>
            </parameters>
            <steps>
                <step start='1663687928601' status='passed' stop='1663687928689'>
                    <name>POST /session/:sessionId/elements</name>
                    <title>POST /session/:sessionId/elements</title>
                    <attachments>
                        <attachment title='Request' source='76958041-167f-454c-81d3-ab101c60a8ff-attachment.json' type='application/json' size='57'/>
                        <attachment title='Response' source='bb4daa44-de7f-4bdd-a5dd-ecfbe5034c7f-attachment.json' type='application/json' size='2'/>
                    </attachments>
                    <steps>
                        <step start='1663687928605' status='passed' stop='1663687928684'>
                            <name>GET /session/:sessionId/screenshot</name>
                            <title>GET /session/:sessionId/screenshot</title>
                            <attachments>
                                <attachment title='Response' source='8a40f7ef-ceee-4744-96a2-36cd3ec2d7f0-attachment.json' type='application/json' size='4'/>
                            </attachments>
                            <steps>
                                <step start='1663687928607' status='passed' stop='1663687928678'>
                                    <name>POST /session/:sessionId/element</name>
                                    <title>POST /session/:sessionId/element</title>
                                    <attachments>
                                        <attachment title='Request' source='ac3b4d1a-e9cf-4414-975c-c5658f61a6a0-attachment.json' type='application/json' size='57'/>
                                        <attachment title='Response' source='fa70f6b7-6f49-462a-b741-7248a5db6b51-attachment.json' type='application/json' size='4'/>
                                    </attachments>
                                    <steps/>
                                </step>
                            </steps>
                        </step>
                    </steps>
                </step>
                <step start='1663687928693' status='passed' stop='1663687928903'>
                    <name>POST /session/:sessionId/elements</name>
                    <title>POST /session/:sessionId/elements</title>
                    <attachments>
                        <attachment title='Request' source='c8ce8800-e079-408f-a0e8-7070a72a6b25-attachment.json' type='application/json' size='57'/>
                        <attachment title='Screenshot' source='a606c00d-67de-474f-99f3-801b0a1fb995-attachment.png' type='image/png' size='162341'/>
                    </attachments>
                    <steps/>
                </step>
                <step start='1663687928911' status='undefined'>
                    <name>POST /session/:sessionId/execute/sync</name>
                    <title>POST /session/:sessionId/execute/sync</title>
                    <attachments>
                        <attachment title='Request' source='16fdc3e7-672f-440f-8567-6dda2687c318-attachment.json' type='application/json' size='8331'/>
                    </attachments>
                    <steps>
                        <step start='1663687928915' status='undefined'>
                            <name>POST /session/:sessionId/execute/sync</name>
                            <title>POST /session/:sessionId/execute/sync</title>
                            <attachments>
                                <attachment title='Request' source='426792c6-274d-4e94-8b50-03384beec6da-attachment.json' type='application/json' size='8331'/>
                            </attachments>
                            <steps/>
                        </step>
                    </steps>
                </step>
            </steps>
            <attachments>
                <attachment title='Response' source='ac262ae2-4704-4053-9fbe-4ec6154932f6-attachment.json' type='application/json' size='2'/>
                <attachment title='Response' source='f829e07d-d810-4b4e-9159-4efd6f04029f-attachment.json' type='application/json' size='83'/>
            </attachments>
            <failure>
                <message>assert is not defined</message>
                <stack-trace>ReferenceError: assert is not defined
                    at Context.&lt;anonymous> (C:\Users\Jidin\Downloads\volvo_webdriverio_automation_test\volvotest\test\specs\homepagetest.js:27:9)
                    at Context.executeAsync (C:\Users\Jidin\Downloads\volvo_webdriverio_automation_test\volvotest\node_modules\@wdio\utils\build\shim.js:333:27)
                    at Context.testFrameworkFnWrapper (C:\Users\Jidin\Downloads\volvo_webdriverio_automation_test\volvotest\node_modules\@wdio\utils\build\test-framework\testFnWrapper.js:51:32)</stack-trace>
            </failure>
        </test-case>
        <test-case start='1663687928921' status='broken' stop='1663687929169'>
            <name>Play Video, go to Cookies Page and check Title</name>
            <title>Play Video, go to Cookies Page and check Title</title>
            <labels>
                <label name='language' value='javascript'/>
                <label name='framework' value='wdio'/>
                <label name='thread' value='0-0'/>
            </labels>
            <parameters>
                <parameter kind='argument' name='browser' value='chrome-105.0.5195.127'/>
            </parameters>
            <steps>
                <step start='1663687928930' status='passed' stop='1663687928937'>
                    <name>POST /session/:sessionId/elements</name>
                    <title>POST /session/:sessionId/elements</title>
                    <attachments>
                        <attachment title='Request' source='46a5acca-29a7-454b-9fbe-6123bd30c9b4-attachment.json' type='application/json' size='57'/>
                        <attachment title='Response' source='54a0fdd9-769d-442a-84bb-0b68cb246c89-attachment.json' type='application/json' size='4'/>
                    </attachments>
                    <steps/>
                </step>
                <step start='1663687928939' status='broken' stop='1663687929169'>
                    <name>POST /session/:sessionId/element</name>
                    <title>POST /session/:sessionId/element</title>
                    <attachments>
                        <attachment title='Request' source='ef77d6b4-7bd4-4db8-8a14-23330552ba28-attachment.json' type='application/json' size='83'/>
                    </attachments>
                    <steps>
                        <step start='1663687928942' status='broken' stop='1663687929169'>
                            <name>POST /session/:sessionId/element</name>
                            <title>POST /session/:sessionId/element</title>
                            <attachments>
                                <attachment title='Request' source='53890c0c-5ac0-4052-a325-5ab8129d440b-attachment.json' type='application/json' size='85'/>
                            </attachments>
                            <steps>
                                <step start='1663687928944' status='broken' stop='1663687929169'>
                                    <name>POST /session/:sessionId/element</name>
                                    <title>POST /session/:sessionId/element</title>
                                    <attachments>
                                        <attachment title='Request' source='e12f5af7-16ea-4c76-82fc-4ea0fc038097-attachment.json' type='application/json' size='79'/>
                                    </attachments>
                                    <steps>
                                        <step start='1663687928947' status='passed' stop='1663687928956'>
                                            <name>GET /session/:sessionId/screenshot</name>
                                            <title>GET /session/:sessionId/screenshot</title>
                                            <attachments>
                                                <attachment title='Response' source='cea9c304-9934-4e7a-9914-fa6af5987a12-attachment.json' type='application/json' size='2'/>
                                            </attachments>
                                            <steps>
                                                <step start='1663687928949' status='passed' stop='1663687928955'>
                                                    <name>POST /session/:sessionId/url</name>
                                                    <title>POST /session/:sessionId/url</title>
                                                    <attachments>
                                                        <attachment title='Request' source='625923e0-6939-4e85-a961-f19ca572300c-attachment.json' type='application/json' size='73'/>
                                                        <attachment title='Response' source='66c6ae99-5a18-453c-b901-68fbf9306b78-attachment.json' type='application/json' size='4'/>
                                                    </attachments>
                                                    <steps/>
                                                </step>
                                            </steps>
                                        </step>
                                        <step start='1663687928974' status='passed' stop='1663687929168'>
                                            <name>POST /session/:sessionId/elements</name>
                                            <title>POST /session/:sessionId/elements</title>
                                            <attachments>
                                                <attachment title='Request' source='e0755d85-3a6c-41b6-a188-4c7a90c63feb-attachment.json' type='application/json' size='57'/>
                                                <attachment title='Screenshot' source='206662e8-9deb-48ad-ac5b-a14765f8afd9-attachment.png' type='image/png' size='163786'/>
                                            </attachments>
                                            <steps/>
                                        </step>
                                    </steps>
                                </step>
                            </steps>
                        </step>
                    </steps>
                </step>
            </steps>
            <attachments>
                <attachment title='Response' source='0f456a81-c409-40a0-8542-4086b416c22f-attachment.json' type='application/json' size='2'/>
            </attachments>
            <failure>
                <message>browser.getUrlAndTitle is not a function</message>
                <stack-trace>TypeError: browser.getUrlAndTitle is not a function
                    at Context.&lt;anonymous> (C:\Users\Jidin\Downloads\volvo_webdriverio_automation_test\volvotest\test\specs\homepagetest.js:40:37)
                    at Context.executeAsync (C:\Users\Jidin\Downloads\volvo_webdriverio_automation_test\volvotest\node_modules\@wdio\utils\build\shim.js:333:27)
                    at Context.testFrameworkFnWrapper (C:\Users\Jidin\Downloads\volvo_webdriverio_automation_test\volvotest\node_modules\@wdio\utils\build\test-framework\testFnWrapper.js:51:32)</stack-trace>
            </failure>
        </test-case>
    </test-cases>
</ns2:test-suite>