<?xml version='1.0'?>
<ns2:test-suite xmlns:ns2='urn:model.allure.qatools.yandex.ru' start='1663687844087' stop='1663687846830'>
    <name>Home Page features test: </name>
    <title>Home Page features test: </title>
    <test-cases>
        <test-case start='1663687844087' status='passed' stop='1663687844097'>
            <name>Check browser details</name>
            <title>Check browser details</title>
            <labels>
                <label name='language' value='javascript'/>
                <label name='framework' value='wdio'/>
                <label name='thread' value='0-0'/>
            </labels>
            <parameters>
                <parameter kind='argument' name='browser' value='chrome-105.0.5195.127'/>
            </parameters>
            <steps>
                <step start='1663687844091' status='undefined'>
                    <name>POST /session/:sessionId/element</name>
                    <title>POST /session/:sessionId/element</title>
                    <attachments>
                        <attachment title='Request' source='a3cc09f5-05ed-4b3b-9a93-b0c0953b8beb-attachment.json' type='application/json' size='57'/>
                    </attachments>
                    <steps/>
                </step>
            </steps>
            <attachments/>
        </test-case>
        <test-case start='1663687844097' status='broken' stop='1663687844404'>
            <name>Should have the correct URL and title</name>
            <title>Should have the correct URL and title</title>
            <labels>
                <label name='language' value='javascript'/>
                <label name='framework' value='wdio'/>
                <label name='thread' value='0-0'/>
            </labels>
            <parameters>
                <parameter kind='argument' name='browser' value='chrome-105.0.5195.127'/>
            </parameters>
            <steps>
                <step start='1663687844098' status='broken' stop='1663687844404'>
                    <name>POST /session/:sessionId/window/maximize</name>
                    <title>POST /session/:sessionId/window/maximize</title>
                    <attachments/>
                    <steps>
                        <step start='1663687844100' status='passed' stop='1663687844403'>
                            <name>GET /session/:sessionId/screenshot</name>
                            <title>GET /session/:sessionId/screenshot</title>
                            <attachments>
                                <attachment title='Screenshot' source='2919aa58-d0d8-4013-aef2-526e751eb386-attachment.png' type='image/png' size='8715'/>
                            </attachments>
                            <steps>
                                <step start='1663687844103' status='passed' stop='1663687844117'>
                                    <name>POST /session/:sessionId/url</name>
                                    <title>POST /session/:sessionId/url</title>
                                    <attachments>
                                        <attachment title='Request' source='d020221b-33a8-4816-b95c-53548f3eabbf-attachment.json' type='application/json' size='73'/>
                                        <attachment title='Response' source='06f643a1-1d9f-4d88-8323-883d40218d9f-attachment.json' type='application/json' size='1028'/>
                                    </attachments>
                                    <steps/>
                                </step>
                                <step start='1663687844125' status='passed' stop='1663687844242'>
                                    <name>POST /session/:sessionId/elements</name>
                                    <title>POST /session/:sessionId/elements</title>
                                    <attachments>
                                        <attachment title='Request' source='167bf15f-e9cb-4629-8a35-10e4aa2bb8e3-attachment.json' type='application/json' size='57'/>
                                        <attachment title='Response' source='58850757-02bf-49b2-bcf8-69029769fbad-attachment.json' type='application/json' size='58'/>
                                    </attachments>
                                    <steps/>
                                </step>
                            </steps>
                        </step>
                    </steps>
                </step>
            </steps>
            <attachments/>
            <failure>
                <message>homePage.acceptAllCoockie is not a function</message>
                <stack-trace>TypeError: homePage.acceptAllCoockie is not a function
                    at Context.&lt;anonymous> (C:\Users\Jidin\Downloads\volvo_webdriverio_automation_test\volvotest\test\specs\homepagetest.js:15:24)
                    at Context.executeAsync (C:\Users\Jidin\Downloads\volvo_webdriverio_automation_test\volvotest\node_modules\@wdio\utils\build\shim.js:333:27)
                    at Context.testFrameworkFnWrapper (C:\Users\Jidin\Downloads\volvo_webdriverio_automation_test\volvotest\node_modules\@wdio\utils\build\test-framework\testFnWrapper.js:51:32)</stack-trace>
            </failure>
        </test-case>
        <test-case start='1663687844405' status='broken' stop='1663687846274'>
            <name>Video button exists</name>
            <title>Video button exists</title>
            <labels>
                <label name='language' value='javascript'/>
                <label name='framework' value='wdio'/>
                <label name='thread' value='0-0'/>
            </labels>
            <parameters>
                <parameter kind='argument' name='browser' value='chrome-105.0.5195.127'/>
            </parameters>
            <steps>
                <step start='1663687844406' status='passed' stop='1663687846023'>
                    <name>GET /session/:sessionId/screenshot</name>
                    <title>GET /session/:sessionId/screenshot</title>
                    <attachments>
                        <attachment title='Response' source='1f7c18a8-b67b-459c-a8c7-096e229990fb-attachment.json' type='application/json' size='2'/>
                    </attachments>
                    <steps>
                        <step start='1663687844408' status='passed' stop='1663687846012'>
                            <name>POST /session/:sessionId/element</name>
                            <title>POST /session/:sessionId/element</title>
                            <attachments>
                                <attachment title='Request' source='7dfd4a41-1cdf-442f-a052-2b5b17adcbb9-attachment.json' type='application/json' size='52'/>
                            </attachments>
                            <steps/>
                        </step>
                    </steps>
                </step>
                <step start='1663687846040' status='passed' stop='1663687846274'>
                    <name>POST /session/:sessionId/elements</name>
                    <title>POST /session/:sessionId/elements</title>
                    <attachments>
                        <attachment title='Request' source='9e14bf92-9493-4993-8882-847e0aa8258b-attachment.json' type='application/json' size='57'/>
                        <attachment title='Screenshot' source='eec21f50-3039-4d7f-8a0e-477b22d54578-attachment.png' type='image/png' size='153743'/>
                    </attachments>
                    <steps/>
                </step>
            </steps>
            <attachments/>
            <failure>
                <message>assert is not defined</message>
                <stack-trace>ReferenceError: assert is not defined
                    at Context.&lt;anonymous> (C:\Users\Jidin\Downloads\volvo_webdriverio_automation_test\volvotest\test\specs\homepagetest.js:22:9)
                    at Context.executeAsync (C:\Users\Jidin\Downloads\volvo_webdriverio_automation_test\volvotest\node_modules\@wdio\utils\build\shim.js:333:27)
                    at Context.testFrameworkFnWrapper (C:\Users\Jidin\Downloads\volvo_webdriverio_automation_test\volvotest\node_modules\@wdio\utils\build\test-framework\testFnWrapper.js:51:32)</stack-trace>
            </failure>
        </test-case>
        <test-case start='1663687846275' status='broken' stop='1663687846578'>
            <name>Disclaimer Section exists</name>
            <title>Disclaimer Section exists</title>
            <labels>
                <label name='language' value='javascript'/>
                <label name='framework' value='wdio'/>
                <label name='thread' value='0-0'/>
            </labels>
            <parameters>
                <parameter kind='argument' name='browser' value='chrome-105.0.5195.127'/>
            </parameters>
            <steps>
                <step start='1663687846281' status='broken' stop='1663687846578'>
                    <name>POST /session/:sessionId/execute/sync</name>
                    <title>POST /session/:sessionId/execute/sync</title>
                    <attachments>
                        <attachment title='Request' source='7f52af7e-1af1-41da-993c-231ca8de0bb2-attachment.json' type='application/json' size='8331'/>
                    </attachments>
                    <steps>
                        <step start='1663687846285' status='passed' stop='1663687846578'>
                            <name>POST /session/:sessionId/execute/sync</name>
                            <title>POST /session/:sessionId/execute/sync</title>
                            <attachments>
                                <attachment title='Request' source='28a3883f-5dd4-41db-8092-df6c41005142-attachment.json' type='application/json' size='8331'/>
                                <attachment title='Screenshot' source='83228e1a-89b0-4aba-9a19-00f1368ea187-attachment.png' type='image/png' size='165614'/>
                            </attachments>
                            <steps>
                                <step start='1663687846290' status='passed' stop='1663687846305'>
                                    <name>GET /session/:sessionId/screenshot</name>
                                    <title>GET /session/:sessionId/screenshot</title>
                                    <attachments>
                                        <attachment title='Response' source='32d71cc6-ec79-48af-bd0d-171cd17ffcac-attachment.json' type='application/json' size='4'/>
                                    </attachments>
                                    <steps>
                                        <step start='1663687846293' status='passed' stop='1663687846301'>
                                            <name>POST /session/:sessionId/element</name>
                                            <title>POST /session/:sessionId/element</title>
                                            <attachments>
                                                <attachment title='Request' source='80c35fe5-9c72-4fa4-b20d-a3d59ecc6976-attachment.json' type='application/json' size='57'/>
                                                <attachment title='Response' source='a9e226ff-3c14-4bfd-ab12-704e027bde0a-attachment.json' type='application/json' size='2'/>
                                            </attachments>
                                            <steps/>
                                        </step>
                                    </steps>
                                </step>
                                <step start='1663687846305' status='passed' stop='1663687846311'>
                                    <name>POST /session/:sessionId/elements</name>
                                    <title>POST /session/:sessionId/elements</title>
                                    <attachments>
                                        <attachment title='Request' source='d8c763fc-96c4-47a6-b891-4d68231f479c-attachment.json' type='application/json' size='57'/>
                                        <attachment title='Response' source='60329598-1c40-44b5-9156-cd2f9e335fcb-attachment.json' type='application/json' size='4'/>
                                    </attachments>
                                    <steps/>
                                </step>
                            </steps>
                        </step>
                    </steps>
                </step>
            </steps>
            <attachments>
                <attachment title='Response' source='1ed208bc-a88f-4c9c-b4f4-422b2d1c7936-attachment.json' type='application/json' size='83'/>
                <attachment title='Response' source='f7ebee86-6170-4f2b-84c2-ea7b9e37e032-attachment.json' type='application/json' size='2'/>
            </attachments>
            <failure>
                <message>assert is not defined</message>
                <stack-trace>ReferenceError: assert is not defined
                    at Context.&lt;anonymous> (C:\Users\Jidin\Downloads\volvo_webdriverio_automation_test\volvotest\test\specs\homepagetest.js:26:9)
                    at Context.executeAsync (C:\Users\Jidin\Downloads\volvo_webdriverio_automation_test\volvotest\node_modules\@wdio\utils\build\shim.js:333:27)
                    at Context.testFrameworkFnWrapper (C:\Users\Jidin\Downloads\volvo_webdriverio_automation_test\volvotest\node_modules\@wdio\utils\build\test-framework\testFnWrapper.js:51:32)</stack-trace>
            </failure>
        </test-case>
        <test-case start='1663687846582' status='broken' stop='1663687846829'>
            <name>Play Video, go to Cookies Page and check Title</name>
            <title>Play Video, go to Cookies Page and check Title</title>
            <labels>
                <label name='language' value='javascript'/>
                <label name='framework' value='wdio'/>
                <label name='thread' value='0-0'/>
            </labels>
            <parameters>
                <parameter kind='argument' name='browser' value='chrome-105.0.5195.127'/>
            </parameters>
            <steps>
                <step start='1663687846583' status='broken' stop='1663687846829'>
                    <name>POST /session/:sessionId/element</name>
                    <title>POST /session/:sessionId/element</title>
                    <attachments>
                        <attachment title='Request' source='6c00f4b1-cbe5-4c0d-9743-a55edd23a17c-attachment.json' type='application/json' size='83'/>
                    </attachments>
                    <steps>
                        <step start='1663687846586' status='broken' stop='1663687846829'>
                            <name>POST /session/:sessionId/element</name>
                            <title>POST /session/:sessionId/element</title>
                            <attachments>
                                <attachment title='Request' source='8bd6a08c-eb40-43b0-9c45-0190d6dd3d46-attachment.json' type='application/json' size='85'/>
                            </attachments>
                            <steps>
                                <step start='1663687846587' status='broken' stop='1663687846829'>
                                    <name>POST /session/:sessionId/element</name>
                                    <title>POST /session/:sessionId/element</title>
                                    <attachments>
                                        <attachment title='Request' source='86a68b85-79f9-4812-bf26-f8c4604a1a30-attachment.json' type='application/json' size='79'/>
                                    </attachments>
                                    <steps>
                                        <step start='1663687846590' status='broken' stop='1663687846829'>
                                            <name>GET /session/:sessionId/screenshot</name>
                                            <title>GET /session/:sessionId/screenshot</title>
                                            <attachments/>
                                            <steps>
                                                <step start='1663687846592' status='broken' stop='1663687846829'>
                                                    <name>POST /session/:sessionId/url</name>
                                                    <title>POST /session/:sessionId/url</title>
                                                    <attachments>
                                                        <attachment title='Request' source='c7e437ed-1f32-4ece-a0b8-db04c41dbcb9-attachment.json' type='application/json' size='73'/>
                                                    </attachments>
                                                    <steps>
                                                        <step start='1663687846596' status='passed' stop='1663687846601'>
                                                            <name>POST /session/:sessionId/elements</name>
                                                            <title>POST /session/:sessionId/elements</title>
                                                            <attachments>
                                                                <attachment title='Request' source='371fa82a-858c-4f6b-af0e-87fad6e76ea2-attachment.json' type='application/json' size='57'/>
                                                                <attachment title='Response' source='5fb2a3c5-8d0c-48d1-b098-c1a607a27574-attachment.json' type='application/json' size='83'/>
                                                            </attachments>
                                                            <steps/>
                                                        </step>
                                                        <step start='1663687846606' status='broken' stop='1663687846829'>
                                                            <name>POST /session/:sessionId/execute/sync</name>
                                                            <title>POST /session/:sessionId/execute/sync</title>
                                                            <attachments>
                                                                <attachment title='Request' source='aba4f369-162f-42af-8968-63efa1647c2f-attachment.json' type='application/json' size='8331'/>
                                                            </attachments>
                                                            <steps>
                                                                <step start='1663687846610' status='passed' stop='1663687846829'>
                                                                    <name>POST /session/:sessionId/execute/sync</name>
                                                                    <title>POST /session/:sessionId/execute/sync</title>
                                                                    <attachments>
                                                                        <attachment title='Request' source='237a7feb-694c-4583-9fff-3dbb2dfb67c5-attachment.json' type='application/json' size='8331'/>
                                                                        <attachment title='Screenshot' source='9c67f7fe-c823-460b-a509-47288b73b484-attachment.png' type='image/png' size='160813'/>
                                                                    </attachments>
                                                                    <steps/>
                                                                </step>
                                                            </steps>
                                                        </step>
                                                    </steps>
                                                </step>
                                            </steps>
                                        </step>
                                    </steps>
                                </step>
                            </steps>
                        </step>
                    </steps>
                </step>
            </steps>
            <attachments/>
            <failure>
                <message>browser.getUrlAndTitle is not a function</message>
                <stack-trace>TypeError: browser.getUrlAndTitle is not a function
                    at Context.&lt;anonymous> (C:\Users\Jidin\Downloads\volvo_webdriverio_automation_test\volvotest\test\specs\homepagetest.js:39:37)
                    at Context.executeAsync (C:\Users\Jidin\Downloads\volvo_webdriverio_automation_test\volvotest\node_modules\@wdio\utils\build\shim.js:333:27)
                    at Context.testFrameworkFnWrapper (C:\Users\Jidin\Downloads\volvo_webdriverio_automation_test\volvotest\node_modules\@wdio\utils\build\test-framework\testFnWrapper.js:51:32)</stack-trace>
            </failure>
        </test-case>
    </test-cases>
</ns2:test-suite>