<?xml version='1.0'?>
<ns2:test-suite xmlns:ns2='urn:model.allure.qatools.yandex.ru' start='1663689275633' stop='1663689278609'>
    <name>Home Page features test: </name>
    <title>Home Page features test: </title>
    <test-cases>
        <test-case start='1663689275634' status='passed' stop='1663689275642'>
            <name>Check browser details</name>
            <title>Check browser details</title>
            <labels>
                <label name='language' value='javascript'/>
                <label name='framework' value='wdio'/>
                <label name='thread' value='0-0'/>
            </labels>
            <parameters>
                <parameter kind='argument' name='browser' value='chrome-105.0.5195.127'/>
            </parameters>
            <steps>
                <step start='1663689275637' status='undefined'>
                    <name>POST /session/:sessionId/element</name>
                    <title>POST /session/:sessionId/element</title>
                    <attachments>
                        <attachment title='Request' source='df24b3f4-70d9-4479-9ba6-61b2c58e954b-attachment.json' type='application/json' size='57'/>
                    </attachments>
                    <steps/>
                </step>
            </steps>
            <attachments/>
        </test-case>
        <test-case start='1663689275643' status='broken' stop='1663689275920'>
            <name>Should have the correct URL and title</name>
            <title>Should have the correct URL and title</title>
            <labels>
                <label name='language' value='javascript'/>
                <label name='framework' value='wdio'/>
                <label name='thread' value='0-0'/>
            </labels>
            <parameters>
                <parameter kind='argument' name='browser' value='chrome-105.0.5195.127'/>
            </parameters>
            <steps>
                <step start='1663689275643' status='broken' stop='1663689275920'>
                    <name>POST /session/:sessionId/window/maximize</name>
                    <title>POST /session/:sessionId/window/maximize</title>
                    <attachments/>
                    <steps>
                        <step start='1663689275645' status='passed' stop='1663689275919'>
                            <name>GET /session/:sessionId/screenshot</name>
                            <title>GET /session/:sessionId/screenshot</title>
                            <attachments>
                                <attachment title='Screenshot' source='7d704bd9-a8b5-4601-a09f-66bfb142cf04-attachment.png' type='image/png' size='8715'/>
                            </attachments>
                            <steps>
                                <step start='1663689275647' status='passed' stop='1663689275660'>
                                    <name>POST /session/:sessionId/url</name>
                                    <title>POST /session/:sessionId/url</title>
                                    <attachments>
                                        <attachment title='Request' source='947ba587-ca47-4309-9c2c-a22f1f77a9a7-attachment.json' type='application/json' size='73'/>
                                        <attachment title='Response' source='735a4130-c4d7-4705-aae8-a1848624cfd5-attachment.json' type='application/json' size='1028'/>
                                    </attachments>
                                    <steps/>
                                </step>
                                <step start='1663689275667' status='passed' stop='1663689275777'>
                                    <name>POST /session/:sessionId/elements</name>
                                    <title>POST /session/:sessionId/elements</title>
                                    <attachments>
                                        <attachment title='Request' source='cf2f7e05-bb8d-4876-85e6-bb65017013da-attachment.json' type='application/json' size='57'/>
                                        <attachment title='Response' source='3379375c-685b-420f-9ec0-1f75dcc8e5b6-attachment.json' type='application/json' size='58'/>
                                    </attachments>
                                    <steps/>
                                </step>
                            </steps>
                        </step>
                    </steps>
                </step>
            </steps>
            <attachments/>
            <failure>
                <message>homePage.getUrlAndTitle is not a function</message>
                <stack-trace>TypeError: homePage.getUrlAndTitle is not a function
                    at Context.&lt;anonymous> (C:\Users\Jidin\Downloads\volvo_webdriverio_automation_test\volvotest\test\specs\homepagetest.js:17:35)
                    at Context.executeAsync (C:\Users\Jidin\Downloads\volvo_webdriverio_automation_test\volvotest\node_modules\@wdio\utils\build\shim.js:333:27)
                    at Context.testFrameworkFnWrapper (C:\Users\Jidin\Downloads\volvo_webdriverio_automation_test\volvotest\node_modules\@wdio\utils\build\test-framework\testFnWrapper.js:51:32)</stack-trace>
            </failure>
        </test-case>
        <test-case start='1663689275921' status='broken' stop='1663689278035'>
            <name>Video button exists</name>
            <title>Video button exists</title>
            <labels>
                <label name='language' value='javascript'/>
                <label name='framework' value='wdio'/>
                <label name='thread' value='0-0'/>
            </labels>
            <parameters>
                <parameter kind='argument' name='browser' value='chrome-105.0.5195.127'/>
            </parameters>
            <steps>
                <step start='1663689275922' status='passed' stop='1663689277759'>
                    <name>GET /session/:sessionId/screenshot</name>
                    <title>GET /session/:sessionId/screenshot</title>
                    <attachments>
                        <attachment title='Response' source='63b7d9c5-8f08-4304-b262-3b790e4c21d9-attachment.json' type='application/json' size='2'/>
                    </attachments>
                    <steps>
                        <step start='1663689275924' status='passed' stop='1663689277747'>
                            <name>POST /session/:sessionId/element</name>
                            <title>POST /session/:sessionId/element</title>
                            <attachments>
                                <attachment title='Request' source='e7036fca-a18c-433f-860f-9c1d51a7163e-attachment.json' type='application/json' size='52'/>
                            </attachments>
                            <steps/>
                        </step>
                    </steps>
                </step>
                <step start='1663689277764' status='passed' stop='1663689278035'>
                    <name>POST /session/:sessionId/elements</name>
                    <title>POST /session/:sessionId/elements</title>
                    <attachments>
                        <attachment title='Request' source='4051216e-9d42-45b4-b5e5-9fa2d3ee0750-attachment.json' type='application/json' size='57'/>
                        <attachment title='Screenshot' source='57c334d2-26a1-4743-a3b1-e5d782d4976b-attachment.png' type='image/png' size='144200'/>
                    </attachments>
                    <steps/>
                </step>
                <step start='1663689278040' status='undefined'>
                    <name>POST /session/:sessionId/execute/sync</name>
                    <title>POST /session/:sessionId/execute/sync</title>
                    <attachments>
                        <attachment title='Request' source='e8b10db8-35b5-43a4-bfb9-c50f348f6326-attachment.json' type='application/json' size='8331'/>
                    </attachments>
                    <steps>
                        <step start='1663689278045' status='undefined'>
                            <name>POST /session/:sessionId/execute/sync</name>
                            <title>POST /session/:sessionId/execute/sync</title>
                            <attachments>
                                <attachment title='Request' source='c64e1aa6-fe8e-48b3-a87c-04fd70279bbf-attachment.json' type='application/json' size='8331'/>
                            </attachments>
                            <steps/>
                        </step>
                    </steps>
                </step>
            </steps>
            <attachments>
                <attachment title='Response' source='d4a01abc-b6a2-40b3-9171-342cef006d5a-attachment.json' type='application/json' size='83'/>
            </attachments>
            <failure>
                <message>assert is not defined</message>
                <stack-trace>ReferenceError: assert is not defined
                    at Context.&lt;anonymous> (C:\Users\Jidin\Downloads\volvo_webdriverio_automation_test\volvotest\test\specs\homepagetest.js:23:9)
                    at Context.executeAsync (C:\Users\Jidin\Downloads\volvo_webdriverio_automation_test\volvotest\node_modules\@wdio\utils\build\shim.js:333:27)
                    at Context.testFrameworkFnWrapper (C:\Users\Jidin\Downloads\volvo_webdriverio_automation_test\volvotest\node_modules\@wdio\utils\build\test-framework\testFnWrapper.js:51:32)</stack-trace>
            </failure>
        </test-case>
        <test-case start='1663689278050' status='broken' stop='1663689278355'>
            <name>Disclaimer Section exists</name>
            <title>Disclaimer Section exists</title>
            <labels>
                <label name='language' value='javascript'/>
                <label name='framework' value='wdio'/>
                <label name='thread' value='0-0'/>
            </labels>
            <parameters>
                <parameter kind='argument' name='browser' value='chrome-105.0.5195.127'/>
            </parameters>
            <steps>
                <step start='1663689278056' status='passed' stop='1663689278355'>
                    <name>GET /session/:sessionId/screenshot</name>
                    <title>GET /session/:sessionId/screenshot</title>
                    <attachments>
                        <attachment title='Screenshot' source='d4dbc673-5bd4-4dba-be8f-3562a09e52e2-attachment.png' type='image/png' size='160893'/>
                    </attachments>
                    <steps>
                        <step start='1663689278058' status='passed' stop='1663689278140'>
                            <name>POST /session/:sessionId/element</name>
                            <title>POST /session/:sessionId/element</title>
                            <attachments>
                                <attachment title='Request' source='5fbedd26-0372-42b1-aa5e-c2f8a662b0cd-attachment.json' type='application/json' size='57'/>
                                <attachment title='Response' source='b1a89f67-4fdc-4912-b51c-e57159d62625-attachment.json' type='application/json' size='4'/>
                            </attachments>
                            <steps>
                                <step start='1663689278062' status='passed' stop='1663689278068'>
                                    <name>POST /session/:sessionId/elements</name>
                                    <title>POST /session/:sessionId/elements</title>
                                    <attachments>
                                        <attachment title='Request' source='5062fa64-c67b-4c0c-9761-e4451209cf7d-attachment.json' type='application/json' size='57'/>
                                        <attachment title='Response' source='b30d5510-7324-43ed-8de0-38c93d4952c8-attachment.json' type='application/json' size='4'/>
                                    </attachments>
                                    <steps/>
                                </step>
                            </steps>
                        </step>
                    </steps>
                </step>
                <step start='1663689278361' status='undefined'>
                    <name>POST /session/:sessionId/execute/sync</name>
                    <title>POST /session/:sessionId/execute/sync</title>
                    <attachments>
                        <attachment title='Request' source='6d293684-bee1-417d-89ea-a9e03e7de852-attachment.json' type='application/json' size='8331'/>
                    </attachments>
                    <steps>
                        <step start='1663689278365' status='undefined'>
                            <name>POST /session/:sessionId/execute/sync</name>
                            <title>POST /session/:sessionId/execute/sync</title>
                            <attachments>
                                <attachment title='Request' source='110a94ce-3c3a-42d4-b4db-d863d06a3c62-attachment.json' type='application/json' size='8331'/>
                            </attachments>
                            <steps/>
                        </step>
                    </steps>
                </step>
            </steps>
            <attachments>
                <attachment title='Response' source='56477fe1-b1f7-4803-9fbf-289e5dd1360e-attachment.json' type='application/json' size='2'/>
                <attachment title='Response' source='a8e69f5b-e707-40a2-94d3-d81caa91dc76-attachment.json' type='application/json' size='83'/>
            </attachments>
            <failure>
                <message>assert is not defined</message>
                <stack-trace>ReferenceError: assert is not defined
                    at Context.&lt;anonymous> (C:\Users\Jidin\Downloads\volvo_webdriverio_automation_test\volvotest\test\specs\homepagetest.js:27:9)
                    at Context.executeAsync (C:\Users\Jidin\Downloads\volvo_webdriverio_automation_test\volvotest\node_modules\@wdio\utils\build\shim.js:333:27)
                    at Context.testFrameworkFnWrapper (C:\Users\Jidin\Downloads\volvo_webdriverio_automation_test\volvotest\node_modules\@wdio\utils\build\test-framework\testFnWrapper.js:51:32)</stack-trace>
            </failure>
        </test-case>
        <test-case start='1663689278369' status='broken' stop='1663689278607'>
            <name>Play Video, go to Cookies Page and check Title</name>
            <title>Play Video, go to Cookies Page and check Title</title>
            <labels>
                <label name='language' value='javascript'/>
                <label name='framework' value='wdio'/>
                <label name='thread' value='0-0'/>
            </labels>
            <parameters>
                <parameter kind='argument' name='browser' value='chrome-105.0.5195.127'/>
            </parameters>
            <steps>
                <step start='1663689278378' status='broken' stop='1663689278607'>
                    <name>POST /session/:sessionId/elements</name>
                    <title>POST /session/:sessionId/elements</title>
                    <attachments>
                        <attachment title='Request' source='bf082bee-8f9b-4575-8bcf-71ee075de709-attachment.json' type='application/json' size='57'/>
                    </attachments>
                    <steps>
                        <step start='1663689278382' status='broken' stop='1663689278607'>
                            <name>POST /session/:sessionId/element</name>
                            <title>POST /session/:sessionId/element</title>
                            <attachments>
                                <attachment title='Request' source='d6481b0a-2f0a-4842-a6d8-d7512093b5d9-attachment.json' type='application/json' size='83'/>
                            </attachments>
                            <steps>
                                <step start='1663689278385' status='broken' stop='1663689278607'>
                                    <name>POST /session/:sessionId/element</name>
                                    <title>POST /session/:sessionId/element</title>
                                    <attachments>
                                        <attachment title='Request' source='2fd49230-5be4-4951-bfd0-cc4661773a4e-attachment.json' type='application/json' size='85'/>
                                    </attachments>
                                    <steps>
                                        <step start='1663689278391' status='passed' stop='1663689278410'>
                                            <name>POST /session/:sessionId/element</name>
                                            <title>POST /session/:sessionId/element</title>
                                            <attachments>
                                                <attachment title='Request' source='366b772c-c615-49c0-ba00-df2f2e25be13-attachment.json' type='application/json' size='79'/>
                                                <attachment title='Response' source='e7c25d6f-aaca-4d77-a23e-2fdb53d75cd1-attachment.json' type='application/json' size='2'/>
                                            </attachments>
                                            <steps>
                                                <step start='1663689278394' status='passed' stop='1663689278409'>
                                                    <name>GET /session/:sessionId/screenshot</name>
                                                    <title>GET /session/:sessionId/screenshot</title>
                                                    <attachments>
                                                        <attachment title='Response' source='2691d75c-a6d3-4e53-8637-e4c65d850dbd-attachment.json' type='application/json' size='4'/>
                                                    </attachments>
                                                    <steps>
                                                        <step start='1663689278396' status='passed' stop='1663689278406'>
                                                            <name>POST /session/:sessionId/url</name>
                                                            <title>POST /session/:sessionId/url</title>
                                                            <attachments>
                                                                <attachment title='Request' source='af1b8318-4c22-4129-828e-eb07a9aae0d7-attachment.json' type='application/json' size='73'/>
                                                                <attachment title='Response' source='255e360a-3ae4-4d8c-bc24-80afb16bd8db-attachment.json' type='application/json' size='4'/>
                                                            </attachments>
                                                            <steps/>
                                                        </step>
                                                    </steps>
                                                </step>
                                            </steps>
                                        </step>
                                        <step start='1663689278412' status='passed' stop='1663689278607'>
                                            <name>POST /session/:sessionId/elements</name>
                                            <title>POST /session/:sessionId/elements</title>
                                            <attachments>
                                                <attachment title='Request' source='bd497789-30da-4106-b1c0-8d2f6b6d5911-attachment.json' type='application/json' size='57'/>
                                                <attachment title='Screenshot' source='091a1f51-4687-4cd2-b3c5-78b0fd54e3b9-attachment.png' type='image/png' size='162165'/>
                                            </attachments>
                                            <steps/>
                                        </step>
                                    </steps>
                                </step>
                            </steps>
                        </step>
                    </steps>
                </step>
            </steps>
            <attachments>
                <attachment title='Response' source='68a9fd1d-9028-483d-b220-2afd98f905af-attachment.json' type='application/json' size='2'/>
            </attachments>
            <failure>
                <message>browser.getUrlAndTitle is not a function</message>
                <stack-trace>TypeError: browser.getUrlAndTitle is not a function
                    at Context.&lt;anonymous> (C:\Users\Jidin\Downloads\volvo_webdriverio_automation_test\volvotest\test\specs\homepagetest.js:40:37)
                    at Context.executeAsync (C:\Users\Jidin\Downloads\volvo_webdriverio_automation_test\volvotest\node_modules\@wdio\utils\build\shim.js:333:27)
                    at Context.testFrameworkFnWrapper (C:\Users\Jidin\Downloads\volvo_webdriverio_automation_test\volvotest\node_modules\@wdio\utils\build\test-framework\testFnWrapper.js:51:32)</stack-trace>
            </failure>
        </test-case>
    </test-cases>
</ns2:test-suite>