<?xml version='1.0'?>
<ns2:test-suite xmlns:ns2='urn:model.allure.qatools.yandex.ru' start='1663687650721' stop='1663687654344'>
    <name>Home Page features test: </name>
    <title>Home Page features test: </title>
    <test-cases>
        <test-case start='1663687650721' status='passed' stop='1663687650730'>
            <name>Check browser details</name>
            <title>Check browser details</title>
            <labels>
                <label name='language' value='javascript'/>
                <label name='framework' value='wdio'/>
                <label name='thread' value='0-0'/>
            </labels>
            <parameters>
                <parameter kind='argument' name='browser' value='chrome-105.0.5195.127'/>
            </parameters>
            <steps>
                <step start='1663687650725' status='undefined'>
                    <name>POST /session/:sessionId/element</name>
                    <title>POST /session/:sessionId/element</title>
                    <attachments>
                        <attachment title='Request' source='4c359d3e-8503-4393-8ad3-d1a2a4bbee20-attachment.json' type='application/json' size='57'/>
                    </attachments>
                    <steps/>
                </step>
            </steps>
            <attachments/>
        </test-case>
        <test-case start='1663687650731' status='broken' stop='1663687651002'>
            <name>Should have the correct URL and title</name>
            <title>Should have the correct URL and title</title>
            <labels>
                <label name='language' value='javascript'/>
                <label name='framework' value='wdio'/>
                <label name='thread' value='0-0'/>
            </labels>
            <parameters>
                <parameter kind='argument' name='browser' value='chrome-105.0.5195.127'/>
            </parameters>
            <steps>
                <step start='1663687650731' status='broken' stop='1663687651002'>
                    <name>POST /session/:sessionId/window/maximize</name>
                    <title>POST /session/:sessionId/window/maximize</title>
                    <attachments/>
                    <steps>
                        <step start='1663687650734' status='passed' stop='1663687651000'>
                            <name>GET /session/:sessionId/screenshot</name>
                            <title>GET /session/:sessionId/screenshot</title>
                            <attachments>
                                <attachment title='Screenshot' source='20a7bc0b-4427-46a4-ba67-59446fc88972-attachment.png' type='image/png' size='8715'/>
                            </attachments>
                            <steps>
                                <step start='1663687650735' status='passed' stop='1663687650748'>
                                    <name>POST /session/:sessionId/url</name>
                                    <title>POST /session/:sessionId/url</title>
                                    <attachments>
                                        <attachment title='Request' source='bf79d9b6-271f-4a7f-9c43-9ac7aac147a3-attachment.json' type='application/json' size='73'/>
                                        <attachment title='Response' source='92d49eae-5e02-4e36-8e16-b966393d0c19-attachment.json' type='application/json' size='1028'/>
                                    </attachments>
                                    <steps/>
                                </step>
                                <step start='1663687650756' status='passed' stop='1663687650861'>
                                    <name>POST /session/:sessionId/elements</name>
                                    <title>POST /session/:sessionId/elements</title>
                                    <attachments>
                                        <attachment title='Request' source='49c86200-09ff-47d6-989f-bcbf591cd078-attachment.json' type='application/json' size='57'/>
                                        <attachment title='Response' source='0601d05b-99c6-4544-bc2b-6fb8a54d763d-attachment.json' type='application/json' size='58'/>
                                    </attachments>
                                    <steps/>
                                </step>
                            </steps>
                        </step>
                    </steps>
                </step>
            </steps>
            <attachments/>
            <failure>
                <message>VolvoMorePage is not defined</message>
                <stack-trace>ReferenceError: VolvoMorePage is not defined
                    at Context.&lt;anonymous> (C:\Users\Jidin\Downloads\volvo_webdriverio_automation_test\volvotest\test\specs\homepagetest.js:15:9)
                    at Context.executeAsync (C:\Users\Jidin\Downloads\volvo_webdriverio_automation_test\volvotest\node_modules\@wdio\utils\build\shim.js:333:27)
                    at Context.testFrameworkFnWrapper (C:\Users\Jidin\Downloads\volvo_webdriverio_automation_test\volvotest\node_modules\@wdio\utils\build\test-framework\testFnWrapper.js:51:32)</stack-trace>
            </failure>
        </test-case>
        <test-case start='1663687651002' status='broken' stop='1663687653481'>
            <name>Video button exists</name>
            <title>Video button exists</title>
            <labels>
                <label name='language' value='javascript'/>
                <label name='framework' value='wdio'/>
                <label name='thread' value='0-0'/>
            </labels>
            <parameters>
                <parameter kind='argument' name='browser' value='chrome-105.0.5195.127'/>
            </parameters>
            <steps>
                <step start='1663687651003' status='passed' stop='1663687653181'>
                    <name>GET /session/:sessionId/screenshot</name>
                    <title>GET /session/:sessionId/screenshot</title>
                    <attachments>
                        <attachment title='Response' source='38e9daee-8df1-4191-a79a-c9d2d6bd06c5-attachment.json' type='application/json' size='2'/>
                    </attachments>
                    <steps>
                        <step start='1663687651005' status='passed' stop='1663687653170'>
                            <name>POST /session/:sessionId/element</name>
                            <title>POST /session/:sessionId/element</title>
                            <attachments>
                                <attachment title='Request' source='c76bbf49-1a9b-4dee-9136-9e7d7806a3c2-attachment.json' type='application/json' size='52'/>
                            </attachments>
                            <steps/>
                        </step>
                    </steps>
                </step>
                <step start='1663687653186' status='passed' stop='1663687653481'>
                    <name>POST /session/:sessionId/elements</name>
                    <title>POST /session/:sessionId/elements</title>
                    <attachments>
                        <attachment title='Request' source='2e99d7ad-2a77-4304-bdd1-ec9656be2aa7-attachment.json' type='application/json' size='57'/>
                        <attachment title='Screenshot' source='2dab8dc7-2c8d-4bff-a305-26a225f7d123-attachment.png' type='image/png' size='165971'/>
                    </attachments>
                    <steps/>
                </step>
            </steps>
            <attachments/>
            <failure>
                <message>assert is not defined</message>
                <stack-trace>ReferenceError: assert is not defined
                    at Context.&lt;anonymous> (C:\Users\Jidin\Downloads\volvo_webdriverio_automation_test\volvotest\test\specs\homepagetest.js:22:9)
                    at Context.executeAsync (C:\Users\Jidin\Downloads\volvo_webdriverio_automation_test\volvotest\node_modules\@wdio\utils\build\shim.js:333:27)
                    at Context.testFrameworkFnWrapper (C:\Users\Jidin\Downloads\volvo_webdriverio_automation_test\volvotest\node_modules\@wdio\utils\build\test-framework\testFnWrapper.js:51:32)</stack-trace>
            </failure>
        </test-case>
        <test-case start='1663687653482' status='broken' stop='1663687654006'>
            <name>Disclaimer Section exists</name>
            <title>Disclaimer Section exists</title>
            <labels>
                <label name='language' value='javascript'/>
                <label name='framework' value='wdio'/>
                <label name='thread' value='0-0'/>
            </labels>
            <parameters>
                <parameter kind='argument' name='browser' value='chrome-105.0.5195.127'/>
            </parameters>
            <steps>
                <step start='1663687653482' status='broken' stop='1663687654006'>
                    <name>GET /session/:sessionId/screenshot</name>
                    <title>GET /session/:sessionId/screenshot</title>
                    <attachments/>
                    <steps>
                        <step start='1663687653485' status='passed' stop='1663687653580'>
                            <name>POST /session/:sessionId/element</name>
                            <title>POST /session/:sessionId/element</title>
                            <attachments>
                                <attachment title='Request' source='94f656dc-3e6c-4a28-86ee-16f8f1108a01-attachment.json' type='application/json' size='57'/>
                                <attachment title='Response' source='c7c66a63-9512-4152-97de-7566138ae8ae-attachment.json' type='application/json' size='83'/>
                            </attachments>
                            <steps/>
                        </step>
                        <step start='1663687653584' status='broken' stop='1663687654006'>
                            <name>POST /session/:sessionId/execute/sync</name>
                            <title>POST /session/:sessionId/execute/sync</title>
                            <attachments>
                                <attachment title='Request' source='66367799-b0ea-42f1-8a58-f9bf932e78fd-attachment.json' type='application/json' size='8331'/>
                            </attachments>
                            <steps>
                                <step start='1663687653589' status='passed' stop='1663687653613'>
                                    <name>POST /session/:sessionId/execute/sync</name>
                                    <title>POST /session/:sessionId/execute/sync</title>
                                    <attachments>
                                        <attachment title='Request' source='a6c6083a-a222-47dc-8d9f-bddba9aa870f-attachment.json' type='application/json' size='8331'/>
                                        <attachment title='Response' source='cd3d3379-2c48-40d2-a0ef-29515669c93b-attachment.json' type='application/json' size='2'/>
                                    </attachments>
                                    <steps/>
                                </step>
                                <step start='1663687653619' status='passed' stop='1663687654006'>
                                    <name>POST /session/:sessionId/elements</name>
                                    <title>POST /session/:sessionId/elements</title>
                                    <attachments>
                                        <attachment title='Request' source='1b46928c-af7e-484a-a652-7a3442f846a5-attachment.json' type='application/json' size='57'/>
                                        <attachment title='Screenshot' source='1881e81f-4e6d-47b2-922a-8292028038e9-attachment.png' type='image/png' size='329561'/>
                                    </attachments>
                                    <steps/>
                                </step>
                            </steps>
                        </step>
                    </steps>
                </step>
                <step start='1663687654012' status='passed' stop='1663687654026'>
                    <name>POST /session/:sessionId/execute/sync</name>
                    <title>POST /session/:sessionId/execute/sync</title>
                    <attachments>
                        <attachment title='Request' source='f66f10ab-ff31-415f-b15f-d2455b9d245d-attachment.json' type='application/json' size='8331'/>
                        <attachment title='Response' source='50d2418b-ea48-47fb-87f3-035b5a53019b-attachment.json' type='application/json' size='4'/>
                    </attachments>
                    <steps>
                        <step start='1663687654016' status='passed' stop='1663687654022'>
                            <name>POST /session/:sessionId/execute/sync</name>
                            <title>POST /session/:sessionId/execute/sync</title>
                            <attachments>
                                <attachment title='Request' source='d0868a2f-54fe-407c-a6c0-639c15c8745b-attachment.json' type='application/json' size='8331'/>
                                <attachment title='Response' source='dcb15c68-925c-4ba3-8d4e-0aa9a04aa956-attachment.json' type='application/json' size='4'/>
                            </attachments>
                            <steps/>
                        </step>
                    </steps>
                </step>
            </steps>
            <attachments>
                <attachment title='Response' source='2c27c78b-4e32-4953-968b-7b86a26b0c89-attachment.json' type='application/json' size='83'/>
            </attachments>
            <failure>
                <message>assert is not defined</message>
                <stack-trace>ReferenceError: assert is not defined
                    at Context.&lt;anonymous> (C:\Users\Jidin\Downloads\volvo_webdriverio_automation_test\volvotest\test\specs\homepagetest.js:26:9)
                    at Context.executeAsync (C:\Users\Jidin\Downloads\volvo_webdriverio_automation_test\volvotest\node_modules\@wdio\utils\build\shim.js:333:27)
                    at Context.testFrameworkFnWrapper (C:\Users\Jidin\Downloads\volvo_webdriverio_automation_test\volvotest\node_modules\@wdio\utils\build\test-framework\testFnWrapper.js:51:32)</stack-trace>
            </failure>
        </test-case>
        <test-case start='1663687654027' status='broken' stop='1663687654333'>
            <name>Play Video, go to Cookies Page and check Title</name>
            <title>Play Video, go to Cookies Page and check Title</title>
            <labels>
                <label name='language' value='javascript'/>
                <label name='framework' value='wdio'/>
                <label name='thread' value='0-0'/>
            </labels>
            <parameters>
                <parameter kind='argument' name='browser' value='chrome-105.0.5195.127'/>
            </parameters>
            <steps>
                <step start='1663687654040' status='broken' stop='1663687654333'>
                    <name>POST /session/:sessionId/element</name>
                    <title>POST /session/:sessionId/element</title>
                    <attachments>
                        <attachment title='Request' source='f2f7aa2e-9c59-46cf-93a8-f53a8cdb0226-attachment.json' type='application/json' size='83'/>
                    </attachments>
                    <steps>
                        <step start='1663687654043' status='broken' stop='1663687654333'>
                            <name>POST /session/:sessionId/element</name>
                            <title>POST /session/:sessionId/element</title>
                            <attachments>
                                <attachment title='Request' source='8d02d4ef-501a-44c4-8182-dc892efd6b47-attachment.json' type='application/json' size='85'/>
                            </attachments>
                            <steps>
                                <step start='1663687654045' status='broken' stop='1663687654333'>
                                    <name>POST /session/:sessionId/element</name>
                                    <title>POST /session/:sessionId/element</title>
                                    <attachments>
                                        <attachment title='Request' source='ea51ff9f-b033-4da8-8a7c-4508f0cac408-attachment.json' type='application/json' size='79'/>
                                    </attachments>
                                    <steps>
                                        <step start='1663687654047' status='broken' stop='1663687654333'>
                                            <name>GET /session/:sessionId/screenshot</name>
                                            <title>GET /session/:sessionId/screenshot</title>
                                            <attachments/>
                                            <steps>
                                                <step start='1663687654049' status='broken' stop='1663687654333'>
                                                    <name>POST /session/:sessionId/url</name>
                                                    <title>POST /session/:sessionId/url</title>
                                                    <attachments>
                                                        <attachment title='Request' source='56bd1ef8-02f8-48df-ada9-f04b7f8c3dd1-attachment.json' type='application/json' size='73'/>
                                                    </attachments>
                                                    <steps>
                                                        <step start='1663687654053' status='passed' stop='1663687654333'>
                                                            <name>POST /session/:sessionId/elements</name>
                                                            <title>POST /session/:sessionId/elements</title>
                                                            <attachments>
                                                                <attachment title='Request' source='912f89db-6cfa-493d-99e5-4ce1f0af65dc-attachment.json' type='application/json' size='57'/>
                                                                <attachment title='Screenshot' source='de9f161f-6594-4a1e-b79d-e1e34f50fabf-attachment.png' type='image/png' size='312845'/>
                                                            </attachments>
                                                            <steps/>
                                                        </step>
                                                    </steps>
                                                </step>
                                            </steps>
                                        </step>
                                    </steps>
                                </step>
                            </steps>
                        </step>
                    </steps>
                </step>
                <step start='1663687654339' status='undefined'>
                    <name>POST /session/:sessionId/elements</name>
                    <title>POST /session/:sessionId/elements</title>
                    <attachments>
                        <attachment title='Request' source='7f5b159b-2257-4a1c-bd3a-175140f2924d-attachment.json' type='application/json' size='83'/>
                    </attachments>
                    <steps/>
                </step>
            </steps>
            <attachments>
                <attachment title='Response' source='76f31761-f5fa-4559-9ab9-4fe383977194-attachment.json' type='application/json' size='2'/>
                <attachment title='Response' source='c25153e0-72a6-428d-bf87-6783bd56924c-attachment.json' type='application/json' size='4'/>
                <attachment title='Response' source='2b990a61-5148-4674-99c5-017fd081b475-attachment.json' type='application/json' size='4'/>
                <attachment title='Response' source='ce18a8fb-c253-4b86-8132-04aa26b870b7-attachment.json' type='application/json' size='1054'/>
            </attachments>
            <failure>
                <message>browser.getUrlAndTitle is not a function</message>
                <stack-trace>TypeError: browser.getUrlAndTitle is not a function
                    at Context.&lt;anonymous> (C:\Users\Jidin\Downloads\volvo_webdriverio_automation_test\volvotest\test\specs\homepagetest.js:39:37)
                    at Context.executeAsync (C:\Users\Jidin\Downloads\volvo_webdriverio_automation_test\volvotest\node_modules\@wdio\utils\build\shim.js:333:27)
                    at Context.testFrameworkFnWrapper (C:\Users\Jidin\Downloads\volvo_webdriverio_automation_test\volvotest\node_modules\@wdio\utils\build\test-framework\testFnWrapper.js:51:32)</stack-trace>
            </failure>
        </test-case>
    </test-cases>
</ns2:test-suite>