<?xml version='1.0'?>
<ns2:test-suite xmlns:ns2='urn:model.allure.qatools.yandex.ru' start='1663690495603' stop='1663690499854'>
    <name>Home Page features test: </name>
    <title>Home Page features test: </title>
    <test-cases>
        <test-case start='1663690495604' status='passed' stop='1663690495615'>
            <name>Check browser details</name>
            <title>Check browser details</title>
            <labels>
                <label name='language' value='javascript'/>
                <label name='framework' value='wdio'/>
                <label name='thread' value='0-0'/>
            </labels>
            <parameters>
                <parameter kind='argument' name='browser' value='chrome-105.0.5195.127'/>
            </parameters>
            <steps>
                <step start='1663690495608' status='undefined'>
                    <name>POST /session/:sessionId/element</name>
                    <title>POST /session/:sessionId/element</title>
                    <attachments>
                        <attachment title='Request' source='bc4b7b85-0e94-4121-90ce-818a62b409d5-attachment.json' type='application/json' size='57'/>
                    </attachments>
                    <steps/>
                </step>
            </steps>
            <attachments/>
        </test-case>
        <test-case start='1663690495616' status='broken' stop='1663690495830'>
            <name>Get title</name>
            <title>Get title</title>
            <labels>
                <label name='language' value='javascript'/>
                <label name='framework' value='wdio'/>
                <label name='thread' value='0-0'/>
            </labels>
            <parameters>
                <parameter kind='argument' name='browser' value='chrome-105.0.5195.127'/>
            </parameters>
            <steps>
                <step start='1663690495617' status='broken' stop='1663690495830'>
                    <name>POST /session/:sessionId/refresh</name>
                    <title>POST /session/:sessionId/refresh</title>
                    <attachments/>
                    <steps>
                        <step start='1663690495620' status='passed' stop='1663690495829'>
                            <name>GET /session/:sessionId/screenshot</name>
                            <title>GET /session/:sessionId/screenshot</title>
                            <attachments>
                                <attachment title='Screenshot' source='ad696d29-d235-4e55-b8dc-57513732af2b-attachment.png' type='image/png' size='6108'/>
                            </attachments>
                            <steps>
                                <step start='1663690495622' status='passed' stop='1663690495640'>
                                    <name>POST /session/:sessionId/execute/sync</name>
                                    <title>POST /session/:sessionId/execute/sync</title>
                                    <attachments>
                                        <attachment title='Request' source='c4da6460-3a71-4960-88a2-1bfbe9d03d03-attachment.json' type='application/json' size='102'/>
                                        <attachment title='Response' source='4786ea7f-e91d-4a32-9213-7efb96d29f07-attachment.json' type='application/json' size='1028'/>
                                    </attachments>
                                    <steps/>
                                </step>
                                <step start='1663690495649' status='passed' stop='1663690495655'>
                                    <name>POST /session/:sessionId/elements</name>
                                    <title>POST /session/:sessionId/elements</title>
                                    <attachments>
                                        <attachment title='Request' source='8a81e9d5-894a-4dc8-9e3b-726f0d6d2873-attachment.json' type='application/json' size='57'/>
                                    </attachments>
                                    <steps/>
                                </step>
                            </steps>
                        </step>
                    </steps>
                </step>
            </steps>
            <attachments/>
            <failure>
                <message>Cannot read properties of undefined (reading 'scrollIntoView')</message>
                <stack-trace>TypeError: Cannot read properties of undefined (reading 'scrollIntoView')
                    at homePage.redirectToDetails (C:\Users\Jidin\Downloads\volvo_webdriverio_automation_test\volvotest\test\pageobjects\homepage.js:35:30)
                    at Context.&lt;anonymous> (C:\Users\Jidin\Downloads\volvo_webdriverio_automation_test\volvotest\test\specs\homepagetest.js:14:17)
                    at Context.executeAsync (C:\Users\Jidin\Downloads\volvo_webdriverio_automation_test\volvotest\node_modules\@wdio\utils\build\shim.js:333:27)
                    at Context.testFrameworkFnWrapper (C:\Users\Jidin\Downloads\volvo_webdriverio_automation_test\volvotest\node_modules\@wdio\utils\build\test-framework\testFnWrapper.js:51:32)</stack-trace>
            </failure>
        </test-case>
        <test-case start='1663690495831' status='broken' stop='1663690496051'>
            <name>Title Validation</name>
            <title>Title Validation</title>
            <labels>
                <label name='language' value='javascript'/>
                <label name='framework' value='wdio'/>
                <label name='thread' value='0-0'/>
            </labels>
            <parameters>
                <parameter kind='argument' name='browser' value='chrome-105.0.5195.127'/>
            </parameters>
            <steps>
                <step start='1663690495832' status='passed' stop='1663690495847'>
                    <name>GET /session/:sessionId/screenshot</name>
                    <title>GET /session/:sessionId/screenshot</title>
                    <attachments>
                        <attachment title='Response' source='9d64491b-f5e0-478c-b497-a50a38947fb8-attachment.json' type='application/json' size='2'/>
                    </attachments>
                    <steps/>
                </step>
            </steps>
            <attachments>
                <attachment title='Screenshot' source='db6577ce-2895-4421-98ea-8b75077fe455-attachment.png' type='image/png' size='6108'/>
            </attachments>
            <failure>
                <message>title is not defined</message>
                <stack-trace>ReferenceError: title is not defined
                    at Context.&lt;anonymous> (C:\Users\Jidin\Downloads\volvo_webdriverio_automation_test\volvotest\test\specs\homepagetest.js:18:16)
                    at Context.executeAsync (C:\Users\Jidin\Downloads\volvo_webdriverio_automation_test\volvotest\node_modules\@wdio\utils\build\shim.js:333:27)
                    at Context.testFrameworkFnWrapper (C:\Users\Jidin\Downloads\volvo_webdriverio_automation_test\volvotest\node_modules\@wdio\utils\build\test-framework\testFnWrapper.js:51:32)</stack-trace>
            </failure>
        </test-case>
        <test-case start='1663690496052' status='failed' stop='1663690496640'>
            <name>Should have the correct URL and title</name>
            <title>Should have the correct URL and title</title>
            <labels>
                <label name='language' value='javascript'/>
                <label name='framework' value='wdio'/>
                <label name='thread' value='0-0'/>
            </labels>
            <parameters>
                <parameter kind='argument' name='browser' value='chrome-105.0.5195.127'/>
            </parameters>
            <steps>
                <step start='1663690496054' status='failed' stop='1663690496640'>
                    <name>POST /session/:sessionId/window/maximize</name>
                    <title>POST /session/:sessionId/window/maximize</title>
                    <attachments/>
                    <steps>
                        <step start='1663690496058' status='failed' stop='1663690496640'>
                            <name>GET /session/:sessionId/title</name>
                            <title>GET /session/:sessionId/title</title>
                            <attachments/>
                            <steps>
                                <step start='1663690496081' status='passed' stop='1663690496639'>
                                    <name>GET /session/:sessionId/screenshot</name>
                                    <title>GET /session/:sessionId/screenshot</title>
                                    <attachments>
                                        <attachment title='Screenshot' source='8a561ed9-ed2a-4d3b-bb0a-86cb943dec71-attachment.png' type='image/png' size='8715'/>
                                    </attachments>
                                    <steps>
                                        <step start='1663690496090' status='passed' stop='1663690496131'>
                                            <name>POST /session/:sessionId/url</name>
                                            <title>POST /session/:sessionId/url</title>
                                            <attachments>
                                                <attachment title='Request' source='c4f24ff4-aedb-4764-8896-70f81a2d663b-attachment.json' type='application/json' size='73'/>
                                            </attachments>
                                            <steps/>
                                        </step>
                                        <step start='1663690496154' status='passed' stop='1663690496296'>
                                            <name>POST /session/:sessionId/elements</name>
                                            <title>POST /session/:sessionId/elements</title>
                                            <attachments>
                                                <attachment title='Request' source='c53938af-ad30-4660-ad07-861db744ae9a-attachment.json' type='application/json' size='57'/>
                                                <attachment title='Response' source='9794d335-42d2-45d1-b2d2-360389bf6ea6-attachment.json' type='application/json' size='58'/>
                                            </attachments>
                                            <steps/>
                                        </step>
                                    </steps>
                                </step>
                            </steps>
                        </step>
                    </steps>
                </step>
            </steps>
            <attachments/>
            <failure>
                <message>expect(received).toEqual(expected) // deep equality
                
                Expected: "https://www.volvocars.com/intl/v/car-safety/a-million-more"
                Received: {}</message>
                <stack-trace>Error: expect(received).toEqual(expected) // deep equality
                
                Expected: "https://www.volvocars.com/intl/v/car-safety/a-million-more"
                Received: {}
                    at Context.&lt;anonymous> (C:\Users\Jidin\Downloads\volvo_webdriverio_automation_test\volvotest\test\specs\homepagetest.js:27:26)
                    at Context.executeAsync (C:\Users\Jidin\Downloads\volvo_webdriverio_automation_test\volvotest\node_modules\@wdio\utils\build\shim.js:333:27)
                    at Context.testFrameworkFnWrapper (C:\Users\Jidin\Downloads\volvo_webdriverio_automation_test\volvotest\node_modules\@wdio\utils\build\test-framework\testFnWrapper.js:51:32)</stack-trace>
            </failure>
        </test-case>
        <test-case start='1663690496641' status='broken' stop='1663690498875'>
            <name>Video button exists</name>
            <title>Video button exists</title>
            <labels>
                <label name='language' value='javascript'/>
                <label name='framework' value='wdio'/>
                <label name='thread' value='0-0'/>
            </labels>
            <parameters>
                <parameter kind='argument' name='browser' value='chrome-105.0.5195.127'/>
            </parameters>
            <steps>
                <step start='1663690496643' status='passed' stop='1663690498465'>
                    <name>GET /session/:sessionId/screenshot</name>
                    <title>GET /session/:sessionId/screenshot</title>
                    <attachments>
                        <attachment title='Response' source='0d560042-d4cc-4353-9761-aa18e8eb8549-attachment.json' type='application/json' size='2'/>
                    </attachments>
                    <steps>
                        <step start='1663690496645' status='passed' stop='1663690498439'>
                            <name>POST /session/:sessionId/element</name>
                            <title>POST /session/:sessionId/element</title>
                            <attachments>
                                <attachment title='Request' source='44ad1ee7-eaea-4d27-b21d-c21a94597e25-attachment.json' type='application/json' size='52'/>
                            </attachments>
                            <steps/>
                        </step>
                    </steps>
                </step>
                <step start='1663690498469' status='passed' stop='1663690498875'>
                    <name>POST /session/:sessionId/elements</name>
                    <title>POST /session/:sessionId/elements</title>
                    <attachments>
                        <attachment title='Request' source='f1547d7b-1ad2-481f-93f3-e7cf87ba545c-attachment.json' type='application/json' size='57'/>
                        <attachment title='Screenshot' source='24dd4b1d-1d80-4e52-9665-9cd8ff2c69c4-attachment.png' type='image/png' size='144127'/>
                    </attachments>
                    <steps/>
                </step>
            </steps>
            <attachments/>
            <failure>
                <message>assert is not defined</message>
                <stack-trace>ReferenceError: assert is not defined
                    at Context.&lt;anonymous> (C:\Users\Jidin\Downloads\volvo_webdriverio_automation_test\volvotest\test\specs\homepagetest.js:33:9)
                    at Context.executeAsync (C:\Users\Jidin\Downloads\volvo_webdriverio_automation_test\volvotest\node_modules\@wdio\utils\build\shim.js:333:27)
                    at Context.testFrameworkFnWrapper (C:\Users\Jidin\Downloads\volvo_webdriverio_automation_test\volvotest\node_modules\@wdio\utils\build\test-framework\testFnWrapper.js:51:32)</stack-trace>
            </failure>
        </test-case>
        <test-case start='1663690498875' status='broken' stop='1663690499357'>
            <name>Disclaimer Section exists</name>
            <title>Disclaimer Section exists</title>
            <labels>
                <label name='language' value='javascript'/>
                <label name='framework' value='wdio'/>
                <label name='thread' value='0-0'/>
            </labels>
            <parameters>
                <parameter kind='argument' name='browser' value='chrome-105.0.5195.127'/>
            </parameters>
            <steps>
                <step start='1663690498881' status='passed' stop='1663690499355'>
                    <name>POST /session/:sessionId/execute/sync</name>
                    <title>POST /session/:sessionId/execute/sync</title>
                    <attachments>
                        <attachment title='Request' source='712e6b25-b2db-4b5b-97ef-827ff304d4cd-attachment.json' type='application/json' size='8331'/>
                        <attachment title='Screenshot' source='f8137f02-04b3-4715-be9d-dd24dce52ad7-attachment.png' type='image/png' size='144282'/>
                    </attachments>
                    <steps>
                        <step start='1663690498886' status='passed' stop='1663690499005'>
                            <name>POST /session/:sessionId/execute/sync</name>
                            <title>POST /session/:sessionId/execute/sync</title>
                            <attachments>
                                <attachment title='Request' source='10b8a813-8e4c-4cd1-a6da-3cbfef8e27a0-attachment.json' type='application/json' size='8331'/>
                                <attachment title='Response' source='d4d5ad38-f23c-4c4d-a47c-9ebcd65f1696-attachment.json' type='application/json' size='4'/>
                            </attachments>
                            <steps>
                                <step start='1663690498890' status='passed' stop='1663690498904'>
                                    <name>GET /session/:sessionId/screenshot</name>
                                    <title>GET /session/:sessionId/screenshot</title>
                                    <attachments>
                                        <attachment title='Response' source='720054fb-17fe-4033-b4c9-e7bc3037c45a-attachment.json' type='application/json' size='2'/>
                                    </attachments>
                                    <steps>
                                        <step start='1663690498891' status='passed' stop='1663690498901'>
                                            <name>POST /session/:sessionId/element</name>
                                            <title>POST /session/:sessionId/element</title>
                                            <attachments>
                                                <attachment title='Request' source='a48b7929-d944-4dc9-ab09-d78e1d584247-attachment.json' type='application/json' size='57'/>
                                            </attachments>
                                            <steps/>
                                        </step>
                                    </steps>
                                </step>
                                <step start='1663690498905' status='passed' stop='1663690498998'>
                                    <name>POST /session/:sessionId/elements</name>
                                    <title>POST /session/:sessionId/elements</title>
                                    <attachments>
                                        <attachment title='Request' source='bc27d4a2-cc4f-4e41-86a1-2206be7688b1-attachment.json' type='application/json' size='57'/>
                                        <attachment title='Response' source='96da3529-968a-45ef-9d32-d6e7ecc5b66a-attachment.json' type='application/json' size='4'/>
                                    </attachments>
                                    <steps/>
                                </step>
                            </steps>
                        </step>
                    </steps>
                </step>
            </steps>
            <attachments>
                <attachment title='Response' source='36c90c11-03c9-4ec0-b1d6-5f6ef0fd800d-attachment.json' type='application/json' size='83'/>
                <attachment title='Response' source='77848f10-991f-409b-8e6e-94c58d14422b-attachment.json' type='application/json' size='2'/>
            </attachments>
            <failure>
                <message>assert is not defined</message>
                <stack-trace>ReferenceError: assert is not defined
                    at Context.&lt;anonymous> (C:\Users\Jidin\Downloads\volvo_webdriverio_automation_test\volvotest\test\specs\homepagetest.js:37:9)
                    at Context.executeAsync (C:\Users\Jidin\Downloads\volvo_webdriverio_automation_test\volvotest\node_modules\@wdio\utils\build\shim.js:333:27)
                    at Context.testFrameworkFnWrapper (C:\Users\Jidin\Downloads\volvo_webdriverio_automation_test\volvotest\node_modules\@wdio\utils\build\test-framework\testFnWrapper.js:51:32)</stack-trace>
            </failure>
        </test-case>
        <test-case start='1663690499381' status='broken' stop='1663690499848'>
            <name>Play Video, go to Cookies Page and check Title</name>
            <title>Play Video, go to Cookies Page and check Title</title>
            <labels>
                <label name='language' value='javascript'/>
                <label name='framework' value='wdio'/>
                <label name='thread' value='0-0'/>
            </labels>
            <parameters>
                <parameter kind='argument' name='browser' value='chrome-105.0.5195.127'/>
            </parameters>
            <steps>
                <step start='1663690499383' status='passed' stop='1663690499392'>
                    <name>POST /session/:sessionId/elements</name>
                    <title>POST /session/:sessionId/elements</title>
                    <attachments>
                        <attachment title='Request' source='47a79762-a152-43e7-962c-61a566889c1d-attachment.json' type='application/json' size='57'/>
                        <attachment title='Response' source='66753578-9d11-4634-b6c8-3286ea2dfe43-attachment.json' type='application/json' size='83'/>
                    </attachments>
                    <steps/>
                </step>
                <step start='1663690499395' status='broken' stop='1663690499847'>
                    <name>POST /session/:sessionId/execute/sync</name>
                    <title>POST /session/:sessionId/execute/sync</title>
                    <attachments>
                        <attachment title='Request' source='5c1b0e33-a14b-4255-8005-d8fa660aeb59-attachment.json' type='application/json' size='8331'/>
                    </attachments>
                    <steps>
                        <step start='1663690499403' status='broken' stop='1663690499847'>
                            <name>POST /session/:sessionId/execute/sync</name>
                            <title>POST /session/:sessionId/execute/sync</title>
                            <attachments>
                                <attachment title='Request' source='daf6c1eb-2e0d-471c-8648-dca3c0f78cb5-attachment.json' type='application/json' size='8331'/>
                            </attachments>
                            <steps>
                                <step start='1663690499412' status='broken' stop='1663690499847'>
                                    <name>POST /session/:sessionId/element</name>
                                    <title>POST /session/:sessionId/element</title>
                                    <attachments>
                                        <attachment title='Request' source='3575194a-b5b4-4e1e-819d-a7757d809df8-attachment.json' type='application/json' size='83'/>
                                    </attachments>
                                    <steps>
                                        <step start='1663690499417' status='broken' stop='1663690499847'>
                                            <name>POST /session/:sessionId/element</name>
                                            <title>POST /session/:sessionId/element</title>
                                            <attachments>
                                                <attachment title='Request' source='43958ebf-c4c4-47e4-bcac-1a5a52e02abd-attachment.json' type='application/json' size='85'/>
                                            </attachments>
                                            <steps>
                                                <step start='1663690499422' status='passed' stop='1663690499442'>
                                                    <name>POST /session/:sessionId/element</name>
                                                    <title>POST /session/:sessionId/element</title>
                                                    <attachments>
                                                        <attachment title='Request' source='8f8ad142-7e7f-4fc9-bf76-7bf71bc1e3eb-attachment.json' type='application/json' size='79'/>
                                                        <attachment title='Response' source='40263637-210a-48ed-8ca4-e51aab5bdee9-attachment.json' type='application/json' size='4'/>
                                                    </attachments>
                                                    <steps>
                                                        <step start='1663690499426' status='passed' stop='1663690499439'>
                                                            <name>GET /session/:sessionId/screenshot</name>
                                                            <title>GET /session/:sessionId/screenshot</title>
                                                            <attachments>
                                                                <attachment title='Response' source='fc79db09-2a19-43ea-8bbd-fd3ed7c9388d-attachment.json' type='application/json' size='4'/>
                                                            </attachments>
                                                            <steps>
                                                                <step start='1663690499428' status='passed' stop='1663690499436'>
                                                                    <name>POST /session/:sessionId/url</name>
                                                                    <title>POST /session/:sessionId/url</title>
                                                                    <attachments>
                                                                        <attachment title='Request' source='8097bc2b-7a65-428b-8db7-982832a6060f-attachment.json' type='application/json' size='73'/>
                                                                        <attachment title='Response' source='9b56e2a5-6c4f-4bd2-b514-e9fb61f89d8d-attachment.json' type='application/json' size='2'/>
                                                                    </attachments>
                                                                    <steps/>
                                                                </step>
                                                            </steps>
                                                        </step>
                                                    </steps>
                                                </step>
                                                <step start='1663690499444' status='passed' stop='1663690499847'>
                                                    <name>POST /session/:sessionId/elements</name>
                                                    <title>POST /session/:sessionId/elements</title>
                                                    <attachments>
                                                        <attachment title='Request' source='9521f7cf-0ee6-443a-addb-4cf93b87b70e-attachment.json' type='application/json' size='57'/>
                                                        <attachment title='Screenshot' source='3d9a498b-f8e2-4c73-87b0-b496d0a88ac6-attachment.png' type='image/png' size='163574'/>
                                                    </attachments>
                                                    <steps/>
                                                </step>
                                            </steps>
                                        </step>
                                    </steps>
                                </step>
                            </steps>
                        </step>
                    </steps>
                </step>
            </steps>
            <attachments/>
            <failure>
                <message>browser.getUrlAndTitle is not a function</message>
                <stack-trace>TypeError: browser.getUrlAndTitle is not a function
                    at Context.&lt;anonymous> (C:\Users\Jidin\Downloads\volvo_webdriverio_automation_test\volvotest\test\specs\homepagetest.js:50:37)
                    at Context.executeAsync (C:\Users\Jidin\Downloads\volvo_webdriverio_automation_test\volvotest\node_modules\@wdio\utils\build\shim.js:333:27)
                    at Context.testFrameworkFnWrapper (C:\Users\Jidin\Downloads\volvo_webdriverio_automation_test\volvotest\node_modules\@wdio\utils\build\test-framework\testFnWrapper.js:51:32)</stack-trace>
            </failure>
        </test-case>
    </test-cases>
</ns2:test-suite>