<?xml version='1.0'?>
<ns2:test-suite xmlns:ns2='urn:model.allure.qatools.yandex.ru' start='1663688340836' stop='1663688343822'>
    <name>Home Page features test: </name>
    <title>Home Page features test: </title>
    <test-cases>
        <test-case start='1663688340837' status='passed' stop='1663688340846'>
            <name>Check browser details</name>
            <title>Check browser details</title>
            <labels>
                <label name='language' value='javascript'/>
                <label name='framework' value='wdio'/>
                <label name='thread' value='0-0'/>
            </labels>
            <parameters>
                <parameter kind='argument' name='browser' value='chrome-105.0.5195.127'/>
            </parameters>
            <steps>
                <step start='1663688340840' status='undefined'>
                    <name>POST /session/:sessionId/element</name>
                    <title>POST /session/:sessionId/element</title>
                    <attachments>
                        <attachment title='Request' source='df1d3191-1ca2-4fc2-9611-408e1be6a07e-attachment.json' type='application/json' size='57'/>
                    </attachments>
                    <steps/>
                </step>
            </steps>
            <attachments/>
        </test-case>
        <test-case start='1663688340846' status='broken' stop='1663688341116'>
            <name>Should have the correct URL and title</name>
            <title>Should have the correct URL and title</title>
            <labels>
                <label name='language' value='javascript'/>
                <label name='framework' value='wdio'/>
                <label name='thread' value='0-0'/>
            </labels>
            <parameters>
                <parameter kind='argument' name='browser' value='chrome-105.0.5195.127'/>
            </parameters>
            <steps>
                <step start='1663688340847' status='broken' stop='1663688341116'>
                    <name>POST /session/:sessionId/window/maximize</name>
                    <title>POST /session/:sessionId/window/maximize</title>
                    <attachments/>
                    <steps>
                        <step start='1663688340848' status='passed' stop='1663688341115'>
                            <name>GET /session/:sessionId/screenshot</name>
                            <title>GET /session/:sessionId/screenshot</title>
                            <attachments>
                                <attachment title='Screenshot' source='e150d855-dab5-4824-9aae-f0b413193b7d-attachment.png' type='image/png' size='8715'/>
                            </attachments>
                            <steps>
                                <step start='1663688340851' status='passed' stop='1663688340863'>
                                    <name>POST /session/:sessionId/url</name>
                                    <title>POST /session/:sessionId/url</title>
                                    <attachments>
                                        <attachment title='Request' source='4361e538-f8a2-4fd8-8b34-1b164e118252-attachment.json' type='application/json' size='73'/>
                                        <attachment title='Response' source='64778d4d-4ff4-4618-b834-0978a94519d1-attachment.json' type='application/json' size='1028'/>
                                    </attachments>
                                    <steps/>
                                </step>
                                <step start='1663688340871' status='passed' stop='1663688340980'>
                                    <name>POST /session/:sessionId/elements</name>
                                    <title>POST /session/:sessionId/elements</title>
                                    <attachments>
                                        <attachment title='Request' source='bd0a7bfd-bfad-424d-87e9-ef76d94983b7-attachment.json' type='application/json' size='57'/>
                                        <attachment title='Response' source='48e26058-43be-4b33-8087-3627a7cbfb8e-attachment.json' type='application/json' size='58'/>
                                    </attachments>
                                    <steps/>
                                </step>
                            </steps>
                        </step>
                    </steps>
                </step>
            </steps>
            <attachments/>
            <failure>
                <message>browser.getUrlAndTitle is not a function</message>
                <stack-trace>TypeError: browser.getUrlAndTitle is not a function
                    at Context.&lt;anonymous> (C:\Users\Jidin\Downloads\volvo_webdriverio_automation_test\volvotest\test\specs\homepagetest.js:17:34)
                    at Context.executeAsync (C:\Users\Jidin\Downloads\volvo_webdriverio_automation_test\volvotest\node_modules\@wdio\utils\build\shim.js:333:27)
                    at Context.testFrameworkFnWrapper (C:\Users\Jidin\Downloads\volvo_webdriverio_automation_test\volvotest\node_modules\@wdio\utils\build\test-framework\testFnWrapper.js:51:32)</stack-trace>
            </failure>
        </test-case>
        <test-case start='1663688341117' status='broken' stop='1663688343291'>
            <name>Video button exists</name>
            <title>Video button exists</title>
            <labels>
                <label name='language' value='javascript'/>
                <label name='framework' value='wdio'/>
                <label name='thread' value='0-0'/>
            </labels>
            <parameters>
                <parameter kind='argument' name='browser' value='chrome-105.0.5195.127'/>
            </parameters>
            <steps>
                <step start='1663688341117' status='passed' stop='1663688343110'>
                    <name>GET /session/:sessionId/screenshot</name>
                    <title>GET /session/:sessionId/screenshot</title>
                    <attachments>
                        <attachment title='Response' source='8c100710-82d6-44c0-8e2e-a7c8f0a91c64-attachment.json' type='application/json' size='2'/>
                    </attachments>
                    <steps>
                        <step start='1663688341119' status='passed' stop='1663688343099'>
                            <name>POST /session/:sessionId/element</name>
                            <title>POST /session/:sessionId/element</title>
                            <attachments>
                                <attachment title='Request' source='7dbb0697-7962-4ce7-a3d0-7dee73a29299-attachment.json' type='application/json' size='52'/>
                            </attachments>
                            <steps/>
                        </step>
                    </steps>
                </step>
                <step start='1663688343116' status='passed' stop='1663688343291'>
                    <name>POST /session/:sessionId/elements</name>
                    <title>POST /session/:sessionId/elements</title>
                    <attachments>
                        <attachment title='Request' source='118521bb-2161-4812-bed0-a44c5372938e-attachment.json' type='application/json' size='57'/>
                        <attachment title='Screenshot' source='8670a8ef-deca-4ab1-8b21-81f4afb68bf7-attachment.png' type='image/png' size='144200'/>
                    </attachments>
                    <steps/>
                </step>
            </steps>
            <attachments/>
            <failure>
                <message>assert is not defined</message>
                <stack-trace>ReferenceError: assert is not defined
                    at Context.&lt;anonymous> (C:\Users\Jidin\Downloads\volvo_webdriverio_automation_test\volvotest\test\specs\homepagetest.js:23:9)
                    at Context.executeAsync (C:\Users\Jidin\Downloads\volvo_webdriverio_automation_test\volvotest\node_modules\@wdio\utils\build\shim.js:333:27)
                    at Context.testFrameworkFnWrapper (C:\Users\Jidin\Downloads\volvo_webdriverio_automation_test\volvotest\node_modules\@wdio\utils\build\test-framework\testFnWrapper.js:51:32)</stack-trace>
            </failure>
        </test-case>
        <test-case start='1663688343292' status='broken' stop='1663688343587'>
            <name>Disclaimer Section exists</name>
            <title>Disclaimer Section exists</title>
            <labels>
                <label name='language' value='javascript'/>
                <label name='framework' value='wdio'/>
                <label name='thread' value='0-0'/>
            </labels>
            <parameters>
                <parameter kind='argument' name='browser' value='chrome-105.0.5195.127'/>
            </parameters>
            <steps>
                <step start='1663688343296' status='broken' stop='1663688343587'>
                    <name>POST /session/:sessionId/execute/sync</name>
                    <title>POST /session/:sessionId/execute/sync</title>
                    <attachments>
                        <attachment title='Request' source='64c9e559-2c79-4bc9-a473-1e9f36332629-attachment.json' type='application/json' size='8331'/>
                    </attachments>
                    <steps>
                        <step start='1663688343300' status='passed' stop='1663688343307'>
                            <name>POST /session/:sessionId/execute/sync</name>
                            <title>POST /session/:sessionId/execute/sync</title>
                            <attachments>
                                <attachment title='Request' source='8b84c038-9a01-4563-b4d7-72e7a8686119-attachment.json' type='application/json' size='8331'/>
                                <attachment title='Response' source='d2698a12-6225-43a9-b681-4beb6b8b02c4-attachment.json' type='application/json' size='2'/>
                            </attachments>
                            <steps/>
                        </step>
                        <step start='1663688343309' status='passed' stop='1663688343586'>
                            <name>GET /session/:sessionId/screenshot</name>
                            <title>GET /session/:sessionId/screenshot</title>
                            <attachments>
                                <attachment title='Screenshot' source='90025fc5-0f9d-43dc-8b38-f9f29602b3cf-attachment.png' type='image/png' size='160179'/>
                            </attachments>
                            <steps>
                                <step start='1663688343311' status='passed' stop='1663688343397'>
                                    <name>POST /session/:sessionId/element</name>
                                    <title>POST /session/:sessionId/element</title>
                                    <attachments>
                                        <attachment title='Request' source='f2bc1bee-7bb5-45a6-b6ff-901d1e32933c-attachment.json' type='application/json' size='57'/>
                                        <attachment title='Response' source='882643a4-f4af-45c6-b989-3c4775afc8e9-attachment.json' type='application/json' size='4'/>
                                    </attachments>
                                    <steps>
                                        <step start='1663688343316' status='passed' stop='1663688343323'>
                                            <name>POST /session/:sessionId/elements</name>
                                            <title>POST /session/:sessionId/elements</title>
                                            <attachments>
                                                <attachment title='Request' source='1edc4d57-9f51-438b-8123-2c667b4be9d3-attachment.json' type='application/json' size='57'/>
                                                <attachment title='Response' source='55261aef-5f00-49c1-9e24-1655bbbef9a2-attachment.json' type='application/json' size='4'/>
                                            </attachments>
                                            <steps/>
                                        </step>
                                    </steps>
                                </step>
                            </steps>
                        </step>
                    </steps>
                </step>
                <step start='1663688343592' status='undefined'>
                    <name>POST /session/:sessionId/execute/sync</name>
                    <title>POST /session/:sessionId/execute/sync</title>
                    <attachments>
                        <attachment title='Request' source='ef029150-3f68-43ee-8ed5-1823dbca2634-attachment.json' type='application/json' size='8331'/>
                    </attachments>
                    <steps>
                        <step start='1663688343595' status='undefined'>
                            <name>POST /session/:sessionId/execute/sync</name>
                            <title>POST /session/:sessionId/execute/sync</title>
                            <attachments>
                                <attachment title='Request' source='77f71123-51af-41ce-96fd-4cd96d3ac821-attachment.json' type='application/json' size='8331'/>
                            </attachments>
                            <steps/>
                        </step>
                    </steps>
                </step>
            </steps>
            <attachments>
                <attachment title='Response' source='9397e678-1aa4-4a98-b8a7-97b240210a52-attachment.json' type='application/json' size='83'/>
                <attachment title='Response' source='6af1c410-2a9f-48f9-aaf0-865d658c5ecf-attachment.json' type='application/json' size='83'/>
            </attachments>
            <failure>
                <message>assert is not defined</message>
                <stack-trace>ReferenceError: assert is not defined
                    at Context.&lt;anonymous> (C:\Users\Jidin\Downloads\volvo_webdriverio_automation_test\volvotest\test\specs\homepagetest.js:27:9)
                    at Context.executeAsync (C:\Users\Jidin\Downloads\volvo_webdriverio_automation_test\volvotest\node_modules\@wdio\utils\build\shim.js:333:27)
                    at Context.testFrameworkFnWrapper (C:\Users\Jidin\Downloads\volvo_webdriverio_automation_test\volvotest\node_modules\@wdio\utils\build\test-framework\testFnWrapper.js:51:32)</stack-trace>
            </failure>
        </test-case>
        <test-case start='1663688343599' status='broken' stop='1663688343821'>
            <name>Play Video, go to Cookies Page and check Title</name>
            <title>Play Video, go to Cookies Page and check Title</title>
            <labels>
                <label name='language' value='javascript'/>
                <label name='framework' value='wdio'/>
                <label name='thread' value='0-0'/>
            </labels>
            <parameters>
                <parameter kind='argument' name='browser' value='chrome-105.0.5195.127'/>
            </parameters>
            <steps>
                <step start='1663688343610' status='broken' stop='1663688343821'>
                    <name>POST /session/:sessionId/element</name>
                    <title>POST /session/:sessionId/element</title>
                    <attachments>
                        <attachment title='Request' source='fe6b268c-0e28-4db5-9af4-5f6a408ba930-attachment.json' type='application/json' size='83'/>
                    </attachments>
                    <steps>
                        <step start='1663688343612' status='broken' stop='1663688343821'>
                            <name>POST /session/:sessionId/element</name>
                            <title>POST /session/:sessionId/element</title>
                            <attachments>
                                <attachment title='Request' source='119a31e3-f0d6-4fc3-a0da-fc69150a7ff8-attachment.json' type='application/json' size='85'/>
                            </attachments>
                            <steps>
                                <step start='1663688343614' status='broken' stop='1663688343821'>
                                    <name>POST /session/:sessionId/element</name>
                                    <title>POST /session/:sessionId/element</title>
                                    <attachments>
                                        <attachment title='Request' source='d530d52d-beef-4003-86c0-18752e442437-attachment.json' type='application/json' size='79'/>
                                    </attachments>
                                    <steps>
                                        <step start='1663688343616' status='broken' stop='1663688343821'>
                                            <name>GET /session/:sessionId/screenshot</name>
                                            <title>GET /session/:sessionId/screenshot</title>
                                            <attachments/>
                                            <steps>
                                                <step start='1663688343619' status='passed' stop='1663688343821'>
                                                    <name>POST /session/:sessionId/url</name>
                                                    <title>POST /session/:sessionId/url</title>
                                                    <attachments>
                                                        <attachment title='Request' source='d13b06ed-517e-4ffc-8fa0-1e4b78ada1c9-attachment.json' type='application/json' size='73'/>
                                                        <attachment title='Screenshot' source='88b37770-5c54-4da9-99cf-5e90952255d5-attachment.png' type='image/png' size='162305'/>
                                                    </attachments>
                                                    <steps>
                                                        <step start='1663688343623' status='passed' stop='1663688343630'>
                                                            <name>POST /session/:sessionId/elements</name>
                                                            <title>POST /session/:sessionId/elements</title>
                                                            <attachments>
                                                                <attachment title='Request' source='9dfdb45b-be11-4037-8a5b-8d461b7ad40d-attachment.json' type='application/json' size='57'/>
                                                                <attachment title='Response' source='fda2a3a9-b2e1-4533-bdee-a4a19fb8f063-attachment.json' type='application/json' size='4'/>
                                                            </attachments>
                                                            <steps/>
                                                        </step>
                                                    </steps>
                                                </step>
                                            </steps>
                                        </step>
                                    </steps>
                                </step>
                            </steps>
                        </step>
                    </steps>
                </step>
            </steps>
            <attachments>
                <attachment title='Response' source='087d971a-2c86-4b6e-b457-6af1fafeb206-attachment.json' type='application/json' size='2'/>
                <attachment title='Response' source='e57733d2-1a12-4b8e-b734-098460502609-attachment.json' type='application/json' size='4'/>
            </attachments>
            <failure>
                <message>browser.getUrlAndTitle is not a function</message>
                <stack-trace>TypeError: browser.getUrlAndTitle is not a function
                    at Context.&lt;anonymous> (C:\Users\Jidin\Downloads\volvo_webdriverio_automation_test\volvotest\test\specs\homepagetest.js:40:37)
                    at Context.executeAsync (C:\Users\Jidin\Downloads\volvo_webdriverio_automation_test\volvotest\node_modules\@wdio\utils\build\shim.js:333:27)
                    at Context.testFrameworkFnWrapper (C:\Users\Jidin\Downloads\volvo_webdriverio_automation_test\volvotest\node_modules\@wdio\utils\build\test-framework\testFnWrapper.js:51:32)</stack-trace>
            </failure>
        </test-case>
    </test-cases>
</ns2:test-suite>