<?xml version='1.0'?>
<ns2:test-suite xmlns:ns2='urn:model.allure.qatools.yandex.ru' start='1663689554801' stop='1663689558129'>
    <name>Home Page features test: </name>
    <title>Home Page features test: </title>
    <test-cases>
        <test-case start='1663689554802' status='passed' stop='1663689554810'>
            <name>Check browser details</name>
            <title>Check browser details</title>
            <labels>
                <label name='language' value='javascript'/>
                <label name='framework' value='wdio'/>
                <label name='thread' value='0-0'/>
            </labels>
            <parameters>
                <parameter kind='argument' name='browser' value='chrome-105.0.5195.127'/>
            </parameters>
            <steps>
                <step start='1663689554805' status='undefined'>
                    <name>POST /session/:sessionId/element</name>
                    <title>POST /session/:sessionId/element</title>
                    <attachments>
                        <attachment title='Request' source='3493390c-95dd-4b73-88d6-53d3909c5d2b-attachment.json' type='application/json' size='57'/>
                    </attachments>
                    <steps/>
                </step>
            </steps>
            <attachments/>
        </test-case>
        <test-case start='1663689554811' status='broken' stop='1663689555125'>
            <name>Should have the correct URL and title</name>
            <title>Should have the correct URL and title</title>
            <labels>
                <label name='language' value='javascript'/>
                <label name='framework' value='wdio'/>
                <label name='thread' value='0-0'/>
            </labels>
            <parameters>
                <parameter kind='argument' name='browser' value='chrome-105.0.5195.127'/>
            </parameters>
            <steps>
                <step start='1663689554812' status='passed' stop='1663689555124'>
                    <name>POST /session/:sessionId/window/maximize</name>
                    <title>POST /session/:sessionId/window/maximize</title>
                    <attachments>
                        <attachment title='Screenshot' source='617fa4fd-176a-4a12-b36c-389370602c6d-attachment.png' type='image/png' size='8715'/>
                    </attachments>
                    <steps>
                        <step start='1663689554813' status='passed' stop='1663689554978'>
                            <name>GET /session/:sessionId/title</name>
                            <title>GET /session/:sessionId/title</title>
                            <attachments>
                                <attachment title='Response' source='ad434067-da5b-464b-bf44-c4d7601538f9-attachment.json' type='application/json' size='58'/>
                            </attachments>
                            <steps>
                                <step start='1663689554814' status='passed' stop='1663689554859'>
                                    <name>GET /session/:sessionId/url</name>
                                    <title>GET /session/:sessionId/url</title>
                                    <attachments>
                                        <attachment title='Response' source='177a5367-cb31-4549-b351-662d1b887a9b-attachment.json' type='application/json' size='8'/>
                                    </attachments>
                                    <steps>
                                        <step start='1663689554816' status='passed' stop='1663689554857'>
                                            <name>GET /session/:sessionId/screenshot</name>
                                            <title>GET /session/:sessionId/screenshot</title>
                                            <attachments/>
                                            <steps>
                                                <step start='1663689554819' status='passed' stop='1663689554829'>
                                                    <name>POST /session/:sessionId/url</name>
                                                    <title>POST /session/:sessionId/url</title>
                                                    <attachments>
                                                        <attachment title='Request' source='a006ee1a-46e8-4c7e-b89d-da5553bc915e-attachment.json' type='application/json' size='73'/>
                                                        <attachment title='Response' source='19355081-23d6-4b62-b999-82a34674aea1-attachment.json' type='application/json' size='1028'/>
                                                    </attachments>
                                                    <steps/>
                                                </step>
                                                <step start='1663689554836' status='passed' stop='1663689554853'>
                                                    <name>POST /session/:sessionId/elements</name>
                                                    <title>POST /session/:sessionId/elements</title>
                                                    <attachments>
                                                        <attachment title='Request' source='c366c14d-2960-40e6-9192-b6511a090823-attachment.json' type='application/json' size='57'/>
                                                        <attachment title='Response' source='becbe1ec-c788-4afe-af2c-81f8b3eedf02-attachment.json' type='application/json' size='2'/>
                                                    </attachments>
                                                    <steps/>
                                                </step>
                                            </steps>
                                        </step>
                                    </steps>
                                </step>
                            </steps>
                        </step>
                    </steps>
                </step>
            </steps>
            <attachments/>
            <failure>
                <message>assert is not defined</message>
                <stack-trace>ReferenceError: assert is not defined
                    at Context.&lt;anonymous> (C:\Users\Jidin\Downloads\volvo_webdriverio_automation_test\volvotest\test\specs\homepagetest.js:18:8)
                    at Context.executeAsync (C:\Users\Jidin\Downloads\volvo_webdriverio_automation_test\volvotest\node_modules\@wdio\utils\build\shim.js:333:27)
                    at Context.testFrameworkFnWrapper (C:\Users\Jidin\Downloads\volvo_webdriverio_automation_test\volvotest\node_modules\@wdio\utils\build\test-framework\testFnWrapper.js:51:32)</stack-trace>
            </failure>
        </test-case>
        <test-case start='1663689555126' status='broken' stop='1663689557580'>
            <name>Video button exists</name>
            <title>Video button exists</title>
            <labels>
                <label name='language' value='javascript'/>
                <label name='framework' value='wdio'/>
                <label name='thread' value='0-0'/>
            </labels>
            <parameters>
                <parameter kind='argument' name='browser' value='chrome-105.0.5195.127'/>
            </parameters>
            <steps>
                <step start='1663689555127' status='broken' stop='1663689557580'>
                    <name>GET /session/:sessionId/screenshot</name>
                    <title>GET /session/:sessionId/screenshot</title>
                    <attachments/>
                    <steps>
                        <step start='1663689555130' status='passed' stop='1663689557580'>
                            <name>POST /session/:sessionId/element</name>
                            <title>POST /session/:sessionId/element</title>
                            <attachments>
                                <attachment title='Request' source='5f722451-0e26-47ab-a5ed-315c39f7d95d-attachment.json' type='application/json' size='52'/>
                                <attachment title='Screenshot' source='a433a1ed-b061-45e6-ab42-5514f93c3ba0-attachment.png' type='image/png' size='160179'/>
                            </attachments>
                            <steps>
                                <step start='1663689555336' status='passed' stop='1663689557362'>
                                    <name>POST /session/:sessionId/elements</name>
                                    <title>POST /session/:sessionId/elements</title>
                                    <attachments>
                                        <attachment title='Request' source='f706584d-b20e-4278-852c-0b91135fa7c2-attachment.json' type='application/json' size='57'/>
                                    </attachments>
                                    <steps/>
                                </step>
                            </steps>
                        </step>
                    </steps>
                </step>
                <step start='1663689557586' status='undefined'>
                    <name>POST /session/:sessionId/execute/sync</name>
                    <title>POST /session/:sessionId/execute/sync</title>
                    <attachments>
                        <attachment title='Request' source='01cdb3fd-3833-478f-8094-21dd53296f69-attachment.json' type='application/json' size='8331'/>
                    </attachments>
                    <steps>
                        <step start='1663689557592' status='undefined'>
                            <name>POST /session/:sessionId/execute/sync</name>
                            <title>POST /session/:sessionId/execute/sync</title>
                            <attachments>
                                <attachment title='Request' source='19406f95-bb69-4879-beec-a3f3680b10a9-attachment.json' type='application/json' size='8331'/>
                            </attachments>
                            <steps/>
                        </step>
                    </steps>
                </step>
            </steps>
            <attachments>
                <attachment title='Response' source='51f1fdae-15b9-4d28-bcee-136d09c86e02-attachment.json' type='application/json' size='83'/>
            </attachments>
            <failure>
                <message>assert is not defined</message>
                <stack-trace>ReferenceError: assert is not defined
                    at Context.&lt;anonymous> (C:\Users\Jidin\Downloads\volvo_webdriverio_automation_test\volvotest\test\specs\homepagetest.js:23:9)
                    at Context.executeAsync (C:\Users\Jidin\Downloads\volvo_webdriverio_automation_test\volvotest\node_modules\@wdio\utils\build\shim.js:333:27)
                    at Context.testFrameworkFnWrapper (C:\Users\Jidin\Downloads\volvo_webdriverio_automation_test\volvotest\node_modules\@wdio\utils\build\test-framework\testFnWrapper.js:51:32)</stack-trace>
            </failure>
        </test-case>
        <test-case start='1663689557599' status='broken' stop='1663689557883'>
            <name>Disclaimer Section exists</name>
            <title>Disclaimer Section exists</title>
            <labels>
                <label name='language' value='javascript'/>
                <label name='framework' value='wdio'/>
                <label name='thread' value='0-0'/>
            </labels>
            <parameters>
                <parameter kind='argument' name='browser' value='chrome-105.0.5195.127'/>
            </parameters>
            <steps>
                <step start='1663689557603' status='passed' stop='1663689557883'>
                    <name>GET /session/:sessionId/screenshot</name>
                    <title>GET /session/:sessionId/screenshot</title>
                    <attachments>
                        <attachment title='Screenshot' source='e82683c5-de69-4f02-b26b-3efea0a12b58-attachment.png' type='image/png' size='162165'/>
                    </attachments>
                    <steps>
                        <step start='1663689557607' status='passed' stop='1663689557689'>
                            <name>POST /session/:sessionId/element</name>
                            <title>POST /session/:sessionId/element</title>
                            <attachments>
                                <attachment title='Request' source='da0a2f0f-66ad-4b0d-822a-e605589eb595-attachment.json' type='application/json' size='57'/>
                                <attachment title='Response' source='e4f5c18c-7946-4fa5-a0a6-b89cd57af60a-attachment.json' type='application/json' size='4'/>
                            </attachments>
                            <steps>
                                <step start='1663689557613' status='passed' stop='1663689557684'>
                                    <name>POST /session/:sessionId/elements</name>
                                    <title>POST /session/:sessionId/elements</title>
                                    <attachments>
                                        <attachment title='Request' source='a5f76917-b60e-4201-bc6d-f2af5c9b38af-attachment.json' type='application/json' size='57'/>
                                        <attachment title='Response' source='5d8704a5-7d9f-4660-9881-9d1814e03e82-attachment.json' type='application/json' size='4'/>
                                    </attachments>
                                    <steps/>
                                </step>
                            </steps>
                        </step>
                    </steps>
                </step>
            </steps>
            <attachments>
                <attachment title='Response' source='731e5e93-f445-448b-8e8e-7fe14d524a72-attachment.json' type='application/json' size='2'/>
            </attachments>
            <failure>
                <message>assert is not defined</message>
                <stack-trace>ReferenceError: assert is not defined
                    at Context.&lt;anonymous> (C:\Users\Jidin\Downloads\volvo_webdriverio_automation_test\volvotest\test\specs\homepagetest.js:27:9)
                    at Context.executeAsync (C:\Users\Jidin\Downloads\volvo_webdriverio_automation_test\volvotest\node_modules\@wdio\utils\build\shim.js:333:27)
                    at Context.testFrameworkFnWrapper (C:\Users\Jidin\Downloads\volvo_webdriverio_automation_test\volvotest\node_modules\@wdio\utils\build\test-framework\testFnWrapper.js:51:32)</stack-trace>
            </failure>
        </test-case>
        <test-case start='1663689557884' status='broken' stop='1663689558128'>
            <name>Play Video, go to Cookies Page and check Title</name>
            <title>Play Video, go to Cookies Page and check Title</title>
            <labels>
                <label name='language' value='javascript'/>
                <label name='framework' value='wdio'/>
                <label name='thread' value='0-0'/>
            </labels>
            <parameters>
                <parameter kind='argument' name='browser' value='chrome-105.0.5195.127'/>
            </parameters>
            <steps>
                <step start='1663689557885' status='broken' stop='1663689558128'>
                    <name>POST /session/:sessionId/element</name>
                    <title>POST /session/:sessionId/element</title>
                    <attachments>
                        <attachment title='Request' source='c3738fe9-460d-404a-ace4-e0f6fbc51be0-attachment.json' type='application/json' size='83'/>
                    </attachments>
                    <steps>
                        <step start='1663689557890' status='broken' stop='1663689558128'>
                            <name>POST /session/:sessionId/element</name>
                            <title>POST /session/:sessionId/element</title>
                            <attachments>
                                <attachment title='Request' source='d52a8c41-3314-4e5a-a4d1-b13a7ba90314-attachment.json' type='application/json' size='85'/>
                            </attachments>
                            <steps>
                                <step start='1663689557893' status='broken' stop='1663689558128'>
                                    <name>POST /session/:sessionId/element</name>
                                    <title>POST /session/:sessionId/element</title>
                                    <attachments>
                                        <attachment title='Request' source='4ddd88bc-5513-43fc-82d9-f337bededf45-attachment.json' type='application/json' size='79'/>
                                    </attachments>
                                    <steps>
                                        <step start='1663689557896' status='broken' stop='1663689558128'>
                                            <name>GET /session/:sessionId/screenshot</name>
                                            <title>GET /session/:sessionId/screenshot</title>
                                            <attachments/>
                                            <steps>
                                                <step start='1663689557897' status='passed' stop='1663689557903'>
                                                    <name>POST /session/:sessionId/url</name>
                                                    <title>POST /session/:sessionId/url</title>
                                                    <attachments>
                                                        <attachment title='Request' source='88afd758-4bcd-4c4b-bb0e-b9a4ed730efc-attachment.json' type='application/json' size='73'/>
                                                        <attachment title='Response' source='52625b48-8655-4133-b8fb-ac1c396008d7-attachment.json' type='application/json' size='83'/>
                                                    </attachments>
                                                    <steps/>
                                                </step>
                                                <step start='1663689557905' status='broken' stop='1663689558128'>
                                                    <name>POST /session/:sessionId/execute/sync</name>
                                                    <title>POST /session/:sessionId/execute/sync</title>
                                                    <attachments>
                                                        <attachment title='Request' source='57631461-fdec-4fe0-95a9-8fc02f575f9e-attachment.json' type='application/json' size='8331'/>
                                                    </attachments>
                                                    <steps>
                                                        <step start='1663689557907' status='passed' stop='1663689557914'>
                                                            <name>POST /session/:sessionId/execute/sync</name>
                                                            <title>POST /session/:sessionId/execute/sync</title>
                                                            <attachments>
                                                                <attachment title='Request' source='d55b6edf-9e48-4cba-8d54-6ca0d68fa26d-attachment.json' type='application/json' size='8331'/>
                                                                <attachment title='Response' source='23ef9b49-79ba-435a-a2c3-c14b60f849bd-attachment.json' type='application/json' size='2'/>
                                                            </attachments>
                                                            <steps/>
                                                        </step>
                                                        <step start='1663689557918' status='passed' stop='1663689558128'>
                                                            <name>POST /session/:sessionId/elements</name>
                                                            <title>POST /session/:sessionId/elements</title>
                                                            <attachments>
                                                                <attachment title='Request' source='866963fa-c92c-424b-aefa-12f6c449319d-attachment.json' type='application/json' size='57'/>
                                                                <attachment title='Screenshot' source='ba65f3d9-a744-4273-ba7e-352af9c43f80-attachment.png' type='image/png' size='165429'/>
                                                            </attachments>
                                                            <steps/>
                                                        </step>
                                                    </steps>
                                                </step>
                                            </steps>
                                        </step>
                                    </steps>
                                </step>
                            </steps>
                        </step>
                    </steps>
                </step>
            </steps>
            <attachments/>
            <failure>
                <message>browser.getUrlAndTitle is not a function</message>
                <stack-trace>TypeError: browser.getUrlAndTitle is not a function
                    at Context.&lt;anonymous> (C:\Users\Jidin\Downloads\volvo_webdriverio_automation_test\volvotest\test\specs\homepagetest.js:40:37)
                    at Context.executeAsync (C:\Users\Jidin\Downloads\volvo_webdriverio_automation_test\volvotest\node_modules\@wdio\utils\build\shim.js:333:27)
                    at Context.testFrameworkFnWrapper (C:\Users\Jidin\Downloads\volvo_webdriverio_automation_test\volvotest\node_modules\@wdio\utils\build\test-framework\testFnWrapper.js:51:32)</stack-trace>
            </failure>
        </test-case>
    </test-cases>
</ns2:test-suite>