<?xml version='1.0'?>
<ns2:test-suite xmlns:ns2='urn:model.allure.qatools.yandex.ru' start='1663687613102' stop='1663687616595'>
    <name>Home Page features test: </name>
    <title>Home Page features test: </title>
    <test-cases>
        <test-case start='1663687613103' status='passed' stop='1663687613113'>
            <name>Check browser details</name>
            <title>Check browser details</title>
            <labels>
                <label name='language' value='javascript'/>
                <label name='framework' value='wdio'/>
                <label name='thread' value='0-0'/>
            </labels>
            <parameters>
                <parameter kind='argument' name='browser' value='chrome-105.0.5195.127'/>
            </parameters>
            <steps>
                <step start='1663687613107' status='undefined'>
                    <name>POST /session/:sessionId/element</name>
                    <title>POST /session/:sessionId/element</title>
                    <attachments>
                        <attachment title='Request' source='9940e73e-03e2-4fcf-892e-cbaa0dd6fb5f-attachment.json' type='application/json' size='57'/>
                    </attachments>
                    <steps/>
                </step>
            </steps>
            <attachments/>
        </test-case>
        <test-case start='1663687613114' status='broken' stop='1663687613401'>
            <name>Should have the correct URL and title</name>
            <title>Should have the correct URL and title</title>
            <labels>
                <label name='language' value='javascript'/>
                <label name='framework' value='wdio'/>
                <label name='thread' value='0-0'/>
            </labels>
            <parameters>
                <parameter kind='argument' name='browser' value='chrome-105.0.5195.127'/>
            </parameters>
            <steps>
                <step start='1663687613114' status='broken' stop='1663687613401'>
                    <name>POST /session/:sessionId/window/maximize</name>
                    <title>POST /session/:sessionId/window/maximize</title>
                    <attachments/>
                    <steps>
                        <step start='1663687613117' status='passed' stop='1663687613400'>
                            <name>GET /session/:sessionId/screenshot</name>
                            <title>GET /session/:sessionId/screenshot</title>
                            <attachments>
                                <attachment title='Screenshot' source='8b987690-39d3-4d91-ad7f-226a097e330c-attachment.png' type='image/png' size='8715'/>
                            </attachments>
                            <steps>
                                <step start='1663687613119' status='passed' stop='1663687613132'>
                                    <name>POST /session/:sessionId/url</name>
                                    <title>POST /session/:sessionId/url</title>
                                    <attachments>
                                        <attachment title='Request' source='608018dc-48f3-4992-8907-95cd8ce6b04f-attachment.json' type='application/json' size='73'/>
                                        <attachment title='Response' source='1a0d421c-d481-44e0-8bb4-da4c9d96904f-attachment.json' type='application/json' size='1028'/>
                                    </attachments>
                                    <steps/>
                                </step>
                                <step start='1663687613141' status='passed' stop='1663687613259'>
                                    <name>POST /session/:sessionId/elements</name>
                                    <title>POST /session/:sessionId/elements</title>
                                    <attachments>
                                        <attachment title='Request' source='b82306c5-f720-4178-b736-1ffa589e7d98-attachment.json' type='application/json' size='57'/>
                                        <attachment title='Response' source='7d3038ff-4cfe-4da5-8a0a-e543a6add0d4-attachment.json' type='application/json' size='58'/>
                                    </attachments>
                                    <steps/>
                                </step>
                            </steps>
                        </step>
                    </steps>
                </step>
            </steps>
            <attachments/>
            <failure>
                <message>VolvoMorePage is not defined</message>
                <stack-trace>ReferenceError: VolvoMorePage is not defined
                    at Context.&lt;anonymous> (C:\Users\Jidin\Downloads\volvo_webdriverio_automation_test\volvotest\test\specs\homepagetest.js:15:9)
                    at Context.executeAsync (C:\Users\Jidin\Downloads\volvo_webdriverio_automation_test\volvotest\node_modules\@wdio\utils\build\shim.js:333:27)
                    at Context.testFrameworkFnWrapper (C:\Users\Jidin\Downloads\volvo_webdriverio_automation_test\volvotest\node_modules\@wdio\utils\build\test-framework\testFnWrapper.js:51:32)</stack-trace>
            </failure>
        </test-case>
        <test-case start='1663687613401' status='broken' stop='1663687615795'>
            <name>Video button exists</name>
            <title>Video button exists</title>
            <labels>
                <label name='language' value='javascript'/>
                <label name='framework' value='wdio'/>
                <label name='thread' value='0-0'/>
            </labels>
            <parameters>
                <parameter kind='argument' name='browser' value='chrome-105.0.5195.127'/>
            </parameters>
            <steps>
                <step start='1663687613402' status='passed' stop='1663687615574'>
                    <name>GET /session/:sessionId/screenshot</name>
                    <title>GET /session/:sessionId/screenshot</title>
                    <attachments>
                        <attachment title='Response' source='526f7251-ca63-44f8-b727-19d72cc3e519-attachment.json' type='application/json' size='2'/>
                    </attachments>
                    <steps>
                        <step start='1663687613405' status='passed' stop='1663687615563'>
                            <name>POST /session/:sessionId/element</name>
                            <title>POST /session/:sessionId/element</title>
                            <attachments>
                                <attachment title='Request' source='39f84d39-14f7-474e-a43e-46668e48f9e3-attachment.json' type='application/json' size='52'/>
                            </attachments>
                            <steps/>
                        </step>
                    </steps>
                </step>
                <step start='1663687615588' status='passed' stop='1663687615795'>
                    <name>POST /session/:sessionId/elements</name>
                    <title>POST /session/:sessionId/elements</title>
                    <attachments>
                        <attachment title='Request' source='d0fe3d30-b59e-4b18-9dae-2af3ac2c4e31-attachment.json' type='application/json' size='57'/>
                        <attachment title='Screenshot' source='00c879e9-568b-4cc5-b7b6-f0c901aa1844-attachment.png' type='image/png' size='162632'/>
                    </attachments>
                    <steps/>
                </step>
            </steps>
            <attachments/>
            <failure>
                <message>assert is not defined</message>
                <stack-trace>ReferenceError: assert is not defined
                    at Context.&lt;anonymous> (C:\Users\Jidin\Downloads\volvo_webdriverio_automation_test\volvotest\test\specs\homepagetest.js:22:9)
                    at Context.executeAsync (C:\Users\Jidin\Downloads\volvo_webdriverio_automation_test\volvotest\node_modules\@wdio\utils\build\shim.js:333:27)
                    at Context.testFrameworkFnWrapper (C:\Users\Jidin\Downloads\volvo_webdriverio_automation_test\volvotest\node_modules\@wdio\utils\build\test-framework\testFnWrapper.js:51:32)</stack-trace>
            </failure>
        </test-case>
        <test-case start='1663687615795' status='broken' stop='1663687616078'>
            <name>Disclaimer Section exists</name>
            <title>Disclaimer Section exists</title>
            <labels>
                <label name='language' value='javascript'/>
                <label name='framework' value='wdio'/>
                <label name='thread' value='0-0'/>
            </labels>
            <parameters>
                <parameter kind='argument' name='browser' value='chrome-105.0.5195.127'/>
            </parameters>
            <steps>
                <step start='1663687615796' status='broken' stop='1663687616078'>
                    <name>GET /session/:sessionId/screenshot</name>
                    <title>GET /session/:sessionId/screenshot</title>
                    <attachments/>
                    <steps>
                        <step start='1663687615798' status='passed' stop='1663687615805'>
                            <name>POST /session/:sessionId/element</name>
                            <title>POST /session/:sessionId/element</title>
                            <attachments>
                                <attachment title='Request' source='a8a6abce-1b38-4ead-b251-32e04e7d7457-attachment.json' type='application/json' size='57'/>
                                <attachment title='Response' source='ebb07691-bb2f-4296-b0b8-878bead60b95-attachment.json' type='application/json' size='83'/>
                            </attachments>
                            <steps/>
                        </step>
                        <step start='1663687615807' status='broken' stop='1663687616078'>
                            <name>POST /session/:sessionId/execute/sync</name>
                            <title>POST /session/:sessionId/execute/sync</title>
                            <attachments>
                                <attachment title='Request' source='d0e38333-6ee2-47f6-b280-20407b5efc95-attachment.json' type='application/json' size='8331'/>
                            </attachments>
                            <steps>
                                <step start='1663687615812' status='passed' stop='1663687615820'>
                                    <name>POST /session/:sessionId/execute/sync</name>
                                    <title>POST /session/:sessionId/execute/sync</title>
                                    <attachments>
                                        <attachment title='Request' source='a98b57ae-16f9-426f-9a6c-79fbfc7e2a50-attachment.json' type='application/json' size='8331'/>
                                        <attachment title='Response' source='67f004e6-ae5d-4e99-9e01-9ee96e88e59d-attachment.json' type='application/json' size='2'/>
                                    </attachments>
                                    <steps/>
                                </step>
                                <step start='1663687615823' status='passed' stop='1663687616078'>
                                    <name>POST /session/:sessionId/elements</name>
                                    <title>POST /session/:sessionId/elements</title>
                                    <attachments>
                                        <attachment title='Request' source='35f77f49-7f8f-46cd-b45a-26310573b4fe-attachment.json' type='application/json' size='57'/>
                                        <attachment title='Screenshot' source='cd347947-7783-4aeb-88d8-f88f2d8691ef-attachment.png' type='image/png' size='164700'/>
                                    </attachments>
                                    <steps/>
                                </step>
                            </steps>
                        </step>
                    </steps>
                </step>
            </steps>
            <attachments/>
            <failure>
                <message>assert is not defined</message>
                <stack-trace>ReferenceError: assert is not defined
                    at Context.&lt;anonymous> (C:\Users\Jidin\Downloads\volvo_webdriverio_automation_test\volvotest\test\specs\homepagetest.js:26:9)
                    at Context.executeAsync (C:\Users\Jidin\Downloads\volvo_webdriverio_automation_test\volvotest\node_modules\@wdio\utils\build\shim.js:333:27)
                    at Context.testFrameworkFnWrapper (C:\Users\Jidin\Downloads\volvo_webdriverio_automation_test\volvotest\node_modules\@wdio\utils\build\test-framework\testFnWrapper.js:51:32)</stack-trace>
            </failure>
        </test-case>
        <test-case start='1663687616079' status='broken' stop='1663687616576'>
            <name>Play Video, go to Cookies Page and check Title</name>
            <title>Play Video, go to Cookies Page and check Title</title>
            <labels>
                <label name='language' value='javascript'/>
                <label name='framework' value='wdio'/>
                <label name='thread' value='0-0'/>
            </labels>
            <parameters>
                <parameter kind='argument' name='browser' value='chrome-105.0.5195.127'/>
            </parameters>
            <steps>
                <step start='1663687616080' status='broken' stop='1663687616575'>
                    <name>POST /session/:sessionId/element</name>
                    <title>POST /session/:sessionId/element</title>
                    <attachments>
                        <attachment title='Request' source='b97aea0e-3594-4f37-82a8-75d6158c22a0-attachment.json' type='application/json' size='83'/>
                    </attachments>
                    <steps>
                        <step start='1663687616083' status='broken' stop='1663687616575'>
                            <name>POST /session/:sessionId/element</name>
                            <title>POST /session/:sessionId/element</title>
                            <attachments>
                                <attachment title='Request' source='a9ec37e3-372c-4101-ab05-b14362c30855-attachment.json' type='application/json' size='85'/>
                            </attachments>
                            <steps>
                                <step start='1663687616086' status='broken' stop='1663687616575'>
                                    <name>POST /session/:sessionId/element</name>
                                    <title>POST /session/:sessionId/element</title>
                                    <attachments>
                                        <attachment title='Request' source='9d4ecd09-528b-4f68-ae6b-329659a9e4c6-attachment.json' type='application/json' size='79'/>
                                    </attachments>
                                    <steps>
                                        <step start='1663687616089' status='passed' stop='1663687616575'>
                                            <name>GET /session/:sessionId/screenshot</name>
                                            <title>GET /session/:sessionId/screenshot</title>
                                            <attachments>
                                                <attachment title='Screenshot' source='82e767a7-0bf5-4c6e-98a6-41678cde88a3-attachment.png' type='image/png' size='345088'/>
                                            </attachments>
                                            <steps>
                                                <step start='1663687616092' status='passed' stop='1663687616099'>
                                                    <name>POST /session/:sessionId/url</name>
                                                    <title>POST /session/:sessionId/url</title>
                                                    <attachments>
                                                        <attachment title='Request' source='82b4bab9-9b13-440f-a206-f519d527a4d5-attachment.json' type='application/json' size='73'/>
                                                        <attachment title='Response' source='9698111d-b796-46de-b6be-ae8be5b90710-attachment.json' type='application/json' size='83'/>
                                                    </attachments>
                                                    <steps/>
                                                </step>
                                                <step start='1663687616101' status='passed' stop='1663687616177'>
                                                    <name>POST /session/:sessionId/execute/sync</name>
                                                    <title>POST /session/:sessionId/execute/sync</title>
                                                    <attachments>
                                                        <attachment title='Request' source='37620897-7b7b-4ce4-b8ed-4fe72a2b00db-attachment.json' type='application/json' size='8331'/>
                                                        <attachment title='Response' source='4ebbc884-d9a3-48f4-a81c-468707181a23-attachment.json' type='application/json' size='2'/>
                                                    </attachments>
                                                    <steps>
                                                        <step start='1663687616105' status='passed' stop='1663687616115'>
                                                            <name>POST /session/:sessionId/execute/sync</name>
                                                            <title>POST /session/:sessionId/execute/sync</title>
                                                            <attachments>
                                                                <attachment title='Request' source='6154acaa-1b7c-4fad-9474-f6cd65503baa-attachment.json' type='application/json' size='8331'/>
                                                                <attachment title='Response' source='2c184387-051a-4dd6-af29-e0694e9cf5ce-attachment.json' type='application/json' size='4'/>
                                                            </attachments>
                                                            <steps/>
                                                        </step>
                                                    </steps>
                                                </step>
                                                <step start='1663687616191' status='passed' stop='1663687616196'>
                                                    <name>POST /session/:sessionId/elements</name>
                                                    <title>POST /session/:sessionId/elements</title>
                                                    <attachments>
                                                        <attachment title='Request' source='17e4481a-2d15-4e8b-967e-483c7b46dc75-attachment.json' type='application/json' size='57'/>
                                                        <attachment title='Response' source='c7c616ed-97cc-41f8-9fc0-480d92b40274-attachment.json' type='application/json' size='4'/>
                                                    </attachments>
                                                    <steps/>
                                                </step>
                                            </steps>
                                        </step>
                                    </steps>
                                </step>
                            </steps>
                        </step>
                    </steps>
                </step>
                <step start='1663687616583' status='passed' stop='1663687616590'>
                    <name>POST /session/:sessionId/elements</name>
                    <title>POST /session/:sessionId/elements</title>
                    <attachments>
                        <attachment title='Request' source='4ba4441a-8c81-4f4b-9708-b2f72e54d8d7-attachment.json' type='application/json' size='83'/>
                        <attachment title='Response' source='90c743bb-a575-4cc1-8855-e1fe64197e2b-attachment.json' type='application/json' size='1056'/>
                    </attachments>
                    <steps/>
                </step>
                <step start='1663687616592' status='undefined'>
                    <name>POST /session/:sessionId/elements</name>
                    <title>POST /session/:sessionId/elements</title>
                    <attachments>
                        <attachment title='Request' source='1896a6d1-fc03-4f4b-9711-203101a48b66-attachment.json' type='application/json' size='85'/>
                    </attachments>
                    <steps/>
                </step>
            </steps>
            <attachments>
                <attachment title='Response' source='18a6106a-b080-4750-9cf2-bea4850478f8-attachment.json' type='application/json' size='4'/>
                <attachment title='Response' source='29b9cda6-7beb-4c70-9cec-9519fd44c7ac-attachment.json' type='application/json' size='1054'/>
            </attachments>
            <failure>
                <message>browser.getUrlAndTitle is not a function</message>
                <stack-trace>TypeError: browser.getUrlAndTitle is not a function
                    at Context.&lt;anonymous> (C:\Users\Jidin\Downloads\volvo_webdriverio_automation_test\volvotest\test\specs\homepagetest.js:39:37)
                    at Context.executeAsync (C:\Users\Jidin\Downloads\volvo_webdriverio_automation_test\volvotest\node_modules\@wdio\utils\build\shim.js:333:27)
                    at Context.testFrameworkFnWrapper (C:\Users\Jidin\Downloads\volvo_webdriverio_automation_test\volvotest\node_modules\@wdio\utils\build\test-framework\testFnWrapper.js:51:32)</stack-trace>
            </failure>
        </test-case>
    </test-cases>
</ns2:test-suite>