<?xml version='1.0'?>
<ns2:test-suite xmlns:ns2='urn:model.allure.qatools.yandex.ru' start='1663696458678' stop='1663696466921'>
    <name>Home Page features test: </name>
    <title>Home Page features test: </title>
    <test-cases>
        <test-case start='1663696458678' status='passed' stop='1663696458690'>
            <name>Check browser details</name>
            <title>Check browser details</title>
            <labels>
                <label name='language' value='javascript'/>
                <label name='framework' value='wdio'/>
                <label name='thread' value='0-0'/>
            </labels>
            <parameters>
                <parameter kind='argument' name='browser' value='chrome-105.0.5195.127'/>
            </parameters>
            <steps>
                <step start='1663696458681' status='undefined'>
                    <name>POST /session/:sessionId/element</name>
                    <title>POST /session/:sessionId/element</title>
                    <attachments>
                        <attachment title='Request' source='671d523d-5461-419f-ae24-12497a08f36f-attachment.json' type='application/json' size='57'/>
                    </attachments>
                    <steps>
                        <step start='1663696458686' status='undefined'>
                            <name>POST /session/:sessionId/url</name>
                            <title>POST /session/:sessionId/url</title>
                            <attachments>
                                <attachment title='Request' source='a1758493-e1fd-4bcc-9955-3c8b5d5cf4f0-attachment.json' type='application/json' size='47'/>
                            </attachments>
                            <steps/>
                        </step>
                    </steps>
                </step>
            </steps>
            <attachments/>
        </test-case>
        <test-case start='1663696458691' status='broken' stop='1663696462217'>
            <name>Should have the correct URL and title</name>
            <title>Should have the correct URL and title</title>
            <labels>
                <label name='language' value='javascript'/>
                <label name='framework' value='wdio'/>
                <label name='thread' value='0-0'/>
            </labels>
            <parameters>
                <parameter kind='argument' name='browser' value='chrome-105.0.5195.127'/>
            </parameters>
            <steps>
                <step start='1663696458692' status='passed' stop='1663696462216'>
                    <name>POST /session/:sessionId/window/maximize</name>
                    <title>POST /session/:sessionId/window/maximize</title>
                    <attachments>
                        <attachment title='Screenshot' source='78c10d13-6e53-4878-bb9e-7b9982efc04e-attachment.png' type='image/png' size='190416'/>
                    </attachments>
                    <steps>
                        <step start='1663696458694' status='passed' stop='1663696461921'>
                            <name>GET /session/:sessionId/screenshot</name>
                            <title>GET /session/:sessionId/screenshot</title>
                            <attachments>
                                <attachment title='Response' source='69067d7b-32ba-4a84-abcb-a668090d76b7-attachment.json' type='application/json' size='58'/>
                            </attachments>
                            <steps>
                                <step start='1663696458697' status='passed' stop='1663696458708'>
                                    <name>POST /session/:sessionId/url</name>
                                    <title>POST /session/:sessionId/url</title>
                                    <attachments>
                                        <attachment title='Request' source='915f7dbe-d753-40d0-8131-2770df539948-attachment.json' type='application/json' size='73'/>
                                        <attachment title='Response' source='2bae4f52-94da-448c-954b-172c2d7c1221-attachment.json' type='application/json' size='1028'/>
                                    </attachments>
                                    <steps/>
                                </step>
                                <step start='1663696458721' status='passed' stop='1663696461531'>
                                    <name>POST /session/:sessionId/elements</name>
                                    <title>POST /session/:sessionId/elements</title>
                                    <attachments>
                                        <attachment title='Request' source='b3e2099e-0251-40ed-9237-3a8ab08b42b0-attachment.json' type='application/json' size='57'/>
                                    </attachments>
                                    <steps/>
                                </step>
                            </steps>
                        </step>
                    </steps>
                </step>
            </steps>
            <attachments/>
            <failure>
                <message>homePage.getUrlAndTitle is not a function</message>
                <stack-trace>TypeError: homePage.getUrlAndTitle is not a function
                    at Context.&lt;anonymous> (C:\Users\Jidin\Downloads\volvo_webdriverio_automation_test\volvotest\test\specs\homepagetest.js:15:35)
                    at Context.executeAsync (C:\Users\Jidin\Downloads\volvo_webdriverio_automation_test\volvotest\node_modules\@wdio\utils\build\shim.js:333:27)
                    at Context.testFrameworkFnWrapper (C:\Users\Jidin\Downloads\volvo_webdriverio_automation_test\volvotest\node_modules\@wdio\utils\build\test-framework\testFnWrapper.js:51:32)</stack-trace>
            </failure>
        </test-case>
        <test-case start='1663696462218' status='broken' stop='1663696466455'>
            <name>Video button exists</name>
            <title>Video button exists</title>
            <labels>
                <label name='language' value='javascript'/>
                <label name='framework' value='wdio'/>
                <label name='thread' value='0-0'/>
            </labels>
            <parameters>
                <parameter kind='argument' name='browser' value='chrome-105.0.5195.127'/>
            </parameters>
            <steps>
                <step start='1663696462218' status='passed' stop='1663696466250'>
                    <name>GET /session/:sessionId/screenshot</name>
                    <title>GET /session/:sessionId/screenshot</title>
                    <attachments>
                        <attachment title='Response' source='4b01add9-e176-400b-a61c-299cdc8e3fad-attachment.json' type='application/json' size='2'/>
                    </attachments>
                    <steps>
                        <step start='1663696462220' status='passed' stop='1663696466240'>
                            <name>POST /session/:sessionId/element</name>
                            <title>POST /session/:sessionId/element</title>
                            <attachments>
                                <attachment title='Request' source='6133794f-02f5-4cc1-9607-092f40fe4937-attachment.json' type='application/json' size='52'/>
                            </attachments>
                            <steps/>
                        </step>
                    </steps>
                </step>
                <step start='1663696466257' status='passed' stop='1663696466454'>
                    <name>POST /session/:sessionId/elements</name>
                    <title>POST /session/:sessionId/elements</title>
                    <attachments>
                        <attachment title='Request' source='d63f2c3d-ba52-41e9-8250-55edb503e66e-attachment.json' type='application/json' size='57'/>
                        <attachment title='Screenshot' source='d09569dc-9ca5-4635-8f6f-e312b977c4ab-attachment.png' type='image/png' size='144006'/>
                    </attachments>
                    <steps/>
                </step>
                <step start='1663696466462' status='undefined'>
                    <name>POST /session/:sessionId/execute/sync</name>
                    <title>POST /session/:sessionId/execute/sync</title>
                    <attachments>
                        <attachment title='Request' source='edf6d04f-cf7c-4175-b53c-b2f8e8514b6f-attachment.json' type='application/json' size='8331'/>
                    </attachments>
                    <steps>
                        <step start='1663696466466' status='undefined'>
                            <name>POST /session/:sessionId/execute/sync</name>
                            <title>POST /session/:sessionId/execute/sync</title>
                            <attachments>
                                <attachment title='Request' source='20d0bfe4-83d9-40c1-b081-28acc648e67c-attachment.json' type='application/json' size='8331'/>
                            </attachments>
                            <steps/>
                        </step>
                    </steps>
                </step>
            </steps>
            <attachments>
                <attachment title='Response' source='625342d8-c156-4a26-af09-4f8dac2d6b62-attachment.json' type='application/json' size='83'/>
            </attachments>
            <failure>
                <message>assert is not defined</message>
                <stack-trace>ReferenceError: assert is not defined
                    at Context.&lt;anonymous> (C:\Users\Jidin\Downloads\volvo_webdriverio_automation_test\volvotest\test\specs\homepagetest.js:21:9)
                    at Context.executeAsync (C:\Users\Jidin\Downloads\volvo_webdriverio_automation_test\volvotest\node_modules\@wdio\utils\build\shim.js:333:27)
                    at Context.testFrameworkFnWrapper (C:\Users\Jidin\Downloads\volvo_webdriverio_automation_test\volvotest\node_modules\@wdio\utils\build\test-framework\testFnWrapper.js:51:32)</stack-trace>
            </failure>
        </test-case>
        <test-case start='1663696466469' status='broken' stop='1663696466687'>
            <name>Disclaimer Section exists</name>
            <title>Disclaimer Section exists</title>
            <labels>
                <label name='language' value='javascript'/>
                <label name='framework' value='wdio'/>
                <label name='thread' value='0-0'/>
            </labels>
            <parameters>
                <parameter kind='argument' name='browser' value='chrome-105.0.5195.127'/>
            </parameters>
            <steps>
                <step start='1663696466476' status='passed' stop='1663696466687'>
                    <name>GET /session/:sessionId/screenshot</name>
                    <title>GET /session/:sessionId/screenshot</title>
                    <attachments>
                        <attachment title='Screenshot' source='4e2ff66d-70bf-4e39-b1f1-6896bb2f4290-attachment.png' type='image/png' size='143656'/>
                    </attachments>
                    <steps>
                        <step start='1663696466479' status='passed' stop='1663696466488'>
                            <name>POST /session/:sessionId/element</name>
                            <title>POST /session/:sessionId/element</title>
                            <attachments>
                                <attachment title='Request' source='d9db85f9-133b-4ae3-8447-3b287244a371-attachment.json' type='application/json' size='57'/>
                                <attachment title='Response' source='0fef806c-9775-4244-8825-2a2aef4b353c-attachment.json' type='application/json' size='4'/>
                            </attachments>
                            <steps>
                                <step start='1663696466482' status='passed' stop='1663696466487'>
                                    <name>POST /session/:sessionId/elements</name>
                                    <title>POST /session/:sessionId/elements</title>
                                    <attachments>
                                        <attachment title='Request' source='38241efa-dbdc-40e4-9589-0a71ac2f8cab-attachment.json' type='application/json' size='57'/>
                                        <attachment title='Response' source='57e85b6a-db78-45b1-adc5-1d76970a0a63-attachment.json' type='application/json' size='4'/>
                                    </attachments>
                                    <steps/>
                                </step>
                            </steps>
                        </step>
                    </steps>
                </step>
                <step start='1663696466693' status='undefined'>
                    <name>POST /session/:sessionId/execute/sync</name>
                    <title>POST /session/:sessionId/execute/sync</title>
                    <attachments>
                        <attachment title='Request' source='44cf38d4-16a7-42f7-888d-49614c2b8c63-attachment.json' type='application/json' size='8331'/>
                    </attachments>
                    <steps>
                        <step start='1663696466697' status='undefined'>
                            <name>POST /session/:sessionId/execute/sync</name>
                            <title>POST /session/:sessionId/execute/sync</title>
                            <attachments>
                                <attachment title='Request' source='82bad862-c733-4bee-8af2-99868a5a5a20-attachment.json' type='application/json' size='8331'/>
                            </attachments>
                            <steps/>
                        </step>
                    </steps>
                </step>
            </steps>
            <attachments>
                <attachment title='Response' source='fc7a95c2-9d4f-42b0-ad48-44a5483ac21c-attachment.json' type='application/json' size='2'/>
                <attachment title='Response' source='0807617a-41c5-4faf-8cd0-6a510a2ac02c-attachment.json' type='application/json' size='83'/>
            </attachments>
            <failure>
                <message>assert is not defined</message>
                <stack-trace>ReferenceError: assert is not defined
                    at Context.&lt;anonymous> (C:\Users\Jidin\Downloads\volvo_webdriverio_automation_test\volvotest\test\specs\homepagetest.js:25:9)
                    at Context.executeAsync (C:\Users\Jidin\Downloads\volvo_webdriverio_automation_test\volvotest\node_modules\@wdio\utils\build\shim.js:333:27)
                    at Context.testFrameworkFnWrapper (C:\Users\Jidin\Downloads\volvo_webdriverio_automation_test\volvotest\node_modules\@wdio\utils\build\test-framework\testFnWrapper.js:51:32)</stack-trace>
            </failure>
        </test-case>
        <test-case start='1663696466702' status='broken' stop='1663696466920'>
            <name>Play Video, go to Cookies Page and check Title</name>
            <title>Play Video, go to Cookies Page and check Title</title>
            <labels>
                <label name='language' value='javascript'/>
                <label name='framework' value='wdio'/>
                <label name='thread' value='0-0'/>
            </labels>
            <parameters>
                <parameter kind='argument' name='browser' value='chrome-105.0.5195.127'/>
            </parameters>
            <steps>
                <step start='1663696466711' status='broken' stop='1663696466920'>
                    <name>POST /session/:sessionId/elements</name>
                    <title>POST /session/:sessionId/elements</title>
                    <attachments>
                        <attachment title='Request' source='eb7483ec-f798-4836-ac2b-546b96f13df1-attachment.json' type='application/json' size='57'/>
                    </attachments>
                    <steps>
                        <step start='1663696466716' status='broken' stop='1663696466920'>
                            <name>POST /session/:sessionId/element</name>
                            <title>POST /session/:sessionId/element</title>
                            <attachments>
                                <attachment title='Request' source='c77a4879-2d16-47fb-9a54-053e9da08abc-attachment.json' type='application/json' size='83'/>
                            </attachments>
                            <steps>
                                <step start='1663696466719' status='broken' stop='1663696466920'>
                                    <name>POST /session/:sessionId/element</name>
                                    <title>POST /session/:sessionId/element</title>
                                    <attachments>
                                        <attachment title='Request' source='d3b3e3a8-7944-431e-a90d-b1bc62738308-attachment.json' type='application/json' size='85'/>
                                    </attachments>
                                    <steps>
                                        <step start='1663696466721' status='passed' stop='1663696466739'>
                                            <name>POST /session/:sessionId/element</name>
                                            <title>POST /session/:sessionId/element</title>
                                            <attachments>
                                                <attachment title='Request' source='10b8c0fe-d08b-415f-a56d-2b9bcbea441e-attachment.json' type='application/json' size='79'/>
                                                <attachment title='Response' source='22c249ec-9e28-44a8-897d-7ec7cdb2199c-attachment.json' type='application/json' size='2'/>
                                            </attachments>
                                            <steps>
                                                <step start='1663696466725' status='passed' stop='1663696466737'>
                                                    <name>GET /session/:sessionId/screenshot</name>
                                                    <title>GET /session/:sessionId/screenshot</title>
                                                    <attachments>
                                                        <attachment title='Response' source='049b4d44-c02c-4188-9bf4-74bdaa5b7166-attachment.json' type='application/json' size='4'/>
                                                    </attachments>
                                                    <steps>
                                                        <step start='1663696466729' status='passed' stop='1663696466735'>
                                                            <name>POST /session/:sessionId/url</name>
                                                            <title>POST /session/:sessionId/url</title>
                                                            <attachments>
                                                                <attachment title='Request' source='cf2dcd7e-ff98-4495-a761-4ccb05b3d7f4-attachment.json' type='application/json' size='73'/>
                                                                <attachment title='Response' source='e7b88b81-5126-4e93-af17-d1d630527758-attachment.json' type='application/json' size='4'/>
                                                            </attachments>
                                                            <steps/>
                                                        </step>
                                                    </steps>
                                                </step>
                                            </steps>
                                        </step>
                                        <step start='1663696466740' status='passed' stop='1663696466920'>
                                            <name>POST /session/:sessionId/elements</name>
                                            <title>POST /session/:sessionId/elements</title>
                                            <attachments>
                                                <attachment title='Request' source='d51f2003-ecf5-4565-b2cb-5644fadd150b-attachment.json' type='application/json' size='57'/>
                                                <attachment title='Screenshot' source='e2e5556b-aecb-4b99-90c9-713ab82bda96-attachment.png' type='image/png' size='144296'/>
                                            </attachments>
                                            <steps/>
                                        </step>
                                    </steps>
                                </step>
                            </steps>
                        </step>
                    </steps>
                </step>
            </steps>
            <attachments>
                <attachment title='Response' source='bea4db16-5f93-4240-b4f9-aa5589ac2edc-attachment.json' type='application/json' size='2'/>
            </attachments>
            <failure>
                <message>browser.getUrlAndTitle is not a function</message>
                <stack-trace>TypeError: browser.getUrlAndTitle is not a function
                    at Context.&lt;anonymous> (C:\Users\Jidin\Downloads\volvo_webdriverio_automation_test\volvotest\test\specs\homepagetest.js:38:37)
                    at Context.executeAsync (C:\Users\Jidin\Downloads\volvo_webdriverio_automation_test\volvotest\node_modules\@wdio\utils\build\shim.js:333:27)
                    at Context.testFrameworkFnWrapper (C:\Users\Jidin\Downloads\volvo_webdriverio_automation_test\volvotest\node_modules\@wdio\utils\build\test-framework\testFnWrapper.js:51:32)</stack-trace>
            </failure>
        </test-case>
    </test-cases>
</ns2:test-suite>