<?xml version='1.0'?>
<ns2:test-suite xmlns:ns2='urn:model.allure.qatools.yandex.ru' start='1663686498354' stop='1663686501245'>
    <name>Home Page features test: </name>
    <title>Home Page features test: </title>
    <test-cases>
        <test-case start='1663686498355' status='passed' stop='1663686498364'>
            <name>Check browser details</name>
            <title>Check browser details</title>
            <labels>
                <label name='language' value='javascript'/>
                <label name='framework' value='wdio'/>
                <label name='thread' value='0-0'/>
            </labels>
            <parameters>
                <parameter kind='argument' name='browser' value='chrome-105.0.5195.127'/>
            </parameters>
            <steps>
                <step start='1663686498358' status='undefined'>
                    <name>POST /session/:sessionId/element</name>
                    <title>POST /session/:sessionId/element</title>
                    <attachments>
                        <attachment title='Request' source='91aac14d-49cc-4b98-8b42-29f90af3356d-attachment.json' type='application/json' size='57'/>
                    </attachments>
                    <steps/>
                </step>
            </steps>
            <attachments/>
        </test-case>
        <test-case start='1663686498365' status='broken' stop='1663686498653'>
            <name>Should have the correct URL and title</name>
            <title>Should have the correct URL and title</title>
            <labels>
                <label name='language' value='javascript'/>
                <label name='framework' value='wdio'/>
                <label name='thread' value='0-0'/>
            </labels>
            <parameters>
                <parameter kind='argument' name='browser' value='chrome-105.0.5195.127'/>
            </parameters>
            <steps>
                <step start='1663686498366' status='broken' stop='1663686498653'>
                    <name>POST /session/:sessionId/window/maximize</name>
                    <title>POST /session/:sessionId/window/maximize</title>
                    <attachments/>
                    <steps>
                        <step start='1663686498367' status='passed' stop='1663686498651'>
                            <name>GET /session/:sessionId/title</name>
                            <title>GET /session/:sessionId/title</title>
                            <attachments>
                                <attachment title='Screenshot' source='1cab9355-8ccc-4198-a449-6e9f07593672-attachment.png' type='image/png' size='8715'/>
                            </attachments>
                            <steps>
                                <step start='1663686498369' status='passed' stop='1663686498498'>
                                    <name>GET /session/:sessionId/screenshot</name>
                                    <title>GET /session/:sessionId/screenshot</title>
                                    <attachments>
                                        <attachment title='Response' source='28f46406-5a3a-4e06-aa5d-2bbdff57ea15-attachment.json' type='application/json' size='58'/>
                                    </attachments>
                                    <steps>
                                        <step start='1663686498371' status='passed' stop='1663686498382'>
                                            <name>POST /session/:sessionId/url</name>
                                            <title>POST /session/:sessionId/url</title>
                                            <attachments>
                                                <attachment title='Request' source='81f102b1-03b9-4720-8e73-d1866d6c834d-attachment.json' type='application/json' size='73'/>
                                                <attachment title='Response' source='8d34aee0-eb92-4120-83d5-91ba0ca29923-attachment.json' type='application/json' size='1028'/>
                                            </attachments>
                                            <steps/>
                                        </step>
                                        <step start='1663686498389' status='passed' stop='1663686498393'>
                                            <name>POST /session/:sessionId/elements</name>
                                            <title>POST /session/:sessionId/elements</title>
                                            <attachments>
                                                <attachment title='Request' source='138c07f8-10fd-4626-a9b6-e56b0cf6e79e-attachment.json' type='application/json' size='57'/>
                                            </attachments>
                                            <steps/>
                                        </step>
                                    </steps>
                                </step>
                            </steps>
                        </step>
                    </steps>
                </step>
            </steps>
            <attachments/>
            <failure>
                <message>assert is not defined</message>
                <stack-trace>ReferenceError: assert is not defined
                    at Context.&lt;anonymous> (C:\Users\Jidin\Downloads\volvo_webdriverio_automation_test\volvotest\test\specs\homepagetest.js:17:9)
                    at Context.executeAsync (C:\Users\Jidin\Downloads\volvo_webdriverio_automation_test\volvotest\node_modules\@wdio\utils\build\shim.js:333:27)
                    at Context.testFrameworkFnWrapper (C:\Users\Jidin\Downloads\volvo_webdriverio_automation_test\volvotest\node_modules\@wdio\utils\build\test-framework\testFnWrapper.js:51:32)</stack-trace>
            </failure>
        </test-case>
        <test-case start='1663686498653' status='broken' stop='1663686500694'>
            <name>Video button exists</name>
            <title>Video button exists</title>
            <labels>
                <label name='language' value='javascript'/>
                <label name='framework' value='wdio'/>
                <label name='thread' value='0-0'/>
            </labels>
            <parameters>
                <parameter kind='argument' name='browser' value='chrome-105.0.5195.127'/>
            </parameters>
            <steps>
                <step start='1663686498654' status='passed' stop='1663686500482'>
                    <name>GET /session/:sessionId/screenshot</name>
                    <title>GET /session/:sessionId/screenshot</title>
                    <attachments>
                        <attachment title='Response' source='dc703945-faf4-4045-9768-fba40504e739-attachment.json' type='application/json' size='2'/>
                    </attachments>
                    <steps>
                        <step start='1663686498655' status='passed' stop='1663686500472'>
                            <name>POST /session/:sessionId/element</name>
                            <title>POST /session/:sessionId/element</title>
                            <attachments>
                                <attachment title='Request' source='307d7629-1730-436b-8e45-c06ed0907b27-attachment.json' type='application/json' size='52'/>
                            </attachments>
                            <steps/>
                        </step>
                    </steps>
                </step>
                <step start='1663686500498' status='passed' stop='1663686500694'>
                    <name>POST /session/:sessionId/elements</name>
                    <title>POST /session/:sessionId/elements</title>
                    <attachments>
                        <attachment title='Request' source='9e16e700-55fa-43bb-8e99-3d835dc3a102-attachment.json' type='application/json' size='57'/>
                        <attachment title='Screenshot' source='0aa37fb2-99b1-4682-a422-1f9f22527c84-attachment.png' type='image/png' size='144967'/>
                    </attachments>
                    <steps/>
                </step>
                <step start='1663686500699' status='undefined'>
                    <name>POST /session/:sessionId/execute/sync</name>
                    <title>POST /session/:sessionId/execute/sync</title>
                    <attachments>
                        <attachment title='Request' source='c272191a-fc9c-4961-862e-01684a61859c-attachment.json' type='application/json' size='8331'/>
                    </attachments>
                    <steps>
                        <step start='1663686500703' status='undefined'>
                            <name>POST /session/:sessionId/execute/sync</name>
                            <title>POST /session/:sessionId/execute/sync</title>
                            <attachments>
                                <attachment title='Request' source='a116e2a7-830e-467f-87b2-e73f9157ff06-attachment.json' type='application/json' size='8331'/>
                            </attachments>
                            <steps/>
                        </step>
                    </steps>
                </step>
            </steps>
            <attachments>
                <attachment title='Response' source='9a749c78-4425-4301-bcfc-8b4576ca37d4-attachment.json' type='application/json' size='83'/>
            </attachments>
            <failure>
                <message>assert is not defined</message>
                <stack-trace>ReferenceError: assert is not defined
                    at Context.&lt;anonymous> (C:\Users\Jidin\Downloads\volvo_webdriverio_automation_test\volvotest\test\specs\homepagetest.js:21:9)
                    at Context.executeAsync (C:\Users\Jidin\Downloads\volvo_webdriverio_automation_test\volvotest\node_modules\@wdio\utils\build\shim.js:333:27)
                    at Context.testFrameworkFnWrapper (C:\Users\Jidin\Downloads\volvo_webdriverio_automation_test\volvotest\node_modules\@wdio\utils\build\test-framework\testFnWrapper.js:51:32)</stack-trace>
            </failure>
        </test-case>
        <test-case start='1663686500707' status='broken' stop='1663686500915'>
            <name>Disclaimer Section exists</name>
            <title>Disclaimer Section exists</title>
            <labels>
                <label name='language' value='javascript'/>
                <label name='framework' value='wdio'/>
                <label name='thread' value='0-0'/>
            </labels>
            <parameters>
                <parameter kind='argument' name='browser' value='chrome-105.0.5195.127'/>
            </parameters>
            <steps>
                <step start='1663686500712' status='passed' stop='1663686500730'>
                    <name>POST /session/:sessionId/elements</name>
                    <title>POST /session/:sessionId/elements</title>
                    <attachments>
                        <attachment title='Request' source='6fe3ef92-695b-4593-b845-e99291649996-attachment.json' type='application/json' size='57'/>
                        <attachment title='Response' source='597cefd7-1103-4b31-bbdf-d112f8578c3e-attachment.json' type='application/json' size='2'/>
                    </attachments>
                    <steps>
                        <step start='1663686500717' status='passed' stop='1663686500728'>
                            <name>GET /session/:sessionId/screenshot</name>
                            <title>GET /session/:sessionId/screenshot</title>
                            <attachments>
                                <attachment title='Response' source='da712376-05b7-4818-8c78-b53478f77810-attachment.json' type='application/json' size='4'/>
                            </attachments>
                            <steps>
                                <step start='1663686500720' status='passed' stop='1663686500726'>
                                    <name>POST /session/:sessionId/element</name>
                                    <title>POST /session/:sessionId/element</title>
                                    <attachments>
                                        <attachment title='Request' source='3f85a3f4-6ffd-4474-b265-458e72991e1f-attachment.json' type='application/json' size='57'/>
                                        <attachment title='Response' source='db397fdd-a7cc-4018-8fb9-103b9b84fc1a-attachment.json' type='application/json' size='4'/>
                                    </attachments>
                                    <steps/>
                                </step>
                            </steps>
                        </step>
                    </steps>
                </step>
                <step start='1663686500732' status='passed' stop='1663686500915'>
                    <name>POST /session/:sessionId/elements</name>
                    <title>POST /session/:sessionId/elements</title>
                    <attachments>
                        <attachment title='Request' source='4ff1897c-7145-451d-91db-767b3a4770f5-attachment.json' type='application/json' size='57'/>
                        <attachment title='Screenshot' source='17e101dd-16dd-4a61-9f71-8732490672db-attachment.png' type='image/png' size='144127'/>
                    </attachments>
                    <steps/>
                </step>
            </steps>
            <attachments>
                <attachment title='Response' source='ead699de-a190-49e9-a71f-cd9ed7f61c9b-attachment.json' type='application/json' size='2'/>
            </attachments>
            <failure>
                <message>assert is not defined</message>
                <stack-trace>ReferenceError: assert is not defined
                    at Context.&lt;anonymous> (C:\Users\Jidin\Downloads\volvo_webdriverio_automation_test\volvotest\test\specs\homepagetest.js:25:9)
                    at Context.executeAsync (C:\Users\Jidin\Downloads\volvo_webdriverio_automation_test\volvotest\node_modules\@wdio\utils\build\shim.js:333:27)
                    at Context.testFrameworkFnWrapper (C:\Users\Jidin\Downloads\volvo_webdriverio_automation_test\volvotest\node_modules\@wdio\utils\build\test-framework\testFnWrapper.js:51:32)</stack-trace>
            </failure>
        </test-case>
        <test-case start='1663686500916' status='broken' stop='1663686501244'>
            <name>Play Video, go to Cookies Page and check Title</name>
            <title>Play Video, go to Cookies Page and check Title</title>
            <labels>
                <label name='language' value='javascript'/>
                <label name='framework' value='wdio'/>
                <label name='thread' value='0-0'/>
            </labels>
            <parameters>
                <parameter kind='argument' name='browser' value='chrome-105.0.5195.127'/>
            </parameters>
            <steps>
                <step start='1663686500917' status='broken' stop='1663686501244'>
                    <name>POST /session/:sessionId/element</name>
                    <title>POST /session/:sessionId/element</title>
                    <attachments>
                        <attachment title='Request' source='80e061fd-3cbd-4b11-b531-ebc591570830-attachment.json' type='application/json' size='83'/>
                    </attachments>
                    <steps>
                        <step start='1663686500920' status='broken' stop='1663686501244'>
                            <name>POST /session/:sessionId/element</name>
                            <title>POST /session/:sessionId/element</title>
                            <attachments>
                                <attachment title='Request' source='1bd83cbd-e458-46d1-a88f-967f2a0295ea-attachment.json' type='application/json' size='85'/>
                            </attachments>
                            <steps>
                                <step start='1663686500922' status='broken' stop='1663686501244'>
                                    <name>POST /session/:sessionId/element</name>
                                    <title>POST /session/:sessionId/element</title>
                                    <attachments>
                                        <attachment title='Request' source='1cf900f2-c27a-404c-bc4a-b6cb3389a407-attachment.json' type='application/json' size='79'/>
                                    </attachments>
                                    <steps>
                                        <step start='1663686500926' status='broken' stop='1663686501244'>
                                            <name>GET /session/:sessionId/screenshot</name>
                                            <title>GET /session/:sessionId/screenshot</title>
                                            <attachments/>
                                            <steps>
                                                <step start='1663686500928' status='passed' stop='1663686500934'>
                                                    <name>POST /session/:sessionId/url</name>
                                                    <title>POST /session/:sessionId/url</title>
                                                    <attachments>
                                                        <attachment title='Request' source='73be6299-20bb-47fd-bf40-a0a1770efd20-attachment.json' type='application/json' size='73'/>
                                                        <attachment title='Response' source='be6ae2c7-3fa2-46eb-ae91-a9c5846a070e-attachment.json' type='application/json' size='83'/>
                                                    </attachments>
                                                    <steps/>
                                                </step>
                                                <step start='1663686500939' status='broken' stop='1663686501244'>
                                                    <name>POST /session/:sessionId/execute/sync</name>
                                                    <title>POST /session/:sessionId/execute/sync</title>
                                                    <attachments>
                                                        <attachment title='Request' source='12926660-04e4-4a4a-94d9-b6f6c3a41fda-attachment.json' type='application/json' size='8331'/>
                                                    </attachments>
                                                    <steps>
                                                        <step start='1663686500943' status='passed' stop='1663686500956'>
                                                            <name>POST /session/:sessionId/execute/sync</name>
                                                            <title>POST /session/:sessionId/execute/sync</title>
                                                            <attachments>
                                                                <attachment title='Request' source='27691119-8450-4b8d-947b-229b643283a2-attachment.json' type='application/json' size='8331'/>
                                                                <attachment title='Response' source='dc3b33b7-0f7f-42f1-84eb-c73f9a70dc5d-attachment.json' type='application/json' size='2'/>
                                                            </attachments>
                                                            <steps/>
                                                        </step>
                                                        <step start='1663686500968' status='passed' stop='1663686501244'>
                                                            <name>POST /session/:sessionId/elements</name>
                                                            <title>POST /session/:sessionId/elements</title>
                                                            <attachments>
                                                                <attachment title='Request' source='c10b380e-6bd8-4ac6-85ae-4351da1843ff-attachment.json' type='application/json' size='57'/>
                                                                <attachment title='Screenshot' source='4f707670-287a-4019-b776-6adf6e030c7c-attachment.png' type='image/png' size='165154'/>
                                                            </attachments>
                                                            <steps/>
                                                        </step>
                                                    </steps>
                                                </step>
                                            </steps>
                                        </step>
                                    </steps>
                                </step>
                            </steps>
                        </step>
                    </steps>
                </step>
            </steps>
            <attachments/>
            <failure>
                <message>browser.getUrlAndTitle is not a function</message>
                <stack-trace>TypeError: browser.getUrlAndTitle is not a function
                    at Context.&lt;anonymous> (C:\Users\Jidin\Downloads\volvo_webdriverio_automation_test\volvotest\test\specs\homepagetest.js:38:37)
                    at Context.executeAsync (C:\Users\Jidin\Downloads\volvo_webdriverio_automation_test\volvotest\node_modules\@wdio\utils\build\shim.js:333:27)
                    at Context.testFrameworkFnWrapper (C:\Users\Jidin\Downloads\volvo_webdriverio_automation_test\volvotest\node_modules\@wdio\utils\build\test-framework\testFnWrapper.js:51:32)</stack-trace>
            </failure>
        </test-case>
    </test-cases>
</ns2:test-suite>