<?xml version='1.0'?>
<ns2:test-suite xmlns:ns2='urn:model.allure.qatools.yandex.ru' start='1663688387803' stop='1663688390982'>
    <name>Home Page features test: </name>
    <title>Home Page features test: </title>
    <test-cases>
        <test-case start='1663688387804' status='passed' stop='1663688387813'>
            <name>Check browser details</name>
            <title>Check browser details</title>
            <labels>
                <label name='language' value='javascript'/>
                <label name='framework' value='wdio'/>
                <label name='thread' value='0-0'/>
            </labels>
            <parameters>
                <parameter kind='argument' name='browser' value='chrome-105.0.5195.127'/>
            </parameters>
            <steps>
                <step start='1663688387807' status='undefined'>
                    <name>POST /session/:sessionId/element</name>
                    <title>POST /session/:sessionId/element</title>
                    <attachments>
                        <attachment title='Request' source='9e5aca27-09af-4b8e-aaf2-f9d73bf41548-attachment.json' type='application/json' size='57'/>
                    </attachments>
                    <steps/>
                </step>
            </steps>
            <attachments/>
        </test-case>
        <test-case start='1663688387814' status='broken' stop='1663688388089'>
            <name>Should have the correct URL and title</name>
            <title>Should have the correct URL and title</title>
            <labels>
                <label name='language' value='javascript'/>
                <label name='framework' value='wdio'/>
                <label name='thread' value='0-0'/>
            </labels>
            <parameters>
                <parameter kind='argument' name='browser' value='chrome-105.0.5195.127'/>
            </parameters>
            <steps>
                <step start='1663688387814' status='broken' stop='1663688388089'>
                    <name>POST /session/:sessionId/window/maximize</name>
                    <title>POST /session/:sessionId/window/maximize</title>
                    <attachments/>
                    <steps>
                        <step start='1663688387816' status='passed' stop='1663688388088'>
                            <name>GET /session/:sessionId/screenshot</name>
                            <title>GET /session/:sessionId/screenshot</title>
                            <attachments>
                                <attachment title='Screenshot' source='eb5fe69a-a981-4e3d-9f87-3ba0175690eb-attachment.png' type='image/png' size='8715'/>
                            </attachments>
                            <steps>
                                <step start='1663688387818' status='passed' stop='1663688387830'>
                                    <name>POST /session/:sessionId/url</name>
                                    <title>POST /session/:sessionId/url</title>
                                    <attachments>
                                        <attachment title='Request' source='9a4244a2-2bb0-4a0d-b90b-0384ad74f3d5-attachment.json' type='application/json' size='73'/>
                                        <attachment title='Response' source='c1bb62f5-c3ab-43f8-a4dc-bd4e9912606e-attachment.json' type='application/json' size='1028'/>
                                    </attachments>
                                    <steps/>
                                </step>
                                <step start='1663688387838' status='passed' stop='1663688387946'>
                                    <name>POST /session/:sessionId/elements</name>
                                    <title>POST /session/:sessionId/elements</title>
                                    <attachments>
                                        <attachment title='Request' source='2da92afb-3761-4386-8919-ed122b003c47-attachment.json' type='application/json' size='57'/>
                                        <attachment title='Response' source='c29fa668-6502-47ac-861e-e82385361b95-attachment.json' type='application/json' size='58'/>
                                    </attachments>
                                    <steps/>
                                </step>
                            </steps>
                        </step>
                    </steps>
                </step>
            </steps>
            <attachments/>
            <failure>
                <message>homePage.getUrlAndTitle is not a function</message>
                <stack-trace>TypeError: homePage.getUrlAndTitle is not a function
                    at Context.&lt;anonymous> (C:\Users\Jidin\Downloads\volvo_webdriverio_automation_test\volvotest\test\specs\homepagetest.js:17:35)
                    at Context.executeAsync (C:\Users\Jidin\Downloads\volvo_webdriverio_automation_test\volvotest\node_modules\@wdio\utils\build\shim.js:333:27)
                    at Context.testFrameworkFnWrapper (C:\Users\Jidin\Downloads\volvo_webdriverio_automation_test\volvotest\node_modules\@wdio\utils\build\test-framework\testFnWrapper.js:51:32)</stack-trace>
            </failure>
        </test-case>
        <test-case start='1663688388090' status='broken' stop='1663688390415'>
            <name>Video button exists</name>
            <title>Video button exists</title>
            <labels>
                <label name='language' value='javascript'/>
                <label name='framework' value='wdio'/>
                <label name='thread' value='0-0'/>
            </labels>
            <parameters>
                <parameter kind='argument' name='browser' value='chrome-105.0.5195.127'/>
            </parameters>
            <steps>
                <step start='1663688388091' status='passed' stop='1663688390183'>
                    <name>GET /session/:sessionId/screenshot</name>
                    <title>GET /session/:sessionId/screenshot</title>
                    <attachments>
                        <attachment title='Response' source='16a3b6a0-01ae-4f67-8c24-20080f8fabc6-attachment.json' type='application/json' size='2'/>
                    </attachments>
                    <steps>
                        <step start='1663688388094' status='passed' stop='1663688390171'>
                            <name>POST /session/:sessionId/element</name>
                            <title>POST /session/:sessionId/element</title>
                            <attachments>
                                <attachment title='Request' source='99462f67-11c0-4e33-8ae7-5724caac3990-attachment.json' type='application/json' size='52'/>
                            </attachments>
                            <steps/>
                        </step>
                    </steps>
                </step>
                <step start='1663688390199' status='passed' stop='1663688390415'>
                    <name>POST /session/:sessionId/elements</name>
                    <title>POST /session/:sessionId/elements</title>
                    <attachments>
                        <attachment title='Request' source='e4f62a8a-721a-44b7-894a-a28d04dc9636-attachment.json' type='application/json' size='57'/>
                        <attachment title='Screenshot' source='cf2d8b19-69cd-47e1-b0e9-c89bd1633e37-attachment.png' type='image/png' size='165695'/>
                    </attachments>
                    <steps/>
                </step>
                <step start='1663688390420' status='undefined'>
                    <name>POST /session/:sessionId/execute/sync</name>
                    <title>POST /session/:sessionId/execute/sync</title>
                    <attachments>
                        <attachment title='Request' source='2503b47f-2e46-4626-9a04-c6377798be02-attachment.json' type='application/json' size='8331'/>
                    </attachments>
                    <steps>
                        <step start='1663688390425' status='undefined'>
                            <name>POST /session/:sessionId/execute/sync</name>
                            <title>POST /session/:sessionId/execute/sync</title>
                            <attachments>
                                <attachment title='Request' source='ec1ac8b0-62ea-4060-97fb-c6b0a3d41868-attachment.json' type='application/json' size='8331'/>
                            </attachments>
                            <steps/>
                        </step>
                    </steps>
                </step>
            </steps>
            <attachments>
                <attachment title='Response' source='0f8b6254-c138-4d66-9ce5-a6e8c01f3361-attachment.json' type='application/json' size='83'/>
            </attachments>
            <failure>
                <message>assert is not defined</message>
                <stack-trace>ReferenceError: assert is not defined
                    at Context.&lt;anonymous> (C:\Users\Jidin\Downloads\volvo_webdriverio_automation_test\volvotest\test\specs\homepagetest.js:23:9)
                    at Context.executeAsync (C:\Users\Jidin\Downloads\volvo_webdriverio_automation_test\volvotest\node_modules\@wdio\utils\build\shim.js:333:27)
                    at Context.testFrameworkFnWrapper (C:\Users\Jidin\Downloads\volvo_webdriverio_automation_test\volvotest\node_modules\@wdio\utils\build\test-framework\testFnWrapper.js:51:32)</stack-trace>
            </failure>
        </test-case>
        <test-case start='1663688390429' status='broken' stop='1663688390742'>
            <name>Disclaimer Section exists</name>
            <title>Disclaimer Section exists</title>
            <labels>
                <label name='language' value='javascript'/>
                <label name='framework' value='wdio'/>
                <label name='thread' value='0-0'/>
            </labels>
            <parameters>
                <parameter kind='argument' name='browser' value='chrome-105.0.5195.127'/>
            </parameters>
            <steps>
                <step start='1663688390433' status='passed' stop='1663688390521'>
                    <name>POST /session/:sessionId/elements</name>
                    <title>POST /session/:sessionId/elements</title>
                    <attachments>
                        <attachment title='Request' source='b7bd286b-dbbe-4965-bb58-9ede2abb8cb2-attachment.json' type='application/json' size='57'/>
                        <attachment title='Response' source='1a7c120f-8089-47d4-bf43-e039b3371b3d-attachment.json' type='application/json' size='2'/>
                    </attachments>
                    <steps>
                        <step start='1663688390438' status='passed' stop='1663688390514'>
                            <name>GET /session/:sessionId/screenshot</name>
                            <title>GET /session/:sessionId/screenshot</title>
                            <attachments>
                                <attachment title='Response' source='e5485dcf-1b9e-4740-a36a-1ab011156344-attachment.json' type='application/json' size='4'/>
                            </attachments>
                            <steps>
                                <step start='1663688390440' status='passed' stop='1663688390446'>
                                    <name>POST /session/:sessionId/element</name>
                                    <title>POST /session/:sessionId/element</title>
                                    <attachments>
                                        <attachment title='Request' source='56b3bca9-cf8d-4de8-9562-698094c543e5-attachment.json' type='application/json' size='57'/>
                                        <attachment title='Response' source='75dd7d29-527a-4efc-b33b-f74c724e2c5b-attachment.json' type='application/json' size='4'/>
                                    </attachments>
                                    <steps/>
                                </step>
                            </steps>
                        </step>
                    </steps>
                </step>
                <step start='1663688390535' status='passed' stop='1663688390741'>
                    <name>POST /session/:sessionId/elements</name>
                    <title>POST /session/:sessionId/elements</title>
                    <attachments>
                        <attachment title='Request' source='f18d4d58-1612-4f50-8928-571b27c7b0e6-attachment.json' type='application/json' size='57'/>
                        <attachment title='Screenshot' source='a8529f44-e806-44b8-96c7-2840c723b880-attachment.png' type='image/png' size='162341'/>
                    </attachments>
                    <steps/>
                </step>
            </steps>
            <attachments>
                <attachment title='Response' source='7062e952-b40c-4628-be2e-ee201b909e38-attachment.json' type='application/json' size='2'/>
            </attachments>
            <failure>
                <message>assert is not defined</message>
                <stack-trace>ReferenceError: assert is not defined
                    at Context.&lt;anonymous> (C:\Users\Jidin\Downloads\volvo_webdriverio_automation_test\volvotest\test\specs\homepagetest.js:27:9)
                    at Context.executeAsync (C:\Users\Jidin\Downloads\volvo_webdriverio_automation_test\volvotest\node_modules\@wdio\utils\build\shim.js:333:27)
                    at Context.testFrameworkFnWrapper (C:\Users\Jidin\Downloads\volvo_webdriverio_automation_test\volvotest\node_modules\@wdio\utils\build\test-framework\testFnWrapper.js:51:32)</stack-trace>
            </failure>
        </test-case>
        <test-case start='1663688390742' status='broken' stop='1663688390981'>
            <name>Play Video, go to Cookies Page and check Title</name>
            <title>Play Video, go to Cookies Page and check Title</title>
            <labels>
                <label name='language' value='javascript'/>
                <label name='framework' value='wdio'/>
                <label name='thread' value='0-0'/>
            </labels>
            <parameters>
                <parameter kind='argument' name='browser' value='chrome-105.0.5195.127'/>
            </parameters>
            <steps>
                <step start='1663688390743' status='broken' stop='1663688390981'>
                    <name>POST /session/:sessionId/element</name>
                    <title>POST /session/:sessionId/element</title>
                    <attachments>
                        <attachment title='Request' source='64e3e0c1-e2cc-4038-9c0c-99ff2f93d53b-attachment.json' type='application/json' size='83'/>
                    </attachments>
                    <steps>
                        <step start='1663688390746' status='broken' stop='1663688390981'>
                            <name>POST /session/:sessionId/element</name>
                            <title>POST /session/:sessionId/element</title>
                            <attachments>
                                <attachment title='Request' source='6cf79c3e-2571-46ab-816e-d03b27a3a9d8-attachment.json' type='application/json' size='85'/>
                            </attachments>
                            <steps>
                                <step start='1663688390750' status='broken' stop='1663688390981'>
                                    <name>POST /session/:sessionId/element</name>
                                    <title>POST /session/:sessionId/element</title>
                                    <attachments>
                                        <attachment title='Request' source='ab7b2990-a021-4f5a-8fe0-d0747dda7193-attachment.json' type='application/json' size='79'/>
                                    </attachments>
                                    <steps>
                                        <step start='1663688390752' status='broken' stop='1663688390981'>
                                            <name>GET /session/:sessionId/screenshot</name>
                                            <title>GET /session/:sessionId/screenshot</title>
                                            <attachments/>
                                            <steps>
                                                <step start='1663688390754' status='passed' stop='1663688390761'>
                                                    <name>POST /session/:sessionId/url</name>
                                                    <title>POST /session/:sessionId/url</title>
                                                    <attachments>
                                                        <attachment title='Request' source='8ce3fa7e-e0c0-4644-b9ba-31728ae2f187-attachment.json' type='application/json' size='73'/>
                                                        <attachment title='Response' source='f6aa49ad-0529-495b-bdb8-cc3de4cb2f24-attachment.json' type='application/json' size='83'/>
                                                    </attachments>
                                                    <steps/>
                                                </step>
                                                <step start='1663688390765' status='broken' stop='1663688390981'>
                                                    <name>POST /session/:sessionId/execute/sync</name>
                                                    <title>POST /session/:sessionId/execute/sync</title>
                                                    <attachments>
                                                        <attachment title='Request' source='05d246e5-d128-48fa-95c7-3f11222f8878-attachment.json' type='application/json' size='8331'/>
                                                    </attachments>
                                                    <steps>
                                                        <step start='1663688390768' status='passed' stop='1663688390775'>
                                                            <name>POST /session/:sessionId/execute/sync</name>
                                                            <title>POST /session/:sessionId/execute/sync</title>
                                                            <attachments>
                                                                <attachment title='Request' source='5b55b32c-879a-4a1f-a22e-e6be2889787e-attachment.json' type='application/json' size='8331'/>
                                                                <attachment title='Response' source='f6e3937e-fc54-4a6a-b0f6-c1b0a6a6d875-attachment.json' type='application/json' size='2'/>
                                                            </attachments>
                                                            <steps/>
                                                        </step>
                                                        <step start='1663688390779' status='passed' stop='1663688390981'>
                                                            <name>POST /session/:sessionId/elements</name>
                                                            <title>POST /session/:sessionId/elements</title>
                                                            <attachments>
                                                                <attachment title='Request' source='5113dbe9-df83-45ad-b6b6-b9072f5a2246-attachment.json' type='application/json' size='57'/>
                                                                <attachment title='Screenshot' source='0aca5dae-ccad-4b54-b4f7-4d760f286794-attachment.png' type='image/png' size='163761'/>
                                                            </attachments>
                                                            <steps/>
                                                        </step>
                                                    </steps>
                                                </step>
                                            </steps>
                                        </step>
                                    </steps>
                                </step>
                            </steps>
                        </step>
                    </steps>
                </step>
            </steps>
            <attachments/>
            <failure>
                <message>browser.getUrlAndTitle is not a function</message>
                <stack-trace>TypeError: browser.getUrlAndTitle is not a function
                    at Context.&lt;anonymous> (C:\Users\Jidin\Downloads\volvo_webdriverio_automation_test\volvotest\test\specs\homepagetest.js:40:37)
                    at Context.executeAsync (C:\Users\Jidin\Downloads\volvo_webdriverio_automation_test\volvotest\node_modules\@wdio\utils\build\shim.js:333:27)
                    at Context.testFrameworkFnWrapper (C:\Users\Jidin\Downloads\volvo_webdriverio_automation_test\volvotest\node_modules\@wdio\utils\build\test-framework\testFnWrapper.js:51:32)</stack-trace>
            </failure>
        </test-case>
    </test-cases>
</ns2:test-suite>