<?xml version='1.0'?>
<ns2:test-suite xmlns:ns2='urn:model.allure.qatools.yandex.ru' start='1663697249411' stop='1663697257265'>
    <name>Home Page features test: </name>
    <title>Home Page features test: </title>
    <test-cases>
        <test-case start='1663697249411' status='passed' stop='1663697249424'>
            <name>Check browser details</name>
            <title>Check browser details</title>
            <labels>
                <label name='language' value='javascript'/>
                <label name='framework' value='wdio'/>
                <label name='thread' value='0-0'/>
            </labels>
            <parameters>
                <parameter kind='argument' name='browser' value='chrome-105.0.5195.127'/>
            </parameters>
            <steps>
                <step start='1663697249414' status='undefined'>
                    <name>POST /session/:sessionId/element</name>
                    <title>POST /session/:sessionId/element</title>
                    <attachments>
                        <attachment title='Request' source='21038ee3-004e-4366-aa73-af6a16ea492f-attachment.json' type='application/json' size='57'/>
                    </attachments>
                    <steps>
                        <step start='1663697249419' status='undefined'>
                            <name>POST /session/:sessionId/url</name>
                            <title>POST /session/:sessionId/url</title>
                            <attachments>
                                <attachment title='Request' source='08b20844-8d81-44a1-b291-b9dc5399820a-attachment.json' type='application/json' size='47'/>
                            </attachments>
                            <steps/>
                        </step>
                    </steps>
                </step>
            </steps>
            <attachments/>
        </test-case>
        <test-case start='1663697249426' status='passed' stop='1663697249434'>
            <name>Should have the correct URL and title</name>
            <title>Should have the correct URL and title</title>
            <labels>
                <label name='language' value='javascript'/>
                <label name='framework' value='wdio'/>
                <label name='thread' value='0-0'/>
            </labels>
            <parameters>
                <parameter kind='argument' name='browser' value='chrome-105.0.5195.127'/>
            </parameters>
            <steps>
                <step start='1663697249426' status='undefined'>
                    <name>POST /session/:sessionId/window/maximize</name>
                    <title>POST /session/:sessionId/window/maximize</title>
                    <attachments/>
                    <steps>
                        <step start='1663697249429' status='undefined'>
                            <name>GET /session/:sessionId/url</name>
                            <title>GET /session/:sessionId/url</title>
                            <attachments/>
                            <steps>
                                <step start='1663697249431' status='undefined'>
                                    <name>POST /session/:sessionId/url</name>
                                    <title>POST /session/:sessionId/url</title>
                                    <attachments>
                                        <attachment title='Request' source='eaf37ad4-e445-4f20-880a-11ba013524d2-attachment.json' type='application/json' size='73'/>
                                    </attachments>
                                    <steps/>
                                </step>
                            </steps>
                        </step>
                    </steps>
                </step>
            </steps>
            <attachments/>
        </test-case>
        <test-case start='1663697249436' status='broken' stop='1663697256694'>
            <name>Video button exists</name>
            <title>Video button exists</title>
            <labels>
                <label name='language' value='javascript'/>
                <label name='framework' value='wdio'/>
                <label name='thread' value='0-0'/>
            </labels>
            <parameters>
                <parameter kind='argument' name='browser' value='chrome-105.0.5195.127'/>
            </parameters>
            <steps>
                <step start='1663697249453' status='passed' stop='1663697256444'>
                    <name>POST /session/:sessionId/elements</name>
                    <title>POST /session/:sessionId/elements</title>
                    <attachments>
                        <attachment title='Request' source='af127361-f870-4170-a24c-82a7b0241276-attachment.json' type='application/json' size='57'/>
                    </attachments>
                    <steps>
                        <step start='1663697249458' status='passed' stop='1663697252954'>
                            <name>GET /session/:sessionId/screenshot</name>
                            <title>GET /session/:sessionId/screenshot</title>
                            <attachments>
                                <attachment title='Response' source='ea16dd4e-c58d-45fb-b25b-682c38e634ed-attachment.json' type='application/json' size='34'/>
                            </attachments>
                            <steps>
                                <step start='1663697249461' status='passed' stop='1663697252950'>
                                    <name>POST /session/:sessionId/element</name>
                                    <title>POST /session/:sessionId/element</title>
                                    <attachments>
                                        <attachment title='Request' source='dcb98075-af47-45c7-a7e2-32835a4c1bfd-attachment.json' type='application/json' size='52'/>
                                    </attachments>
                                    <steps/>
                                </step>
                            </steps>
                        </step>
                        <step start='1663697252956' status='passed' stop='1663697253077'>
                            <name>GET /session/:sessionId/url</name>
                            <title>GET /session/:sessionId/url</title>
                            <attachments>
                                <attachment title='Response' source='720301e1-f174-4e20-b268-655cd8dd79d6-attachment.json' type='application/json' size='58'/>
                            </attachments>
                            <steps/>
                        </step>
                    </steps>
                </step>
                <step start='1663697256461' status='passed' stop='1663697256693'>
                    <name>POST /session/:sessionId/elements</name>
                    <title>POST /session/:sessionId/elements</title>
                    <attachments>
                        <attachment title='Request' source='012408de-c8be-4736-9f71-94311e82e38c-attachment.json' type='application/json' size='57'/>
                        <attachment title='Screenshot' source='661faae2-6f0c-49b1-9e38-ee197ee5411e-attachment.png' type='image/png' size='162359'/>
                    </attachments>
                    <steps/>
                </step>
                <step start='1663697256700' status='undefined'>
                    <name>POST /session/:sessionId/execute/sync</name>
                    <title>POST /session/:sessionId/execute/sync</title>
                    <attachments>
                        <attachment title='Request' source='9f478fab-f5b0-42f7-93d6-a329dbf86fee-attachment.json' type='application/json' size='8331'/>
                    </attachments>
                    <steps>
                        <step start='1663697256708' status='undefined'>
                            <name>POST /session/:sessionId/execute/sync</name>
                            <title>POST /session/:sessionId/execute/sync</title>
                            <attachments>
                                <attachment title='Request' source='98b1a5fa-e0af-4851-9924-ab2fe27d16e4-attachment.json' type='application/json' size='8331'/>
                            </attachments>
                            <steps/>
                        </step>
                    </steps>
                </step>
            </steps>
            <attachments>
                <attachment title='Response' source='08b14841-4b7b-443c-80b3-b695a962a3b5-attachment.json' type='application/json' size='1028'/>
                <attachment title='Response' source='47d355a2-99cc-4dad-974c-816a0b2631d7-attachment.json' type='application/json' size='2'/>
                <attachment title='Response' source='13a924d4-44fd-4b41-b478-20062b044d9b-attachment.json' type='application/json' size='83'/>
            </attachments>
            <failure>
                <message>assert is not defined</message>
                <stack-trace>ReferenceError: assert is not defined
                    at Context.&lt;anonymous> (C:\Users\Jidin\Downloads\volvo_webdriverio_automation_test\volvotest\test\specs\homepagetest.js:22:9)
                    at Context.executeAsync (C:\Users\Jidin\Downloads\volvo_webdriverio_automation_test\volvotest\node_modules\@wdio\utils\build\shim.js:333:27)
                    at Context.testFrameworkFnWrapper (C:\Users\Jidin\Downloads\volvo_webdriverio_automation_test\volvotest\node_modules\@wdio\utils\build\test-framework\testFnWrapper.js:51:32)</stack-trace>
            </failure>
        </test-case>
        <test-case start='1663697256712' status='broken' stop='1663697256972'>
            <name>Disclaimer Section exists</name>
            <title>Disclaimer Section exists</title>
            <labels>
                <label name='language' value='javascript'/>
                <label name='framework' value='wdio'/>
                <label name='thread' value='0-0'/>
            </labels>
            <parameters>
                <parameter kind='argument' name='browser' value='chrome-105.0.5195.127'/>
            </parameters>
            <steps>
                <step start='1663697256728' status='broken' stop='1663697256972'>
                    <name>GET /session/:sessionId/screenshot</name>
                    <title>GET /session/:sessionId/screenshot</title>
                    <attachments/>
                    <steps>
                        <step start='1663697256730' status='broken' stop='1663697256972'>
                            <name>POST /session/:sessionId/element</name>
                            <title>POST /session/:sessionId/element</title>
                            <attachments>
                                <attachment title='Request' source='62c4c9aa-5b2a-42bc-b74a-cae98afdabc7-attachment.json' type='application/json' size='57'/>
                            </attachments>
                            <steps>
                                <step start='1663697256733' status='passed' stop='1663697256971'>
                                    <name>POST /session/:sessionId/elements</name>
                                    <title>POST /session/:sessionId/elements</title>
                                    <attachments>
                                        <attachment title='Request' source='8408d850-9224-4760-bbe5-dbfbbc381965-attachment.json' type='application/json' size='57'/>
                                        <attachment title='Screenshot' source='59c75312-5a45-4012-b9b9-31e955c095fd-attachment.png' type='image/png' size='167078'/>
                                    </attachments>
                                    <steps/>
                                </step>
                            </steps>
                        </step>
                    </steps>
                </step>
                <step start='1663697256976' status='undefined'>
                    <name>POST /session/:sessionId/execute/sync</name>
                    <title>POST /session/:sessionId/execute/sync</title>
                    <attachments>
                        <attachment title='Request' source='4de8287a-38e9-460a-b8b1-02df35406bab-attachment.json' type='application/json' size='8331'/>
                    </attachments>
                    <steps>
                        <step start='1663697256979' status='undefined'>
                            <name>POST /session/:sessionId/execute/sync</name>
                            <title>POST /session/:sessionId/execute/sync</title>
                            <attachments>
                                <attachment title='Request' source='117fc5f0-f1d1-4bd8-9caa-32318a37bb80-attachment.json' type='application/json' size='8331'/>
                            </attachments>
                            <steps/>
                        </step>
                    </steps>
                </step>
            </steps>
            <attachments>
                <attachment title='Response' source='2a5f6d6f-1064-4c92-8933-b6c1a4875477-attachment.json' type='application/json' size='60'/>
                <attachment title='Response' source='dfbf4b28-15f9-4992-b3ea-fb5bb665db96-attachment.json' type='application/json' size='2'/>
                <attachment title='Response' source='c892028a-ed74-4c73-8ddc-14a11ca0f3a1-attachment.json' type='application/json' size='4'/>
                <attachment title='Response' source='0b747b82-c8d5-4b65-9768-1564a6c1f440-attachment.json' type='application/json' size='4'/>
                <attachment title='Response' source='0dddd129-2634-4c7a-8e2d-780cee693893-attachment.json' type='application/json' size='83'/>
            </attachments>
            <failure>
                <message>assert is not defined</message>
                <stack-trace>ReferenceError: assert is not defined
                    at Context.&lt;anonymous> (C:\Users\Jidin\Downloads\volvo_webdriverio_automation_test\volvotest\test\specs\homepagetest.js:26:9)
                    at Context.executeAsync (C:\Users\Jidin\Downloads\volvo_webdriverio_automation_test\volvotest\node_modules\@wdio\utils\build\shim.js:333:27)
                    at Context.testFrameworkFnWrapper (C:\Users\Jidin\Downloads\volvo_webdriverio_automation_test\volvotest\node_modules\@wdio\utils\build\test-framework\testFnWrapper.js:51:32)</stack-trace>
            </failure>
        </test-case>
        <test-case start='1663697256983' status='broken' stop='1663697257256'>
            <name>Play Video, go to Cookies Page and check Title</name>
            <title>Play Video, go to Cookies Page and check Title</title>
            <labels>
                <label name='language' value='javascript'/>
                <label name='framework' value='wdio'/>
                <label name='thread' value='0-0'/>
            </labels>
            <parameters>
                <parameter kind='argument' name='browser' value='chrome-105.0.5195.127'/>
            </parameters>
            <steps>
                <step start='1663697256994' status='broken' stop='1663697257256'>
                    <name>POST /session/:sessionId/element</name>
                    <title>POST /session/:sessionId/element</title>
                    <attachments>
                        <attachment title='Request' source='ab8e7db0-5d87-4eb4-b761-93b93477be7d-attachment.json' type='application/json' size='83'/>
                    </attachments>
                    <steps>
                        <step start='1663697256997' status='broken' stop='1663697257256'>
                            <name>POST /session/:sessionId/element</name>
                            <title>POST /session/:sessionId/element</title>
                            <attachments>
                                <attachment title='Request' source='bdac78e4-d295-4b48-9e3c-ed04d230d951-attachment.json' type='application/json' size='85'/>
                            </attachments>
                            <steps>
                                <step start='1663697257000' status='broken' stop='1663697257256'>
                                    <name>POST /session/:sessionId/element</name>
                                    <title>POST /session/:sessionId/element</title>
                                    <attachments>
                                        <attachment title='Request' source='d960f8ee-c813-4fed-80d1-29853cd697af-attachment.json' type='application/json' size='79'/>
                                    </attachments>
                                    <steps>
                                        <step start='1663697257003' status='passed' stop='1663697257256'>
                                            <name>GET /session/:sessionId/screenshot</name>
                                            <title>GET /session/:sessionId/screenshot</title>
                                            <attachments>
                                                <attachment title='Screenshot' source='04ce9eb0-92ab-4a58-b525-f2afaabc09b1-attachment.png' type='image/png' size='167571'/>
                                            </attachments>
                                            <steps>
                                                <step start='1663697257006' status='passed' stop='1663697257024'>
                                                    <name>POST /session/:sessionId/url</name>
                                                    <title>POST /session/:sessionId/url</title>
                                                    <attachments>
                                                        <attachment title='Request' source='3707159c-ec10-4a59-9b2a-ddd435928eac-attachment.json' type='application/json' size='73'/>
                                                        <attachment title='Response' source='e6e483ad-ad7c-4b7a-b56f-7c97f8dd3191-attachment.json' type='application/json' size='4'/>
                                                    </attachments>
                                                    <steps>
                                                        <step start='1663697257010' status='passed' stop='1663697257023'>
                                                            <name>POST /session/:sessionId/elements</name>
                                                            <title>POST /session/:sessionId/elements</title>
                                                            <attachments>
                                                                <attachment title='Request' source='e67f1f61-bfb6-4f11-8404-fec1f5d689f1-attachment.json' type='application/json' size='57'/>
                                                                <attachment title='Response' source='9287bd15-faad-4dbd-9cbf-1abb9e6a7749-attachment.json' type='application/json' size='4'/>
                                                            </attachments>
                                                            <steps/>
                                                        </step>
                                                    </steps>
                                                </step>
                                            </steps>
                                        </step>
                                    </steps>
                                </step>
                            </steps>
                        </step>
                    </steps>
                </step>
                <step start='1663697257261' status='undefined'>
                    <name>POST /session/:sessionId/elements</name>
                    <title>POST /session/:sessionId/elements</title>
                    <attachments>
                        <attachment title='Request' source='f7bb33cd-592d-4f93-94f5-2f1bc1082360-attachment.json' type='application/json' size='83'/>
                    </attachments>
                    <steps/>
                </step>
            </steps>
            <attachments>
                <attachment title='Response' source='993f9b28-ba12-4260-ac1e-102bf41b98f3-attachment.json' type='application/json' size='2'/>
                <attachment title='Response' source='429d81a7-3fc4-4224-a539-0133844af195-attachment.json' type='application/json' size='1054'/>
            </attachments>
            <failure>
                <message>browser.getUrlAndTitle is not a function</message>
                <stack-trace>TypeError: browser.getUrlAndTitle is not a function
                    at Context.&lt;anonymous> (C:\Users\Jidin\Downloads\volvo_webdriverio_automation_test\volvotest\test\specs\homepagetest.js:39:37)
                    at Context.executeAsync (C:\Users\Jidin\Downloads\volvo_webdriverio_automation_test\volvotest\node_modules\@wdio\utils\build\shim.js:333:27)
                    at Context.testFrameworkFnWrapper (C:\Users\Jidin\Downloads\volvo_webdriverio_automation_test\volvotest\node_modules\@wdio\utils\build\test-framework\testFnWrapper.js:51:32)</stack-trace>
            </failure>
        </test-case>
    </test-cases>
</ns2:test-suite>