<?xml version='1.0'?>
<ns2:test-suite xmlns:ns2='urn:model.allure.qatools.yandex.ru' start='1663690899087' stop='1663690899929'>
    <name>Home Page features test: </name>
    <title>Home Page features test: </title>
    <test-cases>
        <test-case start='1663690899087' status='passed' stop='1663690899099'>
            <name>Check browser details</name>
            <title>Check browser details</title>
            <labels>
                <label name='language' value='javascript'/>
                <label name='framework' value='wdio'/>
                <label name='thread' value='0-0'/>
            </labels>
            <parameters>
                <parameter kind='argument' name='browser' value='chrome-105.0.5195.127'/>
            </parameters>
            <steps>
                <step start='1663690899092' status='undefined'>
                    <name>POST /session/:sessionId/element</name>
                    <title>POST /session/:sessionId/element</title>
                    <attachments>
                        <attachment title='Request' source='96db4514-8160-4872-858f-88ceb81c2df0-attachment.json' type='application/json' size='57'/>
                    </attachments>
                    <steps/>
                </step>
            </steps>
            <attachments/>
        </test-case>
        <test-case start='1663690899099' status='passed' stop='1663690899108'>
            <name>Get title</name>
            <title>Get title</title>
            <labels>
                <label name='language' value='javascript'/>
                <label name='framework' value='wdio'/>
                <label name='thread' value='0-0'/>
            </labels>
            <parameters>
                <parameter kind='argument' name='browser' value='chrome-105.0.5195.127'/>
            </parameters>
            <steps>
                <step start='1663690899100' status='undefined'>
                    <name>POST /session/:sessionId/refresh</name>
                    <title>POST /session/:sessionId/refresh</title>
                    <attachments/>
                    <steps>
                        <step start='1663690899101' status='undefined'>
                            <name>GET /session/:sessionId/title</name>
                            <title>GET /session/:sessionId/title</title>
                            <attachments/>
                            <steps>
                                <step start='1663690899105' status='undefined'>
                                    <name>POST /session/:sessionId/execute/sync</name>
                                    <title>POST /session/:sessionId/execute/sync</title>
                                    <attachments>
                                        <attachment title='Request' source='a2ef03f6-a31a-4ccc-b474-72dd2e4fa194-attachment.json' type='application/json' size='102'/>
                                    </attachments>
                                    <steps/>
                                </step>
                            </steps>
                        </step>
                    </steps>
                </step>
            </steps>
            <attachments/>
        </test-case>
        <test-case start='1663690899110' status='failed' stop='1663690899377'>
            <name>Title Validation</name>
            <title>Title Validation</title>
            <labels>
                <label name='language' value='javascript'/>
                <label name='framework' value='wdio'/>
                <label name='thread' value='0-0'/>
            </labels>
            <parameters>
                <parameter kind='argument' name='browser' value='chrome-105.0.5195.127'/>
            </parameters>
            <steps>
                <step start='1663690899118' status='passed' stop='1663690899155'>
                    <name>GET /session/:sessionId/url</name>
                    <title>GET /session/:sessionId/url</title>
                    <attachments/>
                    <steps>
                        <step start='1663690899122' status='passed' stop='1663690899131'>
                            <name>GET /session/:sessionId/screenshot</name>
                            <title>GET /session/:sessionId/screenshot</title>
                            <attachments>
                                <attachment title='Response' source='a3d43011-8b56-4ca6-a827-f0311236e1c5-attachment.json' type='application/json' size='1028'/>
                            </attachments>
                            <steps/>
                        </step>
                        <step start='1663690899146' status='passed' stop='1663690899152'>
                            <name>POST /session/:sessionId/elements</name>
                            <title>POST /session/:sessionId/elements</title>
                            <attachments>
                                <attachment title='Request' source='c3675096-fa80-4f34-a718-238db3b61698-attachment.json' type='application/json' size='57'/>
                            </attachments>
                            <steps/>
                        </step>
                    </steps>
                </step>
            </steps>
            <attachments>
                <attachment title='Response' source='56b91b5a-dfdb-4197-b9df-710d5e618cad-attachment.json' type='application/json' size='2'/>
                <attachment title='Response' source='0cf973d8-29d6-4379-a547-5199bcbd9b8a-attachment.json' type='application/json' size='8'/>
                <attachment title='Screenshot' source='44c6aed1-e2aa-4817-8457-e808c3de32d6-attachment.png' type='image/png' size='6108'/>
            </attachments>
            <failure>
                <message>expect(received).toBe(expected) // Object.is equality
                
                Expected: "A million more | Volvo Cars"
                Received: {}</message>
                <stack-trace>Error: expect(received).toBe(expected) // Object.is equality
                
                Expected: "A million more | Volvo Cars"
                Received: {}
                    at Context.&lt;anonymous> (C:\Users\Jidin\Downloads\volvo_webdriverio_automation_test\volvotest\test\specs\homepagetest.js:19:27)
                    at Context.executeAsync (C:\Users\Jidin\Downloads\volvo_webdriverio_automation_test\volvotest\node_modules\@wdio\utils\build\shim.js:333:27)
                    at Context.testFrameworkFnWrapper (C:\Users\Jidin\Downloads\volvo_webdriverio_automation_test\volvotest\node_modules\@wdio\utils\build\test-framework\testFnWrapper.js:51:32)</stack-trace>
            </failure>
        </test-case>
        <test-case start='1663690899383' status='broken' stop='1663690899590'>
            <name>Video button exists</name>
            <title>Video button exists</title>
            <labels>
                <label name='language' value='javascript'/>
                <label name='framework' value='wdio'/>
                <label name='thread' value='0-0'/>
            </labels>
            <parameters>
                <parameter kind='argument' name='browser' value='chrome-105.0.5195.127'/>
            </parameters>
            <steps>
                <step start='1663690899385' status='broken' stop='1663690899590'>
                    <name>GET /session/:sessionId/screenshot</name>
                    <title>GET /session/:sessionId/screenshot</title>
                    <attachments/>
                    <steps>
                        <step start='1663690899389' status='passed' stop='1663690899590'>
                            <name>POST /session/:sessionId/element</name>
                            <title>POST /session/:sessionId/element</title>
                            <attachments>
                                <attachment title='Request' source='c9869fd8-2a50-4270-913a-66f4efbb086d-attachment.json' type='application/json' size='52'/>
                                <attachment title='Screenshot' source='5ccbbce6-6f5b-49ee-862e-650f7e88edd2-attachment.png' type='image/png' size='6108'/>
                            </attachments>
                            <steps/>
                        </step>
                    </steps>
                </step>
            </steps>
            <attachments/>
            <failure>
                <message>assert is not defined</message>
                <stack-trace>ReferenceError: assert is not defined
                    at Context.&lt;anonymous> (C:\Users\Jidin\Downloads\volvo_webdriverio_automation_test\volvotest\test\specs\homepagetest.js:25:9)
                    at Context.executeAsync (C:\Users\Jidin\Downloads\volvo_webdriverio_automation_test\volvotest\node_modules\@wdio\utils\build\shim.js:333:27)
                    at Context.testFrameworkFnWrapper (C:\Users\Jidin\Downloads\volvo_webdriverio_automation_test\volvotest\node_modules\@wdio\utils\build\test-framework\testFnWrapper.js:51:32)</stack-trace>
            </failure>
        </test-case>
        <test-case start='1663690899591' status='broken' stop='1663690899729'>
            <name>Disclaimer Section exists</name>
            <title>Disclaimer Section exists</title>
            <labels>
                <label name='language' value='javascript'/>
                <label name='framework' value='wdio'/>
                <label name='thread' value='0-0'/>
            </labels>
            <parameters>
                <parameter kind='argument' name='browser' value='chrome-105.0.5195.127'/>
            </parameters>
            <steps>
                <step start='1663690899592' status='broken' stop='1663690899729'>
                    <name>GET /session/:sessionId/screenshot</name>
                    <title>GET /session/:sessionId/screenshot</title>
                    <attachments/>
                    <steps>
                        <step start='1663690899594' status='passed' stop='1663690899602'>
                            <name>POST /session/:sessionId/element</name>
                            <title>POST /session/:sessionId/element</title>
                            <attachments>
                                <attachment title='Request' source='6765aa29-df61-4bf5-a38e-86713a68286b-attachment.json' type='application/json' size='57'/>
                                <attachment title='Response' source='baafa64b-786b-49da-9656-9663fef835d2-attachment.json' type='application/json' size='1023'/>
                            </attachments>
                            <steps/>
                        </step>
                        <step start='1663690899608' status='broken' stop='1663690899729'>
                            <name>POST /session/:sessionId/element</name>
                            <title>POST /session/:sessionId/element</title>
                            <attachments>
                                <attachment title='Request' source='722f414b-1a45-4816-9eaf-dd6160f53a38-attachment.json' type='application/json' size='52'/>
                            </attachments>
                            <steps>
                                <step start='1663690899610' status='broken' stop='1663690899729'>
                                    <name>POST /session/:sessionId/element</name>
                                    <title>POST /session/:sessionId/element</title>
                                    <attachments>
                                        <attachment title='Request' source='2164e312-00ee-4a1f-b920-50aadb41b18a-attachment.json' type='application/json' size='52'/>
                                    </attachments>
                                    <steps>
                                        <step start='1663690899661' status='passed' stop='1663690899728'>
                                            <name>POST /session/:sessionId/elements</name>
                                            <title>POST /session/:sessionId/elements</title>
                                            <attachments>
                                                <attachment title='Request' source='cbe4fc02-565e-4cba-861a-8020c7ce04fd-attachment.json' type='application/json' size='57'/>
                                                <attachment title='Screenshot' source='384016dc-41fa-4995-8e7a-9dc2df7927e1-attachment.png' type='image/png' size='6108'/>
                                            </attachments>
                                            <steps/>
                                        </step>
                                    </steps>
                                </step>
                            </steps>
                        </step>
                    </steps>
                </step>
            </steps>
            <attachments/>
            <failure>
                <message>assert is not defined</message>
                <stack-trace>ReferenceError: assert is not defined
                    at Context.&lt;anonymous> (C:\Users\Jidin\Downloads\volvo_webdriverio_automation_test\volvotest\test\specs\homepagetest.js:29:9)
                    at Context.executeAsync (C:\Users\Jidin\Downloads\volvo_webdriverio_automation_test\volvotest\node_modules\@wdio\utils\build\shim.js:333:27)
                    at Context.testFrameworkFnWrapper (C:\Users\Jidin\Downloads\volvo_webdriverio_automation_test\volvotest\node_modules\@wdio\utils\build\test-framework\testFnWrapper.js:51:32)</stack-trace>
            </failure>
        </test-case>
        <test-case start='1663690899729' status='broken' stop='1663690899928'>
            <name>Play Video, go to Cookies Page and check Title</name>
            <title>Play Video, go to Cookies Page and check Title</title>
            <labels>
                <label name='language' value='javascript'/>
                <label name='framework' value='wdio'/>
                <label name='thread' value='0-0'/>
            </labels>
            <parameters>
                <parameter kind='argument' name='browser' value='chrome-105.0.5195.127'/>
            </parameters>
            <steps>
                <step start='1663690899730' status='broken' stop='1663690899928'>
                    <name>POST /session/:sessionId/element</name>
                    <title>POST /session/:sessionId/element</title>
                    <attachments>
                        <attachment title='Request' source='59126b91-8696-4a4e-a371-d30310c524e4-attachment.json' type='application/json' size='83'/>
                    </attachments>
                    <steps>
                        <step start='1663690899732' status='broken' stop='1663690899928'>
                            <name>POST /session/:sessionId/element</name>
                            <title>POST /session/:sessionId/element</title>
                            <attachments>
                                <attachment title='Request' source='d182b6e4-c594-4148-933d-a32cdb1e5857-attachment.json' type='application/json' size='85'/>
                            </attachments>
                            <steps>
                                <step start='1663690899736' status='passed' stop='1663690899927'>
                                    <name>POST /session/:sessionId/element</name>
                                    <title>POST /session/:sessionId/element</title>
                                    <attachments>
                                        <attachment title='Request' source='fa42bfee-8230-418c-b909-85f9c526d22d-attachment.json' type='application/json' size='79'/>
                                        <attachment title='Screenshot' source='d2386364-b13f-4801-8e0a-28583efbfade-attachment.png' type='image/png' size='6108'/>
                                    </attachments>
                                    <steps>
                                        <step start='1663690899738' status='passed' stop='1663690899782'>
                                            <name>GET /session/:sessionId/screenshot</name>
                                            <title>GET /session/:sessionId/screenshot</title>
                                            <attachments>
                                                <attachment title='Response' source='4e91a970-cdba-4663-91bb-bc40e22614a1-attachment.json' type='application/json' size='2'/>
                                            </attachments>
                                            <steps>
                                                <step start='1663690899740' status='passed' stop='1663690899748'>
                                                    <name>POST /session/:sessionId/url</name>
                                                    <title>POST /session/:sessionId/url</title>
                                                    <attachments>
                                                        <attachment title='Request' source='45b57669-6683-4ea1-bb6e-ff3e9607f239-attachment.json' type='application/json' size='73'/>
                                                        <attachment title='Response' source='982a065c-354a-478a-bd90-8a9b6634e961-attachment.json' type='application/json' size='1028'/>
                                                    </attachments>
                                                    <steps/>
                                                </step>
                                                <step start='1663690899752' status='passed' stop='1663690899774'>
                                                    <name>POST /session/:sessionId/element</name>
                                                    <title>POST /session/:sessionId/element</title>
                                                    <attachments>
                                                        <attachment title='Request' source='165ff1f5-80c5-4c55-9afa-b234c59f7207-attachment.json' type='application/json' size='57'/>
                                                        <attachment title='Response' source='555543ce-80c2-4e7a-945b-84f32b150983-attachment.json' type='application/json' size='1023'/>
                                                    </attachments>
                                                    <steps>
                                                        <step start='1663690899755' status='passed' stop='1663690899764'>
                                                            <name>POST /session/:sessionId/element</name>
                                                            <title>POST /session/:sessionId/element</title>
                                                            <attachments>
                                                                <attachment title='Request' source='56a95d64-a2d4-4f3f-942a-c9d9a8d814bf-attachment.json' type='application/json' size='57'/>
                                                                <attachment title='Response' source='5ccd95a1-5143-4f19-9690-85474e0e0604-attachment.json' type='application/json' size='1023'/>
                                                            </attachments>
                                                            <steps/>
                                                        </step>
                                                    </steps>
                                                </step>
                                            </steps>
                                        </step>
                                    </steps>
                                </step>
                            </steps>
                        </step>
                    </steps>
                </step>
            </steps>
            <attachments/>
            <failure>
                <message>browser.getUrlAndTitle is not a function</message>
                <stack-trace>TypeError: browser.getUrlAndTitle is not a function
                    at Context.&lt;anonymous> (C:\Users\Jidin\Downloads\volvo_webdriverio_automation_test\volvotest\test\specs\homepagetest.js:42:37)
                    at Context.executeAsync (C:\Users\Jidin\Downloads\volvo_webdriverio_automation_test\volvotest\node_modules\@wdio\utils\build\shim.js:333:27)
                    at Context.testFrameworkFnWrapper (C:\Users\Jidin\Downloads\volvo_webdriverio_automation_test\volvotest\node_modules\@wdio\utils\build\test-framework\testFnWrapper.js:51:32)</stack-trace>
            </failure>
        </test-case>
    </test-cases>
</ns2:test-suite>