<?xml version='1.0'?>
<ns2:test-suite xmlns:ns2='urn:model.allure.qatools.yandex.ru' start='1663690829711' stop='1663690830532'>
    <name>Home Page features test: </name>
    <title>Home Page features test: </title>
    <test-cases>
        <test-case start='1663690829711' status='passed' stop='1663690829724'>
            <name>Check browser details</name>
            <title>Check browser details</title>
            <labels>
                <label name='language' value='javascript'/>
                <label name='framework' value='wdio'/>
                <label name='thread' value='0-0'/>
            </labels>
            <parameters>
                <parameter kind='argument' name='browser' value='chrome-105.0.5195.127'/>
            </parameters>
            <steps>
                <step start='1663690829716' status='undefined'>
                    <name>POST /session/:sessionId/element</name>
                    <title>POST /session/:sessionId/element</title>
                    <attachments>
                        <attachment title='Request' source='85d1e9a1-0113-4ecb-a52b-eb401f86f64d-attachment.json' type='application/json' size='57'/>
                    </attachments>
                    <steps/>
                </step>
            </steps>
            <attachments/>
        </test-case>
        <test-case start='1663690829725' status='passed' stop='1663690829733'>
            <name>Get title</name>
            <title>Get title</title>
            <labels>
                <label name='language' value='javascript'/>
                <label name='framework' value='wdio'/>
                <label name='thread' value='0-0'/>
            </labels>
            <parameters>
                <parameter kind='argument' name='browser' value='chrome-105.0.5195.127'/>
            </parameters>
            <steps>
                <step start='1663690829725' status='undefined'>
                    <name>POST /session/:sessionId/refresh</name>
                    <title>POST /session/:sessionId/refresh</title>
                    <attachments/>
                    <steps>
                        <step start='1663690829726' status='undefined'>
                            <name>GET /session/:sessionId/title</name>
                            <title>GET /session/:sessionId/title</title>
                            <attachments/>
                            <steps>
                                <step start='1663690829729' status='undefined'>
                                    <name>POST /session/:sessionId/execute/sync</name>
                                    <title>POST /session/:sessionId/execute/sync</title>
                                    <attachments>
                                        <attachment title='Request' source='e8b9ed8e-961d-4570-8fec-af7f83fb26c6-attachment.json' type='application/json' size='102'/>
                                    </attachments>
                                    <steps/>
                                </step>
                            </steps>
                        </step>
                    </steps>
                </step>
            </steps>
            <attachments/>
        </test-case>
        <test-case start='1663690829735' status='failed' stop='1663690829913'>
            <name>Title Validation</name>
            <title>Title Validation</title>
            <labels>
                <label name='language' value='javascript'/>
                <label name='framework' value='wdio'/>
                <label name='thread' value='0-0'/>
            </labels>
            <parameters>
                <parameter kind='argument' name='browser' value='chrome-105.0.5195.127'/>
            </parameters>
            <steps>
                <step start='1663690829746' status='passed' stop='1663690829776'>
                    <name>GET /session/:sessionId/screenshot</name>
                    <title>GET /session/:sessionId/screenshot</title>
                    <attachments/>
                    <steps>
                        <step start='1663690829747' status='passed' stop='1663690829758'>
                            <name>GET /session/:sessionId/url</name>
                            <title>GET /session/:sessionId/url</title>
                            <attachments>
                                <attachment title='Response' source='435228bb-8f9a-4636-9cf4-a38bf4ad5384-attachment.json' type='application/json' size='1028'/>
                            </attachments>
                            <steps/>
                        </step>
                        <step start='1663690829768' status='passed' stop='1663690829774'>
                            <name>POST /session/:sessionId/elements</name>
                            <title>POST /session/:sessionId/elements</title>
                            <attachments>
                                <attachment title='Request' source='5e0b8666-4cca-4512-be19-cb89e945ec65-attachment.json' type='application/json' size='57'/>
                            </attachments>
                            <steps/>
                        </step>
                    </steps>
                </step>
            </steps>
            <attachments>
                <attachment title='Response' source='cf45d060-3f00-4663-9539-59d318cbbf0f-attachment.json' type='application/json' size='2'/>
                <attachment title='Screenshot' source='7c902f34-e671-457f-b96e-f1e40353ec59-attachment.png' type='image/png' size='6108'/>
                <attachment title='Response' source='7ec019ec-4bee-4dd3-bedf-d991bb40a708-attachment.json' type='application/json' size='8'/>
            </attachments>
            <failure>
                <message>expect(received).toBe(expected) // Object.is equality
                
                Expected: "A million more | Volvo Cars"
                Received: {}</message>
                <stack-trace>Error: expect(received).toBe(expected) // Object.is equality
                
                Expected: "A million more | Volvo Cars"
                Received: {}
                    at Context.&lt;anonymous> (C:\Users\Jidin\Downloads\volvo_webdriverio_automation_test\volvotest\test\specs\homepagetest.js:19:21)
                    at Context.executeAsync (C:\Users\Jidin\Downloads\volvo_webdriverio_automation_test\volvotest\node_modules\@wdio\utils\build\shim.js:333:27)
                    at Context.testFrameworkFnWrapper (C:\Users\Jidin\Downloads\volvo_webdriverio_automation_test\volvotest\node_modules\@wdio\utils\build\test-framework\testFnWrapper.js:51:32)</stack-trace>
            </failure>
        </test-case>
        <test-case start='1663690829916' status='broken' stop='1663690830187'>
            <name>Video button exists</name>
            <title>Video button exists</title>
            <labels>
                <label name='language' value='javascript'/>
                <label name='framework' value='wdio'/>
                <label name='thread' value='0-0'/>
            </labels>
            <parameters>
                <parameter kind='argument' name='browser' value='chrome-105.0.5195.127'/>
            </parameters>
            <steps>
                <step start='1663690829917' status='broken' stop='1663690830187'>
                    <name>GET /session/:sessionId/screenshot</name>
                    <title>GET /session/:sessionId/screenshot</title>
                    <attachments/>
                    <steps>
                        <step start='1663690829920' status='passed' stop='1663690830186'>
                            <name>POST /session/:sessionId/element</name>
                            <title>POST /session/:sessionId/element</title>
                            <attachments>
                                <attachment title='Request' source='bae7e726-8db7-47c7-96ed-b6eb49826bff-attachment.json' type='application/json' size='52'/>
                                <attachment title='Screenshot' source='ce123699-aebc-48fb-bf8c-4ba45b6aa887-attachment.png' type='image/png' size='6108'/>
                            </attachments>
                            <steps/>
                        </step>
                    </steps>
                </step>
            </steps>
            <attachments/>
            <failure>
                <message>assert is not defined</message>
                <stack-trace>ReferenceError: assert is not defined
                    at Context.&lt;anonymous> (C:\Users\Jidin\Downloads\volvo_webdriverio_automation_test\volvotest\test\specs\homepagetest.js:25:9)
                    at Context.executeAsync (C:\Users\Jidin\Downloads\volvo_webdriverio_automation_test\volvotest\node_modules\@wdio\utils\build\shim.js:333:27)
                    at Context.testFrameworkFnWrapper (C:\Users\Jidin\Downloads\volvo_webdriverio_automation_test\volvotest\node_modules\@wdio\utils\build\test-framework\testFnWrapper.js:51:32)</stack-trace>
            </failure>
        </test-case>
        <test-case start='1663690830188' status='broken' stop='1663690830375'>
            <name>Disclaimer Section exists</name>
            <title>Disclaimer Section exists</title>
            <labels>
                <label name='language' value='javascript'/>
                <label name='framework' value='wdio'/>
                <label name='thread' value='0-0'/>
            </labels>
            <parameters>
                <parameter kind='argument' name='browser' value='chrome-105.0.5195.127'/>
            </parameters>
            <steps>
                <step start='1663690830189' status='broken' stop='1663690830375'>
                    <name>GET /session/:sessionId/screenshot</name>
                    <title>GET /session/:sessionId/screenshot</title>
                    <attachments/>
                    <steps>
                        <step start='1663690830192' status='passed' stop='1663690830209'>
                            <name>POST /session/:sessionId/element</name>
                            <title>POST /session/:sessionId/element</title>
                            <attachments>
                                <attachment title='Request' source='48f6f113-006c-47d4-991b-c9e639e254e3-attachment.json' type='application/json' size='57'/>
                                <attachment title='Response' source='2b1491aa-4da6-4f18-b6a2-1c8d8f8af476-attachment.json' type='application/json' size='1023'/>
                            </attachments>
                            <steps/>
                        </step>
                        <step start='1663690830216' status='broken' stop='1663690830375'>
                            <name>POST /session/:sessionId/element</name>
                            <title>POST /session/:sessionId/element</title>
                            <attachments>
                                <attachment title='Request' source='10133c1a-7c5d-41cc-89ae-ad4aa474ecb3-attachment.json' type='application/json' size='52'/>
                            </attachments>
                            <steps>
                                <step start='1663690830222' status='broken' stop='1663690830375'>
                                    <name>POST /session/:sessionId/element</name>
                                    <title>POST /session/:sessionId/element</title>
                                    <attachments>
                                        <attachment title='Request' source='0f330f70-ed34-4491-abdd-410a8307959e-attachment.json' type='application/json' size='52'/>
                                    </attachments>
                                    <steps>
                                        <step start='1663690830273' status='passed' stop='1663690830374'>
                                            <name>POST /session/:sessionId/elements</name>
                                            <title>POST /session/:sessionId/elements</title>
                                            <attachments>
                                                <attachment title='Request' source='4c2ed9c1-501c-4461-94cb-0bc016027a37-attachment.json' type='application/json' size='57'/>
                                                <attachment title='Screenshot' source='0de2df6b-e399-4d1e-b663-5890cef9de93-attachment.png' type='image/png' size='6108'/>
                                            </attachments>
                                            <steps/>
                                        </step>
                                    </steps>
                                </step>
                            </steps>
                        </step>
                    </steps>
                </step>
            </steps>
            <attachments/>
            <failure>
                <message>assert is not defined</message>
                <stack-trace>ReferenceError: assert is not defined
                    at Context.&lt;anonymous> (C:\Users\Jidin\Downloads\volvo_webdriverio_automation_test\volvotest\test\specs\homepagetest.js:29:9)
                    at Context.executeAsync (C:\Users\Jidin\Downloads\volvo_webdriverio_automation_test\volvotest\node_modules\@wdio\utils\build\shim.js:333:27)
                    at Context.testFrameworkFnWrapper (C:\Users\Jidin\Downloads\volvo_webdriverio_automation_test\volvotest\node_modules\@wdio\utils\build\test-framework\testFnWrapper.js:51:32)</stack-trace>
            </failure>
        </test-case>
        <test-case start='1663690830375' status='broken' stop='1663690830531'>
            <name>Play Video, go to Cookies Page and check Title</name>
            <title>Play Video, go to Cookies Page and check Title</title>
            <labels>
                <label name='language' value='javascript'/>
                <label name='framework' value='wdio'/>
                <label name='thread' value='0-0'/>
            </labels>
            <parameters>
                <parameter kind='argument' name='browser' value='chrome-105.0.5195.127'/>
            </parameters>
            <steps>
                <step start='1663690830376' status='broken' stop='1663690830531'>
                    <name>POST /session/:sessionId/element</name>
                    <title>POST /session/:sessionId/element</title>
                    <attachments>
                        <attachment title='Request' source='030eac6d-ab8d-42b1-9d82-88336eb3d65f-attachment.json' type='application/json' size='83'/>
                    </attachments>
                    <steps>
                        <step start='1663690830379' status='broken' stop='1663690830531'>
                            <name>POST /session/:sessionId/element</name>
                            <title>POST /session/:sessionId/element</title>
                            <attachments>
                                <attachment title='Request' source='bcf7422a-a886-47f7-995b-2535938c1e1b-attachment.json' type='application/json' size='85'/>
                            </attachments>
                            <steps>
                                <step start='1663690830382' status='passed' stop='1663690830531'>
                                    <name>POST /session/:sessionId/element</name>
                                    <title>POST /session/:sessionId/element</title>
                                    <attachments>
                                        <attachment title='Request' source='b7df33d2-040c-4b81-b515-c9b9d889c49f-attachment.json' type='application/json' size='79'/>
                                        <attachment title='Screenshot' source='75f35867-f7c2-4aa9-8c4c-049b4d882842-attachment.png' type='image/png' size='6108'/>
                                    </attachments>
                                    <steps>
                                        <step start='1663690830385' status='passed' stop='1663690830429'>
                                            <name>GET /session/:sessionId/screenshot</name>
                                            <title>GET /session/:sessionId/screenshot</title>
                                            <attachments>
                                                <attachment title='Response' source='150b9450-2192-4aa1-ba31-3c1deadfbc22-attachment.json' type='application/json' size='2'/>
                                            </attachments>
                                            <steps>
                                                <step start='1663690830388' status='passed' stop='1663690830398'>
                                                    <name>POST /session/:sessionId/url</name>
                                                    <title>POST /session/:sessionId/url</title>
                                                    <attachments>
                                                        <attachment title='Request' source='2f5d23aa-74d6-42e4-a83c-af844a0666aa-attachment.json' type='application/json' size='73'/>
                                                        <attachment title='Response' source='e0d24111-3e13-48ab-8467-ff8f7bbd5519-attachment.json' type='application/json' size='1028'/>
                                                    </attachments>
                                                    <steps/>
                                                </step>
                                                <step start='1663690830401' status='passed' stop='1663690830419'>
                                                    <name>POST /session/:sessionId/element</name>
                                                    <title>POST /session/:sessionId/element</title>
                                                    <attachments>
                                                        <attachment title='Request' source='a1d126ba-d7b2-4a14-8552-ab0d34aa9146-attachment.json' type='application/json' size='57'/>
                                                        <attachment title='Response' source='f91a0f53-8499-45e0-9694-3e192b8bf035-attachment.json' type='application/json' size='1023'/>
                                                    </attachments>
                                                    <steps>
                                                        <step start='1663690830403' status='passed' stop='1663690830412'>
                                                            <name>POST /session/:sessionId/element</name>
                                                            <title>POST /session/:sessionId/element</title>
                                                            <attachments>
                                                                <attachment title='Request' source='cac9ca36-5c50-49ab-b106-2f1fc331b9c3-attachment.json' type='application/json' size='57'/>
                                                                <attachment title='Response' source='86ec122f-8efe-4a26-a1b7-a978e7b8647a-attachment.json' type='application/json' size='1023'/>
                                                            </attachments>
                                                            <steps/>
                                                        </step>
                                                    </steps>
                                                </step>
                                            </steps>
                                        </step>
                                    </steps>
                                </step>
                            </steps>
                        </step>
                    </steps>
                </step>
            </steps>
            <attachments/>
            <failure>
                <message>browser.getUrlAndTitle is not a function</message>
                <stack-trace>TypeError: browser.getUrlAndTitle is not a function
                    at Context.&lt;anonymous> (C:\Users\Jidin\Downloads\volvo_webdriverio_automation_test\volvotest\test\specs\homepagetest.js:42:37)
                    at Context.executeAsync (C:\Users\Jidin\Downloads\volvo_webdriverio_automation_test\volvotest\node_modules\@wdio\utils\build\shim.js:333:27)
                    at Context.testFrameworkFnWrapper (C:\Users\Jidin\Downloads\volvo_webdriverio_automation_test\volvotest\node_modules\@wdio\utils\build\test-framework\testFnWrapper.js:51:32)</stack-trace>
            </failure>
        </test-case>
    </test-cases>
</ns2:test-suite>