<?xml version='1.0'?>
<ns2:test-suite xmlns:ns2='urn:model.allure.qatools.yandex.ru' start='1663687949470' stop='1663687952495'>
    <name>Home Page features test: </name>
    <title>Home Page features test: </title>
    <test-cases>
        <test-case start='1663687949470' status='passed' stop='1663687949479'>
            <name>Check browser details</name>
            <title>Check browser details</title>
            <labels>
                <label name='language' value='javascript'/>
                <label name='framework' value='wdio'/>
                <label name='thread' value='0-0'/>
            </labels>
            <parameters>
                <parameter kind='argument' name='browser' value='chrome-105.0.5195.127'/>
            </parameters>
            <steps>
                <step start='1663687949474' status='undefined'>
                    <name>POST /session/:sessionId/element</name>
                    <title>POST /session/:sessionId/element</title>
                    <attachments>
                        <attachment title='Request' source='fbf0b854-8af4-4391-88b9-99a3cf9c647c-attachment.json' type='application/json' size='57'/>
                    </attachments>
                    <steps/>
                </step>
            </steps>
            <attachments/>
        </test-case>
        <test-case start='1663687949480' status='broken' stop='1663687949753'>
            <name>Should have the correct URL and title</name>
            <title>Should have the correct URL and title</title>
            <labels>
                <label name='language' value='javascript'/>
                <label name='framework' value='wdio'/>
                <label name='thread' value='0-0'/>
            </labels>
            <parameters>
                <parameter kind='argument' name='browser' value='chrome-105.0.5195.127'/>
            </parameters>
            <steps>
                <step start='1663687949481' status='broken' stop='1663687949753'>
                    <name>POST /session/:sessionId/window/maximize</name>
                    <title>POST /session/:sessionId/window/maximize</title>
                    <attachments/>
                    <steps>
                        <step start='1663687949482' status='passed' stop='1663687949751'>
                            <name>GET /session/:sessionId/screenshot</name>
                            <title>GET /session/:sessionId/screenshot</title>
                            <attachments>
                                <attachment title='Screenshot' source='4cd4cda9-fc3a-414e-b800-22ef8de1bd05-attachment.png' type='image/png' size='8715'/>
                            </attachments>
                            <steps>
                                <step start='1663687949484' status='passed' stop='1663687949499'>
                                    <name>POST /session/:sessionId/url</name>
                                    <title>POST /session/:sessionId/url</title>
                                    <attachments>
                                        <attachment title='Request' source='906c7fb8-12cd-48a0-ae4c-e6bcee37fa8d-attachment.json' type='application/json' size='73'/>
                                        <attachment title='Response' source='0cb4b397-df26-4844-b531-a07c0b25af70-attachment.json' type='application/json' size='1028'/>
                                    </attachments>
                                    <steps/>
                                </step>
                                <step start='1663687949507' status='passed' stop='1663687949611'>
                                    <name>POST /session/:sessionId/elements</name>
                                    <title>POST /session/:sessionId/elements</title>
                                    <attachments>
                                        <attachment title='Request' source='99734af1-e01f-4751-821e-ac38735af69c-attachment.json' type='application/json' size='57'/>
                                        <attachment title='Response' source='803ecab2-e064-4eea-abe8-c8ad93e42180-attachment.json' type='application/json' size='58'/>
                                    </attachments>
                                    <steps/>
                                </step>
                            </steps>
                        </step>
                    </steps>
                </step>
            </steps>
            <attachments/>
            <failure>
                <message>Cannot read properties of undefined (reading 'click')</message>
                <stack-trace>TypeError: Cannot read properties of undefined (reading 'click')
                    at Context.&lt;anonymous> (C:\Users\Jidin\Downloads\volvo_webdriverio_automation_test\volvotest\test\specs\homepagetest.js:16:35)
                    at Context.executeAsync (C:\Users\Jidin\Downloads\volvo_webdriverio_automation_test\volvotest\node_modules\@wdio\utils\build\shim.js:333:27)
                    at Context.testFrameworkFnWrapper (C:\Users\Jidin\Downloads\volvo_webdriverio_automation_test\volvotest\node_modules\@wdio\utils\build\test-framework\testFnWrapper.js:51:32)</stack-trace>
            </failure>
        </test-case>
        <test-case start='1663687949753' status='broken' stop='1663687951911'>
            <name>Video button exists</name>
            <title>Video button exists</title>
            <labels>
                <label name='language' value='javascript'/>
                <label name='framework' value='wdio'/>
                <label name='thread' value='0-0'/>
            </labels>
            <parameters>
                <parameter kind='argument' name='browser' value='chrome-105.0.5195.127'/>
            </parameters>
            <steps>
                <step start='1663687949754' status='passed' stop='1663687951707'>
                    <name>GET /session/:sessionId/screenshot</name>
                    <title>GET /session/:sessionId/screenshot</title>
                    <attachments>
                        <attachment title='Response' source='26c1f3c5-1e9e-4d7f-bba1-d9c19d43d113-attachment.json' type='application/json' size='2'/>
                    </attachments>
                    <steps>
                        <step start='1663687949756' status='passed' stop='1663687951694'>
                            <name>POST /session/:sessionId/element</name>
                            <title>POST /session/:sessionId/element</title>
                            <attachments>
                                <attachment title='Request' source='45044581-234d-45e3-8a00-2dd0ba1692e1-attachment.json' type='application/json' size='52'/>
                            </attachments>
                            <steps/>
                        </step>
                    </steps>
                </step>
                <step start='1663687951722' status='passed' stop='1663687951911'>
                    <name>POST /session/:sessionId/elements</name>
                    <title>POST /session/:sessionId/elements</title>
                    <attachments>
                        <attachment title='Request' source='d6208676-4902-498b-8fc1-1568d2ddfd1c-attachment.json' type='application/json' size='57'/>
                        <attachment title='Screenshot' source='94cbbf11-63f0-4865-9822-8b1e542c7ac9-attachment.png' type='image/png' size='144296'/>
                    </attachments>
                    <steps/>
                </step>
            </steps>
            <attachments/>
            <failure>
                <message>assert is not defined</message>
                <stack-trace>ReferenceError: assert is not defined
                    at Context.&lt;anonymous> (C:\Users\Jidin\Downloads\volvo_webdriverio_automation_test\volvotest\test\specs\homepagetest.js:23:9)
                    at Context.executeAsync (C:\Users\Jidin\Downloads\volvo_webdriverio_automation_test\volvotest\node_modules\@wdio\utils\build\shim.js:333:27)
                    at Context.testFrameworkFnWrapper (C:\Users\Jidin\Downloads\volvo_webdriverio_automation_test\volvotest\node_modules\@wdio\utils\build\test-framework\testFnWrapper.js:51:32)</stack-trace>
            </failure>
        </test-case>
        <test-case start='1663687951912' status='broken' stop='1663687952223'>
            <name>Disclaimer Section exists</name>
            <title>Disclaimer Section exists</title>
            <labels>
                <label name='language' value='javascript'/>
                <label name='framework' value='wdio'/>
                <label name='thread' value='0-0'/>
            </labels>
            <parameters>
                <parameter kind='argument' name='browser' value='chrome-105.0.5195.127'/>
            </parameters>
            <steps>
                <step start='1663687951917' status='broken' stop='1663687952223'>
                    <name>POST /session/:sessionId/execute/sync</name>
                    <title>POST /session/:sessionId/execute/sync</title>
                    <attachments>
                        <attachment title='Request' source='43087c19-51e8-4ca1-ba6a-c21c45a5dd26-attachment.json' type='application/json' size='8331'/>
                    </attachments>
                    <steps>
                        <step start='1663687951923' status='passed' stop='1663687952222'>
                            <name>POST /session/:sessionId/execute/sync</name>
                            <title>POST /session/:sessionId/execute/sync</title>
                            <attachments>
                                <attachment title='Request' source='ccfa91d9-9db6-4959-b9eb-0d50b46e281e-attachment.json' type='application/json' size='8331'/>
                                <attachment title='Screenshot' source='a9f33ab2-d5ab-4c2e-8363-82f11bbfb18c-attachment.png' type='image/png' size='166168'/>
                            </attachments>
                            <steps>
                                <step start='1663687951928' status='passed' stop='1663687951942'>
                                    <name>GET /session/:sessionId/screenshot</name>
                                    <title>GET /session/:sessionId/screenshot</title>
                                    <attachments>
                                        <attachment title='Response' source='df1b195b-bd3c-493e-a8fe-386eca3b1179-attachment.json' type='application/json' size='4'/>
                                    </attachments>
                                    <steps>
                                        <step start='1663687951930' status='passed' stop='1663687951936'>
                                            <name>POST /session/:sessionId/element</name>
                                            <title>POST /session/:sessionId/element</title>
                                            <attachments>
                                                <attachment title='Request' source='7f82cfb0-0b07-4708-bf22-0f07aa974dbc-attachment.json' type='application/json' size='57'/>
                                                <attachment title='Response' source='734c0d18-6daf-4c1c-a421-e285b79bbf3c-attachment.json' type='application/json' size='2'/>
                                            </attachments>
                                            <steps/>
                                        </step>
                                    </steps>
                                </step>
                                <step start='1663687951942' status='passed' stop='1663687951948'>
                                    <name>POST /session/:sessionId/elements</name>
                                    <title>POST /session/:sessionId/elements</title>
                                    <attachments>
                                        <attachment title='Request' source='35a2d5df-909f-4991-9e84-56fe1cd5d664-attachment.json' type='application/json' size='57'/>
                                        <attachment title='Response' source='752220b8-f009-42cc-86d2-0820597f66e2-attachment.json' type='application/json' size='4'/>
                                    </attachments>
                                    <steps/>
                                </step>
                            </steps>
                        </step>
                    </steps>
                </step>
            </steps>
            <attachments>
                <attachment title='Response' source='533c6058-0e85-499f-a939-13eacf3829fe-attachment.json' type='application/json' size='83'/>
                <attachment title='Response' source='874698ef-c6a3-4c7e-9e31-57d1599204cb-attachment.json' type='application/json' size='2'/>
            </attachments>
            <failure>
                <message>assert is not defined</message>
                <stack-trace>ReferenceError: assert is not defined
                    at Context.&lt;anonymous> (C:\Users\Jidin\Downloads\volvo_webdriverio_automation_test\volvotest\test\specs\homepagetest.js:27:9)
                    at Context.executeAsync (C:\Users\Jidin\Downloads\volvo_webdriverio_automation_test\volvotest\node_modules\@wdio\utils\build\shim.js:333:27)
                    at Context.testFrameworkFnWrapper (C:\Users\Jidin\Downloads\volvo_webdriverio_automation_test\volvotest\node_modules\@wdio\utils\build\test-framework\testFnWrapper.js:51:32)</stack-trace>
            </failure>
        </test-case>
        <test-case start='1663687952227' status='broken' stop='1663687952494'>
            <name>Play Video, go to Cookies Page and check Title</name>
            <title>Play Video, go to Cookies Page and check Title</title>
            <labels>
                <label name='language' value='javascript'/>
                <label name='framework' value='wdio'/>
                <label name='thread' value='0-0'/>
            </labels>
            <parameters>
                <parameter kind='argument' name='browser' value='chrome-105.0.5195.127'/>
            </parameters>
            <steps>
                <step start='1663687952227' status='passed' stop='1663687952234'>
                    <name>POST /session/:sessionId/elements</name>
                    <title>POST /session/:sessionId/elements</title>
                    <attachments>
                        <attachment title='Request' source='9d37b741-d641-412a-8ca0-d0c0f5fcdfa6-attachment.json' type='application/json' size='57'/>
                        <attachment title='Response' source='2dfb457b-f0ab-4387-81aa-ffb45e922616-attachment.json' type='application/json' size='83'/>
                    </attachments>
                    <steps/>
                </step>
                <step start='1663687952239' status='broken' stop='1663687952494'>
                    <name>POST /session/:sessionId/execute/sync</name>
                    <title>POST /session/:sessionId/execute/sync</title>
                    <attachments>
                        <attachment title='Request' source='f0781734-ef98-4672-ad41-85d6eba6969c-attachment.json' type='application/json' size='8331'/>
                    </attachments>
                    <steps>
                        <step start='1663687952242' status='broken' stop='1663687952494'>
                            <name>POST /session/:sessionId/execute/sync</name>
                            <title>POST /session/:sessionId/execute/sync</title>
                            <attachments>
                                <attachment title='Request' source='400133a0-10e2-444e-855f-10f4c5c8a7de-attachment.json' type='application/json' size='8331'/>
                            </attachments>
                            <steps>
                                <step start='1663687952247' status='broken' stop='1663687952494'>
                                    <name>POST /session/:sessionId/element</name>
                                    <title>POST /session/:sessionId/element</title>
                                    <attachments>
                                        <attachment title='Request' source='75c94f6d-fbe7-49c0-bece-0666eac864d2-attachment.json' type='application/json' size='83'/>
                                    </attachments>
                                    <steps>
                                        <step start='1663687952250' status='broken' stop='1663687952494'>
                                            <name>POST /session/:sessionId/element</name>
                                            <title>POST /session/:sessionId/element</title>
                                            <attachments>
                                                <attachment title='Request' source='a2f5006c-72de-483c-ab6c-aa7f46091b5d-attachment.json' type='application/json' size='85'/>
                                            </attachments>
                                            <steps>
                                                <step start='1663687952253' status='passed' stop='1663687952272'>
                                                    <name>POST /session/:sessionId/element</name>
                                                    <title>POST /session/:sessionId/element</title>
                                                    <attachments>
                                                        <attachment title='Request' source='a19f482c-15b7-4315-af43-c6b47041ca3d-attachment.json' type='application/json' size='79'/>
                                                        <attachment title='Response' source='2c1db85c-8908-4582-8fa6-2d1697a8791f-attachment.json' type='application/json' size='4'/>
                                                    </attachments>
                                                    <steps>
                                                        <step start='1663687952258' status='passed' stop='1663687952269'>
                                                            <name>GET /session/:sessionId/screenshot</name>
                                                            <title>GET /session/:sessionId/screenshot</title>
                                                            <attachments>
                                                                <attachment title='Response' source='1ef9239d-033b-4a23-8300-3810e531d8aa-attachment.json' type='application/json' size='4'/>
                                                            </attachments>
                                                            <steps>
                                                                <step start='1663687952261' status='passed' stop='1663687952266'>
                                                                    <name>POST /session/:sessionId/url</name>
                                                                    <title>POST /session/:sessionId/url</title>
                                                                    <attachments>
                                                                        <attachment title='Request' source='8897f0b6-4194-427b-a2a7-ba93a744fbbd-attachment.json' type='application/json' size='73'/>
                                                                        <attachment title='Response' source='a5674d82-f5af-4aac-904d-6c054b09acd8-attachment.json' type='application/json' size='2'/>
                                                                    </attachments>
                                                                    <steps/>
                                                                </step>
                                                            </steps>
                                                        </step>
                                                    </steps>
                                                </step>
                                                <step start='1663687952273' status='passed' stop='1663687952494'>
                                                    <name>POST /session/:sessionId/elements</name>
                                                    <title>POST /session/:sessionId/elements</title>
                                                    <attachments>
                                                        <attachment title='Request' source='ce1f8d4c-fa7a-4735-b39a-653cc74f26ed-attachment.json' type='application/json' size='57'/>
                                                        <attachment title='Screenshot' source='131f1bce-4935-4057-bbc9-b38262053011-attachment.png' type='image/png' size='162248'/>
                                                    </attachments>
                                                    <steps/>
                                                </step>
                                            </steps>
                                        </step>
                                    </steps>
                                </step>
                            </steps>
                        </step>
                    </steps>
                </step>
            </steps>
            <attachments/>
            <failure>
                <message>browser.getUrlAndTitle is not a function</message>
                <stack-trace>TypeError: browser.getUrlAndTitle is not a function
                    at Context.&lt;anonymous> (C:\Users\Jidin\Downloads\volvo_webdriverio_automation_test\volvotest\test\specs\homepagetest.js:40:37)
                    at Context.executeAsync (C:\Users\Jidin\Downloads\volvo_webdriverio_automation_test\volvotest\node_modules\@wdio\utils\build\shim.js:333:27)
                    at Context.testFrameworkFnWrapper (C:\Users\Jidin\Downloads\volvo_webdriverio_automation_test\volvotest\node_modules\@wdio\utils\build\test-framework\testFnWrapper.js:51:32)</stack-trace>
            </failure>
        </test-case>
    </test-cases>
</ns2:test-suite>