<?xml version='1.0'?>
<ns2:test-suite xmlns:ns2='urn:model.allure.qatools.yandex.ru' start='1663696069083' stop='1663696075625'>
    <name>Home Page features test: </name>
    <title>Home Page features test: </title>
    <test-cases>
        <test-case start='1663696069083' status='passed' stop='1663696069098'>
            <name>Check browser details</name>
            <title>Check browser details</title>
            <labels>
                <label name='language' value='javascript'/>
                <label name='framework' value='wdio'/>
                <label name='thread' value='0-0'/>
            </labels>
            <parameters>
                <parameter kind='argument' name='browser' value='chrome-105.0.5195.127'/>
            </parameters>
            <steps>
                <step start='1663696069086' status='undefined'>
                    <name>POST /session/:sessionId/element</name>
                    <title>POST /session/:sessionId/element</title>
                    <attachments>
                        <attachment title='Request' source='cbeed9b3-d84a-43d4-80bf-f069642e500a-attachment.json' type='application/json' size='57'/>
                    </attachments>
                    <steps>
                        <step start='1663696069093' status='undefined'>
                            <name>POST /session/:sessionId/url</name>
                            <title>POST /session/:sessionId/url</title>
                            <attachments>
                                <attachment title='Request' source='e79aa3db-11dd-40f6-a260-f11e819f04bc-attachment.json' type='application/json' size='47'/>
                            </attachments>
                            <steps/>
                        </step>
                    </steps>
                </step>
            </steps>
            <attachments/>
        </test-case>
        <test-case start='1663696069099' status='broken' stop='1663696072943'>
            <name>Should have the correct URL and title</name>
            <title>Should have the correct URL and title</title>
            <labels>
                <label name='language' value='javascript'/>
                <label name='framework' value='wdio'/>
                <label name='thread' value='0-0'/>
            </labels>
            <parameters>
                <parameter kind='argument' name='browser' value='chrome-105.0.5195.127'/>
            </parameters>
            <steps>
                <step start='1663696069100' status='passed' stop='1663696072941'>
                    <name>POST /session/:sessionId/window/maximize</name>
                    <title>POST /session/:sessionId/window/maximize</title>
                    <attachments>
                        <attachment title='Screenshot' source='9f308898-373a-4a44-b7f1-e04ef16119e2-attachment.png' type='image/png' size='214857'/>
                    </attachments>
                    <steps>
                        <step start='1663696069101' status='passed' stop='1663696072699'>
                            <name>GET /session/:sessionId/screenshot</name>
                            <title>GET /session/:sessionId/screenshot</title>
                            <attachments>
                                <attachment title='Response' source='85df5e3f-589c-4297-9003-f15abafe7155-attachment.json' type='application/json' size='58'/>
                            </attachments>
                            <steps>
                                <step start='1663696069104' status='passed' stop='1663696069119'>
                                    <name>POST /session/:sessionId/url</name>
                                    <title>POST /session/:sessionId/url</title>
                                    <attachments>
                                        <attachment title='Request' source='14bcfc48-469d-4932-adf2-3b9d7a3aa1e2-attachment.json' type='application/json' size='73'/>
                                        <attachment title='Response' source='69943494-cc10-4239-9d4d-772e47d7cd93-attachment.json' type='application/json' size='1028'/>
                                    </attachments>
                                    <steps/>
                                </step>
                                <step start='1663696069133' status='passed' stop='1663696072581'>
                                    <name>POST /session/:sessionId/elements</name>
                                    <title>POST /session/:sessionId/elements</title>
                                    <attachments>
                                        <attachment title='Request' source='db1c7174-067f-43a8-9897-05e0ede5caa9-attachment.json' type='application/json' size='57'/>
                                    </attachments>
                                    <steps/>
                                </step>
                            </steps>
                        </step>
                    </steps>
                </step>
            </steps>
            <attachments/>
            <failure>
                <message>browser.getUrlAndTitle is not a function</message>
                <stack-trace>TypeError: browser.getUrlAndTitle is not a function
                    at Context.&lt;anonymous> (C:\Users\Jidin\Downloads\volvo_webdriverio_automation_test\volvotest\test\specs\homepagetest.js:15:34)
                    at Context.executeAsync (C:\Users\Jidin\Downloads\volvo_webdriverio_automation_test\volvotest\node_modules\@wdio\utils\build\shim.js:333:27)
                    at Context.testFrameworkFnWrapper (C:\Users\Jidin\Downloads\volvo_webdriverio_automation_test\volvotest\node_modules\@wdio\utils\build\test-framework\testFnWrapper.js:51:32)</stack-trace>
            </failure>
        </test-case>
        <test-case start='1663696072944' status='broken' stop='1663696075048'>
            <name>Video button exists</name>
            <title>Video button exists</title>
            <labels>
                <label name='language' value='javascript'/>
                <label name='framework' value='wdio'/>
                <label name='thread' value='0-0'/>
            </labels>
            <parameters>
                <parameter kind='argument' name='browser' value='chrome-105.0.5195.127'/>
            </parameters>
            <steps>
                <step start='1663696072945' status='passed' stop='1663696074853'>
                    <name>GET /session/:sessionId/screenshot</name>
                    <title>GET /session/:sessionId/screenshot</title>
                    <attachments>
                        <attachment title='Response' source='0f8b7bb4-32ad-44c1-bd65-100841906f97-attachment.json' type='application/json' size='2'/>
                    </attachments>
                    <steps>
                        <step start='1663696072947' status='passed' stop='1663696074840'>
                            <name>POST /session/:sessionId/element</name>
                            <title>POST /session/:sessionId/element</title>
                            <attachments>
                                <attachment title='Request' source='e15351e6-bde7-4061-8754-d893e24de76b-attachment.json' type='application/json' size='52'/>
                            </attachments>
                            <steps/>
                        </step>
                    </steps>
                </step>
                <step start='1663696074873' status='passed' stop='1663696075048'>
                    <name>POST /session/:sessionId/elements</name>
                    <title>POST /session/:sessionId/elements</title>
                    <attachments>
                        <attachment title='Request' source='19afbec0-8768-43a4-bb4b-56f0bbdd48dd-attachment.json' type='application/json' size='57'/>
                        <attachment title='Screenshot' source='1f163ff9-3c7e-4c8e-b47e-2d82925c4524-attachment.png' type='image/png' size='144200'/>
                    </attachments>
                    <steps/>
                </step>
                <step start='1663696075058' status='undefined'>
                    <name>POST /session/:sessionId/execute/sync</name>
                    <title>POST /session/:sessionId/execute/sync</title>
                    <attachments>
                        <attachment title='Request' source='cb1e6e8f-2a99-4b32-8e68-1021e8cffcbb-attachment.json' type='application/json' size='8331'/>
                    </attachments>
                    <steps>
                        <step start='1663696075065' status='undefined'>
                            <name>POST /session/:sessionId/execute/sync</name>
                            <title>POST /session/:sessionId/execute/sync</title>
                            <attachments>
                                <attachment title='Request' source='81da2275-351d-4817-9362-e95d9a63ec60-attachment.json' type='application/json' size='8331'/>
                            </attachments>
                            <steps/>
                        </step>
                    </steps>
                </step>
            </steps>
            <attachments>
                <attachment title='Response' source='eced6da0-358c-402f-a272-f1eb2f673e8a-attachment.json' type='application/json' size='83'/>
            </attachments>
            <failure>
                <message>assert is not defined</message>
                <stack-trace>ReferenceError: assert is not defined
                    at Context.&lt;anonymous> (C:\Users\Jidin\Downloads\volvo_webdriverio_automation_test\volvotest\test\specs\homepagetest.js:21:9)
                    at Context.executeAsync (C:\Users\Jidin\Downloads\volvo_webdriverio_automation_test\volvotest\node_modules\@wdio\utils\build\shim.js:333:27)
                    at Context.testFrameworkFnWrapper (C:\Users\Jidin\Downloads\volvo_webdriverio_automation_test\volvotest\node_modules\@wdio\utils\build\test-framework\testFnWrapper.js:51:32)</stack-trace>
            </failure>
        </test-case>
        <test-case start='1663696075070' status='broken' stop='1663696075330'>
            <name>Disclaimer Section exists</name>
            <title>Disclaimer Section exists</title>
            <labels>
                <label name='language' value='javascript'/>
                <label name='framework' value='wdio'/>
                <label name='thread' value='0-0'/>
            </labels>
            <parameters>
                <parameter kind='argument' name='browser' value='chrome-105.0.5195.127'/>
            </parameters>
            <steps>
                <step start='1663696075077' status='passed' stop='1663696075330'>
                    <name>GET /session/:sessionId/screenshot</name>
                    <title>GET /session/:sessionId/screenshot</title>
                    <attachments>
                        <attachment title='Screenshot' source='bad864dd-9a88-4d9e-be08-1b007eb438df-attachment.png' type='image/png' size='160179'/>
                    </attachments>
                    <steps>
                        <step start='1663696075080' status='passed' stop='1663696075096'>
                            <name>POST /session/:sessionId/element</name>
                            <title>POST /session/:sessionId/element</title>
                            <attachments>
                                <attachment title='Request' source='64102b4e-39b9-4882-8a1d-43863debd3d2-attachment.json' type='application/json' size='57'/>
                                <attachment title='Response' source='d97b3008-7fe8-471a-ae2d-47f1cadaaee2-attachment.json' type='application/json' size='4'/>
                            </attachments>
                            <steps>
                                <step start='1663696075087' status='passed' stop='1663696075094'>
                                    <name>POST /session/:sessionId/elements</name>
                                    <title>POST /session/:sessionId/elements</title>
                                    <attachments>
                                        <attachment title='Request' source='1cb597cd-3247-4bd2-be38-d2a732022fdb-attachment.json' type='application/json' size='57'/>
                                        <attachment title='Response' source='0b0fb9ba-dc10-4a07-80ed-14874c541f01-attachment.json' type='application/json' size='4'/>
                                    </attachments>
                                    <steps/>
                                </step>
                            </steps>
                        </step>
                    </steps>
                </step>
                <step start='1663696075336' status='undefined'>
                    <name>POST /session/:sessionId/execute/sync</name>
                    <title>POST /session/:sessionId/execute/sync</title>
                    <attachments>
                        <attachment title='Request' source='7b6358b4-cb1f-4249-a2bb-ff00180c6693-attachment.json' type='application/json' size='8331'/>
                    </attachments>
                    <steps>
                        <step start='1663696075340' status='undefined'>
                            <name>POST /session/:sessionId/execute/sync</name>
                            <title>POST /session/:sessionId/execute/sync</title>
                            <attachments>
                                <attachment title='Request' source='e9402434-c9ef-4761-8f75-0034c744061e-attachment.json' type='application/json' size='8331'/>
                            </attachments>
                            <steps/>
                        </step>
                    </steps>
                </step>
            </steps>
            <attachments>
                <attachment title='Response' source='85571481-fde9-4060-9ae1-fd892965598f-attachment.json' type='application/json' size='2'/>
                <attachment title='Response' source='158478ad-cb2c-41c5-8052-af039b7cedc9-attachment.json' type='application/json' size='83'/>
            </attachments>
            <failure>
                <message>assert is not defined</message>
                <stack-trace>ReferenceError: assert is not defined
                    at Context.&lt;anonymous> (C:\Users\Jidin\Downloads\volvo_webdriverio_automation_test\volvotest\test\specs\homepagetest.js:25:9)
                    at Context.executeAsync (C:\Users\Jidin\Downloads\volvo_webdriverio_automation_test\volvotest\node_modules\@wdio\utils\build\shim.js:333:27)
                    at Context.testFrameworkFnWrapper (C:\Users\Jidin\Downloads\volvo_webdriverio_automation_test\volvotest\node_modules\@wdio\utils\build\test-framework\testFnWrapper.js:51:32)</stack-trace>
            </failure>
        </test-case>
        <test-case start='1663696075347' status='broken' stop='1663696075624'>
            <name>Play Video, go to Cookies Page and check Title</name>
            <title>Play Video, go to Cookies Page and check Title</title>
            <labels>
                <label name='language' value='javascript'/>
                <label name='framework' value='wdio'/>
                <label name='thread' value='0-0'/>
            </labels>
            <parameters>
                <parameter kind='argument' name='browser' value='chrome-105.0.5195.127'/>
            </parameters>
            <steps>
                <step start='1663696075359' status='broken' stop='1663696075624'>
                    <name>POST /session/:sessionId/elements</name>
                    <title>POST /session/:sessionId/elements</title>
                    <attachments>
                        <attachment title='Request' source='228eef6e-9c5e-44e8-9a72-60cb85469a7e-attachment.json' type='application/json' size='57'/>
                    </attachments>
                    <steps>
                        <step start='1663696075364' status='broken' stop='1663696075624'>
                            <name>POST /session/:sessionId/element</name>
                            <title>POST /session/:sessionId/element</title>
                            <attachments>
                                <attachment title='Request' source='93640c22-623f-4ae1-9bff-e42b542ae80f-attachment.json' type='application/json' size='83'/>
                            </attachments>
                            <steps>
                                <step start='1663696075367' status='broken' stop='1663696075624'>
                                    <name>POST /session/:sessionId/element</name>
                                    <title>POST /session/:sessionId/element</title>
                                    <attachments>
                                        <attachment title='Request' source='ce9b97be-3393-45b1-a215-125ee19cb41a-attachment.json' type='application/json' size='85'/>
                                    </attachments>
                                    <steps>
                                        <step start='1663696075371' status='passed' stop='1663696075391'>
                                            <name>POST /session/:sessionId/element</name>
                                            <title>POST /session/:sessionId/element</title>
                                            <attachments>
                                                <attachment title='Request' source='12f81cdc-38c3-47c6-ae8b-492af225969e-attachment.json' type='application/json' size='79'/>
                                                <attachment title='Response' source='0d01c4e6-a66a-4161-8363-56d7ec935f2f-attachment.json' type='application/json' size='2'/>
                                            </attachments>
                                            <steps>
                                                <step start='1663696075374' status='passed' stop='1663696075387'>
                                                    <name>GET /session/:sessionId/screenshot</name>
                                                    <title>GET /session/:sessionId/screenshot</title>
                                                    <attachments>
                                                        <attachment title='Response' source='0fe89ce5-e18a-470b-b178-d854a0838e67-attachment.json' type='application/json' size='4'/>
                                                    </attachments>
                                                    <steps>
                                                        <step start='1663696075377' status='passed' stop='1663696075384'>
                                                            <name>POST /session/:sessionId/url</name>
                                                            <title>POST /session/:sessionId/url</title>
                                                            <attachments>
                                                                <attachment title='Request' source='57e9f557-eb09-40ae-8493-15a6aee7e747-attachment.json' type='application/json' size='73'/>
                                                                <attachment title='Response' source='efb8b000-d374-4ef6-927c-62ab322ab65a-attachment.json' type='application/json' size='4'/>
                                                            </attachments>
                                                            <steps/>
                                                        </step>
                                                    </steps>
                                                </step>
                                            </steps>
                                        </step>
                                        <step start='1663696075396' status='passed' stop='1663696075624'>
                                            <name>POST /session/:sessionId/elements</name>
                                            <title>POST /session/:sessionId/elements</title>
                                            <attachments>
                                                <attachment title='Request' source='036f86fd-137e-4fb0-9109-f396b1bc4676-attachment.json' type='application/json' size='57'/>
                                                <attachment title='Screenshot' source='6d0aedbf-0484-4973-a713-fba13faa2eca-attachment.png' type='image/png' size='164519'/>
                                            </attachments>
                                            <steps/>
                                        </step>
                                    </steps>
                                </step>
                            </steps>
                        </step>
                    </steps>
                </step>
            </steps>
            <attachments>
                <attachment title='Response' source='8638d24d-220e-4e36-91c9-d3ae88b0cd92-attachment.json' type='application/json' size='2'/>
            </attachments>
            <failure>
                <message>browser.getUrlAndTitle is not a function</message>
                <stack-trace>TypeError: browser.getUrlAndTitle is not a function
                    at Context.&lt;anonymous> (C:\Users\Jidin\Downloads\volvo_webdriverio_automation_test\volvotest\test\specs\homepagetest.js:38:37)
                    at Context.executeAsync (C:\Users\Jidin\Downloads\volvo_webdriverio_automation_test\volvotest\node_modules\@wdio\utils\build\shim.js:333:27)
                    at Context.testFrameworkFnWrapper (C:\Users\Jidin\Downloads\volvo_webdriverio_automation_test\volvotest\node_modules\@wdio\utils\build\test-framework\testFnWrapper.js:51:32)</stack-trace>
            </failure>
        </test-case>
    </test-cases>
</ns2:test-suite>