<?xml version='1.0'?>
<ns2:test-suite xmlns:ns2='urn:model.allure.qatools.yandex.ru' start='1663696706962' stop='1663696714404'>
    <name>Home Page features test: </name>
    <title>Home Page features test: </title>
    <test-cases>
        <test-case start='1663696706963' status='passed' stop='1663696706976'>
            <name>Check browser details</name>
            <title>Check browser details</title>
            <labels>
                <label name='language' value='javascript'/>
                <label name='framework' value='wdio'/>
                <label name='thread' value='0-0'/>
            </labels>
            <parameters>
                <parameter kind='argument' name='browser' value='chrome-105.0.5195.127'/>
            </parameters>
            <steps>
                <step start='1663696706966' status='undefined'>
                    <name>POST /session/:sessionId/element</name>
                    <title>POST /session/:sessionId/element</title>
                    <attachments>
                        <attachment title='Request' source='355ce499-e740-4737-af96-00dc27e6fcdf-attachment.json' type='application/json' size='57'/>
                    </attachments>
                    <steps>
                        <step start='1663696706970' status='undefined'>
                            <name>POST /session/:sessionId/url</name>
                            <title>POST /session/:sessionId/url</title>
                            <attachments>
                                <attachment title='Request' source='18deaf21-d760-4613-9c12-e5cd3bc1af96-attachment.json' type='application/json' size='47'/>
                            </attachments>
                            <steps/>
                        </step>
                    </steps>
                </step>
            </steps>
            <attachments/>
        </test-case>
        <test-case start='1663696706978' status='broken' stop='1663696711453'>
            <name>Should have the correct URL and title</name>
            <title>Should have the correct URL and title</title>
            <labels>
                <label name='language' value='javascript'/>
                <label name='framework' value='wdio'/>
                <label name='thread' value='0-0'/>
            </labels>
            <parameters>
                <parameter kind='argument' name='browser' value='chrome-105.0.5195.127'/>
            </parameters>
            <steps>
                <step start='1663696706978' status='passed' stop='1663696711451'>
                    <name>POST /session/:sessionId/window/maximize</name>
                    <title>POST /session/:sessionId/window/maximize</title>
                    <attachments>
                        <attachment title='Screenshot' source='08fe5d1e-1951-4807-9f5f-e766617b9ba9-attachment.png' type='image/png' size='208145'/>
                    </attachments>
                    <steps>
                        <step start='1663696706981' status='passed' stop='1663696711220'>
                            <name>GET /session/:sessionId/screenshot</name>
                            <title>GET /session/:sessionId/screenshot</title>
                            <attachments>
                                <attachment title='Response' source='4ee7a168-c31d-4858-9eb3-75f67497f0fe-attachment.json' type='application/json' size='58'/>
                            </attachments>
                            <steps>
                                <step start='1663696706983' status='passed' stop='1663696706996'>
                                    <name>POST /session/:sessionId/url</name>
                                    <title>POST /session/:sessionId/url</title>
                                    <attachments>
                                        <attachment title='Request' source='920359ce-4a0a-49dc-97e3-21d431845400-attachment.json' type='application/json' size='73'/>
                                        <attachment title='Response' source='8043133c-2559-41dc-9e4e-a90aab8dfefd-attachment.json' type='application/json' size='1028'/>
                                    </attachments>
                                    <steps/>
                                </step>
                                <step start='1663696707007' status='passed' stop='1663696711087'>
                                    <name>POST /session/:sessionId/elements</name>
                                    <title>POST /session/:sessionId/elements</title>
                                    <attachments>
                                        <attachment title='Request' source='443b6487-cda6-41e1-b798-058a8ac3eb78-attachment.json' type='application/json' size='57'/>
                                    </attachments>
                                    <steps/>
                                </step>
                            </steps>
                        </step>
                    </steps>
                </step>
            </steps>
            <attachments/>
            <failure>
                <message>assert is not defined</message>
                <stack-trace>ReferenceError: assert is not defined
                    at Context.&lt;anonymous> (C:\Users\Jidin\Downloads\volvo_webdriverio_automation_test\volvotest\test\specs\homepagetest.js:16:9)
                    at Context.executeAsync (C:\Users\Jidin\Downloads\volvo_webdriverio_automation_test\volvotest\node_modules\@wdio\utils\build\shim.js:333:27)
                    at Context.testFrameworkFnWrapper (C:\Users\Jidin\Downloads\volvo_webdriverio_automation_test\volvotest\node_modules\@wdio\utils\build\test-framework\testFnWrapper.js:51:32)</stack-trace>
            </failure>
        </test-case>
        <test-case start='1663696711454' status='broken' stop='1663696713834'>
            <name>Video button exists</name>
            <title>Video button exists</title>
            <labels>
                <label name='language' value='javascript'/>
                <label name='framework' value='wdio'/>
                <label name='thread' value='0-0'/>
            </labels>
            <parameters>
                <parameter kind='argument' name='browser' value='chrome-105.0.5195.127'/>
            </parameters>
            <steps>
                <step start='1663696711455' status='passed' stop='1663696713610'>
                    <name>GET /session/:sessionId/screenshot</name>
                    <title>GET /session/:sessionId/screenshot</title>
                    <attachments>
                        <attachment title='Response' source='98ef948f-a9e3-4897-ab8f-946471d2bca3-attachment.json' type='application/json' size='2'/>
                    </attachments>
                    <steps>
                        <step start='1663696711457' status='passed' stop='1663696713598'>
                            <name>POST /session/:sessionId/element</name>
                            <title>POST /session/:sessionId/element</title>
                            <attachments>
                                <attachment title='Request' source='6bfda094-af2f-4226-882f-47c6513a2e31-attachment.json' type='application/json' size='52'/>
                            </attachments>
                            <steps/>
                        </step>
                    </steps>
                </step>
                <step start='1663696713615' status='passed' stop='1663696713834'>
                    <name>POST /session/:sessionId/elements</name>
                    <title>POST /session/:sessionId/elements</title>
                    <attachments>
                        <attachment title='Request' source='2579a699-eb69-47e6-b649-f0c06e7a4e95-attachment.json' type='application/json' size='57'/>
                        <attachment title='Screenshot' source='73e7a25d-d393-4575-8be6-3f5e87f1fcef-attachment.png' type='image/png' size='172232'/>
                    </attachments>
                    <steps/>
                </step>
                <step start='1663696713840' status='undefined'>
                    <name>POST /session/:sessionId/execute/sync</name>
                    <title>POST /session/:sessionId/execute/sync</title>
                    <attachments>
                        <attachment title='Request' source='42986d37-30d0-47d6-b345-e68118196a8a-attachment.json' type='application/json' size='8331'/>
                    </attachments>
                    <steps>
                        <step start='1663696713844' status='undefined'>
                            <name>POST /session/:sessionId/execute/sync</name>
                            <title>POST /session/:sessionId/execute/sync</title>
                            <attachments>
                                <attachment title='Request' source='fd91469c-22cf-4415-9846-0bdc1caa2f25-attachment.json' type='application/json' size='8331'/>
                            </attachments>
                            <steps/>
                        </step>
                    </steps>
                </step>
            </steps>
            <attachments>
                <attachment title='Response' source='2d1e885b-a948-4127-b634-26b01c505965-attachment.json' type='application/json' size='83'/>
            </attachments>
            <failure>
                <message>assert is not defined</message>
                <stack-trace>ReferenceError: assert is not defined
                    at Context.&lt;anonymous> (C:\Users\Jidin\Downloads\volvo_webdriverio_automation_test\volvotest\test\specs\homepagetest.js:21:9)
                    at Context.executeAsync (C:\Users\Jidin\Downloads\volvo_webdriverio_automation_test\volvotest\node_modules\@wdio\utils\build\shim.js:333:27)
                    at Context.testFrameworkFnWrapper (C:\Users\Jidin\Downloads\volvo_webdriverio_automation_test\volvotest\node_modules\@wdio\utils\build\test-framework\testFnWrapper.js:51:32)</stack-trace>
            </failure>
        </test-case>
        <test-case start='1663696713850' status='broken' stop='1663696714147'>
            <name>Disclaimer Section exists</name>
            <title>Disclaimer Section exists</title>
            <labels>
                <label name='language' value='javascript'/>
                <label name='framework' value='wdio'/>
                <label name='thread' value='0-0'/>
            </labels>
            <parameters>
                <parameter kind='argument' name='browser' value='chrome-105.0.5195.127'/>
            </parameters>
            <steps>
                <step start='1663696713855' status='passed' stop='1663696714146'>
                    <name>GET /session/:sessionId/screenshot</name>
                    <title>GET /session/:sessionId/screenshot</title>
                    <attachments>
                        <attachment title='Screenshot' source='e8e75962-5fc9-439e-b424-d49322ba47b7-attachment.png' type='image/png' size='163574'/>
                    </attachments>
                    <steps>
                        <step start='1663696713859' status='passed' stop='1663696713947'>
                            <name>POST /session/:sessionId/element</name>
                            <title>POST /session/:sessionId/element</title>
                            <attachments>
                                <attachment title='Request' source='6516036a-3a9d-4a79-8364-9e831a90742d-attachment.json' type='application/json' size='57'/>
                                <attachment title='Response' source='c3255a2d-fd00-4d11-8390-6f8da988e9ae-attachment.json' type='application/json' size='4'/>
                            </attachments>
                            <steps>
                                <step start='1663696713863' status='passed' stop='1663696713944'>
                                    <name>POST /session/:sessionId/elements</name>
                                    <title>POST /session/:sessionId/elements</title>
                                    <attachments>
                                        <attachment title='Request' source='77553ccf-4788-46da-89eb-ae43b65544bd-attachment.json' type='application/json' size='57'/>
                                        <attachment title='Response' source='15345e68-b5d0-400c-a39c-a73be0589524-attachment.json' type='application/json' size='4'/>
                                    </attachments>
                                    <steps/>
                                </step>
                            </steps>
                        </step>
                    </steps>
                </step>
                <step start='1663696714153' status='undefined'>
                    <name>POST /session/:sessionId/execute/sync</name>
                    <title>POST /session/:sessionId/execute/sync</title>
                    <attachments>
                        <attachment title='Request' source='f04f7eba-c4ef-47ed-ba4c-4cd5685c08dd-attachment.json' type='application/json' size='8331'/>
                    </attachments>
                    <steps>
                        <step start='1663696714157' status='undefined'>
                            <name>POST /session/:sessionId/execute/sync</name>
                            <title>POST /session/:sessionId/execute/sync</title>
                            <attachments>
                                <attachment title='Request' source='3adcb3d3-cf99-48d2-bde2-8cdc329a2219-attachment.json' type='application/json' size='8331'/>
                            </attachments>
                            <steps/>
                        </step>
                    </steps>
                </step>
            </steps>
            <attachments>
                <attachment title='Response' source='f88c1083-a58d-4b91-979b-67dd54564c05-attachment.json' type='application/json' size='2'/>
                <attachment title='Response' source='cebfae40-65a2-440f-ac3f-180d21370351-attachment.json' type='application/json' size='83'/>
            </attachments>
            <failure>
                <message>assert is not defined</message>
                <stack-trace>ReferenceError: assert is not defined
                    at Context.&lt;anonymous> (C:\Users\Jidin\Downloads\volvo_webdriverio_automation_test\volvotest\test\specs\homepagetest.js:25:9)
                    at Context.executeAsync (C:\Users\Jidin\Downloads\volvo_webdriverio_automation_test\volvotest\node_modules\@wdio\utils\build\shim.js:333:27)
                    at Context.testFrameworkFnWrapper (C:\Users\Jidin\Downloads\volvo_webdriverio_automation_test\volvotest\node_modules\@wdio\utils\build\test-framework\testFnWrapper.js:51:32)</stack-trace>
            </failure>
        </test-case>
        <test-case start='1663696714162' status='broken' stop='1663696714402'>
            <name>Play Video, go to Cookies Page and check Title</name>
            <title>Play Video, go to Cookies Page and check Title</title>
            <labels>
                <label name='language' value='javascript'/>
                <label name='framework' value='wdio'/>
                <label name='thread' value='0-0'/>
            </labels>
            <parameters>
                <parameter kind='argument' name='browser' value='chrome-105.0.5195.127'/>
            </parameters>
            <steps>
                <step start='1663696714166' status='broken' stop='1663696714402'>
                    <name>POST /session/:sessionId/element</name>
                    <title>POST /session/:sessionId/element</title>
                    <attachments>
                        <attachment title='Request' source='89d25f13-ff5d-47b3-bef6-6236db3c4b8b-attachment.json' type='application/json' size='83'/>
                    </attachments>
                    <steps>
                        <step start='1663696714169' status='broken' stop='1663696714402'>
                            <name>POST /session/:sessionId/element</name>
                            <title>POST /session/:sessionId/element</title>
                            <attachments>
                                <attachment title='Request' source='db9dd7bd-d860-4e16-b135-2aa7faf4704f-attachment.json' type='application/json' size='85'/>
                            </attachments>
                            <steps>
                                <step start='1663696714172' status='broken' stop='1663696714402'>
                                    <name>POST /session/:sessionId/element</name>
                                    <title>POST /session/:sessionId/element</title>
                                    <attachments>
                                        <attachment title='Request' source='156afc3e-3ed1-4480-b664-caea1b51cea6-attachment.json' type='application/json' size='79'/>
                                    </attachments>
                                    <steps>
                                        <step start='1663696714174' status='passed' stop='1663696714402'>
                                            <name>GET /session/:sessionId/screenshot</name>
                                            <title>GET /session/:sessionId/screenshot</title>
                                            <attachments>
                                                <attachment title='Screenshot' source='9876f390-6c31-4366-9700-2f7b7fb5111b-attachment.png' type='image/png' size='163915'/>
                                            </attachments>
                                            <steps>
                                                <step start='1663696714177' status='passed' stop='1663696714187'>
                                                    <name>POST /session/:sessionId/url</name>
                                                    <title>POST /session/:sessionId/url</title>
                                                    <attachments>
                                                        <attachment title='Request' source='5a3652ae-3711-4ba6-b2f8-551265a64dbb-attachment.json' type='application/json' size='73'/>
                                                        <attachment title='Response' source='0473854b-c44c-49f0-8b1a-8676bc7f449d-attachment.json' type='application/json' size='4'/>
                                                    </attachments>
                                                    <steps>
                                                        <step start='1663696714181' status='passed' stop='1663696714186'>
                                                            <name>POST /session/:sessionId/elements</name>
                                                            <title>POST /session/:sessionId/elements</title>
                                                            <attachments>
                                                                <attachment title='Request' source='4185f3d3-2ef2-4ed1-ae3c-bf079d14e6fc-attachment.json' type='application/json' size='57'/>
                                                                <attachment title='Response' source='2b0b4d6c-ca48-47c5-b68d-b185b1d617e7-attachment.json' type='application/json' size='4'/>
                                                            </attachments>
                                                            <steps/>
                                                        </step>
                                                    </steps>
                                                </step>
                                            </steps>
                                        </step>
                                    </steps>
                                </step>
                            </steps>
                        </step>
                    </steps>
                </step>
            </steps>
            <attachments>
                <attachment title='Response' source='1cae098a-0370-4675-ae14-8be0873bc05c-attachment.json' type='application/json' size='2'/>
            </attachments>
            <failure>
                <message>browser.getUrlAndTitle is not a function</message>
                <stack-trace>TypeError: browser.getUrlAndTitle is not a function
                    at Context.&lt;anonymous> (C:\Users\Jidin\Downloads\volvo_webdriverio_automation_test\volvotest\test\specs\homepagetest.js:38:37)
                    at Context.executeAsync (C:\Users\Jidin\Downloads\volvo_webdriverio_automation_test\volvotest\node_modules\@wdio\utils\build\shim.js:333:27)
                    at Context.testFrameworkFnWrapper (C:\Users\Jidin\Downloads\volvo_webdriverio_automation_test\volvotest\node_modules\@wdio\utils\build\test-framework\testFnWrapper.js:51:32)</stack-trace>
            </failure>
        </test-case>
    </test-cases>
</ns2:test-suite>